{"/Users/ianring/Node.js/src/app.js": {"path":"/Users/ianring/Node.js/src/app.js","statementMap":{"0":{"start":{"line":14,"column":16},"end":{"line":14,"column":34}},"1":{"start":{"line":15,"column":19},"end":{"line":15,"column":41}},"2":{"start":{"line":16,"column":13},"end":{"line":16,"column":28}},"3":{"start":{"line":17,"column":16},"end":{"line":17,"column":31}},"4":{"start":{"line":18,"column":21},"end":{"line":18,"column":45}},"5":{"start":{"line":19,"column":15},"end":{"line":19,"column":32}},"6":{"start":{"line":20,"column":15},"end":{"line":20,"column":32}},"7":{"start":{"line":21,"column":15},"end":{"line":21,"column":32}},"8":{"start":{"line":22,"column":0},"end":{"line":22,"column":27}},"9":{"start":{"line":26,"column":25},"end":{"line":26,"column":57}},"10":{"start":{"line":27,"column":15},"end":{"line":27,"column":34}},"11":{"start":{"line":28,"column":15},"end":{"line":28,"column":40}},"12":{"start":{"line":29,"column":22},"end":{"line":29,"column":49}},"13":{"start":{"line":32,"column":38},"end":{"line":32,"column":71}},"14":{"start":{"line":33,"column":21},"end":{"line":33,"column":49}},"15":{"start":{"line":34,"column":22},"end":{"line":34,"column":59}},"16":{"start":{"line":35,"column":65},"end":{"line":35,"column":97}},"17":{"start":{"line":38,"column":20},"end":{"line":38,"column":58}},"18":{"start":{"line":39,"column":20},"end":{"line":39,"column":53}},"19":{"start":{"line":40,"column":24},"end":{"line":40,"column":46}},"20":{"start":{"line":41,"column":21},"end":{"line":41,"column":55}},"21":{"start":{"line":44,"column":22},"end":{"line":44,"column":47}},"22":{"start":{"line":45,"column":22},"end":{"line":45,"column":56}},"23":{"start":{"line":48,"column":17},"end":{"line":48,"column":21}},"24":{"start":{"line":49,"column":0},"end":{"line":58,"column":1}},"25":{"start":{"line":50,"column":2},"end":{"line":54,"column":4}},"26":{"start":{"line":55,"column":2},"end":{"line":55,"column":38}},"27":{"start":{"line":57,"column":2},"end":{"line":57,"column":46}},"28":{"start":{"line":63,"column":14},"end":{"line":63,"column":23}},"29":{"start":{"line":66,"column":2},"end":{"line":66,"column":31}},"30":{"start":{"line":77,"column":2},"end":{"line":84,"column":6}},"31":{"start":{"line":81,"column":6},"end":{"line":81,"column":30}},"32":{"start":{"line":82,"column":6},"end":{"line":82,"column":41}},"33":{"start":{"line":86,"column":2},"end":{"line":93,"column":6}},"34":{"start":{"line":90,"column":6},"end":{"line":90,"column":30}},"35":{"start":{"line":91,"column":6},"end":{"line":91,"column":41}},"36":{"start":{"line":98,"column":2},"end":{"line":98,"column":18}},"37":{"start":{"line":99,"column":2},"end":{"line":99,"column":16}},"38":{"start":{"line":100,"column":2},"end":{"line":100,"column":23}},"39":{"start":{"line":101,"column":2},"end":{"line":101,"column":21}},"40":{"start":{"line":102,"column":2},"end":{"line":102,"column":74}},"41":{"start":{"line":105,"column":41},"end":{"line":105,"column":73}},"42":{"start":{"line":106,"column":2},"end":{"line":106,"column":25}},"43":{"start":{"line":107,"column":2},"end":{"line":107,"column":23}},"44":{"start":{"line":110,"column":2},"end":{"line":117,"column":6}},"45":{"start":{"line":113,"column":8},"end":{"line":113,"column":57}},"46":{"start":{"line":116,"column":19},"end":{"line":116,"column":67}},"47":{"start":{"line":120,"column":2},"end":{"line":120,"column":25}},"48":{"start":{"line":123,"column":2},"end":{"line":123,"column":26}},"49":{"start":{"line":126,"column":2},"end":{"line":126,"column":61}},"50":{"start":{"line":129,"column":2},"end":{"line":129,"column":31}},"51":{"start":{"line":130,"column":2},"end":{"line":130,"column":42}},"52":{"start":{"line":131,"column":2},"end":{"line":131,"column":39}},"53":{"start":{"line":134,"column":2},"end":{"line":139,"column":5}},"54":{"start":{"line":135,"column":4},"end":{"line":137,"column":5}},"55":{"start":{"line":136,"column":6},"end":{"line":136,"column":76}},"56":{"start":{"line":138,"column":4},"end":{"line":138,"column":11}},"57":{"start":{"line":143,"column":17},"end":{"line":162,"column":4}},"58":{"start":{"line":150,"column":22},"end":{"line":154,"column":7}},"59":{"start":{"line":156,"column":6},"end":{"line":160,"column":7}},"60":{"start":{"line":157,"column":8},"end":{"line":157,"column":23}},"61":{"start":{"line":159,"column":8},"end":{"line":159,"column":61}},"62":{"start":{"line":166,"column":17},"end":{"line":166,"column":21}},"63":{"start":{"line":167,"column":24},"end":{"line":167,"column":29}},"64":{"start":{"line":168,"column":25},"end":{"line":168,"column":27}},"65":{"start":{"line":171,"column":4},"end":{"line":174,"column":5}},"66":{"start":{"line":172,"column":6},"end":{"line":172,"column":74}},"67":{"start":{"line":173,"column":6},"end":{"line":173,"column":19}},"68":{"start":{"line":176,"column":4},"end":{"line":195,"column":5}},"69":{"start":{"line":177,"column":6},"end":{"line":185,"column":9}},"70":{"start":{"line":187,"column":6},"end":{"line":187,"column":47}},"71":{"start":{"line":188,"column":6},"end":{"line":188,"column":31}},"72":{"start":{"line":189,"column":6},"end":{"line":189,"column":27}},"73":{"start":{"line":190,"column":6},"end":{"line":190,"column":18}},"74":{"start":{"line":193,"column":6},"end":{"line":193,"column":61}},"75":{"start":{"line":194,"column":6},"end":{"line":194,"column":19}},"76":{"start":{"line":199,"column":4},"end":{"line":221,"column":5}},"77":{"start":{"line":200,"column":24},"end":{"line":203,"column":17}},"78":{"start":{"line":205,"column":6},"end":{"line":208,"column":7}},"79":{"start":{"line":206,"column":8},"end":{"line":206,"column":78}},"80":{"start":{"line":207,"column":8},"end":{"line":207,"column":20}},"81":{"start":{"line":210,"column":6},"end":{"line":213,"column":7}},"82":{"start":{"line":211,"column":8},"end":{"line":211,"column":69}},"83":{"start":{"line":212,"column":8},"end":{"line":212,"column":21}},"84":{"start":{"line":215,"column":6},"end":{"line":215,"column":45}},"85":{"start":{"line":216,"column":6},"end":{"line":216,"column":18}},"86":{"start":{"line":219,"column":6},"end":{"line":219,"column":60}},"87":{"start":{"line":220,"column":6},"end":{"line":220,"column":19}},"88":{"start":{"line":225,"column":4},"end":{"line":225,"column":33}},"89":{"start":{"line":225,"column":26},"end":{"line":225,"column":33}},"90":{"start":{"line":227,"column":4},"end":{"line":264,"column":5}},"91":{"start":{"line":229,"column":35},"end":{"line":245,"column":20}},"92":{"start":{"line":236,"column":10},"end":{"line":236,"column":69}},"93":{"start":{"line":243,"column":10},"end":{"line":243,"column":69}},"94":{"start":{"line":248,"column":29},"end":{"line":257,"column":20}},"95":{"start":{"line":255,"column":10},"end":{"line":255,"column":63}},"96":{"start":{"line":259,"column":6},"end":{"line":259,"column":66}},"97":{"start":{"line":260,"column":6},"end":{"line":260,"column":56}},"98":{"start":{"line":263,"column":6},"end":{"line":263,"column":60}},"99":{"start":{"line":269,"column":2},"end":{"line":269,"column":35}},"100":{"start":{"line":272,"column":2},"end":{"line":276,"column":3}},"101":{"start":{"line":273,"column":4},"end":{"line":273,"column":40}},"102":{"start":{"line":274,"column":4},"end":{"line":274,"column":33}},"103":{"start":{"line":275,"column":4},"end":{"line":275,"column":49}},"104":{"start":{"line":279,"column":20},"end":{"line":279,"column":24}},"105":{"start":{"line":280,"column":2},"end":{"line":287,"column":3}},"106":{"start":{"line":281,"column":4},"end":{"line":285,"column":6}},"107":{"start":{"line":286,"column":4},"end":{"line":286,"column":49}},"108":{"start":{"line":292,"column":2},"end":{"line":296,"column":3}},"109":{"start":{"line":293,"column":4},"end":{"line":293,"column":36}},"110":{"start":{"line":294,"column":4},"end":{"line":294,"column":25}},"111":{"start":{"line":295,"column":4},"end":{"line":295,"column":50}},"112":{"start":{"line":299,"column":2},"end":{"line":301,"column":3}},"113":{"start":{"line":300,"column":4},"end":{"line":300,"column":27}},"114":{"start":{"line":306,"column":18},"end":{"line":306,"column":34}},"115":{"start":{"line":307,"column":18},"end":{"line":307,"column":20}},"116":{"start":{"line":310,"column":4},"end":{"line":319,"column":5}},"117":{"start":{"line":311,"column":6},"end":{"line":318,"column":8}},"118":{"start":{"line":316,"column":20},"end":{"line":316,"column":56}},"119":{"start":{"line":317,"column":21},"end":{"line":317,"column":52}},"120":{"start":{"line":322,"column":4},"end":{"line":331,"column":5}},"121":{"start":{"line":323,"column":6},"end":{"line":330,"column":8}},"122":{"start":{"line":328,"column":20},"end":{"line":328,"column":60}},"123":{"start":{"line":329,"column":21},"end":{"line":329,"column":56}},"124":{"start":{"line":334,"column":4},"end":{"line":356,"column":5}},"125":{"start":{"line":335,"column":6},"end":{"line":355,"column":8}},"126":{"start":{"line":347,"column":20},"end":{"line":347,"column":54}},"127":{"start":{"line":349,"column":10},"end":{"line":353,"column":11}},"128":{"start":{"line":350,"column":12},"end":{"line":350,"column":47}},"129":{"start":{"line":352,"column":12},"end":{"line":352,"column":42}},"130":{"start":{"line":358,"column":4},"end":{"line":358,"column":36}},"131":{"start":{"line":364,"column":22},"end":{"line":364,"column":42}},"132":{"start":{"line":365,"column":19},"end":{"line":365,"column":79}},"133":{"start":{"line":366,"column":21},"end":{"line":366,"column":46}},"134":{"start":{"line":368,"column":4},"end":{"line":370,"column":5}},"135":{"start":{"line":369,"column":6},"end":{"line":369,"column":76}},"136":{"start":{"line":372,"column":4},"end":{"line":375,"column":5}},"137":{"start":{"line":373,"column":6},"end":{"line":373,"column":49}},"138":{"start":{"line":374,"column":6},"end":{"line":374,"column":68}},"139":{"start":{"line":377,"column":4},"end":{"line":377,"column":11}},"140":{"start":{"line":382,"column":2},"end":{"line":382,"column":33}},"141":{"start":{"line":383,"column":2},"end":{"line":383,"column":47}},"142":{"start":{"line":384,"column":2},"end":{"line":384,"column":39}},"143":{"start":{"line":385,"column":2},"end":{"line":385,"column":47}},"144":{"start":{"line":386,"column":2},"end":{"line":386,"column":37}},"145":{"start":{"line":387,"column":2},"end":{"line":387,"column":49}},"146":{"start":{"line":388,"column":2},"end":{"line":388,"column":29}},"147":{"start":{"line":389,"column":2},"end":{"line":389,"column":45}},"148":{"start":{"line":390,"column":2},"end":{"line":390,"column":41}},"149":{"start":{"line":403,"column":2},"end":{"line":403,"column":38}},"150":{"start":{"line":406,"column":2},"end":{"line":419,"column":5}},"151":{"start":{"line":407,"column":4},"end":{"line":418,"column":7}},"152":{"start":{"line":423,"column":2},"end":{"line":423,"column":30}},"153":{"start":{"line":427,"column":2},"end":{"line":433,"column":5}},"154":{"start":{"line":428,"column":4},"end":{"line":432,"column":7}},"155":{"start":{"line":435,"column":2},"end":{"line":440,"column":5}},"156":{"start":{"line":436,"column":4},"end":{"line":439,"column":7}},"157":{"start":{"line":442,"column":2},"end":{"line":456,"column":5}},"158":{"start":{"line":443,"column":19},"end":{"line":447,"column":5}},"159":{"start":{"line":449,"column":18},"end":{"line":449,"column":54}},"160":{"start":{"line":451,"column":4},"end":{"line":455,"column":7}},"161":{"start":{"line":461,"column":2},"end":{"line":480,"column":5}},"162":{"start":{"line":463,"column":4},"end":{"line":476,"column":5}},"163":{"start":{"line":464,"column":6},"end":{"line":468,"column":9}},"164":{"start":{"line":470,"column":6},"end":{"line":475,"column":9}},"165":{"start":{"line":479,"column":4},"end":{"line":479,"column":14}},"166":{"start":{"line":483,"column":2},"end":{"line":512,"column":5}},"167":{"start":{"line":484,"column":4},"end":{"line":491,"column":5}},"168":{"start":{"line":485,"column":6},"end":{"line":489,"column":7}},"169":{"start":{"line":486,"column":22},"end":{"line":486,"column":75}},"170":{"start":{"line":487,"column":8},"end":{"line":488,"column":38}},"171":{"start":{"line":490,"column":6},"end":{"line":490,"column":62}},"172":{"start":{"line":494,"column":4},"end":{"line":509,"column":5}},"173":{"start":{"line":495,"column":6},"end":{"line":500,"column":9}},"174":{"start":{"line":502,"column":6},"end":{"line":508,"column":8}},"175":{"start":{"line":511,"column":4},"end":{"line":511,"column":11}},"176":{"start":{"line":515,"column":2},"end":{"line":522,"column":5}},"177":{"start":{"line":516,"column":4},"end":{"line":521,"column":7}},"178":{"start":{"line":526,"column":2},"end":{"line":526,"column":13}},"179":{"start":{"line":531,"column":0},"end":{"line":531,"column":29}}},"fnMap":{"0":{"name":"createApp","decl":{"start":{"line":62,"column":9},"end":{"line":62,"column":18}},"loc":{"start":{"line":62,"column":21},"end":{"line":527,"column":1}},"line":62},"1":{"name":"(anonymous_1)","decl":{"start":{"line":79,"column":12},"end":{"line":79,"column":13}},"loc":{"start":{"line":79,"column":41},"end":{"line":83,"column":5}},"line":79},"2":{"name":"(anonymous_2)","decl":{"start":{"line":89,"column":12},"end":{"line":89,"column":13}},"loc":{"start":{"line":89,"column":41},"end":{"line":92,"column":5}},"line":89},"3":{"name":"(anonymous_3)","decl":{"start":{"line":112,"column":13},"end":{"line":112,"column":14}},"loc":{"start":{"line":112,"column":26},"end":{"line":114,"column":7}},"line":112},"4":{"name":"(anonymous_4)","decl":{"start":{"line":116,"column":10},"end":{"line":116,"column":11}},"loc":{"start":{"line":116,"column":19},"end":{"line":116,"column":67}},"line":116},"5":{"name":"(anonymous_5)","decl":{"start":{"line":134,"column":10},"end":{"line":134,"column":11}},"loc":{"start":{"line":134,"column":30},"end":{"line":139,"column":3}},"line":134},"6":{"name":"(anonymous_6)","decl":{"start":{"line":149,"column":16},"end":{"line":149,"column":17}},"loc":{"start":{"line":149,"column":35},"end":{"line":161,"column":5}},"line":149},"7":{"name":"initSupabase","decl":{"start":{"line":170,"column":11},"end":{"line":170,"column":23}},"loc":{"start":{"line":170,"column":26},"end":{"line":196,"column":3}},"line":170},"8":{"name":"testSupabaseConnection","decl":{"start":{"line":198,"column":17},"end":{"line":198,"column":39}},"loc":{"start":{"line":198,"column":42},"end":{"line":222,"column":3}},"line":198},"9":{"name":"initializeRealtime","decl":{"start":{"line":224,"column":11},"end":{"line":224,"column":29}},"loc":{"start":{"line":224,"column":32},"end":{"line":265,"column":3}},"line":224},"10":{"name":"(anonymous_10)","decl":{"start":{"line":235,"column":11},"end":{"line":235,"column":12}},"loc":{"start":{"line":235,"column":24},"end":{"line":237,"column":9}},"line":235},"11":{"name":"(anonymous_11)","decl":{"start":{"line":242,"column":11},"end":{"line":242,"column":12}},"loc":{"start":{"line":242,"column":24},"end":{"line":244,"column":9}},"line":242},"12":{"name":"(anonymous_12)","decl":{"start":{"line":254,"column":11},"end":{"line":254,"column":12}},"loc":{"start":{"line":254,"column":24},"end":{"line":256,"column":9}},"line":254},"13":{"name":"testExternalServices","decl":{"start":{"line":305,"column":17},"end":{"line":305,"column":37}},"loc":{"start":{"line":305,"column":40},"end":{"line":359,"column":3}},"line":305},"14":{"name":"(anonymous_14)","decl":{"start":{"line":316,"column":14},"end":{"line":316,"column":15}},"loc":{"start":{"line":316,"column":20},"end":{"line":316,"column":56}},"line":316},"15":{"name":"(anonymous_15)","decl":{"start":{"line":317,"column":15},"end":{"line":317,"column":16}},"loc":{"start":{"line":317,"column":21},"end":{"line":317,"column":52}},"line":317},"16":{"name":"(anonymous_16)","decl":{"start":{"line":328,"column":14},"end":{"line":328,"column":15}},"loc":{"start":{"line":328,"column":20},"end":{"line":328,"column":60}},"line":328},"17":{"name":"(anonymous_17)","decl":{"start":{"line":329,"column":15},"end":{"line":329,"column":16}},"loc":{"start":{"line":329,"column":21},"end":{"line":329,"column":56}},"line":329},"18":{"name":"(anonymous_18)","decl":{"start":{"line":347,"column":14},"end":{"line":347,"column":15}},"loc":{"start":{"line":347,"column":20},"end":{"line":347,"column":54}},"line":347},"19":{"name":"(anonymous_19)","decl":{"start":{"line":348,"column":15},"end":{"line":348,"column":16}},"loc":{"start":{"line":348,"column":24},"end":{"line":354,"column":9}},"line":348},"20":{"name":"checkSharedKey","decl":{"start":{"line":363,"column":11},"end":{"line":363,"column":25}},"loc":{"start":{"line":363,"column":42},"end":{"line":378,"column":3}},"line":363},"21":{"name":"(anonymous_21)","decl":{"start":{"line":406,"column":29},"end":{"line":406,"column":30}},"loc":{"start":{"line":406,"column":43},"end":{"line":419,"column":3}},"line":406},"22":{"name":"(anonymous_22)","decl":{"start":{"line":427,"column":22},"end":{"line":427,"column":23}},"loc":{"start":{"line":427,"column":36},"end":{"line":433,"column":3}},"line":427},"23":{"name":"(anonymous_23)","decl":{"start":{"line":435,"column":20},"end":{"line":435,"column":21}},"loc":{"start":{"line":435,"column":34},"end":{"line":440,"column":3}},"line":435},"24":{"name":"(anonymous_24)","decl":{"start":{"line":442,"column":21},"end":{"line":442,"column":22}},"loc":{"start":{"line":442,"column":35},"end":{"line":456,"column":3}},"line":442},"25":{"name":"(anonymous_25)","decl":{"start":{"line":461,"column":10},"end":{"line":461,"column":11}},"loc":{"start":{"line":461,"column":35},"end":{"line":480,"column":3}},"line":461},"26":{"name":"(anonymous_26)","decl":{"start":{"line":483,"column":10},"end":{"line":483,"column":11}},"loc":{"start":{"line":483,"column":35},"end":{"line":512,"column":3}},"line":483},"27":{"name":"(anonymous_27)","decl":{"start":{"line":515,"column":10},"end":{"line":515,"column":11}},"loc":{"start":{"line":515,"column":24},"end":{"line":522,"column":3}},"line":515}},"branchMap":{"0":{"loc":{"start":{"line":102,"column":25},"end":{"line":102,"column":71}},"type":"binary-expr","locations":[{"start":{"line":102,"column":25},"end":{"line":102,"column":62}},{"start":{"line":102,"column":66},"end":{"line":102,"column":71}}],"line":102},"1":{"loc":{"start":{"line":116,"column":19},"end":{"line":116,"column":67}},"type":"binary-expr","locations":[{"start":{"line":116,"column":19},"end":{"line":116,"column":42}},{"start":{"line":116,"column":46},"end":{"line":116,"column":67}}],"line":116},"2":{"loc":{"start":{"line":135,"column":4},"end":{"line":137,"column":5}},"type":"if","locations":[{"start":{"line":135,"column":4},"end":{"line":137,"column":5}},{"start":{},"end":{}}],"line":135},"3":{"loc":{"start":{"line":156,"column":6},"end":{"line":160,"column":7}},"type":"if","locations":[{"start":{"line":156,"column":6},"end":{"line":160,"column":7}},{"start":{"line":158,"column":13},"end":{"line":160,"column":7}}],"line":156},"4":{"loc":{"start":{"line":171,"column":4},"end":{"line":174,"column":5}},"type":"if","locations":[{"start":{"line":171,"column":4},"end":{"line":174,"column":5}},{"start":{},"end":{}}],"line":171},"5":{"loc":{"start":{"line":171,"column":8},"end":{"line":171,"column":59}},"type":"binary-expr","locations":[{"start":{"line":171,"column":8},"end":{"line":171,"column":28}},{"start":{"line":171,"column":32},"end":{"line":171,"column":59}}],"line":171},"6":{"loc":{"start":{"line":205,"column":6},"end":{"line":208,"column":7}},"type":"if","locations":[{"start":{"line":205,"column":6},"end":{"line":208,"column":7}},{"start":{},"end":{}}],"line":205},"7":{"loc":{"start":{"line":205,"column":10},"end":{"line":205,"column":41}},"type":"binary-expr","locations":[{"start":{"line":205,"column":10},"end":{"line":205,"column":15}},{"start":{"line":205,"column":19},"end":{"line":205,"column":41}}],"line":205},"8":{"loc":{"start":{"line":210,"column":6},"end":{"line":213,"column":7}},"type":"if","locations":[{"start":{"line":210,"column":6},"end":{"line":213,"column":7}},{"start":{},"end":{}}],"line":210},"9":{"loc":{"start":{"line":225,"column":4},"end":{"line":225,"column":33}},"type":"if","locations":[{"start":{"line":225,"column":4},"end":{"line":225,"column":33}},{"start":{},"end":{}}],"line":225},"10":{"loc":{"start":{"line":272,"column":2},"end":{"line":276,"column":3}},"type":"if","locations":[{"start":{"line":272,"column":2},"end":{"line":276,"column":3}},{"start":{},"end":{}}],"line":272},"11":{"loc":{"start":{"line":280,"column":2},"end":{"line":287,"column":3}},"type":"if","locations":[{"start":{"line":280,"column":2},"end":{"line":287,"column":3}},{"start":{},"end":{}}],"line":280},"12":{"loc":{"start":{"line":280,"column":6},"end":{"line":280,"column":48}},"type":"binary-expr","locations":[{"start":{"line":280,"column":6},"end":{"line":280,"column":29}},{"start":{"line":280,"column":33},"end":{"line":280,"column":48}}],"line":280},"13":{"loc":{"start":{"line":292,"column":2},"end":{"line":296,"column":3}},"type":"if","locations":[{"start":{"line":292,"column":2},"end":{"line":296,"column":3}},{"start":{},"end":{}}],"line":292},"14":{"loc":{"start":{"line":299,"column":2},"end":{"line":301,"column":3}},"type":"if","locations":[{"start":{"line":299,"column":2},"end":{"line":301,"column":3}},{"start":{},"end":{}}],"line":299},"15":{"loc":{"start":{"line":310,"column":4},"end":{"line":319,"column":5}},"type":"if","locations":[{"start":{"line":310,"column":4},"end":{"line":319,"column":5}},{"start":{},"end":{}}],"line":310},"16":{"loc":{"start":{"line":322,"column":4},"end":{"line":331,"column":5}},"type":"if","locations":[{"start":{"line":322,"column":4},"end":{"line":331,"column":5}},{"start":{},"end":{}}],"line":322},"17":{"loc":{"start":{"line":334,"column":4},"end":{"line":356,"column":5}},"type":"if","locations":[{"start":{"line":334,"column":4},"end":{"line":356,"column":5}},{"start":{},"end":{}}],"line":334},"18":{"loc":{"start":{"line":349,"column":10},"end":{"line":353,"column":11}},"type":"if","locations":[{"start":{"line":349,"column":10},"end":{"line":353,"column":11}},{"start":{"line":351,"column":17},"end":{"line":353,"column":11}}],"line":349},"19":{"loc":{"start":{"line":365,"column":20},"end":{"line":365,"column":51}},"type":"binary-expr","locations":[{"start":{"line":365,"column":20},"end":{"line":365,"column":45}},{"start":{"line":365,"column":49},"end":{"line":365,"column":51}}],"line":365},"20":{"loc":{"start":{"line":366,"column":21},"end":{"line":366,"column":46}},"type":"binary-expr","locations":[{"start":{"line":366,"column":21},"end":{"line":366,"column":30}},{"start":{"line":366,"column":34},"end":{"line":366,"column":40}},{"start":{"line":366,"column":44},"end":{"line":366,"column":46}}],"line":366},"21":{"loc":{"start":{"line":368,"column":4},"end":{"line":370,"column":5}},"type":"if","locations":[{"start":{"line":368,"column":4},"end":{"line":370,"column":5}},{"start":{},"end":{}}],"line":368},"22":{"loc":{"start":{"line":372,"column":4},"end":{"line":375,"column":5}},"type":"if","locations":[{"start":{"line":372,"column":4},"end":{"line":375,"column":5}},{"start":{},"end":{}}],"line":372},"23":{"loc":{"start":{"line":445,"column":19},"end":{"line":445,"column":73}},"type":"binary-expr","locations":[{"start":{"line":445,"column":19},"end":{"line":445,"column":43}},{"start":{"line":445,"column":47},"end":{"line":445,"column":73}}],"line":445},"24":{"loc":{"start":{"line":451,"column":15},"end":{"line":451,"column":32}},"type":"cond-expr","locations":[{"start":{"line":451,"column":23},"end":{"line":451,"column":26}},{"start":{"line":451,"column":29},"end":{"line":451,"column":32}}],"line":451},"25":{"loc":{"start":{"line":452,"column":14},"end":{"line":452,"column":43}},"type":"cond-expr","locations":[{"start":{"line":452,"column":22},"end":{"line":452,"column":29}},{"start":{"line":452,"column":32},"end":{"line":452,"column":43}}],"line":452},"26":{"loc":{"start":{"line":463,"column":4},"end":{"line":476,"column":5}},"type":"if","locations":[{"start":{"line":463,"column":4},"end":{"line":476,"column":5}},{"start":{},"end":{}}],"line":463},"27":{"loc":{"start":{"line":463,"column":8},"end":{"line":463,"column":73}},"type":"binary-expr","locations":[{"start":{"line":463,"column":8},"end":{"line":463,"column":34}},{"start":{"line":463,"column":38},"end":{"line":463,"column":56}},{"start":{"line":463,"column":60},"end":{"line":463,"column":73}}],"line":463},"28":{"loc":{"start":{"line":474,"column":17},"end":{"line":474,"column":81}},"type":"cond-expr","locations":[{"start":{"line":474,"column":58},"end":{"line":474,"column":69}},{"start":{"line":474,"column":72},"end":{"line":474,"column":81}}],"line":474},"29":{"loc":{"start":{"line":484,"column":4},"end":{"line":491,"column":5}},"type":"if","locations":[{"start":{"line":484,"column":4},"end":{"line":491,"column":5}},{"start":{},"end":{}}],"line":484},"30":{"loc":{"start":{"line":485,"column":6},"end":{"line":489,"column":7}},"type":"if","locations":[{"start":{"line":485,"column":6},"end":{"line":489,"column":7}},{"start":{},"end":{}}],"line":485},"31":{"loc":{"start":{"line":494,"column":4},"end":{"line":509,"column":5}},"type":"if","locations":[{"start":{"line":494,"column":4},"end":{"line":509,"column":5}},{"start":{},"end":{}}],"line":494},"32":{"loc":{"start":{"line":497,"column":15},"end":{"line":497,"column":77}},"type":"cond-expr","locations":[{"start":{"line":497,"column":56},"end":{"line":497,"column":65}},{"start":{"line":497,"column":68},"end":{"line":497,"column":77}}],"line":497},"33":{"loc":{"start":{"line":507,"column":8},"end":{"line":507,"column":72}},"type":"cond-expr","locations":[{"start":{"line":507,"column":49},"end":{"line":507,"column":60}},{"start":{"line":507,"column":63},"end":{"line":507,"column":72}}],"line":507}},"s":{"0":0,"1":0,"2":0,"3":0,"4":0,"5":0,"6":0,"7":0,"8":0,"9":0,"10":0,"11":0,"12":0,"13":0,"14":0,"15":0,"16":0,"17":0,"18":0,"19":0,"20":0,"21":0,"22":0,"23":0,"24":0,"25":0,"26":0,"27":0,"28":0,"29":0,"30":0,"31":0,"32":0,"33":0,"34":0,"35":0,"36":0,"37":0,"38":0,"39":0,"40":0,"41":0,"42":0,"43":0,"44":0,"45":0,"46":0,"47":0,"48":0,"49":0,"50":0,"51":0,"52":0,"53":0,"54":0,"55":0,"56":0,"57":0,"58":0,"59":0,"60":0,"61":0,"62":0,"63":0,"64":0,"65":0,"66":0,"67":0,"68":0,"69":0,"70":0,"71":0,"72":0,"73":0,"74":0,"75":0,"76":0,"77":0,"78":0,"79":0,"80":0,"81":0,"82":0,"83":0,"84":0,"85":0,"86":0,"87":0,"88":0,"89":0,"90":0,"91":0,"92":0,"93":0,"94":0,"95":0,"96":0,"97":0,"98":0,"99":0,"100":0,"101":0,"102":0,"103":0,"104":0,"105":0,"106":0,"107":0,"108":0,"109":0,"110":0,"111":0,"112":0,"113":0,"114":0,"115":0,"116":0,"117":0,"118":0,"119":0,"120":0,"121":0,"122":0,"123":0,"124":0,"125":0,"126":0,"127":0,"128":0,"129":0,"130":0,"131":0,"132":0,"133":0,"134":0,"135":0,"136":0,"137":0,"138":0,"139":0,"140":0,"141":0,"142":0,"143":0,"144":0,"145":0,"146":0,"147":0,"148":0,"149":0,"150":0,"151":0,"152":0,"153":0,"154":0,"155":0,"156":0,"157":0,"158":0,"159":0,"160":0,"161":0,"162":0,"163":0,"164":0,"165":0,"166":0,"167":0,"168":0,"169":0,"170":0,"171":0,"172":0,"173":0,"174":0,"175":0,"176":0,"177":0,"178":0,"179":0},"f":{"0":0,"1":0,"2":0,"3":0,"4":0,"5":0,"6":0,"7":0,"8":0,"9":0,"10":0,"11":0,"12":0,"13":0,"14":0,"15":0,"16":0,"17":0,"18":0,"19":0,"20":0,"21":0,"22":0,"23":0,"24":0,"25":0,"26":0,"27":0},"b":{"0":[0,0],"1":[0,0],"2":[0,0],"3":[0,0],"4":[0,0],"5":[0,0],"6":[0,0],"7":[0,0],"8":[0,0],"9":[0,0],"10":[0,0],"11":[0,0],"12":[0,0],"13":[0,0],"14":[0,0],"15":[0,0],"16":[0,0],"17":[0,0],"18":[0,0],"19":[0,0],"20":[0,0,0],"21":[0,0],"22":[0,0],"23":[0,0],"24":[0,0],"25":[0,0],"26":[0,0],"27":[0,0,0],"28":[0,0],"29":[0,0],"30":[0,0],"31":[0,0],"32":[0,0],"33":[0,0]}}
,"/Users/ianring/Node.js/src/config/constants.js": {"path":"/Users/ianring/Node.js/src/config/constants.js","statementMap":{"0":{"start":{"line":8,"column":0},"end":{"line":144,"column":2}}},"fnMap":{},"branchMap":{},"s":{"0":0},"f":{},"b":{}}
,"/Users/ianring/Node.js/src/config/index.js": {"path":"/Users/ianring/Node.js/src/config/index.js","statementMap":{"0":{"start":{"line":8,"column":18},"end":{"line":8,"column":40}},"1":{"start":{"line":10,"column":0},"end":{"line":82,"column":2}}},"fnMap":{},"branchMap":{"0":{"loc":{"start":{"line":15,"column":10},"end":{"line":15,"column":98}},"type":"binary-expr","locations":[{"start":{"line":15,"column":10},"end":{"line":15,"column":40}},{"start":{"line":15,"column":45},"end":{"line":15,"column":97}}],"line":15},"1":{"loc":{"start":{"line":15,"column":45},"end":{"line":15,"column":97}},"type":"cond-expr","locations":[{"start":{"line":15,"column":86},"end":{"line":15,"column":90}},{"start":{"line":15,"column":93},"end":{"line":15,"column":97}}],"line":15},"2":{"loc":{"start":{"line":16,"column":9},"end":{"line":16,"column":46}},"type":"binary-expr","locations":[{"start":{"line":16,"column":9},"end":{"line":16,"column":29}},{"start":{"line":16,"column":33},"end":{"line":16,"column":46}}],"line":16},"3":{"loc":{"start":{"line":17,"column":13},"end":{"line":17,"column":60}},"type":"binary-expr","locations":[{"start":{"line":17,"column":13},"end":{"line":17,"column":33}},{"start":{"line":17,"column":37},"end":{"line":17,"column":60}}],"line":17},"4":{"loc":{"start":{"line":27,"column":16},"end":{"line":27,"column":81}},"type":"binary-expr","locations":[{"start":{"line":27,"column":16},"end":{"line":27,"column":40}},{"start":{"line":27,"column":44},"end":{"line":27,"column":81}}],"line":27},"5":{"loc":{"start":{"line":51,"column":12},"end":{"line":53,"column":41}},"type":"binary-expr","locations":[{"start":{"line":51,"column":12},"end":{"line":51,"column":39}},{"start":{"line":52,"column":12},"end":{"line":52,"column":42}},{"start":{"line":53,"column":12},"end":{"line":53,"column":41}}],"line":51},"6":{"loc":{"start":{"line":54,"column":16},"end":{"line":56,"column":45}},"type":"binary-expr","locations":[{"start":{"line":54,"column":16},"end":{"line":54,"column":43}},{"start":{"line":55,"column":16},"end":{"line":55,"column":46}},{"start":{"line":56,"column":16},"end":{"line":56,"column":45}}],"line":54},"7":{"loc":{"start":{"line":62,"column":13},"end":{"line":64,"column":11}},"type":"cond-expr","locations":[{"start":{"line":63,"column":8},"end":{"line":63,"column":46}},{"start":{"line":64,"column":8},"end":{"line":64,"column":11}}],"line":62},"8":{"loc":{"start":{"line":70,"column":10},"end":{"line":70,"column":92}},"type":"binary-expr","locations":[{"start":{"line":70,"column":10},"end":{"line":70,"column":51}},{"start":{"line":70,"column":55},"end":{"line":70,"column":92}}],"line":70},"9":{"loc":{"start":{"line":76,"column":21},"end":{"line":76,"column":76}},"type":"binary-expr","locations":[{"start":{"line":76,"column":21},"end":{"line":76,"column":71}},{"start":{"line":76,"column":75},"end":{"line":76,"column":76}}],"line":76}},"s":{"0":0,"1":0},"f":{},"b":{"0":[0,0],"1":[0,0],"2":[0,0],"3":[0,0],"4":[0,0],"5":[0,0,0],"6":[0,0,0],"7":[0,0],"8":[0,0],"9":[0,0]}}
,"/Users/ianring/Node.js/src/controllers/auth.controller.js": {"path":"/Users/ianring/Node.js/src/controllers/auth.controller.js","statementMap":{"0":{"start":{"line":8,"column":15},"end":{"line":8,"column":32}},"1":{"start":{"line":9,"column":27},"end":{"line":9,"column":57}},"2":{"start":{"line":10,"column":22},"end":{"line":10,"column":50}},"3":{"start":{"line":11,"column":15},"end":{"line":11,"column":41}},"4":{"start":{"line":12,"column":15},"end":{"line":12,"column":35}},"5":{"start":{"line":13,"column":20},"end":{"line":13,"column":54}},"6":{"start":{"line":16,"column":20},"end":{"line":16,"column":61}},"7":{"start":{"line":18,"column":26},"end":{"line":18,"column":60}},"8":{"start":{"line":21,"column":18},"end":{"line":21,"column":22}},"9":{"start":{"line":23,"column":0},"end":{"line":26,"column":1}},"10":{"start":{"line":24,"column":2},"end":{"line":24,"column":78}},"11":{"start":{"line":25,"column":2},"end":{"line":25,"column":74}},"12":{"start":{"line":39,"column":2},"end":{"line":198,"column":3}},"13":{"start":{"line":40,"column":55},"end":{"line":40,"column":63}},"14":{"start":{"line":42,"column":4},"end":{"line":46,"column":7}},"15":{"start":{"line":51,"column":26},"end":{"line":51,"column":28}},"16":{"start":{"line":52,"column":4},"end":{"line":52,"column":67}},"17":{"start":{"line":52,"column":39},"end":{"line":52,"column":67}},"18":{"start":{"line":53,"column":4},"end":{"line":53,"column":76}},"19":{"start":{"line":53,"column":45},"end":{"line":53,"column":76}},"20":{"start":{"line":54,"column":4},"end":{"line":54,"column":76}},"21":{"start":{"line":54,"column":45},"end":{"line":54,"column":76}},"22":{"start":{"line":56,"column":4},"end":{"line":59,"column":5}},"23":{"start":{"line":57,"column":6},"end":{"line":57,"column":64}},"24":{"start":{"line":58,"column":6},"end":{"line":58,"column":107}},"25":{"start":{"line":61,"column":4},"end":{"line":63,"column":5}},"26":{"start":{"line":62,"column":6},"end":{"line":62,"column":92}},"27":{"start":{"line":68,"column":4},"end":{"line":77,"column":5}},"28":{"start":{"line":69,"column":6},"end":{"line":69,"column":89}},"29":{"start":{"line":70,"column":6},"end":{"line":76,"column":8}},"30":{"start":{"line":79,"column":4},"end":{"line":81,"column":5}},"31":{"start":{"line":80,"column":6},"end":{"line":80,"column":84}},"32":{"start":{"line":83,"column":4},"end":{"line":83,"column":58}},"33":{"start":{"line":88,"column":23},"end":{"line":113,"column":6}},"34":{"start":{"line":115,"column":4},"end":{"line":135,"column":5}},"35":{"start":{"line":116,"column":6},"end":{"line":116,"column":62}},"36":{"start":{"line":119,"column":6},"end":{"line":132,"column":7}},"37":{"start":{"line":125,"column":8},"end":{"line":125,"column":54}},"38":{"start":{"line":126,"column":8},"end":{"line":131,"column":10}},"39":{"start":{"line":134,"column":6},"end":{"line":134,"column":68}},"40":{"start":{"line":137,"column":19},"end":{"line":137,"column":36}},"41":{"start":{"line":139,"column":4},"end":{"line":142,"column":7}},"42":{"start":{"line":147,"column":4},"end":{"line":161,"column":5}},"43":{"start":{"line":148,"column":6},"end":{"line":155,"column":14}},"44":{"start":{"line":157,"column":6},"end":{"line":157,"column":69}},"45":{"start":{"line":160,"column":6},"end":{"line":160,"column":81}},"46":{"start":{"line":166,"column":4},"end":{"line":171,"column":7}},"47":{"start":{"line":173,"column":4},"end":{"line":177,"column":7}},"48":{"start":{"line":182,"column":4},"end":{"line":190,"column":7}},"49":{"start":{"line":193,"column":4},"end":{"line":196,"column":7}},"50":{"start":{"line":197,"column":4},"end":{"line":197,"column":58}},"51":{"start":{"line":206,"column":2},"end":{"line":263,"column":3}},"52":{"start":{"line":207,"column":44},"end":{"line":207,"column":52}},"53":{"start":{"line":209,"column":4},"end":{"line":211,"column":5}},"54":{"start":{"line":210,"column":6},"end":{"line":210,"column":79}},"55":{"start":{"line":213,"column":4},"end":{"line":215,"column":5}},"56":{"start":{"line":214,"column":6},"end":{"line":214,"column":84}},"57":{"start":{"line":217,"column":4},"end":{"line":217,"column":47}},"58":{"start":{"line":219,"column":23},"end":{"line":219,"column":64}},"59":{"start":{"line":221,"column":4},"end":{"line":224,"column":5}},"60":{"start":{"line":222,"column":6},"end":{"line":222,"column":72}},"61":{"start":{"line":223,"column":6},"end":{"line":223,"column":85}},"62":{"start":{"line":226,"column":4},"end":{"line":229,"column":7}},"63":{"start":{"line":231,"column":25},"end":{"line":231,"column":88}},"64":{"start":{"line":233,"column":4},"end":{"line":238,"column":7}},"65":{"start":{"line":241,"column":21},"end":{"line":241,"column":56}},"66":{"start":{"line":243,"column":4},"end":{"line":255,"column":7}},"67":{"start":{"line":258,"column":4},"end":{"line":261,"column":7}},"68":{"start":{"line":262,"column":4},"end":{"line":262,"column":58}},"69":{"start":{"line":271,"column":2},"end":{"line":293,"column":3}},"70":{"start":{"line":273,"column":4},"end":{"line":273,"column":36}},"71":{"start":{"line":276,"column":4},"end":{"line":278,"column":5}},"72":{"start":{"line":277,"column":6},"end":{"line":277,"column":34}},"73":{"start":{"line":280,"column":4},"end":{"line":280,"column":37}},"74":{"start":{"line":282,"column":4},"end":{"line":285,"column":7}},"75":{"start":{"line":288,"column":4},"end":{"line":291,"column":7}},"76":{"start":{"line":292,"column":4},"end":{"line":292,"column":58}},"77":{"start":{"line":301,"column":2},"end":{"line":332,"column":3}},"78":{"start":{"line":302,"column":4},"end":{"line":307,"column":5}},"79":{"start":{"line":303,"column":6},"end":{"line":306,"column":9}},"80":{"start":{"line":309,"column":21},"end":{"line":309,"column":49}},"81":{"start":{"line":311,"column":4},"end":{"line":321,"column":7}},"82":{"start":{"line":324,"column":4},"end":{"line":327,"column":7}},"83":{"start":{"line":328,"column":4},"end":{"line":331,"column":7}},"84":{"start":{"line":335,"column":0},"end":{"line":341,"column":2}},"85":{"start":{"line":349,"column":2},"end":{"line":377,"column":3}},"86":{"start":{"line":350,"column":4},"end":{"line":352,"column":5}},"87":{"start":{"line":351,"column":6},"end":{"line":351,"column":77}},"88":{"start":{"line":355,"column":18},"end":{"line":355,"column":56}},"89":{"start":{"line":356,"column":22},"end":{"line":356,"column":51}},"90":{"start":{"line":359,"column":4},"end":{"line":365,"column":7}},"91":{"start":{"line":367,"column":4},"end":{"line":367,"column":100}},"92":{"start":{"line":369,"column":4},"end":{"line":372,"column":7}},"93":{"start":{"line":375,"column":4},"end":{"line":375,"column":54}},"94":{"start":{"line":376,"column":4},"end":{"line":376,"column":67}}},"fnMap":{"0":{"name":"signup","decl":{"start":{"line":38,"column":15},"end":{"line":38,"column":21}},"loc":{"start":{"line":38,"column":32},"end":{"line":199,"column":1}},"line":38},"1":{"name":"login","decl":{"start":{"line":205,"column":15},"end":{"line":205,"column":20}},"loc":{"start":{"line":205,"column":31},"end":{"line":264,"column":1}},"line":205},"2":{"name":"logout","decl":{"start":{"line":270,"column":15},"end":{"line":270,"column":21}},"loc":{"start":{"line":270,"column":32},"end":{"line":294,"column":1}},"line":270},"3":{"name":"checkSession","decl":{"start":{"line":300,"column":15},"end":{"line":300,"column":27}},"loc":{"start":{"line":300,"column":38},"end":{"line":333,"column":1}},"line":300},"4":{"name":"generateNonce","decl":{"start":{"line":348,"column":15},"end":{"line":348,"column":28}},"loc":{"start":{"line":348,"column":39},"end":{"line":378,"column":1}},"line":348}},"branchMap":{"0":{"loc":{"start":{"line":23,"column":0},"end":{"line":26,"column":1}},"type":"if","locations":[{"start":{"line":23,"column":0},"end":{"line":26,"column":1}},{"start":{},"end":{}}],"line":23},"1":{"loc":{"start":{"line":52,"column":4},"end":{"line":52,"column":67}},"type":"if","locations":[{"start":{"line":52,"column":4},"end":{"line":52,"column":67}},{"start":{},"end":{}}],"line":52},"2":{"loc":{"start":{"line":52,"column":8},"end":{"line":52,"column":37}},"type":"binary-expr","locations":[{"start":{"line":52,"column":8},"end":{"line":52,"column":14}},{"start":{"line":52,"column":18},"end":{"line":52,"column":37}}],"line":52},"3":{"loc":{"start":{"line":53,"column":4},"end":{"line":53,"column":76}},"type":"if","locations":[{"start":{"line":53,"column":4},"end":{"line":53,"column":76}},{"start":{},"end":{}}],"line":53},"4":{"loc":{"start":{"line":53,"column":8},"end":{"line":53,"column":43}},"type":"binary-expr","locations":[{"start":{"line":53,"column":8},"end":{"line":53,"column":17}},{"start":{"line":53,"column":21},"end":{"line":53,"column":43}}],"line":53},"5":{"loc":{"start":{"line":54,"column":4},"end":{"line":54,"column":76}},"type":"if","locations":[{"start":{"line":54,"column":4},"end":{"line":54,"column":76}},{"start":{},"end":{}}],"line":54},"6":{"loc":{"start":{"line":54,"column":8},"end":{"line":54,"column":43}},"type":"binary-expr","locations":[{"start":{"line":54,"column":8},"end":{"line":54,"column":17}},{"start":{"line":54,"column":21},"end":{"line":54,"column":43}}],"line":54},"7":{"loc":{"start":{"line":56,"column":4},"end":{"line":59,"column":5}},"type":"if","locations":[{"start":{"line":56,"column":4},"end":{"line":59,"column":5}},{"start":{},"end":{}}],"line":56},"8":{"loc":{"start":{"line":61,"column":4},"end":{"line":63,"column":5}},"type":"if","locations":[{"start":{"line":61,"column":4},"end":{"line":63,"column":5}},{"start":{},"end":{}}],"line":61},"9":{"loc":{"start":{"line":68,"column":4},"end":{"line":77,"column":5}},"type":"if","locations":[{"start":{"line":68,"column":4},"end":{"line":77,"column":5}},{"start":{},"end":{}}],"line":68},"10":{"loc":{"start":{"line":79,"column":4},"end":{"line":81,"column":5}},"type":"if","locations":[{"start":{"line":79,"column":4},"end":{"line":81,"column":5}},{"start":{},"end":{}}],"line":79},"11":{"loc":{"start":{"line":95,"column":23},"end":{"line":95,"column":48}},"type":"binary-expr","locations":[{"start":{"line":95,"column":23},"end":{"line":95,"column":35}},{"start":{"line":95,"column":39},"end":{"line":95,"column":48}}],"line":95},"12":{"loc":{"start":{"line":97,"column":31},"end":{"line":97,"column":65}},"type":"binary-expr","locations":[{"start":{"line":97,"column":31},"end":{"line":97,"column":52}},{"start":{"line":97,"column":56},"end":{"line":97,"column":65}}],"line":97},"13":{"loc":{"start":{"line":115,"column":4},"end":{"line":135,"column":5}},"type":"if","locations":[{"start":{"line":115,"column":4},"end":{"line":135,"column":5}},{"start":{},"end":{}}],"line":115},"14":{"loc":{"start":{"line":119,"column":6},"end":{"line":132,"column":7}},"type":"if","locations":[{"start":{"line":119,"column":6},"end":{"line":132,"column":7}},{"start":{},"end":{}}],"line":119},"15":{"loc":{"start":{"line":119,"column":10},"end":{"line":124,"column":7}},"type":"binary-expr","locations":[{"start":{"line":119,"column":10},"end":{"line":119,"column":26}},{"start":{"line":120,"column":8},"end":{"line":120,"column":60}},{"start":{"line":121,"column":8},"end":{"line":121,"column":55}},{"start":{"line":122,"column":8},"end":{"line":122,"column":51}},{"start":{"line":123,"column":8},"end":{"line":123,"column":60}}],"line":119},"16":{"loc":{"start":{"line":152,"column":20},"end":{"line":152,"column":45}},"type":"binary-expr","locations":[{"start":{"line":152,"column":20},"end":{"line":152,"column":32}},{"start":{"line":152,"column":36},"end":{"line":152,"column":45}}],"line":152},"17":{"loc":{"start":{"line":153,"column":20},"end":{"line":153,"column":54}},"type":"binary-expr","locations":[{"start":{"line":153,"column":20},"end":{"line":153,"column":41}},{"start":{"line":153,"column":45},"end":{"line":153,"column":54}}],"line":153},"18":{"loc":{"start":{"line":209,"column":4},"end":{"line":211,"column":5}},"type":"if","locations":[{"start":{"line":209,"column":4},"end":{"line":211,"column":5}},{"start":{},"end":{}}],"line":209},"19":{"loc":{"start":{"line":209,"column":8},"end":{"line":209,"column":27}},"type":"binary-expr","locations":[{"start":{"line":209,"column":8},"end":{"line":209,"column":14}},{"start":{"line":209,"column":18},"end":{"line":209,"column":27}}],"line":209},"20":{"loc":{"start":{"line":213,"column":4},"end":{"line":215,"column":5}},"type":"if","locations":[{"start":{"line":213,"column":4},"end":{"line":215,"column":5}},{"start":{},"end":{}}],"line":213},"21":{"loc":{"start":{"line":221,"column":4},"end":{"line":224,"column":5}},"type":"if","locations":[{"start":{"line":221,"column":4},"end":{"line":224,"column":5}},{"start":{},"end":{}}],"line":221},"22":{"loc":{"start":{"line":231,"column":25},"end":{"line":231,"column":88}},"type":"cond-expr","locations":[{"start":{"line":231,"column":38},"end":{"line":231,"column":62}},{"start":{"line":231,"column":65},"end":{"line":231,"column":88}}],"line":231},"23":{"loc":{"start":{"line":241,"column":21},"end":{"line":241,"column":56}},"type":"binary-expr","locations":[{"start":{"line":241,"column":21},"end":{"line":241,"column":50}},{"start":{"line":241,"column":54},"end":{"line":241,"column":56}}],"line":241},"24":{"loc":{"start":{"line":249,"column":18},"end":{"line":249,"column":42}},"type":"binary-expr","locations":[{"start":{"line":249,"column":18},"end":{"line":249,"column":36}},{"start":{"line":249,"column":40},"end":{"line":249,"column":42}}],"line":249},"25":{"loc":{"start":{"line":250,"column":27},"end":{"line":250,"column":63}},"type":"binary-expr","locations":[{"start":{"line":250,"column":27},"end":{"line":250,"column":54}},{"start":{"line":250,"column":58},"end":{"line":250,"column":63}}],"line":250},"26":{"loc":{"start":{"line":276,"column":4},"end":{"line":278,"column":5}},"type":"if","locations":[{"start":{"line":276,"column":4},"end":{"line":278,"column":5}},{"start":{},"end":{}}],"line":276},"27":{"loc":{"start":{"line":302,"column":4},"end":{"line":307,"column":5}},"type":"if","locations":[{"start":{"line":302,"column":4},"end":{"line":307,"column":5}},{"start":{},"end":{}}],"line":302},"28":{"loc":{"start":{"line":309,"column":21},"end":{"line":309,"column":49}},"type":"binary-expr","locations":[{"start":{"line":309,"column":21},"end":{"line":309,"column":43}},{"start":{"line":309,"column":47},"end":{"line":309,"column":49}}],"line":309},"29":{"loc":{"start":{"line":317,"column":18},"end":{"line":317,"column":42}},"type":"binary-expr","locations":[{"start":{"line":317,"column":18},"end":{"line":317,"column":36}},{"start":{"line":317,"column":40},"end":{"line":317,"column":42}}],"line":317},"30":{"loc":{"start":{"line":318,"column":27},"end":{"line":318,"column":63}},"type":"binary-expr","locations":[{"start":{"line":318,"column":27},"end":{"line":318,"column":54}},{"start":{"line":318,"column":58},"end":{"line":318,"column":63}}],"line":318},"31":{"loc":{"start":{"line":319,"column":23},"end":{"line":319,"column":58}},"type":"binary-expr","locations":[{"start":{"line":319,"column":23},"end":{"line":319,"column":46}},{"start":{"line":319,"column":50},"end":{"line":319,"column":58}}],"line":319},"32":{"loc":{"start":{"line":350,"column":4},"end":{"line":352,"column":5}},"type":"if","locations":[{"start":{"line":350,"column":4},"end":{"line":352,"column":5}},{"start":{},"end":{}}],"line":350},"33":{"loc":{"start":{"line":350,"column":8},"end":{"line":350,"column":32}},"type":"binary-expr","locations":[{"start":{"line":350,"column":8},"end":{"line":350,"column":17}},{"start":{"line":350,"column":21},"end":{"line":350,"column":32}}],"line":350}},"s":{"0":0,"1":0,"2":0,"3":0,"4":0,"5":0,"6":0,"7":0,"8":0,"9":0,"10":0,"11":0,"12":0,"13":0,"14":0,"15":0,"16":0,"17":0,"18":0,"19":0,"20":0,"21":0,"22":0,"23":0,"24":0,"25":0,"26":0,"27":0,"28":0,"29":0,"30":0,"31":0,"32":0,"33":0,"34":0,"35":0,"36":0,"37":0,"38":0,"39":0,"40":0,"41":0,"42":0,"43":0,"44":0,"45":0,"46":0,"47":0,"48":0,"49":0,"50":0,"51":0,"52":0,"53":0,"54":0,"55":0,"56":0,"57":0,"58":0,"59":0,"60":0,"61":0,"62":0,"63":0,"64":0,"65":0,"66":0,"67":0,"68":0,"69":0,"70":0,"71":0,"72":0,"73":0,"74":0,"75":0,"76":0,"77":0,"78":0,"79":0,"80":0,"81":0,"82":0,"83":0,"84":0,"85":0,"86":0,"87":0,"88":0,"89":0,"90":0,"91":0,"92":0,"93":0,"94":0},"f":{"0":0,"1":0,"2":0,"3":0,"4":0},"b":{"0":[0,0],"1":[0,0],"2":[0,0],"3":[0,0],"4":[0,0],"5":[0,0],"6":[0,0],"7":[0,0],"8":[0,0],"9":[0,0],"10":[0,0],"11":[0,0],"12":[0,0],"13":[0,0],"14":[0,0],"15":[0,0,0,0,0],"16":[0,0],"17":[0,0],"18":[0,0],"19":[0,0],"20":[0,0],"21":[0,0],"22":[0,0],"23":[0,0],"24":[0,0],"25":[0,0],"26":[0,0],"27":[0,0],"28":[0,0],"29":[0,0],"30":[0,0],"31":[0,0],"32":[0,0],"33":[0,0]}}
,"/Users/ianring/Node.js/src/controllers/debug.controller.js": {"path":"/Users/ianring/Node.js/src/controllers/debug.controller.js","statementMap":{"0":{"start":{"line":6,"column":14},"end":{"line":6,"column":30}},"1":{"start":{"line":7,"column":27},"end":{"line":7,"column":57}},"2":{"start":{"line":8,"column":22},"end":{"line":8,"column":50}},"3":{"start":{"line":9,"column":15},"end":{"line":9,"column":41}},"4":{"start":{"line":10,"column":15},"end":{"line":10,"column":35}},"5":{"start":{"line":11,"column":20},"end":{"line":11,"column":54}},"6":{"start":{"line":12,"column":13},"end":{"line":12,"column":38}},"7":{"start":{"line":13,"column":25},"end":{"line":13,"column":57}},"8":{"start":{"line":16,"column":15},"end":{"line":16,"column":19}},"9":{"start":{"line":17,"column":0},"end":{"line":24,"column":1}},"10":{"start":{"line":18,"column":2},"end":{"line":23,"column":5}},"11":{"start":{"line":31,"column":2},"end":{"line":33,"column":3}},"12":{"start":{"line":32,"column":4},"end":{"line":32,"column":80}},"13":{"start":{"line":35,"column":2},"end":{"line":70,"column":3}},"14":{"start":{"line":36,"column":23},"end":{"line":36,"column":33}},"15":{"start":{"line":37,"column":4},"end":{"line":37,"column":52}},"16":{"start":{"line":39,"column":4},"end":{"line":42,"column":12}},"17":{"start":{"line":44,"column":27},"end":{"line":44,"column":62}},"18":{"start":{"line":46,"column":4},"end":{"line":48,"column":5}},"19":{"start":{"line":47,"column":6},"end":{"line":47,"column":97}},"20":{"start":{"line":50,"column":21},"end":{"line":50,"column":40}},"21":{"start":{"line":52,"column":4},"end":{"line":66,"column":7}},"22":{"start":{"line":68,"column":4},"end":{"line":68,"column":48}},"23":{"start":{"line":69,"column":4},"end":{"line":69,"column":54}},"24":{"start":{"line":78,"column":2},"end":{"line":101,"column":3}},"25":{"start":{"line":79,"column":21},"end":{"line":87,"column":5}},"26":{"start":{"line":89,"column":4},"end":{"line":94,"column":7}},"27":{"start":{"line":96,"column":4},"end":{"line":100,"column":7}},"28":{"start":{"line":109,"column":2},"end":{"line":109,"column":51}},"29":{"start":{"line":111,"column":2},"end":{"line":113,"column":3}},"30":{"start":{"line":112,"column":4},"end":{"line":112,"column":80}},"31":{"start":{"line":115,"column":2},"end":{"line":127,"column":3}},"32":{"start":{"line":118,"column":4},"end":{"line":123,"column":7}},"33":{"start":{"line":125,"column":4},"end":{"line":125,"column":57}},"34":{"start":{"line":126,"column":4},"end":{"line":126,"column":81}},"35":{"start":{"line":135,"column":2},"end":{"line":137,"column":3}},"36":{"start":{"line":136,"column":4},"end":{"line":136,"column":80}},"37":{"start":{"line":139,"column":2},"end":{"line":155,"column":3}},"38":{"start":{"line":140,"column":28},"end":{"line":144,"column":15}},"39":{"start":{"line":146,"column":4},"end":{"line":152,"column":7}},"40":{"start":{"line":154,"column":4},"end":{"line":154,"column":54}},"41":{"start":{"line":163,"column":2},"end":{"line":174,"column":3}},"42":{"start":{"line":164,"column":4},"end":{"line":164,"column":67}},"43":{"start":{"line":166,"column":4},"end":{"line":171,"column":7}},"44":{"start":{"line":173,"column":4},"end":{"line":173,"column":54}},"45":{"start":{"line":182,"column":2},"end":{"line":310,"column":3}},"46":{"start":{"line":184,"column":21},"end":{"line":192,"column":5}},"47":{"start":{"line":195,"column":4},"end":{"line":202,"column":5}},"48":{"start":{"line":196,"column":6},"end":{"line":201,"column":7}},"49":{"start":{"line":197,"column":8},"end":{"line":197,"column":64}},"50":{"start":{"line":198,"column":8},"end":{"line":198,"column":33}},"51":{"start":{"line":200,"column":8},"end":{"line":200,"column":60}},"52":{"start":{"line":205,"column":4},"end":{"line":215,"column":5}},"53":{"start":{"line":206,"column":6},"end":{"line":214,"column":7}},"54":{"start":{"line":207,"column":8},"end":{"line":210,"column":11}},"55":{"start":{"line":211,"column":8},"end":{"line":211,"column":31}},"56":{"start":{"line":213,"column":8},"end":{"line":213,"column":58}},"57":{"start":{"line":218,"column":4},"end":{"line":227,"column":5}},"58":{"start":{"line":219,"column":6},"end":{"line":226,"column":7}},"59":{"start":{"line":220,"column":8},"end":{"line":222,"column":11}},"60":{"start":{"line":223,"column":8},"end":{"line":223,"column":35}},"61":{"start":{"line":225,"column":8},"end":{"line":225,"column":62}},"62":{"start":{"line":230,"column":4},"end":{"line":230,"column":48}},"63":{"start":{"line":231,"column":4},"end":{"line":231,"column":46}},"64":{"start":{"line":234,"column":4},"end":{"line":234,"column":41}},"65":{"start":{"line":237,"column":4},"end":{"line":237,"column":94}},"66":{"start":{"line":240,"column":4},"end":{"line":263,"column":5}},"67":{"start":{"line":241,"column":6},"end":{"line":260,"column":7}},"68":{"start":{"line":243,"column":31},"end":{"line":243,"column":86}},"69":{"start":{"line":244,"column":32},"end":{"line":251,"column":10}},"70":{"start":{"line":253,"column":8},"end":{"line":257,"column":9}},"71":{"start":{"line":254,"column":10},"end":{"line":254,"column":92}},"72":{"start":{"line":256,"column":10},"end":{"line":256,"column":80}},"73":{"start":{"line":259,"column":8},"end":{"line":259,"column":89}},"74":{"start":{"line":262,"column":6},"end":{"line":262,"column":71}},"75":{"start":{"line":266,"column":4},"end":{"line":266,"column":50}},"76":{"start":{"line":268,"column":4},"end":{"line":306,"column":7}},"77":{"start":{"line":308,"column":4},"end":{"line":308,"column":46}},"78":{"start":{"line":309,"column":4},"end":{"line":309,"column":63}},"79":{"start":{"line":313,"column":0},"end":{"line":320,"column":2}}},"fnMap":{"0":{"name":"debugUser","decl":{"start":{"line":30,"column":15},"end":{"line":30,"column":24}},"loc":{"start":{"line":30,"column":35},"end":{"line":71,"column":1}},"line":30},"1":{"name":"testOpenAI","decl":{"start":{"line":77,"column":15},"end":{"line":77,"column":25}},"loc":{"start":{"line":77,"column":36},"end":{"line":102,"column":1}},"line":77},"2":{"name":"processQueue","decl":{"start":{"line":108,"column":15},"end":{"line":108,"column":27}},"loc":{"start":{"line":108,"column":38},"end":{"line":128,"column":1}},"line":108},"3":{"name":"testTranscriptionQueue","decl":{"start":{"line":134,"column":15},"end":{"line":134,"column":37}},"loc":{"start":{"line":134,"column":48},"end":{"line":156,"column":1}},"line":134},"4":{"name":"testProcessTranscriptionQueue","decl":{"start":{"line":162,"column":15},"end":{"line":162,"column":44}},"loc":{"start":{"line":162,"column":55},"end":{"line":175,"column":1}},"line":162},"5":{"name":"getHealth","decl":{"start":{"line":181,"column":15},"end":{"line":181,"column":24}},"loc":{"start":{"line":181,"column":35},"end":{"line":311,"column":1}},"line":181}},"branchMap":{"0":{"loc":{"start":{"line":17,"column":0},"end":{"line":24,"column":1}},"type":"if","locations":[{"start":{"line":17,"column":0},"end":{"line":24,"column":1}},{"start":{},"end":{}}],"line":17},"1":{"loc":{"start":{"line":17,"column":4},"end":{"line":17,"column":53}},"type":"binary-expr","locations":[{"start":{"line":17,"column":4},"end":{"line":17,"column":23}},{"start":{"line":17,"column":27},"end":{"line":17,"column":53}}],"line":17},"2":{"loc":{"start":{"line":31,"column":2},"end":{"line":33,"column":3}},"type":"if","locations":[{"start":{"line":31,"column":2},"end":{"line":33,"column":3}},{"start":{},"end":{}}],"line":31},"3":{"loc":{"start":{"line":46,"column":4},"end":{"line":48,"column":5}},"type":"if","locations":[{"start":{"line":46,"column":4},"end":{"line":48,"column":5}},{"start":{},"end":{}}],"line":46},"4":{"loc":{"start":{"line":47,"column":55},"end":{"line":47,"column":95}},"type":"binary-expr","locations":[{"start":{"line":47,"column":55},"end":{"line":47,"column":74}},{"start":{"line":47,"column":78},"end":{"line":47,"column":95}}],"line":47},"5":{"loc":{"start":{"line":98,"column":13},"end":{"line":98,"column":50}},"type":"binary-expr","locations":[{"start":{"line":98,"column":13},"end":{"line":98,"column":33}},{"start":{"line":98,"column":37},"end":{"line":98,"column":50}}],"line":98},"6":{"loc":{"start":{"line":111,"column":2},"end":{"line":113,"column":3}},"type":"if","locations":[{"start":{"line":111,"column":2},"end":{"line":113,"column":3}},{"start":{},"end":{}}],"line":111},"7":{"loc":{"start":{"line":135,"column":2},"end":{"line":137,"column":3}},"type":"if","locations":[{"start":{"line":135,"column":2},"end":{"line":137,"column":3}},{"start":{},"end":{}}],"line":135},"8":{"loc":{"start":{"line":148,"column":13},"end":{"line":148,"column":23}},"type":"binary-expr","locations":[{"start":{"line":148,"column":13},"end":{"line":148,"column":17}},{"start":{"line":148,"column":21},"end":{"line":148,"column":23}}],"line":148},"9":{"loc":{"start":{"line":195,"column":4},"end":{"line":202,"column":5}},"type":"if","locations":[{"start":{"line":195,"column":4},"end":{"line":202,"column":5}},{"start":{},"end":{}}],"line":195},"10":{"loc":{"start":{"line":205,"column":4},"end":{"line":215,"column":5}},"type":"if","locations":[{"start":{"line":205,"column":4},"end":{"line":215,"column":5}},{"start":{},"end":{}}],"line":205},"11":{"loc":{"start":{"line":218,"column":4},"end":{"line":227,"column":5}},"type":"if","locations":[{"start":{"line":218,"column":4},"end":{"line":227,"column":5}},{"start":{},"end":{}}],"line":218},"12":{"loc":{"start":{"line":237,"column":25},"end":{"line":237,"column":92}},"type":"binary-expr","locations":[{"start":{"line":237,"column":25},"end":{"line":237,"column":54}},{"start":{"line":237,"column":58},"end":{"line":237,"column":92}}],"line":237},"13":{"loc":{"start":{"line":240,"column":4},"end":{"line":263,"column":5}},"type":"if","locations":[{"start":{"line":240,"column":4},"end":{"line":263,"column":5}},{"start":{"line":261,"column":11},"end":{"line":263,"column":5}}],"line":240},"14":{"loc":{"start":{"line":253,"column":8},"end":{"line":257,"column":9}},"type":"if","locations":[{"start":{"line":253,"column":8},"end":{"line":257,"column":9}},{"start":{"line":255,"column":15},"end":{"line":257,"column":9}}],"line":253}},"s":{"0":0,"1":0,"2":0,"3":0,"4":0,"5":0,"6":0,"7":0,"8":0,"9":0,"10":0,"11":0,"12":0,"13":0,"14":0,"15":0,"16":0,"17":0,"18":0,"19":0,"20":0,"21":0,"22":0,"23":0,"24":0,"25":0,"26":0,"27":0,"28":0,"29":0,"30":0,"31":0,"32":0,"33":0,"34":0,"35":0,"36":0,"37":0,"38":0,"39":0,"40":0,"41":0,"42":0,"43":0,"44":0,"45":0,"46":0,"47":0,"48":0,"49":0,"50":0,"51":0,"52":0,"53":0,"54":0,"55":0,"56":0,"57":0,"58":0,"59":0,"60":0,"61":0,"62":0,"63":0,"64":0,"65":0,"66":0,"67":0,"68":0,"69":0,"70":0,"71":0,"72":0,"73":0,"74":0,"75":0,"76":0,"77":0,"78":0,"79":0},"f":{"0":0,"1":0,"2":0,"3":0,"4":0,"5":0},"b":{"0":[0,0],"1":[0,0],"2":[0,0],"3":[0,0],"4":[0,0],"5":[0,0],"6":[0,0],"7":[0,0],"8":[0,0],"9":[0,0],"10":[0,0],"11":[0,0],"12":[0,0],"13":[0,0],"14":[0,0]}}
,"/Users/ianring/Node.js/src/controllers/emergency.controller.js": {"path":"/Users/ianring/Node.js/src/controllers/emergency.controller.js","statementMap":{"0":{"start":{"line":7,"column":27},"end":{"line":7,"column":57}},"1":{"start":{"line":8,"column":22},"end":{"line":8,"column":50}},"2":{"start":{"line":9,"column":15},"end":{"line":9,"column":41}},"3":{"start":{"line":10,"column":15},"end":{"line":10,"column":35}},"4":{"start":{"line":11,"column":20},"end":{"line":11,"column":54}},"5":{"start":{"line":12,"column":25},"end":{"line":12,"column":57}},"6":{"start":{"line":15,"column":15},"end":{"line":15,"column":19}},"7":{"start":{"line":16,"column":0},"end":{"line":23,"column":1}},"8":{"start":{"line":17,"column":2},"end":{"line":22,"column":5}},"9":{"start":{"line":30,"column":2},"end":{"line":32,"column":3}},"10":{"start":{"line":31,"column":4},"end":{"line":31,"column":80}},"11":{"start":{"line":34,"column":2},"end":{"line":93,"column":3}},"12":{"start":{"line":35,"column":23},"end":{"line":35,"column":33}},"13":{"start":{"line":37,"column":23},"end":{"line":37,"column":45}},"14":{"start":{"line":38,"column":4},"end":{"line":40,"column":5}},"15":{"start":{"line":39,"column":6},"end":{"line":39,"column":70}},"16":{"start":{"line":42,"column":4},"end":{"line":42,"column":58}},"17":{"start":{"line":44,"column":28},"end":{"line":48,"column":15}},"18":{"start":{"line":50,"column":4},"end":{"line":53,"column":5}},"19":{"start":{"line":51,"column":6},"end":{"line":51,"column":63}},"20":{"start":{"line":52,"column":6},"end":{"line":52,"column":69}},"21":{"start":{"line":55,"column":4},"end":{"line":57,"column":5}},"22":{"start":{"line":56,"column":6},"end":{"line":56,"column":69}},"23":{"start":{"line":59,"column":26},"end":{"line":59,"column":89}},"24":{"start":{"line":60,"column":21},"end":{"line":60,"column":88}},"25":{"start":{"line":62,"column":4},"end":{"line":65,"column":12}},"26":{"start":{"line":67,"column":4},"end":{"line":77,"column":5}},"27":{"start":{"line":68,"column":6},"end":{"line":68,"column":69}},"28":{"start":{"line":69,"column":6},"end":{"line":76,"column":9}},"29":{"start":{"line":79,"column":4},"end":{"line":79,"column":90}},"30":{"start":{"line":81,"column":4},"end":{"line":88,"column":7}},"31":{"start":{"line":91,"column":4},"end":{"line":91,"column":64}},"32":{"start":{"line":92,"column":4},"end":{"line":92,"column":79}},"33":{"start":{"line":101,"column":2},"end":{"line":103,"column":3}},"34":{"start":{"line":102,"column":4},"end":{"line":102,"column":80}},"35":{"start":{"line":105,"column":2},"end":{"line":162,"column":3}},"36":{"start":{"line":106,"column":23},"end":{"line":106,"column":33}},"37":{"start":{"line":107,"column":33},"end":{"line":107,"column":41}},"38":{"start":{"line":109,"column":23},"end":{"line":109,"column":45}},"39":{"start":{"line":110,"column":4},"end":{"line":112,"column":5}},"40":{"start":{"line":111,"column":6},"end":{"line":111,"column":70}},"41":{"start":{"line":114,"column":4},"end":{"line":116,"column":5}},"42":{"start":{"line":115,"column":6},"end":{"line":115,"column":89}},"43":{"start":{"line":118,"column":23},"end":{"line":118,"column":42}},"44":{"start":{"line":119,"column":4},"end":{"line":121,"column":5}},"45":{"start":{"line":120,"column":6},"end":{"line":120,"column":81}},"46":{"start":{"line":123,"column":4},"end":{"line":123,"column":58}},"47":{"start":{"line":125,"column":28},"end":{"line":133,"column":15}},"48":{"start":{"line":135,"column":4},"end":{"line":138,"column":5}},"49":{"start":{"line":136,"column":6},"end":{"line":136,"column":63}},"50":{"start":{"line":137,"column":6},"end":{"line":137,"column":88}},"51":{"start":{"line":140,"column":4},"end":{"line":142,"column":5}},"52":{"start":{"line":141,"column":6},"end":{"line":141,"column":69}},"53":{"start":{"line":144,"column":4},"end":{"line":147,"column":12}},"54":{"start":{"line":149,"column":4},"end":{"line":149,"column":73}},"55":{"start":{"line":151,"column":4},"end":{"line":157,"column":7}},"56":{"start":{"line":160,"column":4},"end":{"line":160,"column":61}},"57":{"start":{"line":161,"column":4},"end":{"line":161,"column":80}},"58":{"start":{"line":170,"column":2},"end":{"line":172,"column":3}},"59":{"start":{"line":171,"column":4},"end":{"line":171,"column":80}},"60":{"start":{"line":174,"column":2},"end":{"line":197,"column":3}},"61":{"start":{"line":175,"column":23},"end":{"line":175,"column":33}},"62":{"start":{"line":177,"column":28},"end":{"line":181,"column":15}},"63":{"start":{"line":183,"column":4},"end":{"line":186,"column":5}},"64":{"start":{"line":184,"column":6},"end":{"line":184,"column":44}},"65":{"start":{"line":185,"column":6},"end":{"line":185,"column":69}},"66":{"start":{"line":188,"column":4},"end":{"line":193,"column":7}},"67":{"start":{"line":195,"column":4},"end":{"line":195,"column":61}},"68":{"start":{"line":196,"column":4},"end":{"line":196,"column":68}},"69":{"start":{"line":205,"column":2},"end":{"line":207,"column":3}},"70":{"start":{"line":206,"column":4},"end":{"line":206,"column":80}},"71":{"start":{"line":209,"column":2},"end":{"line":247,"column":3}},"72":{"start":{"line":210,"column":64},"end":{"line":210,"column":72}},"73":{"start":{"line":212,"column":4},"end":{"line":214,"column":5}},"74":{"start":{"line":213,"column":6},"end":{"line":213,"column":72}},"75":{"start":{"line":216,"column":28},"end":{"line":224,"column":8}},"76":{"start":{"line":226,"column":4},"end":{"line":233,"column":5}},"77":{"start":{"line":227,"column":6},"end":{"line":227,"column":58}},"78":{"start":{"line":228,"column":6},"end":{"line":232,"column":9}},"79":{"start":{"line":235,"column":4},"end":{"line":237,"column":12}},"80":{"start":{"line":239,"column":4},"end":{"line":243,"column":7}},"81":{"start":{"line":245,"column":4},"end":{"line":245,"column":56}},"82":{"start":{"line":246,"column":4},"end":{"line":246,"column":67}},"83":{"start":{"line":250,"column":0},"end":{"line":255,"column":2}}},"fnMap":{"0":{"name":"getEmergencyContact","decl":{"start":{"line":29,"column":15},"end":{"line":29,"column":34}},"loc":{"start":{"line":29,"column":45},"end":{"line":94,"column":1}},"line":29},"1":{"name":"updateEmergencyContact","decl":{"start":{"line":100,"column":15},"end":{"line":100,"column":37}},"loc":{"start":{"line":100,"column":48},"end":{"line":163,"column":1}},"line":100},"2":{"name":"getEmergencyContacts","decl":{"start":{"line":169,"column":15},"end":{"line":169,"column":35}},"loc":{"start":{"line":169,"column":46},"end":{"line":198,"column":1}},"line":169},"3":{"name":"logEmergencyCall","decl":{"start":{"line":204,"column":15},"end":{"line":204,"column":31}},"loc":{"start":{"line":204,"column":42},"end":{"line":248,"column":1}},"line":204}},"branchMap":{"0":{"loc":{"start":{"line":16,"column":0},"end":{"line":23,"column":1}},"type":"if","locations":[{"start":{"line":16,"column":0},"end":{"line":23,"column":1}},{"start":{},"end":{}}],"line":16},"1":{"loc":{"start":{"line":16,"column":4},"end":{"line":16,"column":53}},"type":"binary-expr","locations":[{"start":{"line":16,"column":4},"end":{"line":16,"column":23}},{"start":{"line":16,"column":27},"end":{"line":16,"column":53}}],"line":16},"2":{"loc":{"start":{"line":30,"column":2},"end":{"line":32,"column":3}},"type":"if","locations":[{"start":{"line":30,"column":2},"end":{"line":32,"column":3}},{"start":{},"end":{}}],"line":30},"3":{"loc":{"start":{"line":38,"column":4},"end":{"line":40,"column":5}},"type":"if","locations":[{"start":{"line":38,"column":4},"end":{"line":40,"column":5}},{"start":{},"end":{}}],"line":38},"4":{"loc":{"start":{"line":50,"column":4},"end":{"line":53,"column":5}},"type":"if","locations":[{"start":{"line":50,"column":4},"end":{"line":53,"column":5}},{"start":{},"end":{}}],"line":50},"5":{"loc":{"start":{"line":55,"column":4},"end":{"line":57,"column":5}},"type":"if","locations":[{"start":{"line":55,"column":4},"end":{"line":57,"column":5}},{"start":{},"end":{}}],"line":55},"6":{"loc":{"start":{"line":59,"column":26},"end":{"line":59,"column":89}},"type":"binary-expr","locations":[{"start":{"line":59,"column":26},"end":{"line":59,"column":55}},{"start":{"line":59,"column":59},"end":{"line":59,"column":81}},{"start":{"line":59,"column":85},"end":{"line":59,"column":89}}],"line":59},"7":{"loc":{"start":{"line":60,"column":21},"end":{"line":60,"column":88}},"type":"binary-expr","locations":[{"start":{"line":60,"column":21},"end":{"line":60,"column":78}},{"start":{"line":60,"column":82},"end":{"line":60,"column":88}}],"line":60},"8":{"loc":{"start":{"line":60,"column":24},"end":{"line":60,"column":45}},"type":"binary-expr","locations":[{"start":{"line":60,"column":24},"end":{"line":60,"column":39}},{"start":{"line":60,"column":43},"end":{"line":60,"column":45}}],"line":60},"9":{"loc":{"start":{"line":60,"column":49},"end":{"line":60,"column":69}},"type":"binary-expr","locations":[{"start":{"line":60,"column":49},"end":{"line":60,"column":63}},{"start":{"line":60,"column":67},"end":{"line":60,"column":69}}],"line":60},"10":{"loc":{"start":{"line":67,"column":4},"end":{"line":77,"column":5}},"type":"if","locations":[{"start":{"line":67,"column":4},"end":{"line":77,"column":5}},{"start":{},"end":{}}],"line":67},"11":{"loc":{"start":{"line":101,"column":2},"end":{"line":103,"column":3}},"type":"if","locations":[{"start":{"line":101,"column":2},"end":{"line":103,"column":3}},{"start":{},"end":{}}],"line":101},"12":{"loc":{"start":{"line":110,"column":4},"end":{"line":112,"column":5}},"type":"if","locations":[{"start":{"line":110,"column":4},"end":{"line":112,"column":5}},{"start":{},"end":{}}],"line":110},"13":{"loc":{"start":{"line":114,"column":4},"end":{"line":116,"column":5}},"type":"if","locations":[{"start":{"line":114,"column":4},"end":{"line":116,"column":5}},{"start":{},"end":{}}],"line":114},"14":{"loc":{"start":{"line":119,"column":4},"end":{"line":121,"column":5}},"type":"if","locations":[{"start":{"line":119,"column":4},"end":{"line":121,"column":5}},{"start":{},"end":{}}],"line":119},"15":{"loc":{"start":{"line":135,"column":4},"end":{"line":138,"column":5}},"type":"if","locations":[{"start":{"line":135,"column":4},"end":{"line":138,"column":5}},{"start":{},"end":{}}],"line":135},"16":{"loc":{"start":{"line":140,"column":4},"end":{"line":142,"column":5}},"type":"if","locations":[{"start":{"line":140,"column":4},"end":{"line":142,"column":5}},{"start":{},"end":{}}],"line":140},"17":{"loc":{"start":{"line":170,"column":2},"end":{"line":172,"column":3}},"type":"if","locations":[{"start":{"line":170,"column":2},"end":{"line":172,"column":3}},{"start":{},"end":{}}],"line":170},"18":{"loc":{"start":{"line":183,"column":4},"end":{"line":186,"column":5}},"type":"if","locations":[{"start":{"line":183,"column":4},"end":{"line":186,"column":5}},{"start":{},"end":{}}],"line":183},"19":{"loc":{"start":{"line":189,"column":25},"end":{"line":189,"column":88}},"type":"binary-expr","locations":[{"start":{"line":189,"column":25},"end":{"line":189,"column":54}},{"start":{"line":189,"column":58},"end":{"line":189,"column":80}},{"start":{"line":189,"column":84},"end":{"line":189,"column":88}}],"line":189},"20":{"loc":{"start":{"line":190,"column":33},"end":{"line":190,"column":71}},"type":"binary-expr","locations":[{"start":{"line":190,"column":33},"end":{"line":190,"column":63}},{"start":{"line":190,"column":67},"end":{"line":190,"column":71}}],"line":190},"21":{"loc":{"start":{"line":191,"column":33},"end":{"line":191,"column":72}},"type":"binary-expr","locations":[{"start":{"line":191,"column":33},"end":{"line":191,"column":63}},{"start":{"line":191,"column":67},"end":{"line":191,"column":72}}],"line":191},"22":{"loc":{"start":{"line":205,"column":2},"end":{"line":207,"column":3}},"type":"if","locations":[{"start":{"line":205,"column":2},"end":{"line":207,"column":3}},{"start":{},"end":{}}],"line":205},"23":{"loc":{"start":{"line":212,"column":4},"end":{"line":214,"column":5}},"type":"if","locations":[{"start":{"line":212,"column":4},"end":{"line":214,"column":5}},{"start":{},"end":{}}],"line":212},"24":{"loc":{"start":{"line":221,"column":21},"end":{"line":221,"column":40}},"type":"binary-expr","locations":[{"start":{"line":221,"column":21},"end":{"line":221,"column":32}},{"start":{"line":221,"column":36},"end":{"line":221,"column":40}}],"line":221},"25":{"loc":{"start":{"line":226,"column":4},"end":{"line":233,"column":5}},"type":"if","locations":[{"start":{"line":226,"column":4},"end":{"line":233,"column":5}},{"start":{},"end":{}}],"line":226}},"s":{"0":0,"1":0,"2":0,"3":0,"4":0,"5":0,"6":0,"7":0,"8":0,"9":0,"10":0,"11":0,"12":0,"13":0,"14":0,"15":0,"16":0,"17":0,"18":0,"19":0,"20":0,"21":0,"22":0,"23":0,"24":0,"25":0,"26":0,"27":0,"28":0,"29":0,"30":0,"31":0,"32":0,"33":0,"34":0,"35":0,"36":0,"37":0,"38":0,"39":0,"40":0,"41":0,"42":0,"43":0,"44":0,"45":0,"46":0,"47":0,"48":0,"49":0,"50":0,"51":0,"52":0,"53":0,"54":0,"55":0,"56":0,"57":0,"58":0,"59":0,"60":0,"61":0,"62":0,"63":0,"64":0,"65":0,"66":0,"67":0,"68":0,"69":0,"70":0,"71":0,"72":0,"73":0,"74":0,"75":0,"76":0,"77":0,"78":0,"79":0,"80":0,"81":0,"82":0,"83":0},"f":{"0":0,"1":0,"2":0,"3":0},"b":{"0":[0,0],"1":[0,0],"2":[0,0],"3":[0,0],"4":[0,0],"5":[0,0],"6":[0,0,0],"7":[0,0],"8":[0,0],"9":[0,0],"10":[0,0],"11":[0,0],"12":[0,0],"13":[0,0],"14":[0,0],"15":[0,0],"16":[0,0],"17":[0,0],"18":[0,0],"19":[0,0,0],"20":[0,0],"21":[0,0],"22":[0,0],"23":[0,0],"24":[0,0],"25":[0,0]}}
,"/Users/ianring/Node.js/src/controllers/gdpr.controller.js": {"path":"/Users/ianring/Node.js/src/controllers/gdpr.controller.js","statementMap":{"0":{"start":{"line":7,"column":27},"end":{"line":7,"column":57}},"1":{"start":{"line":8,"column":22},"end":{"line":8,"column":50}},"2":{"start":{"line":9,"column":15},"end":{"line":9,"column":41}},"3":{"start":{"line":10,"column":15},"end":{"line":10,"column":35}},"4":{"start":{"line":11,"column":20},"end":{"line":11,"column":54}},"5":{"start":{"line":12,"column":13},"end":{"line":12,"column":38}},"6":{"start":{"line":14,"column":15},"end":{"line":14,"column":19}},"7":{"start":{"line":20,"column":2},"end":{"line":20,"column":30}},"8":{"start":{"line":28,"column":2},"end":{"line":30,"column":3}},"9":{"start":{"line":29,"column":4},"end":{"line":29,"column":80}},"10":{"start":{"line":32,"column":2},"end":{"line":70,"column":3}},"11":{"start":{"line":33,"column":23},"end":{"line":33,"column":33}},"12":{"start":{"line":35,"column":23},"end":{"line":35,"column":45}},"13":{"start":{"line":36,"column":4},"end":{"line":38,"column":5}},"14":{"start":{"line":37,"column":6},"end":{"line":37,"column":70}},"15":{"start":{"line":40,"column":4},"end":{"line":40,"column":60}},"16":{"start":{"line":42,"column":34},"end":{"line":46,"column":15}},"17":{"start":{"line":48,"column":4},"end":{"line":50,"column":5}},"18":{"start":{"line":49,"column":6},"end":{"line":49,"column":69}},"19":{"start":{"line":52,"column":4},"end":{"line":54,"column":12}},"20":{"start":{"line":56,"column":4},"end":{"line":66,"column":7}},"21":{"start":{"line":68,"column":4},"end":{"line":68,"column":56}},"22":{"start":{"line":69,"column":4},"end":{"line":69,"column":82}},"23":{"start":{"line":78,"column":2},"end":{"line":80,"column":3}},"24":{"start":{"line":79,"column":4},"end":{"line":79,"column":80}},"25":{"start":{"line":82,"column":2},"end":{"line":151,"column":3}},"26":{"start":{"line":83,"column":23},"end":{"line":83,"column":33}},"27":{"start":{"line":84,"column":28},"end":{"line":84,"column":36}},"28":{"start":{"line":86,"column":23},"end":{"line":86,"column":45}},"29":{"start":{"line":87,"column":4},"end":{"line":89,"column":5}},"30":{"start":{"line":88,"column":6},"end":{"line":88,"column":70}},"31":{"start":{"line":91,"column":4},"end":{"line":93,"column":5}},"32":{"start":{"line":92,"column":6},"end":{"line":92,"column":97}},"33":{"start":{"line":95,"column":4},"end":{"line":95,"column":75}},"34":{"start":{"line":97,"column":23},"end":{"line":100,"column":5}},"35":{"start":{"line":103,"column":4},"end":{"line":108,"column":5}},"36":{"start":{"line":104,"column":6},"end":{"line":104,"column":62}},"37":{"start":{"line":105,"column":6},"end":{"line":105,"column":61}},"38":{"start":{"line":106,"column":6},"end":{"line":106,"column":85}},"39":{"start":{"line":107,"column":6},"end":{"line":107,"column":78}},"40":{"start":{"line":110,"column":28},"end":{"line":115,"column":15}},"41":{"start":{"line":117,"column":4},"end":{"line":120,"column":5}},"42":{"start":{"line":118,"column":6},"end":{"line":118,"column":58}},"43":{"start":{"line":119,"column":6},"end":{"line":119,"column":86}},"44":{"start":{"line":122,"column":4},"end":{"line":124,"column":5}},"45":{"start":{"line":123,"column":6},"end":{"line":123,"column":69}},"46":{"start":{"line":127,"column":4},"end":{"line":133,"column":12}},"47":{"start":{"line":135,"column":4},"end":{"line":135,"column":84}},"48":{"start":{"line":137,"column":4},"end":{"line":147,"column":7}},"49":{"start":{"line":149,"column":4},"end":{"line":149,"column":56}},"50":{"start":{"line":150,"column":4},"end":{"line":150,"column":70}},"51":{"start":{"line":159,"column":2},"end":{"line":161,"column":3}},"52":{"start":{"line":160,"column":4},"end":{"line":160,"column":80}},"53":{"start":{"line":163,"column":2},"end":{"line":207,"column":3}},"54":{"start":{"line":164,"column":23},"end":{"line":164,"column":33}},"55":{"start":{"line":165,"column":53},"end":{"line":165,"column":62}},"56":{"start":{"line":167,"column":23},"end":{"line":167,"column":45}},"57":{"start":{"line":168,"column":4},"end":{"line":170,"column":5}},"58":{"start":{"line":169,"column":6},"end":{"line":169,"column":70}},"59":{"start":{"line":172,"column":4},"end":{"line":172,"column":84}},"60":{"start":{"line":174,"column":16},"end":{"line":179,"column":70}},"61":{"start":{"line":181,"column":4},"end":{"line":183,"column":5}},"62":{"start":{"line":182,"column":6},"end":{"line":182,"column":54}},"63":{"start":{"line":185,"column":35},"end":{"line":185,"column":46}},"64":{"start":{"line":187,"column":4},"end":{"line":190,"column":5}},"65":{"start":{"line":188,"column":6},"end":{"line":188,"column":55}},"66":{"start":{"line":189,"column":6},"end":{"line":189,"column":84}},"67":{"start":{"line":192,"column":4},"end":{"line":203,"column":7}},"68":{"start":{"line":205,"column":4},"end":{"line":205,"column":53}},"69":{"start":{"line":206,"column":4},"end":{"line":206,"column":71}},"70":{"start":{"line":215,"column":2},"end":{"line":217,"column":3}},"71":{"start":{"line":216,"column":4},"end":{"line":216,"column":80}},"72":{"start":{"line":219,"column":21},"end":{"line":219,"column":31}},"73":{"start":{"line":221,"column":2},"end":{"line":272,"column":3}},"74":{"start":{"line":222,"column":23},"end":{"line":222,"column":45}},"75":{"start":{"line":223,"column":4},"end":{"line":225,"column":5}},"76":{"start":{"line":224,"column":6},"end":{"line":224,"column":70}},"77":{"start":{"line":227,"column":4},"end":{"line":227,"column":57}},"78":{"start":{"line":229,"column":27},"end":{"line":233,"column":15}},"79":{"start":{"line":235,"column":4},"end":{"line":237,"column":5}},"80":{"start":{"line":236,"column":6},"end":{"line":236,"column":69}},"81":{"start":{"line":239,"column":27},"end":{"line":239,"column":62}},"82":{"start":{"line":241,"column":4},"end":{"line":243,"column":5}},"83":{"start":{"line":242,"column":6},"end":{"line":242,"column":97}},"84":{"start":{"line":245,"column":21},"end":{"line":245,"column":40}},"85":{"start":{"line":247,"column":4},"end":{"line":256,"column":12}},"86":{"start":{"line":258,"column":4},"end":{"line":268,"column":7}},"87":{"start":{"line":270,"column":4},"end":{"line":270,"column":45}},"88":{"start":{"line":271,"column":4},"end":{"line":271,"column":66}},"89":{"start":{"line":275,"column":0},"end":{"line":281,"column":2}}},"fnMap":{"0":{"name":"initializeController","decl":{"start":{"line":19,"column":9},"end":{"line":19,"column":29}},"loc":{"start":{"line":19,"column":48},"end":{"line":21,"column":1}},"line":19},"1":{"name":"getConsent","decl":{"start":{"line":27,"column":15},"end":{"line":27,"column":25}},"loc":{"start":{"line":27,"column":36},"end":{"line":71,"column":1}},"line":27},"2":{"name":"updateConsent","decl":{"start":{"line":77,"column":15},"end":{"line":77,"column":28}},"loc":{"start":{"line":77,"column":39},"end":{"line":152,"column":1}},"line":77},"3":{"name":"getAuditLog","decl":{"start":{"line":158,"column":15},"end":{"line":158,"column":26}},"loc":{"start":{"line":158,"column":37},"end":{"line":208,"column":1}},"line":158},"4":{"name":"exportData","decl":{"start":{"line":214,"column":15},"end":{"line":214,"column":25}},"loc":{"start":{"line":214,"column":36},"end":{"line":273,"column":1}},"line":214}},"branchMap":{"0":{"loc":{"start":{"line":28,"column":2},"end":{"line":30,"column":3}},"type":"if","locations":[{"start":{"line":28,"column":2},"end":{"line":30,"column":3}},{"start":{},"end":{}}],"line":28},"1":{"loc":{"start":{"line":36,"column":4},"end":{"line":38,"column":5}},"type":"if","locations":[{"start":{"line":36,"column":4},"end":{"line":38,"column":5}},{"start":{},"end":{}}],"line":36},"2":{"loc":{"start":{"line":48,"column":4},"end":{"line":50,"column":5}},"type":"if","locations":[{"start":{"line":48,"column":4},"end":{"line":50,"column":5}},{"start":{},"end":{}}],"line":48},"3":{"loc":{"start":{"line":48,"column":8},"end":{"line":48,"column":22}},"type":"binary-expr","locations":[{"start":{"line":48,"column":8},"end":{"line":48,"column":13}},{"start":{"line":48,"column":17},"end":{"line":48,"column":22}}],"line":48},"4":{"loc":{"start":{"line":60,"column":17},"end":{"line":60,"column":43}},"type":"binary-expr","locations":[{"
[...]
:{"line":192,"column":6},"end":{"line":192,"column":16}},"87":{"start":{"line":196,"column":2},"end":{"line":196,"column":49}},"88":{"start":{"line":197,"column":2},"end":{"line":197,"column":13}},"89":{"start":{"line":204,"column":13},"end":{"line":204,"column":40}},"90":{"start":{"line":205,"column":2},"end":{"line":211,"column":3}},"91":{"start":{"line":206,"column":4},"end":{"line":210,"column":5}},"92":{"start":{"line":207,"column":6},"end":{"line":207,"column":36}},"93":{"start":{"line":209,"column":6},"end":{"line":209,"column":64}},"94":{"start":{"line":218,"column":2},"end":{"line":228,"column":3}},"95":{"start":{"line":219,"column":4},"end":{"line":227,"column":7}},"96":{"start":{"line":220,"column":6},"end":{"line":226,"column":7}},"97":{"start":{"line":221,"column":8},"end":{"line":225,"column":9}},"98":{"start":{"line":222,"column":10},"end":{"line":222,"column":40}},"99":{"start":{"line":224,"column":10},"end":{"line":224,"column":60}},"100":{"start":{"line":236,"column":2},"end":{"line":238,"column":3}},"101":{"start":{"line":237,"column":4},"end":{"line":237,"column":60}},"102":{"start":{"line":241,"column":2},"end":{"line":241,"column":41}},"103":{"start":{"line":244,"column":21},"end":{"line":244,"column":55}},"104":{"start":{"line":245,"column":2},"end":{"line":247,"column":3}},"105":{"start":{"line":246,"column":4},"end":{"line":246,"column":53}},"106":{"start":{"line":254,"column":2},"end":{"line":301,"column":3}},"107":{"start":{"line":255,"column":61},"end":{"line":255,"column":68}},"108":{"start":{"line":258,"column":4},"end":{"line":267,"column":5}},"109":{"start":{"line":259,"column":6},"end":{"line":259,"column":43}},"110":{"start":{"line":260,"column":6},"end":{"line":260,"column":66}},"111":{"start":{"line":261,"column":6},"end":{"line":261,"column":31}},"112":{"start":{"line":262,"column":6},"end":{"line":262,"column":50}},"113":{"start":{"line":263,"column":11},"end":{"line":267,"column":5}},"114":{"start":{"line":264,"column":6},"end":{"line":264,"column":39}},"115":{"start":{"line":265,"column":6},"end":{"line":265,"column":50}},"116":{"start":{"line":266,"column":6},"end":{"line":266,"column":29}},"117":{"start":{"line":269,"column":4},"end":{"line":288,"column":5}},"118":{"start":{"line":270,"column":6},"end":{"line":277,"column":7}},"119":{"start":{"line":271,"column":8},"end":{"line":276,"column":11}},"120":{"start":{"line":279,"column":6},"end":{"line":287,"column":9}},"121":{"start":{"line":290,"column":4},"end":{"line":298,"column":5}},"122":{"start":{"line":291,"column":6},"end":{"line":297,"column":9}},"123":{"start":{"line":300,"column":4},"end":{"line":300,"column":72}},"124":{"start":{"line":308,"column":2},"end":{"line":340,"column":3}},"125":{"start":{"line":309,"column":33},"end":{"line":309,"column":40}},"126":{"start":{"line":310,"column":19},"end":{"line":310,"column":46}},"127":{"start":{"line":311,"column":20},"end":{"line":311,"column":44}},"128":{"start":{"line":313,"column":4},"end":{"line":320,"column":5}},"129":{"start":{"line":314,"column":6},"end":{"line":319,"column":9}},"130":{"start":{"line":322,"column":4},"end":{"line":330,"column":5}},"131":{"start":{"line":323,"column":6},"end":{"line":329,"column":9}},"132":{"start":{"line":332,"column":4},"end":{"line":337,"column":5}},"133":{"start":{"line":333,"column":6},"end":{"line":336,"column":9}},"134":{"start":{"line":339,"column":4},"end":{"line":339,"column":66}},"135":{"start":{"line":347,"column":2},"end":{"line":347,"column":55}},"136":{"start":{"line":354,"column":2},"end":{"line":357,"column":5}},"137":{"start":{"line":364,"column":2},"end":{"line":369,"column":4}},"138":{"start":{"line":376,"column":2},"end":{"line":379,"column":3}},"139":{"start":{"line":377,"column":4},"end":{"line":377,"column":35}},"140":{"start":{"line":378,"column":4},"end":{"line":378,"column":27}},"141":{"start":{"line":381,"column":2},"end":{"line":384,"column":3}},"142":{"start":{"line":382,"column":4},"end":{"line":382,"column":37}},"143":{"start":{"line":383,"column":4},"end":{"line":383,"column":29}},"144":{"start":{"line":386,"column":2},"end":{"line":391,"column":3}},"145":{"start":{"line":387,"column":4},"end":{"line":389,"column":7}},"146":{"start":{"line":388,"column":6},"end":{"line":388,"column":45}},"147":{"start":{"line":390,"column":4},"end":{"line":390,"column":15}},"148":{"start":{"line":394,"column":2},"end":{"line":394,"column":25}},"149":{"start":{"line":395,"column":2},"end":{"line":395,"column":23}},"150":{"start":{"line":396,"column":2},"end":{"line":396,"column":32}},"151":{"start":{"line":399,"column":0},"end":{"line":410,"column":2}}},"fnMap":{"0":{"name":"initializeWebSocket","decl":{"start":{"line":28,"column":9},"end":{"line":28,"column":28}},"loc":{"start":{"line":28,"column":37},"end":{"line":198,"column":1}},"line":28},"1":{"name":"(anonymous_1)","decl":{"start":{"line":37,"column":32},"end":{"line":37,"column":33}},"loc":{"start":{"line":37,"column":38},"end":{"line":71,"column":3}},"line":37},"2":{"name":"(anonymous_2)","decl":{"start":{"line":39,"column":27},"end":{"line":39,"column":28}},"loc":{"start":{"line":39,"column":44},"end":{"line":44,"column":5}},"line":39},"3":{"name":"(anonymous_3)","decl":{"start":{"line":46,"column":25},"end":{"line":46,"column":26}},"loc":{"start":{"line":46,"column":45},"end":{"line":55,"column":5}},"line":46},"4":{"name":"(anonymous_4)","decl":{"start":{"line":47,"column":54},"end":{"line":47,"column":55}},"loc":{"start":{"line":47,"column":60},"end":{"line":47,"column":92}},"line":47},"5":{"name":"(anonymous_5)","decl":{"start":{"line":61,"column":34},"end":{"line":61,"column":35}},"loc":{"start":{"line":61,"column":55},"end":{"line":66,"column":5}},"line":61},"6":{"name":"(anonymous_6)","decl":{"start":{"line":74,"column":23},"end":{"line":74,"column":24}},"loc":{"start":{"line":74,"column":50},"end":{"line":78,"column":3}},"line":74},"7":{"name":"(anonymous_7)","decl":{"start":{"line":75,"column":45},"end":{"line":75,"column":46}},"loc":{"start":{"line":75,"column":53},"end":{"line":77,"column":5}},"line":75},"8":{"name":"(anonymous_8)","decl":{"start":{"line":81,"column":23},"end":{"line":81,"column":24}},"loc":{"start":{"line":81,"column":31},"end":{"line":182,"column":3}},"line":81},"9":{"name":"(anonymous_9)","decl":{"start":{"line":85,"column":18},"end":{"line":85,"column":19}},"loc":{"start":{"line":85,"column":24},"end":{"line":87,"column":5}},"line":85},"10":{"name":"(anonymous_10)","decl":{"start":{"line":92,"column":21},"end":{"line":92,"column":22}},"loc":{"start":{"line":92,"column":34},"end":{"line":162,"column":5}},"line":92},"11":{"name":"(anonymous_11)","decl":{"start":{"line":164,"column":19},"end":{"line":164,"column":20}},"loc":{"start":{"line":164,"column":25},"end":{"line":177,"column":5}},"line":164},"12":{"name":"(anonymous_12)","decl":{"start":{"line":179,"column":19},"end":{"line":179,"column":20}},"loc":{"start":{"line":179,"column":30},"end":{"line":181,"column":5}},"line":179},"13":{"name":"(anonymous_13)","decl":{"start":{"line":185,"column":34},"end":{"line":185,"column":35}},"loc":{"start":{"line":185,"column":40},"end":{"line":194,"column":3}},"line":185},"14":{"name":"(anonymous_14)","decl":{"start":{"line":186,"column":24},"end":{"line":186,"column":25}},"loc":{"start":{"line":186,"column":32},"end":{"line":193,"column":5}},"line":186},"15":{"name":"sendTranscriptionUpdate","decl":{"start":{"line":203,"column":9},"end":{"line":203,"column":32}},"loc":{"start":{"line":203,"column":48},"end":{"line":212,"column":1}},"line":203},"16":{"name":"broadcastToUser","decl":{"start":{"line":217,"column":9},"end":{"line":217,"column":24}},"loc":{"start":{"line":217,"column":39},"end":{"line":229,"column":1}},"line":217},"17":{"name":"(anonymous_17)","decl":{"start":{"line":219,"column":37},"end":{"line":219,"column":38}},"loc":{"start":{"line":219,"column":43},"end":{"line":227,"column":5}},"line":219},"18":{"name":"broadcastTranscriptionUpdate","decl":{"start":{"line":234,"column":9},"end":{"line":234,"column":37}},"loc":{"start":{"line":234,"column":53},"end":{"line":248,"column":1}},"line":234},"19":{"name":"handleRealtimeTranscriptionUpdate","decl":{"start":{"line":253,"column":9},"end":{"line":253,"column":42}},"loc":{"start":{"line":253,"column":52},"end":{"line":302,"column":1}},"line":253},"20":{"name":"handleRealtimeSummaryUpdate","decl":{"start":{"line":307,"column":9},"end":{"line":307,"column":36}},"loc":{"start":{"line":307,"column":46},"end":{"line":341,"column":1}},"line":307},"21":{"name":"getTranscriptionStatus","decl":{"start":{"line":346,"column":9},"end":{"line":346,"column":31}},"loc":{"start":{"line":346,"column":41},"end":{"line":348,"column":1}},"line":346},"22":{"name":"setTranscriptionStatus","decl":{"start":{"line":353,"column":9},"end":{"line":353,"column":31}},"loc":{"start":{"line":353,"column":49},"end":{"line":358,"column":1}},"line":353},"23":{"name":"getWebSocketStats","decl":{"start":{"line":363,"column":9},"end":{"line":363,"column":26}},"loc":{"start":{"line":363,"column":29},"end":{"line":370,"column":1}},"line":363},"24":{"name":"closeWebSocket","decl":{"start":{"line":375,"column":9},"end":{"line":375,"column":23}},"loc":{"start":{"line":375,"column":26},"end":{"line":397,"column":1}},"line":375},"25":{"name":"(anonymous_25)","decl":{"start":{"line":387,"column":14},"end":{"line":387,"column":15}},"loc":{"start":{"line":387,"column":20},"end":{"line":389,"column":5}},"line":387}},"branchMap":{"0":{"loc":{"start":{"line":40,"column":6},"end":{"line":43,"column":7}},"type":"if","locations":[{"start":{"line":40,"column":6},"end":{"line":43,"column":7}},{"start":{},"end":{}}],"line":40},"1":{"loc":{"start":{"line":48,"column":6},"end":{"line":51,"column":7}},"type":"if","locations":[{"start":{"line":48,"column":6},"end":{"line":51,"column":7}},{"start":{},"end":{}}],"line":48},"2":{"loc":{"start":{"line":52,"column":6},"end":{"line":54,"column":7}},"type":"if","locations":[{"start":{"line":52,"column":6},"end":{"line":54,"column":7}},{"start":{},"end":{}}],"line":52},"3":{"loc":{"start":{"line":62,"column":6},"end":{"line":65,"column":7}},"type":"if","locations":[{"start":{"line":62,"column":6},"end":{"line":65,"column":7}},{"start":{},"end":{}}],"line":62},"4":{"loc":{"start":{"line":62,"column":10},"end":{"line":62,"column":59}},"type":"binary-expr","locations":[{"start":{"line":62,"column":10},"end":{"line":62,"column":26}},{"start":{"line":62,"column":30},"end":{"line":62,"column":59}}],"line":62},"5":{"loc":{"start":{"line":68,"column":4},"end":{"line":70,"column":5}},"type":"if","locations":[{"start":{"line":68,"column":4},"end":{"line":70,"column":5}},{"start":{},"end":{}}],"line":68},"6":{"loc":{"start":{"line":101,"column":8},"end":{"line":154,"column":9}},"type":"switch","locations":[{"start":{"line":102,"column":10},"end":{"line":125,"column":18}},{"start":{"line":127,"column":10},"end":{"line":142,"column":18}},{"start":{"line":144,"column":10},"end":{"line":146,"column":18}},{"start":{"line":148,"column":10},"end":{"line":153,"column":16}}],"line":101},"7":{"loc":{"start":{"line":103,"column":12},"end":{"line":111,"column":13}},"type":"if","locations":[{"start":{"line":103,"column":12},"end":{"line":111,"column":13}},{"start":{},"end":{}}],"line":103},"8":{"loc":{"start":{"line":113,"column":12},"end":{"line":124,"column":13}},"type":"if","locations":[{"start":{"line":113,"column":12},"end":{"line":124,"column":13}},{"start":{},"end":{}}],"line":113},"9":{"loc":{"start":{"line":114,"column":14},"end":{"line":116,"column":15}},"type":"if","locations":[{"start":{"line":114,"column":14},"end":{"line":116,"column":15}},{"start":{},"end":{}}],"line":114},"10":{"loc":{"start":{"line":128,"column":12},"end":{"line":134,"column":13}},"type":"if","locations":[{"start":{"line":128,"column":12},"end":{"line":134,"column":13}},{"start":{},"end":{}}],"line":128},"11":{"loc":{"start":{"line":128,"column":16},"end":{"line":128,"column":64}},"type":"binary-expr","locations":[{"start":{"line":128,"column":16},"end":{"line":128,"column":28}},{"start":{"line":128,"column":32},"end":{"line":128,"column":64}}],"line":128},"12":{"loc":{"start":{"line":135,"column":12},"end":{"line":141,"column":13}},"type":"if","locations":[{"start":{"line":135,"column":12},"end":{"line":141,"column":13}},{"start":{},"end":{}}],"line":135},"13":{"loc":{"start":{"line":135,"column":16},"end":{"line":135,"column":60}},"type":"binary-expr","locations":[{"start":{"line":135,"column":16},"end":{"line":135,"column":27}},{"start":{"line":135,"column":31},"end":{"line":135,"column":60}}],"line":135},"14":{"loc":{"start":{"line":171,"column":6},"end":{"line":173,"column":7}},"type":"if","locations":[{"start":{"line":171,"column":6},"end":{"line":173,"column":7}},{"start":{},"end":{}}],"line":171},"15":{"loc":{"start":{"line":174,"column":6},"end":{"line":176,"column":7}},"type":"if","locations":[{"start":{"line":174,"column":6},"end":{"line":176,"column":7}},{"start":{},"end":{}}],"line":174},"16":{"loc":{"start":{"line":174,"column":10},"end":{"line":174,"column":50}},"type":"binary-expr","locations":[{"start":{"line":174,"column":10},"end":{"line":174,"column":19}},{"start":{"line":174,"column":23},"end":{"line":174,"column":50}}],"line":174},"17":{"loc":{"start":{"line":187,"column":6},"end":{"line":190,"column":7}},"type":"if","locations":[{"start":{"line":187,"column":6},"end":{"line":190,"column":7}},{"start":{},"end":{}}],"line":187},"18":{"loc":{"start":{"line":205,"column":2},"end":{"line":211,"column":3}},"type":"if","locations":[{"start":{"line":205,"column":2},"end":{"line":211,"column":3}},{"start":{},"end":{}}],"line":205},"19":{"loc":{"start":{"line":205,"column":6},"end":{"line":205,"column":44}},"type":"binary-expr","locations":[{"start":{"line":205,"column":6},"end":{"line":205,"column":8}},{"start":{"line":205,"column":12},"end":{"line":205,"column":44}}],"line":205},"20":{"loc":{"start":{"line":218,"column":2},"end":{"line":228,"column":3}},"type":"if","locations":[{"start":{"line":218,"column":2},"end":{"line":228,"column":3}},{"start":{},"end":{}}],"line":218},"21":{"loc":{"start":{"line":220,"column":6},"end":{"line":226,"column":7}},"type":"if","locations":[{"start":{"line":220,"column":6},"end":{"line":226,"column":7}},{"start":{},"end":{}}],"line":220},"22":{"loc":{"start":{"line":236,"column":2},"end":{"line":238,"column":3}},"type":"if","locations":[{"start":{"line":236,"column":2},"end":{"line":238,"column":3}},{"start":{},"end":{}}],"line":236},"23":{"loc":{"start":{"line":245,"column":2},"end":{"line":247,"column":3}},"type":"if","locations":[{"start":{"line":245,"column":2},"end":{"line":247,"column":3}},{"start":{},"end":{}}],"line":245},"24":{"loc":{"start":{"line":258,"column":4},"end":{"line":267,"column":5}},"type":"if","locations":[{"start":{"line":258,"column":4},"end":{"line":267,"column":5}},{"start":{"line":263,"column":11},"end":{"line":267,"column":5}}],"line":258},"25":{"loc":{"start":{"line":259,"column":16},"end":{"line":259,"column":42}},"type":"binary-expr","locations":[{"start":{"line":259,"column":16},"end":{"line":259,"column":27}},{"start":{"line":259,"column":31},"end":{"line":259,"column":42}}],"line":259},"26":{"loc":{"start":{"line":260,"column":15},"end":{"line":260,"column":65}},"type":"binary-expr","locations":[{"start":{"line":260,"column":15},"end":{"line":260,"column":38}},{"start":{"line":260,"column":42},"end":{"line":260,"column":65}}],"line":260},"27":{"loc":{"start":{"line":263,"column":11},"end":{"line":267,"column":5}},"type":"if","locations":[{"start":{"line":263,"column":11},"end":{"line":267,"column":5}},{"start":{},"end":{}}],"line":263},"28":{"loc":{"start":{"line":269,"column":4},"end":{"line":288,"column":5}},"type":"if","locations":[{"start":{"line":269,"column":4},"end":{"line":288,"column":5}},{"start":{},"end":{}}],"line":269},"29":{"loc":{"start":{"line":270,"column":6},"end":{"line":277,"column":7}},"type":"if","locations":[{"start":{"line":270,"column":6},"end":{"line":277,"column":7}},{"start":{},"end":{}}],"line":270},"30":{"loc":{"start":{"line":274,"column":25},"end":{"line":274,"column":90}},"type":"binary-expr","locations":[{"start":{"line":274,"column":25},"end":{"line":274,"column":38}},{"start":{"line":274,"column":42},"end":{"line":274,"column":90}}],"line":274},"31":{"loc":{"start":{"line":290,"column":4},"end":{"line":298,"column":5}},"type":"if","locations":[{"start":{"line":290,"column":4},"end":{"line":298,"column":5}},{"start":{},"end":{}}],"line":290},"32":{"loc":{"start":{"line":313,"column":4},"end":{"line":320,"column":5}},"type":"if","locations":[{"start":{"line":313,"column":4},"end":{"line":320,"column":5}},{"start":{},"end":{}}],"line":313},"33":{"loc":{"start":{"line":313,"column":8},"end":{"line":313,"column":53}},"type":"binary-expr","locations":[{"start":{"line":313,"column":8},"end":{"line":313,"column":15}},{"start":{"line":313,"column":19},"end":{"line":313,"column":53}}],"line":313},"34":{"loc":{"start":{"line":322,"column":4},"end":{"line":330,"column":5}},"type":"if","locations":[{"start":{"line":322,"column":4},"end":{"line":330,"column":5}},{"start":{},"end":{}}],"line":322},"35":{"loc":{"start":{"line":332,"column":4},"end":{"line":337,"column":5}},"type":"if","locations":[{"start":{"line":332,"column":4},"end":{"line":337,"column":5}},{"start":{},"end":{}}],"line":332},"36":{"loc":{"start":{"line":365,"column":22},"end":{"line":365,"column":48}},"type":"cond-expr","locations":[{"start":{"line":365,"column":28},"end":{"line":365,"column":44}},{"start":{"line":365,"column":47},"end":{"line":365,"column":48}}],"line":365},"37":{"loc":{"start":{"line":376,"column":2},"end":{"line":379,"column":3}},"type":"if","locations":[{"start":{"line":376,"column":2},"end":{"line":379,"column":3}},{"start":{},"end":{}}],"line":376},"38":{"loc":{"start":{"line":381,"column":2},"end":{"line":384,"column":3}},"type":"if","locations":[{"start":{"line":381,"column":2},"end":{"line":384,"column":3}},{"start":{},"end":{}}],"line":381},"39":{"loc":{"start":{"line":386,"column":2},"end":{"line":391,"column":3}},"type":"if","locations":[{"start":{"line":386,"column":2},"end":{"line":391,"column":3}},{"start":{},"end":{}}],"line":386}},"s":{"0":0,"1":0,"2":0,"3":0,"4":0,"5":0,"6":0,"7":0,"8":0,"9":0,"10":0,"11":0,"12":0,"13":0,"14":0,"15":0,"16":0,"17":0,"18":0,"19":0,"20":0,"21":0,"22":0,"23":0,"24":0,"25":0,"26":0,"27":0,"28":0,"29":0,"30":0,"31":0,"32":0,"33":0,"34":0,"35":0,"36":0,"37":0,"38":0,"39":0,"40":0,"41":0,"42":0,"43":0,"44":0,"45":0,"46":0,"47":0,"48":0,"49":0,"50":0,"51":0,"52":0,"53":0,"54":0,"55":0,"56":0,"57":0,"58":0,"59":0,"60":0,"61":0,"62":0,"63":0,"64":0,"65":0,"66":0,"67":0,"68":0,"69":0,"70":0,"71":0,"72":0,"73":0,"74":0,"75":0,"76":0,"77":0,"78":0,"79":0,"80":0,"81":0,"82":0,"83":0,"84":0,"85":0,"86":0,"87":0,"88":0,"89":0,"90":0,"91":0,"92":0,"93":0,"94":0,"95":0,"96":0,"97":0,"98":0,"99":0,"100":0,"101":0,"102":0,"103":0,"104":0,"105":0,"106":0,"107":0,"108":0,"109":0,"110":0,"111":0,"112":0,"113":0,"114":0,"115":0,"116":0,"117":0,"118":0,"119":0,"120":0,"121":0,"122":0,"123":0,"124":0,"125":0,"126":0,"127":0,"128":0,"129":0,"130":0,"131":0,"132":0,"133":0,"134":0,"135":0,"136":0,"137":0,"138":0,"139":0,"140":0,"141":0,"142":0,"143":0,"144":0,"145":0,"146":0,"147":0,"148":0,"149":0,"150":0,"151":0},"f":{"0":0,"1":0,"2":0,"3":0,"4":0,"5":0,"6":0,"7":0,"8":0,"9":0,"10":0,"11":0,"12":0,"13":0,"14":0,"15":0,"16":0,"17":0,"18":0,"19":0,"20":0,"21":0,"22":0,"23":0,"24":0,"25":0},"b":{"0":[0,0],"1":[0,0],"2":[0,0],"3":[0,0],"4":[0,0],"5":[0,0],"6":[0,0,0,0],"7":[0,0],"8":[0,0],"9":[0,0],"10":[0,0],"11":[0,0],"12":[0,0],"13":[0,0],"14":[0,0],"15":[0,0],"16":[0,0],"17":[0,0],"18":[0,0],"19":[0,0],"20":[0,0],"21":[0,0],"22":[0,0],"23":[0,0],"24":[0,0],"25":[0,0],"26":[0,0],"27":[0,0],"28":[0,0],"29":[0,0],"30":[0,0],"31":[0,0],"32":[0,0],"33":[0,0],"34":[0,0],"35":[0,0],"36":[0,0],"37":[0,0],"38":[0,0],"39":[0,0]}}
}
