{"/home/runner/workspace/src/app.js": {"path":"/home/runner/workspace/src/app.js","statementMap":{"0":{"start":{"line":14,"column":16},"end":{"line":14,"column":34}},"1":{"start":{"line":15,"column":19},"end":{"line":15,"column":41}},"2":{"start":{"line":16,"column":13},"end":{"line":16,"column":28}},"3":{"start":{"line":17,"column":16},"end":{"line":17,"column":31}},"4":{"start":{"line":18,"column":21},"end":{"line":18,"column":45}},"5":{"start":{"line":19,"column":15},"end":{"line":19,"column":32}},"6":{"start":{"line":20,"column":15},"end":{"line":20,"column":32}},"7":{"start":{"line":21,"column":15},"end":{"line":21,"column":32}},"8":{"start":{"line":22,"column":0},"end":{"line":22,"column":27}},"9":{"start":{"line":26,"column":25},"end":{"line":26,"column":57}},"10":{"start":{"line":27,"column":15},"end":{"line":27,"column":34}},"11":{"start":{"line":28,"column":15},"end":{"line":28,"column":40}},"12":{"start":{"line":29,"column":22},"end":{"line":29,"column":49}},"13":{"start":{"line":32,"column":38},"end":{"line":32,"column":71}},"14":{"start":{"line":33,"column":21},"end":{"line":33,"column":49}},"15":{"start":{"line":34,"column":22},"end":{"line":34,"column":59}},"16":{"start":{"line":35,"column":65},"end":{"line":35,"column":97}},"17":{"start":{"line":36,"column":42},"end":{"line":36,"column":78}},"18":{"start":{"line":39,"column":20},"end":{"line":39,"column":58}},"19":{"start":{"line":40,"column":20},"end":{"line":40,"column":53}},"20":{"start":{"line":41,"column":24},"end":{"line":41,"column":46}},"21":{"start":{"line":42,"column":21},"end":{"line":42,"column":55}},"22":{"start":{"line":43,"column":23},"end":{"line":43,"column":59}},"23":{"start":{"line":44,"column":25},"end":{"line":44,"column":63}},"24":{"start":{"line":47,"column":22},"end":{"line":47,"column":47}},"25":{"start":{"line":48,"column":22},"end":{"line":48,"column":56}},"26":{"start":{"line":51,"column":17},"end":{"line":51,"column":21}},"27":{"start":{"line":52,"column":0},"end":{"line":61,"column":1}},"28":{"start":{"line":53,"column":2},"end":{"line":57,"column":4}},"29":{"start":{"line":58,"column":2},"end":{"line":58,"column":38}},"30":{"start":{"line":60,"column":2},"end":{"line":60,"column":46}},"31":{"start":{"line":66,"column":14},"end":{"line":66,"column":23}},"32":{"start":{"line":69,"column":2},"end":{"line":69,"column":31}},"33":{"start":{"line":80,"column":2},"end":{"line":87,"column":6}},"34":{"start":{"line":84,"column":6},"end":{"line":84,"column":30}},"35":{"start":{"line":85,"column":6},"end":{"line":85,"column":41}},"36":{"start":{"line":89,"column":2},"end":{"line":96,"column":6}},"37":{"start":{"line":93,"column":6},"end":{"line":93,"column":30}},"38":{"start":{"line":94,"column":6},"end":{"line":94,"column":41}},"39":{"start":{"line":101,"column":2},"end":{"line":101,"column":18}},"40":{"start":{"line":102,"column":2},"end":{"line":102,"column":16}},"41":{"start":{"line":103,"column":2},"end":{"line":103,"column":23}},"42":{"start":{"line":104,"column":2},"end":{"line":104,"column":21}},"43":{"start":{"line":105,"column":2},"end":{"line":105,"column":74}},"44":{"start":{"line":108,"column":41},"end":{"line":108,"column":73}},"45":{"start":{"line":109,"column":2},"end":{"line":109,"column":25}},"46":{"start":{"line":110,"column":2},"end":{"line":110,"column":23}},"47":{"start":{"line":113,"column":2},"end":{"line":120,"column":6}},"48":{"start":{"line":116,"column":8},"end":{"line":116,"column":57}},"49":{"start":{"line":119,"column":19},"end":{"line":119,"column":67}},"50":{"start":{"line":123,"column":2},"end":{"line":123,"column":25}},"51":{"start":{"line":126,"column":2},"end":{"line":126,"column":26}},"52":{"start":{"line":129,"column":2},"end":{"line":129,"column":61}},"53":{"start":{"line":132,"column":2},"end":{"line":132,"column":31}},"54":{"start":{"line":133,"column":2},"end":{"line":133,"column":42}},"55":{"start":{"line":134,"column":2},"end":{"line":134,"column":39}},"56":{"start":{"line":137,"column":2},"end":{"line":142,"column":5}},"57":{"start":{"line":138,"column":4},"end":{"line":140,"column":5}},"58":{"start":{"line":139,"column":6},"end":{"line":139,"column":76}},"59":{"start":{"line":141,"column":4},"end":{"line":141,"column":11}},"60":{"start":{"line":146,"column":17},"end":{"line":165,"column":4}},"61":{"start":{"line":153,"column":22},"end":{"line":157,"column":7}},"62":{"start":{"line":159,"column":6},"end":{"line":163,"column":7}},"63":{"start":{"line":160,"column":8},"end":{"line":160,"column":23}},"64":{"start":{"line":162,"column":8},"end":{"line":162,"column":61}},"65":{"start":{"line":169,"column":17},"end":{"line":169,"column":21}},"66":{"start":{"line":170,"column":24},"end":{"line":170,"column":29}},"67":{"start":{"line":171,"column":25},"end":{"line":171,"column":27}},"68":{"start":{"line":174,"column":4},"end":{"line":177,"column":5}},"69":{"start":{"line":175,"column":6},"end":{"line":175,"column":74}},"70":{"start":{"line":176,"column":6},"end":{"line":176,"column":19}},"71":{"start":{"line":179,"column":4},"end":{"line":198,"column":5}},"72":{"start":{"line":180,"column":6},"end":{"line":188,"column":9}},"73":{"start":{"line":190,"column":6},"end":{"line":190,"column":47}},"74":{"start":{"line":191,"column":6},"end":{"line":191,"column":31}},"75":{"start":{"line":192,"column":6},"end":{"line":192,"column":27}},"76":{"start":{"line":193,"column":6},"end":{"line":193,"column":18}},"77":{"start":{"line":196,"column":6},"end":{"line":196,"column":61}},"78":{"start":{"line":197,"column":6},"end":{"line":197,"column":19}},"79":{"start":{"line":202,"column":4},"end":{"line":224,"column":5}},"80":{"start":{"line":203,"column":24},"end":{"line":206,"column":17}},"81":{"start":{"line":208,"column":6},"end":{"line":211,"column":7}},"82":{"start":{"line":209,"column":8},"end":{"line":209,"column":78}},"83":{"start":{"line":210,"column":8},"end":{"line":210,"column":20}},"84":{"start":{"line":213,"column":6},"end":{"line":216,"column":7}},"85":{"start":{"line":214,"column":8},"end":{"line":214,"column":69}},"86":{"start":{"line":215,"column":8},"end":{"line":215,"column":21}},"87":{"start":{"line":218,"column":6},"end":{"line":218,"column":45}},"88":{"start":{"line":219,"column":6},"end":{"line":219,"column":18}},"89":{"start":{"line":222,"column":6},"end":{"line":222,"column":60}},"90":{"start":{"line":223,"column":6},"end":{"line":223,"column":19}},"91":{"start":{"line":228,"column":4},"end":{"line":228,"column":33}},"92":{"start":{"line":228,"column":26},"end":{"line":228,"column":33}},"93":{"start":{"line":230,"column":4},"end":{"line":267,"column":5}},"94":{"start":{"line":232,"column":35},"end":{"line":248,"column":20}},"95":{"start":{"line":239,"column":10},"end":{"line":239,"column":69}},"96":{"start":{"line":246,"column":10},"end":{"line":246,"column":69}},"97":{"start":{"line":251,"column":29},"end":{"line":260,"column":20}},"98":{"start":{"line":258,"column":10},"end":{"line":258,"column":63}},"99":{"start":{"line":262,"column":6},"end":{"line":262,"column":66}},"100":{"start":{"line":263,"column":6},"end":{"line":263,"column":56}},"101":{"start":{"line":266,"column":6},"end":{"line":266,"column":60}},"102":{"start":{"line":272,"column":2},"end":{"line":272,"column":35}},"103":{"start":{"line":275,"column":2},"end":{"line":279,"column":3}},"104":{"start":{"line":276,"column":4},"end":{"line":276,"column":40}},"105":{"start":{"line":277,"column":4},"end":{"line":277,"column":33}},"106":{"start":{"line":278,"column":4},"end":{"line":278,"column":49}},"107":{"start":{"line":282,"column":23},"end":{"line":282,"column":27}},"108":{"start":{"line":283,"column":25},"end":{"line":283,"column":29}},"109":{"start":{"line":284,"column":2},"end":{"line":305,"column":3}},"110":{"start":{"line":285,"column":4},"end":{"line":296,"column":5}},"111":{"start":{"line":286,"column":29},"end":{"line":286,"column":65}},"112":{"start":{"line":287,"column":31},"end":{"line":287,"column":69}},"113":{"start":{"line":289,"column":6},"end":{"line":289,"column":52}},"114":{"start":{"line":290,"column":6},"end":{"line":290,"column":56}},"115":{"start":{"line":292,"column":6},"end":{"line":292,"column":57}},"116":{"start":{"line":293,"column":6},"end":{"line":293,"column":57}},"117":{"start":{"line":295,"column":6},"end":{"line":295,"column":82}},"118":{"start":{"line":299,"column":4},"end":{"line":304,"column":5}},"119":{"start":{"line":300,"column":6},"end":{"line":300,"column":56}},"120":{"start":{"line":301,"column":6},"end":{"line":301,"column":80}},"121":{"start":{"line":303,"column":6},"end":{"line":303,"column":85}},"122":{"start":{"line":308,"column":20},"end":{"line":308,"column":24}},"123":{"start":{"line":309,"column":2},"end":{"line":316,"column":3}},"124":{"start":{"line":310,"column":4},"end":{"line":314,"column":6}},"125":{"start":{"line":315,"column":4},"end":{"line":315,"column":49}},"126":{"start":{"line":321,"column":2},"end":{"line":325,"column":3}},"127":{"start":{"line":322,"column":4},"end":{"line":322,"column":36}},"128":{"start":{"line":323,"column":4},"end":{"line":323,"column":25}},"129":{"start":{"line":324,"column":4},"end":{"line":324,"column":50}},"130":{"start":{"line":328,"column":22},"end":{"line":328,"column":55}},"131":{"start":{"line":329,"column":2},"end":{"line":336,"column":3}},"132":{"start":{"line":330,"column":4},"end":{"line":330,"column":24}},"133":{"start":{"line":331,"column":4},"end":{"line":331,"column":49}},"134":{"start":{"line":332,"column":9},"end":{"line":336,"column":3}},"135":{"start":{"line":333,"column":4},"end":{"line":333,"column":69}},"136":{"start":{"line":335,"column":4},"end":{"line":335,"column":65}},"137":{"start":{"line":339,"column":2},"end":{"line":341,"column":3}},"138":{"start":{"line":340,"column":4},"end":{"line":340,"column":27}},"139":{"start":{"line":346,"column":18},"end":{"line":346,"column":34}},"140":{"start":{"line":347,"column":18},"end":{"line":347,"column":20}},"141":{"start":{"line":350,"column":4},"end":{"line":359,"column":5}},"142":{"start":{"line":351,"column":6},"end":{"line":358,"column":8}},"143":{"start":{"line":356,"column":20},"end":{"line":356,"column":56}},"144":{"start":{"line":357,"column":21},"end":{"line":357,"column":52}},"145":{"start":{"line":362,"column":4},"end":{"line":371,"column":5}},"146":{"start":{"line":363,"column":6},"end":{"line":370,"column":8}},"147":{"start":{"line":368,"column":20},"end":{"line":368,"column":60}},"148":{"start":{"line":369,"column":21},"end":{"line":369,"column":56}},"149":{"start":{"line":374,"column":4},"end":{"line":396,"column":5}},"150":{"start":{"line":375,"column":6},"end":{"line":395,"column":8}},"151":{"start":{"line":387,"column":20},"end":{"line":387,"column":54}},"152":{"start":{"line":389,"column":10},"end":{"line":393,"column":11}},"153":{"start":{"line":390,"column":12},"end":{"line":390,"column":47}},"154":{"start":{"line":392,"column":12},"end":{"line":392,"column":42}},"155":{"start":{"line":398,"column":4},"end":{"line":398,"column":36}},"156":{"start":{"line":404,"column":22},"end":{"line":404,"column":42}},"157":{"start":{"line":405,"column":19},"end":{"line":405,"column":79}},"158":{"start":{"line":406,"column":21},"end":{"line":406,"column":46}},"159":{"start":{"line":408,"column":4},"end":{"line":410,"column":5}},"160":{"start":{"line":409,"column":6},"end":{"line":409,"column":76}},"161":{"start":{"line":412,"column":4},"end":{"line":415,"column":5}},"162":{"start":{"line":413,"column":6},"end":{"line":413,"column":49}},"163":{"start":{"line":414,"column":6},"end":{"line":414,"column":68}},"164":{"start":{"line":417,"column":4},"end":{"line":417,"column":11}},"165":{"start":{"line":422,"column":2},"end":{"line":422,"column":33}},"166":{"start":{"line":423,"column":2},"end":{"line":423,"column":47}},"167":{"start":{"line":424,"column":2},"end":{"line":424,"column":39}},"168":{"start":{"line":425,"column":2},"end":{"line":425,"column":45}},"169":{"start":{"line":426,"column":2},"end":{"line":426,"column":49}},"170":{"start":{"line":427,"column":2},"end":{"line":427,"column":47}},"171":{"start":{"line":428,"column":2},"end":{"line":428,"column":37}},"172":{"start":{"line":429,"column":2},"end":{"line":429,"column":49}},"173":{"start":{"line":430,"column":2},"end":{"line":430,"column":29}},"174":{"start":{"line":431,"column":2},"end":{"line":431,"column":45}},"175":{"start":{"line":432,"column":2},"end":{"line":432,"column":41}},"176":{"start":{"line":433,"column":2},"end":{"line":433,"column":61}},"177":{"start":{"line":446,"column":2},"end":{"line":446,"column":38}},"178":{"start":{"line":449,"column":2},"end":{"line":462,"column":5}},"179":{"start":{"line":450,"column":4},"end":{"line":461,"column":7}},"180":{"start":{"line":466,"column":2},"end":{"line":466,"column":30}},"181":{"start":{"line":470,"column":2},"end":{"line":476,"column":5}},"182":{"start":{"line":471,"column":4},"end":{"line":475,"column":7}},"183":{"start":{"line":478,"column":2},"end":{"line":483,"column":5}},"184":{"start":{"line":479,"column":4},"end":{"line":482,"column":7}},"185":{"start":{"line":485,"column":2},"end":{"line":499,"column":5}},"186":{"start":{"line":486,"column":19},"end":{"line":490,"column":5}},"187":{"start":{"line":492,"column":18},"end":{"line":492,"column":54}},"188":{"start":{"line":494,"column":4},"end":{"line":498,"column":7}},"189":{"start":{"line":504,"column":2},"end":{"line":523,"column":5}},"190":{"start":{"line":506,"column":4},"end":{"line":519,"column":5}},"191":{"start":{"line":507,"column":6},"end":{"line":511,"column":9}},"192":{"start":{"line":513,"column":6},"end":{"line":518,"column":9}},"193":{"start":{"line":522,"column":4},"end":{"line":522,"column":14}},"194":{"start":{"line":526,"column":2},"end":{"line":555,"column":5}},"195":{"start":{"line":527,"column":4},"end":{"line":534,"column":5}},"196":{"start":{"line":528,"column":6},"end":{"line":532,"column":7}},"197":{"start":{"line":529,"column":22},"end":{"line":529,"column":75}},"198":{"start":{"line":530,"column":8},"end":{"line":531,"column":38}},"199":{"start":{"line":533,"column":6},"end":{"line":533,"column":62}},"200":{"start":{"line":537,"column":4},"end":{"line":552,"column":5}},"201":{"start":{"line":538,"column":6},"end":{"line":543,"column":9}},"202":{"start":{"line":545,"column":6},"end":{"line":551,"column":8}},"203":{"start":{"line":554,"column":4},"end":{"line":554,"column":11}},"204":{"start":{"line":558,"column":2},"end":{"line":565,"column":5}},"205":{"start":{"line":559,"column":4},"end":{"line":564,"column":7}},"206":{"start":{"line":569,"column":2},"end":{"line":569,"column":13}},"207":{"start":{"line":574,"column":0},"end":{"line":574,"column":29}}},"fnMap":{"0":{"name":"createApp","decl":{"start":{"line":65,"column":9},"end":{"line":65,"column":18}},"loc":{"start":{"line":65,"column":21},"end":{"line":570,"column":1}},"line":65},"1":{"name":"(anonymous_1)","decl":{"start":{"line":82,"column":12},"end":{"line":82,"column":13}},"loc":{"start":{"line":82,"column":41},"end":{"line":86,"column":5}},"line":82},"2":{"name":"(anonymous_2)","decl":{"start":{"line":92,"column":12},"end":{"line":92,"column":13}},"loc":{"start":{"line":92,"column":41},"end":{"line":95,"column":5}},"line":92},"3":{"name":"(anonymous_3)","decl":{"start":{"line":115,"column":13},"end":{"line":115,"column":14}},"loc":{"start":{"line":115,"column":26},"end":{"line":117,"column":7}},"line":115},"4":{"name":"(anonymous_4)","decl":{"start":{"line":119,"column":10},"end":{"line":119,"column":11}},"loc":{"start":{"line":119,"column":19},"end":{"line":119,"column":67}},"line":119},"5":{"name":"(anonymous_5)","decl":{"start":{"line":137,"column":10},"end":{"line":137,"column":11}},"loc":{"start":{"line":137,"column":30},"end":{"line":142,"column":3}},"line":137},"6":{"name":"(anonymous_6)","decl":{"start":{"line":152,"column":16},"end":{"line":152,"column":17}},"loc":{"start":{"line":152,"column":35},"end":{"line":164,"column":5}},"line":152},"7":{"name":"initSupabase","decl":{"start":{"line":173,"column":11},"end":{"line":173,"column":23}},"loc":{"start":{"line":173,"column":26},"end":{"line":199,"column":3}},"line":173},"8":{"name":"testSupabaseConnection","decl":{"start":{"line":201,"column":17},"end":{"line":201,"column":39}},"loc":{"start":{"line":201,"column":42},"end":{"line":225,"column":3}},"line":201},"9":{"name":"initializeRealtime","decl":{"start":{"line":227,"column":11},"end":{"line":227,"column":29}},"loc":{"start":{"line":227,"column":32},"end":{"line":268,"column":3}},"line":227},"10":{"name":"(anonymous_10)","decl":{"start":{"line":238,"column":11},"end":{"line":238,"column":12}},"loc":{"start":{"line":238,"column":24},"end":{"line":240,"column":9}},"line":238},"11":{"name":"(anonymous_11)","decl":{"start":{"line":245,"column":11},"end":{"line":245,"column":12}},"loc":{"start":{"line":245,"column":24},"end":{"line":247,"column":9}},"line":245},"12":{"name":"(anonymous_12)","decl":{"start":{"line":257,"column":11},"end":{"line":257,"column":12}},"loc":{"start":{"line":257,"column":24},"end":{"line":259,"column":9}},"line":257},"13":{"name":"testExternalServices","decl":{"start":{"line":345,"column":17},"end":{"line":345,"column":37}},"loc":{"start":{"line":345,"column":40},"end":{"line":399,"column":3}},"line":345},"14":{"name":"(anonymous_14)","decl":{"start":{"line":356,"column":14},"end":{"line":356,"column":15}},"loc":{"start":{"line":356,"column":20},"end":{"line":356,"column":56}},"line":356},"15":{"name":"(anonymous_15)","decl":{"start":{"line":357,"column":15},"end":{"line":357,"column":16}},"loc":{"start":{"line":357,"column":21},"end":{"line":357,"column":52}},"line":357},"16":{"name":"(anonymous_16)","decl":{"start":{"line":368,"column":14},"end":{"line":368,"column":15}},"loc":{"start":{"line":368,"column":20},"end":{"line":368,"column":60}},"line":368},"17":{"name":"(anonymous_17)","decl":{"start":{"line":369,"column":15},"end":{"line":369,"column":16}},"loc":{"start":{"line":369,"column":21},"end":{"line":369,"column":56}},"line":369},"18":{"name":"(anonymous_18)","decl":{"start":{"line":387,"column":14},"end":{"line":387,"column":15}},"loc":{"start":{"line":387,"column":20},"end":{"line":387,"column":54}},"line":387},"19":{"name":"(anonymous_19)","decl":{"start":{"line":388,"column":15},"end":{"line":388,"column":16}},"loc":{"start":{"line":388,"column":24},"end":{"line":394,"column":9}},"line":388},"20":{"name":"checkSharedKey","decl":{"start":{"line":403,"column":11},"end":{"line":403,"column":25}},"loc":{"start":{"line":403,"column":42},"end":{"line":418,"column":3}},"line":403},"21":{"name":"(anonymous_21)","decl":{"start":{"line":449,"column":29},"end":{"line":449,"column":30}},"loc":{"start":{"line":449,"column":43},"end":{"line":462,"column":3}},"line":449},"22":{"name":"(anonymous_22)","decl":{"start":{"line":470,"column":22},"end":{"line":470,"column":23}},"loc":{"start":{"line":470,"column":36},"end":{"line":476,"column":3}},"line":470},"23":{"name":"(anonymous_23)","decl":{"start":{"line":478,"column":20},"end":{"line":478,"column":21}},"loc":{"start":{"line":478,"column":34},"end":{"line":483,"column":3}},"line":478},"24":{"name":"(anonymous_24)","decl":{"start":{"line":485,"column":21},"end":{"line":485,"column":22}},"loc":{"start":{"line":485,"column":35},"end":{"line":499,"column":3}},"line":485},"25":{"name":"(anonymous_25)","decl":{"start":{"line":504,"column":10},"end":{"line":504,"column":11}},"loc":{"start":{"line":504,"column":35},"end":{"line":523,"column":3}},"line":504},"26":{"name":"(anonymous_26)","decl":{"start":{"line":526,"column":10},"end":{"line":526,"column":11}},"loc":{"start":{"line":526,"column":35},"end":{"line":555,"column":3}},"line":526},"27":{"name":"(anonymous_27)","decl":{"start":{"line":558,"column":10},"end":{"line":558,"column":11}},"loc":{"start":{"line":558,"column":24},"end":{"line":565,"column":3}},"line":558}},"branchMap":{"0":{"loc":{"start":{"line":105,"column":25},"end":{"line":105,"column":71}},"type":"binary-expr","locations":[{"start":{"line":105,"column":25},"end":{"line":105,"column":62}},{"start":{"line":105,"column":66},"end":{"line":105,"column":71}}],"line":105},"1":{"loc":{"start":{"line":119,"column":19},"end":{"line":119,"column":67}},"type":"binary-expr","locations":[{"start":{"line":119,"column":19},"end":{"line":119,"column":42}},{"start":{"line":119,"column":46},"end":{"line":119,"column":67}}],"line":119},"2":{"loc":{"start":{"line":138,"column":4},"end":{"line":140,"column":5}},"type":"if","locations":[{"start":{"line":138,"column":4},"end":{"line":140,"column":5}},{"start":{},"end":{}}],"line":138},"3":{"loc":{"start":{"line":159,"column":6},"end":{"line":163,"column":7}},"type":"if","locations":[{"start":{"line":159,"column":6},"end":{"line":163,"column":7}},{"start":{"line":161,"column":13},"end":{"line":163,"column":7}}],"line":159},"4":{"loc":{"start":{"line":174,"column":4},"end":{"line":177,"column":5}},"type":"if","locations":[{"start":{"line":174,"column":4},"end":{"line":177,"column":5}},{"start":{},"end":{}}],"line":174},"5":{"loc":{"start":{"line":174,"column":8},"end":{"line":174,"column":59}},"type":"binary-expr","locations":[{"start":{"line":174,"column":8},"end":{"line":174,"column":28}},{"start":{"line":174,"column":32},"end":{"line":174,"column":59}}],"line":174},"6":{"loc":{"start":{"line":208,"column":6},"end":{"line":211,"column":7}},"type":"if","locations":[{"start":{"line":208,"column":6},"end":{"line":211,"column":7}},{"start":{},"end":{}}],"line":208},"7":{"loc":{"start":{"line":208,"column":10},"end":{"line":208,"column":41}},"type":"binary-expr","locations":[{"start":{"line":208,"column":10},"end":{"line":208,"column":15}},{"start":{"line":208,"column":19},"end":{"line":208,"column":41}}],"line":208},"8":{"loc":{"start":{"line":213,"column":6},"end":{"line":216,"column":7}},"type":"if","locations":[{"start":{"line":213,"column":6},"end":{"line":216,"column":7}},{"start":{},"end":{}}],"line":213},"9":{"loc":{"start":{"line":228,"column":4},"end":{"line":228,"column":33}},"type":"if","locations":[{"start":{"line":228,"column":4},"end":{"line":228,"column":33}},{"start":{},"end":{}}],"line":228},"10":{"loc":{"start":{"line":275,"column":2},"end":{"line":279,"column":3}},"type":"if","locations":[{"start":{"line":275,"column":2},"end":{"line":279,"column":3}},{"start":{},"end":{}}],"line":275},"11":{"loc":{"start":{"line":284,"column":2},"end":{"line":305,"column":3}},"type":"if","locations":[{"start":{"line":284,"column":2},"end":{"line":305,"column":3}},{"start":{},"end":{}}],"line":284},"12":{"loc":{"start":{"line":309,"column":2},"end":{"line":316,"column":3}},"type":"if","locations":[{"start":{"line":309,"column":2},"end":{"line":316,"column":3}},{"start":{},"end":{}}],"line":309},"13":{"loc":{"start":{"line":309,"column":6},"end":{"line":309,"column":48}},"type":"binary-expr","locations":[{"start":{"line":309,"column":6},"end":{"line":309,"column":29}},{"start":{"line":309,"column":33},"end":{"line":309,"column":48}}],"line":309},"14":{"loc":{"start":{"line":321,"column":2},"end":{"line":325,"column":3}},"type":"if","locations":[{"start":{"line":321,"column":2},"end":{"line":325,"column":3}},{"start":{},"end":{}}],"line":321},"15":{"loc":{"start":{"line":329,"column":2},"end":{"line":336,"column":3}},"type":"if","locations":[{"start":{"line":329,"column":2},"end":{"line":336,"column":3}},{"start":{"line":332,"column":9},"end":{"line":336,"column":3}}],"line":329},"16":{"loc":{"start":{"line":329,"column":6},"end":{"line":329,"column":61}},"type":"binary-expr","locations":[{"start":{"line":329,"column":6},"end":{"line":329,"column":21}},{"start":{"line":329,"column":25},"end":{"line":329,"column":61}}],"line":329},"17":{"loc":{"start":{"line":332,"column":9},"end":{"line":336,"column":3}},"type":"if","locations":[{"start":{"line":332,"column":9},"end":{"line":336,"column":3}},{"start":{"line":334,"column":9},"end":{"line":336,"column":3}}],"line":332},"18":{"loc":{"start":{"line":339,"column":2},"end":{"line":341,"column":3}},"type":"if","locations":[{"start":{"line":339,"column":2},"end":{"line":341,"column":3}},{"start":{},"end":{}}],"line":339},"19":{"loc":{"start":{"line":350,"column":4},"end":{"line":359,"column":5}},"type":"if","locations":[{"start":{"line":350,"column":4},"end":{"line":359,"column":5}},{"start":{},"end":{}}],"line":350},"20":{"loc":{"start":{"line":362,"column":4},"end":{"line":371,"column":5}},"type":"if","locations":[{"start":{"line":362,"column":4},"end":{"line":371,"column":5}},{"start":{},"end":{}}],"line":362},"21":{"loc":{"start":{"line":374,"column":4},"end":{"line":396,"column":5}},"type":"if","locations":[{"start":{"line":374,"column":4},"end":{"line":396,"column":5}},{"start":{},"end":{}}],"line":374},"22":{"loc":{"start":{"line":389,"column":10},"end":{"line":393,"column":11}},"type":"if","locations":[{"start":{"line":389,"column":10},"end":{"line":393,"column":11}},{"start":{"line":391,"column":17},"end":{"line":393,"column":11}}],"line":389},"23":{"loc":{"start":{"line":405,"column":20},"end":{"line":405,"column":51}},"type":"binary-expr","locations":[{"start":{"line":405,"column":20},"end":{"line":405,"column":45}},{"start":{"line":405,"column":49},"end":{"line":405,"column":51}}],"line":405},"24":{"loc":{"start":{"line":406,"column":21},"end":{"line":406,"column":46}},"type":"binary-expr","locations":[{"start":{"line":406,"column":21},"end":{"line":406,"column":30}},{"start":{"line":406,"column":34},"end":{"line":406,"column":40}},{"start":{"line":406,"column":44},"end":{"line":406,"column":46}}],"line":406},"25":{"loc":{"start":{"line":408,"column":4},"end":{"line":410,"column":5}},"type":"if","locations":[{"start":{"line":408,"column":4},"end":{"line":410,"column":5}},{"start":{},"end":{}}],"line":408},"26":{"loc":{"start":{"line":412,"column":4},"end":{"line":415,"column":5}},"type":"if","locations":[{"start":{"line":412,"column":4},"end":{"line":415,"column":5}},{"start":{},"end":{}}],"line":412},"27":{"loc":{"start":{"line":488,"column":19},"end":{"line":488,"column":73}},"type":"binary-expr","locations":[{"start":{"line":488,"column":19},"end":{"line":488,"column":43}},{"start":{"line":488,"column":47},"end":{"line":488,"column":73}}],"line":488},"28":{"loc":{"start":{"line":494,"column":15},"end":{"line":494,"column":32}},"type":"cond-expr","locations":[{"start":{"line":494,"column":23},"end":{"line":494,"column":26}},{"start":{"line":494,"column":29},"end":{"line":494,"column":32}}],"line":494},"29":{"loc":{"start":{"line":495,"column":14},"end":{"line":495,"column":43}},"type":"cond-expr","locations":[{"start":{"line":495,"column":22},"end":{"line":495,"column":29}},{"start":{"line":495,"column":32},"end":{"line":495,"column":43}}],"line":495},"30":{"loc":{"start":{"line":506,"column":4},"end":{"line":519,"column":5}},"type":"if","locations":[{"start":{"line":506,"column":4},"end":{"line":519,"column":5}},{"start":{},"end":{}}],"line":506},"31":{"loc":{"start":{"line":506,"column":8},"end":{"line":506,"column":73}},"type":"binary-expr","locations":[{"start":{"line":506,"column":8},"end":{"line":506,"column":34}},{"start":{"line":506,"column":38},"end":{"line":506,"column":56}},{"start":{"line":506,"column":60},"end":{"line":506,"column":73}}],"line":506},"32":{"loc":{"start":{"line":517,"column":17},"end":{"line":517,"column":81}},"type":"cond-expr","locations":[{"start":{"line":517,"column":58},"end":{"line":517,"column":69}},{"start":{"line":517,"column":72},"end":{"line":517,"column":81}}],"line":517},"33":{"loc":{"start":{"line":527,"column":4},"end":{"line":534,"column":5}},"type":"if","locations":[{"start":{"line":527,"column":4},"end":{"line":534,"column":5}},{"start":{},"end":{}}],"line":527},"34":{"loc":{"start":{"line":528,"column":6},"end":{"line":532,"column":7}},"type":"if","locations":[{"start":{"line":528,"column":6},"end":{"line":532,"column":7}},{"start":{},"end":{}}],"line":528},"35":{"loc":{"start":{"line":537,"column":4},"end":{"line":552,"column":5}},"type":"if","locations":[{"start":{"line":537,"column":4},"end":{"line":552,"column":5}},{"start":{},"end":{}}],"line":537},"36":{"loc":{"start":{"line":540,"column":15},"end":{"line":540,"column":77}},"type":"cond-expr","locations":[{"start":{"line":540,"column":56},"end":{"line":540,"column":65}},{"start":{"line":540,"column":68},"end":{"line":540,"column":77}}],"line":540},"37":{"loc":{"start":{"line":550,"column":8},"end":{"line":550,"column":72}},"type":"cond-expr","locations":[{"start":{"line":550,"column":49},"end":{"line":550,"column":60}},{"start":{"line":550,"column":63},"end":{"line":550,"column":72}}],"line":550}},"s":{"0":0,"1":0,"2":0,"3":0,"4":0,"5":0,"6":0,"7":0,"8":0,"9":0,"10":0,"11":0,"12":0,"13":0,"14":0,"15":0,"16":0,"17":0,"18":0,"19":0,"20":0,"21":0,"22":0,"23":0,"24":0,"25":0,"26":0,"27":0,"28":0,"29":0,"30":0,"31":0,"32":0,"33":0,"34":0,"35":0,"36":0,"37":0,"38":0,"39":0,"40":0,"41":0,"42":0,"43":0,"44":0,"45":0,"46":0,"47":0,"48":0,"49":0,"50":0,"51":0,"52":0,"53":0,"54":0,"55":0,"56":0,"57":0,"58":0,"59":0,"60":0,"61":0,"62":0,"63":0,"64":0,"65":0,"66":0,"67":0,"68":0,"69":0,"70":0,"71":0,"72":0,"73":0,"74":0,"75":0,"76":0,"77":0,"78":0,"79":0,"80":0,"81":0,"82":0,"83":0,"84":0,"85":0,"86":0,"87":0,"88":0,"89":0,"90":0,"91":0,"92":0,"93":0,"94":0,"95":0,"96":0,"97":0,"98":0,"99":0,"100":0,"101":0,"102":0,"103":0,"104":0,"105":0,"106":0,"107":0,"108":0,"109":0,"110":0,"111":0,"112":0,"113":0,"114":0,"115":0,"116":0,"117":0,"118":0,"119":0,"120":0,"121":0,"122":0,"123":0,"124":0,"125":0,"126":0,"127":0,"128":0,"129":0,"130":0,"131":0,"132":0,"133":0,"134":0,"135":0,"136":0,"137":0,"138":0,"139":0,"140":0,"141":0,"142":0,"143":0,"144":0,"145":0,"146":0,"147":0,"148":0,"149":0,"150":0,"151":0,"152":0,"153":0,"154":0,"155":0,"156":0,"157":0,"158":0,"159":0,"160":0,"161":0,"162":0,"163":0,"164":0,"165":0,"166":0,"167":0,"168":0,"169":0,"170":0,"171":0,"172":0,"173":0,"174":0,"175":0,"176":0,"177":0,"178":0,"179":0,"180":0,"181":0,"182":0,"183":0,"184":0,"185":0,"186":0,"187":0,"188":0,"189":0,"190":0,"191":0,"192":0,"193":0,"194":0,"195":0,"196":0,"197":0,"198":0,"199":0,"200":0,"201":0,"202":0,"203":0,"204":0,"205":0,"206":0,"207":0},"f":{"0":0,"1":0,"2":0,"3":0,"4":0,"5":0,"6":0,"7":0,"8":0,"9":0,"10":0,"11":0,"12":0,"13":0,"14":0,"15":0,"16":0,"17":0,"18":0,"19":0,"20":0,"21":0,"22":0,"23":0,"24":0,"25":0,"26":0,"27":0},"b":{"0":[0,0],"1":[0,0],"2":[0,0],"3":[0,0],"4":[0,0],"5":[0,0],"6":[0,0],"7":[0,0],"8":[0,0],"9":[0,0],"10":[0,0],"11":[0,0],"12":[0,0],"13":[0,0],"14":[0,0],"15":[0,0],"16":[0,0],"17":[0,0],"18":[0,0],"19":[0,0],"20":[0,0],"21":[0,0],"22":[0,0],"23":[0,0],"24":[0,0,0],"25":[0,0],"26":[0,0],"27":[0,0],"28":[0,0],"29":[0,0],"30":[0,0],"31":[0,0,0],"32":[0,0],"33":[0,0],"34":[0,0],"35":[0,0],"36":[0,0],"37":[0,0]}}
,"/home/runner/workspace/src/credentials.js": {"path":"/home/runner/workspace/src/credentials.js","statementMap":{},"fnMap":{},"branchMap":{},"s":{},"f":{},"b":{}}
,"/home/runner/workspace/src/config/constants.js": {"path":"/home/runner/workspace/src/config/constants.js","statementMap":{"0":{"start":{"line":8,"column":0},"end":{"line":147,"column":2}}},"fnMap":{},"branchMap":{},"s":{"0":0},"f":{},"b":{}}
,"/home/runner/workspace/src/config/index.js": {"path":"/home/runner/workspace/src/config/index.js","statementMap":{"0":{"start":{"line":8,"column":18},"end":{"line":8,"column":40}},"1":{"start":{"line":10,"column":0},"end":{"line":82,"column":2}}},"fnMap":{},"branchMap":{"0":{"loc":{"start":{"line":15,"column":10},"end":{"line":15,"column":98}},"type":"binary-expr","locations":[{"start":{"line":15,"column":10},"end":{"line":15,"column":40}},{"start":{"line":15,"column":45},"end":{"line":15,"column":97}}],"line":15},"1":{"loc":{"start":{"line":15,"column":45},"end":{"line":15,"column":97}},"type":"cond-expr","locations":[{"start":{"line":15,"column":86},"end":{"line":15,"column":90}},{"start":{"line":15,"column":93},"end":{"line":15,"column":97}}],"line":15},"2":{"loc":{"start":{"line":16,"column":9},"end":{"line":16,"column":46}},"type":"binary-expr","locations":[{"start":{"line":16,"column":9},"end":{"line":16,"column":29}},{"start":{"line":16,"column":33},"end":{"line":16,"column":46}}],"line":16},"3":{"loc":{"start":{"line":17,"column":13},"end":{"line":17,"column":60}},"type":"binary-expr","locations":[{"start":{"line":17,"column":13},"end":{"line":17,"column":33}},{"start":{"line":17,"column":37},"end":{"line":17,"column":60}}],"line":17},"4":{"loc":{"start":{"line":27,"column":16},"end":{"line":27,"column":81}},"type":"binary-expr","locations":[{"start":{"line":27,"column":16},"end":{"line":27,"column":40}},{"start":{"line":27,"column":44},"end":{"line":27,"column":81}}],"line":27},"5":{"loc":{"start":{"line":51,"column":12},"end":{"line":53,"column":41}},"type":"binary-expr","locations":[{"start":{"line":51,"column":12},"end":{"line":51,"column":39}},{"start":{"line":52,"column":12},"end":{"line":52,"column":42}},{"start":{"line":53,"column":12},"end":{"line":53,"column":41}}],"line":51},"6":{"loc":{"start":{"line":54,"column":16},"end":{"line":56,"column":45}},"type":"binary-expr","locations":[{"start":{"line":54,"column":16},"end":{"line":54,"column":43}},{"start":{"line":55,"column":16},"end":{"line":55,"column":46}},{"start":{"line":56,"column":16},"end":{"line":56,"column":45}}],"line":54},"7":{"loc":{"start":{"line":62,"column":13},"end":{"line":64,"column":11}},"type":"cond-expr","locations":[{"start":{"line":63,"column":8},"end":{"line":63,"column":46}},{"start":{"line":64,"column":8},"end":{"line":64,"column":11}}],"line":62},"8":{"loc":{"start":{"line":70,"column":10},"end":{"line":70,"column":92}},"type":"binary-expr","locations":[{"start":{"line":70,"column":10},"end":{"line":70,"column":51}},{"start":{"line":70,"column":55},"end":{"line":70,"column":92}}],"line":70},"9":{"loc":{"start":{"line":76,"column":21},"end":{"line":76,"column":76}},"type":"binary-expr","locations":[{"start":{"line":76,"column":21},"end":{"line":76,"column":71}},{"start":{"line":76,"column":75},"end":{"line":76,"column":76}}],"line":76}},"s":{"0":0,"1":0},"f":{},"b":{"0":[0,0],"1":[0,0],"2":[0,0],"3":[0,0],"4":[0,0],"5":[0,0,0],"6":[0,0,0],"7":[0,0],"8":[0,0],"9":[0,0]}}
,"/home/runner/workspace/src/controllers/ai.controller.js": {"path":"/home/runner/workspace/src/controllers/ai.controller.js","statementMap":{"0":{"start":{"line":7,"column":15},"end":{"line":7,"column":32}},"1":{"start":{"line":8,"column":22},"end":{"line":8,"column":50}},"2":{"start":{"line":9,"column":15},"end":{"line":9,"column":41}},"3":{"start":{"line":10,"column":15},"end":{"line":10,"column":35}},"4":{"start":{"line":11,"column":25},"end":{"line":11,"column":57}},"5":{"start":{"line":14,"column":15},"end":{"line":16,"column":2}},"6":{"start":{"line":19,"column":17},"end":{"line":19,"column":78}},"7":{"start":{"line":32,"column":2},"end":{"line":85,"column":3}},"8":{"start":{"line":33,"column":50},"end":{"line":33,"column":58}},"9":{"start":{"line":35,"column":4},"end":{"line":37,"column":5}},"10":{"start":{"line":36,"column":6},"end":{"line":36,"column":92}},"11":{"start":{"line":39,"column":4},"end":{"line":43,"column":7}},"12":{"start":{"line":46,"column":23},"end":{"line":46,"column":27}},"13":{"start":{"line":47,"column":4},"end":{"line":58,"column":5}},"14":{"start":{"line":48,"column":30},"end":{"line":52,"column":17}},"15":{"start":{"line":54,"column":6},"end":{"line":57,"column":7}},"16":{"start":{"line":55,"column":8},"end":{"line":55,"column":28}},"17":{"start":{"line":56,"column":8},"end":{"line":56,"column":63}},"18":{"start":{"line":61,"column":21},"end":{"line":61,"column":85}},"19":{"start":{"line":64,"column":4},"end":{"line":66,"column":5}},"20":{"start":{"line":65,"column":6},"end":{"line":65,"column":73}},"21":{"start":{"line":68,"column":4},"end":{"line":72,"column":7}},"22":{"start":{"line":74,"column":4},"end":{"line":77,"column":7}},"23":{"start":{"line":80,"column":4},"end":{"line":83,"column":7}},"24":{"start":{"line":84,"column":4},"end":{"line":84,"column":73}},"25":{"start":{"line":92,"column":2},"end":{"line":244,"column":3}},"26":{"start":{"line":94,"column":26},"end":{"line":111,"column":2}},"27":{"start":{"line":113,"column":28},"end":{"line":121,"column":6}},"28":{"start":{"line":123,"column":24},"end":{"line":123,"column":78}},"29":{"start":{"line":126,"column":25},"end":{"line":143,"column":2}},"30":{"start":{"line":145,"column":27},"end":{"line":153,"column":6}},"31":{"start":{"line":155,"column":23},"end":{"line":155,"column":76}},"32":{"start":{"line":158,"column":25},"end":{"line":158,"column":29}},"33":{"start":{"line":159,"column":4},"end":{"line":190,"column":5}},"34":{"start":{"line":160,"column":29},"end":{"line":178,"column":76}},"35":{"start":{"line":180,"column":31},"end":{"line":187,"column":8}},"36":{"start":{"line":189,"column":6},"end":{"line":189,"column":67}},"37":{"start":{"line":193,"column":30},"end":{"line":214,"column":2}},"38":{"start":{"line":216,"column":32},"end":{"line":224,"column":6}},"39":{"start":{"line":226,"column":28},"end":{"line":226,"column":86}},"40":{"start":{"line":228,"column":4},"end":{"line":239,"column":6}},"41":{"start":{"line":242,"column":4},"end":{"line":242,"column":48}},"42":{"start":{"line":243,"column":4},"end":{"line":243,"column":72}},"43":{"start":{"line":251,"column":2},"end":{"line":279,"column":3}},"44":{"start":{"line":252,"column":25},"end":{"line":264,"column":5}},"45":{"start":{"line":266,"column":22},"end":{"line":268,"column":29}},"46":{"start":{"line":270,"column":4},"end":{"line":275,"column":5}},"47":{"start":{"line":272,"column":6},"end":{"line":272,"column":90}},"48":{"start":{"line":274,"column":6},"end":{"line":274,"column":71}},"49":{"start":{"line":278,"column":4},"end":{"line":278,"column":86}},"50":{"start":{"line":287,"column":2},"end":{"line":361,"column":3}},"51":{"start":{"line":288,"column":54},"end":{"line":288,"column":62}},"52":{"start":{"line":290,"column":4},"end":{"line":292,"column":5}},"53":{"start":{"line":291,"column":6},"end":{"line":291,"column":88}},"54":{"start":{"line":294,"column":4},"end":{"line":298,"column":7}},"55":{"start":{"line":301,"column":4},"end":{"line":353,"column":5}},"56":{"start":{"line":302,"column":30},"end":{"line":310,"column":17}},"57":{"start":{"line":312,"column":6},"end":{"line":315,"column":7}},"58":{"start":{"line":313,"column":8},"end":{"line":313,"column":75}},"59":{"start":{"line":314,"column":8},"end":{"line":314,"column":20}},"60":{"start":{"line":317,"column":6},"end":{"line":319,"column":7}},"61":{"start":{"line":318,"column":8},"end":{"line":318,"column":77}},"62":{"start":{"line":321,"column":6},"end":{"line":321,"column":65}},"63":{"start":{"line":323,"column":6},"end":{"line":327,"column":9}},"64":{"start":{"line":331,"column":30},"end":{"line":339,"column":17}},"65":{"start":{"line":341,"column":6},"end":{"line":344,"column":7}},"66":{"start":{"line":342,"column":8},"end":{"line":342,"column":91}},"67":{"start":{"line":343,"column":8},"end":{"line":343,"column":20}},"68":{"start":{"line":346,"column":6},"end":{"line":346,"column":88}},"69":{"start":{"line":348,"column":6},"end":{"line":352,"column":9}},"70":{"start":{"line":356,"column":4},"end":{"line":359,"column":7}},"71":{"start":{"line":360,"column":4},"end":{"line":360,"column":66}},"72":{"start":{"line":364,"column":0},"end":{"line":367,"column":2}}},"fnMap":{"0":{"name":"analyzeStatement","decl":{"start":{"line":31,"column":15},"end":{"line":31,"column":31}},"loc":{"start":{"line":31,"column":42},"end":{"line":86,"column":1}},"line":31},"1":{"name":"generateComprehensiveAnalysis","decl":{"start":{"line":91,"column":15},"end":{"line":91,"column":44}},"loc":{"start":{"line":91,"column":81},"end":{"line":245,"column":1}},"line":91},"2":{"name":"storeAIAnalysis","decl":{"start":{"line":250,"column":15},"end":{"line":250,"column":30}},"loc":{"start":{"line":250,"column":76},"end":{"line":280,"column":1}},"line":250},"3":{"name":"savePersonalStatement","decl":{"start":{"line":286,"column":15},"end":{"line":286,"column":36}},"loc":{"start":{"line":286,"column":47},"end":{"line":362,"column":1}},"line":286}},"branchMap":{"0":{"loc":{"start":{"line":35,"column":4},"end":{"line":37,"column":5}},"type":"if","locations":[{"start":{"line":35,"column":4},"end":{"line":37,"column":5}},{"start":{},"end":{}}],"line":35},"1":{"loc":{"start":{"line":35,"column":8},"end":{"line":35,"column":59}},"type":"binary-expr","locations":[{"start":{"line":35,"column":8},"end":{"line":35,"column":22}},{"start":{"line":35,"column":26},"end":{"line":35,"column":59}}],"line":35},"2":{"loc":{"start":{"line":47,"column":4},"end":{"line":58,"column":5}},"type":"if","locations":[{"start":{"line":47,"column":4},"end":{"line":58,"column":5}},{"start":{},"end":{}}],"line":47},"3":{"loc":{"start":{"line":54,"column":6},"end":{"line":57,"column":7}},"type":"if","locations":[{"start":{"line":54,"column":6},"end":{"line":57,"column":7}},{"start":{},"end":{}}],"line":54},"4":{"loc":{"start":{"line":54,"column":10},"end":{"line":54,"column":24}},"type":"binary-expr","locations":[{"start":{"line":54,"column":10},"end":{"line":54,"column":16}},{"start":{"line":54,"column":20},"end":{"line":54,"column":24}}],"line":54},"5":{"loc":{"start":{"line":64,"column":4},"end":{"line":66,"column":5}},"type":"if","locations":[{"start":{"line":64,"column":4},"end":{"line":66,"column":5}},{"start":{},"end":{}}],"line":64},"6":{"loc":{"start":{"line":91,"column":60},"end":{"line":91,"column":79}},"type":"default-arg","locations":[{"start":{"line":91,"column":75},"end":{"line":91,"column":79}}],"line":91},"7":{"loc":{"start":{"line":159,"column":4},"end":{"line":190,"column":5}},"type":"if","locations":[{"start":{"line":159,"column":4},"end":{"line":190,"column":5}},{"start":{},"end":{}}],"line":159},"8":{"loc":{"start":{"line":168,"column":10},"end":{"line":168,"column":70}},"type":"binary-expr","locations":[{"start":{"line":168,"column":10},"end":{"line":168,"column":51}},{"start":{"line":168,"column":55},"end":{"line":168,"column":70}}],"line":168},"9":{"loc":{"start":{"line":169,"column":10},"end":{"line":169,"column":75}},"type":"binary-expr","locations":[{"start":{"line":169,"column":10},"end":{"line":169,"column":56}},{"start":{"line":169,"column":60},"end":{"line":169,"column":75}}],"line":169},"10":{"loc":{"start":{"line":170,"column":14},"end":{"line":170,"column":75}},"type":"binary-expr","locations":[{"start":{"line":170,"column":14},"end":{"line":170,"column":56}},{"start":{"line":170,"column":60},"end":{"line":170,"column":75}}],"line":170},"11":{"loc":{"start":{"line":171,"column":13},"end":{"line":171,"column":63}},"type":"binary-expr","locations":[{"start":{"line":171,"column":13},"end":{"line":171,"column":44}},{"start":{"line":171,"column":48},"end":{"line":171,"column":63}}],"line":171},"12":{"loc":{"start":{"line":172,"column":20},"end":{"line":172,"column":79}},"type":"binary-expr","locations":[{"start":{"line":172,"column":20},"end":{"line":172,"column":60}},{"start":{"line":172,"column":64},"end":{"line":172,"column":79}}],"line":172},"13":{"loc":{"start":{"line":173,"column":24},"end":{"line":173,"column":67}},"type":"binary-expr","locations":[{"start":{"line":173,"column":24},"end":{"line":173,"column":48}},{"start":{"line":173,"column":52},"end":{"line":173,"column":67}}],"line":173},"14":{"loc":{"start":{"line":173,"column":71},"end":{"line":173,"column":115}},"type":"binary-expr","locations":[{"start":{"line":173,"column":71},"end":{"line":173,"column":96}},{"start":{"line":173,"column":100},"end":{"line":173,"column":115}}],"line":173},"15":{"loc":{"start":{"line":174,"column":18},"end":{"line":174,"column":68}},"type":"binary-expr","locations":[{"start":{"line":174,"column":18},"end":{"line":174,"column":49}},{"start":{"line":174,"column":53},"end":{"line":174,"column":68}}],"line":174},"16":{"loc":{"start":{"line":200,"column":2},"end":{"line":200,"column":101}},"type":"cond-expr","locations":[{"start":{"line":200,"column":17},"end":{"line":200,"column":58}},{"start":{"line":200,"column":61},"end":{"line":200,"column":101}}],"line":200},"17":{"loc":{"start":{"line":230,"column":17},"end":{"line":230,"column":44}},"type":"binary-expr","locations":[{"start":{"line":230,"column":17},"end":{"line":230,"column":38}},{"start":{"line":230,"column":42},"end":{"line":230,"column":44}}],"line":230},"18":{"loc":{"start":{"line":234,"column":21},"end":{"line":234,"column":49}},"type":"binary-expr","locations":[{"start":{"line":234,"column":21},"end":{"line":234,"column":43}},{"start":{"line":234,"column":47},"end":{"line":234,"column":49}}],"line":234},"19":{"loc":{"start":{"line":235,"column":21},"end":{"line":235,"column":49}},"type":"binary-expr","locations":[{"start":{"line":235,"column":21},"end":{"line":235,"column":43}},{"start":{"line":235,"column":47},"end":{"line":235,"column":49}}],"line":235},"20":{"loc":{"start":{"line":270,"column":4},"end":{"line":275,"column":5}},"type":"if","locations":[{"start":{"line":270,"column":4},"end":{"line":275,"column":5}},{"start":{"line":273,"column":11},"end":{"line":275,"column":5}}],"line":270},"21":{"loc":{"start":{"line":290,"column":4},"end":{"line":292,"column":5}},"type":"if","locations":[{"start":{"line":290,"column":4},"end":{"line":292,"column":5}},{"start":{},"end":{}}],"line":290},"22":{"loc":{"start":{"line":290,"column":8},"end":{"line":290,"column":67}},"type":"binary-expr","locations":[{"start":{"line":290,"column":8},"end":{"line":290,"column":26}},{"start":{"line":290,"column":30},"end":{"line":290,"column":67}}],"line":290},"23":{"loc":{"start":{"line":301,"column":4},"end":{"line":353,"column":5}},"type":"if","locations":[{"start":{"line":301,"column":4},"end":{"line":353,"column":5}},{"start":{"line":329,"column":11},"end":{"line":353,"column":5}}],"line":301},"24":{"loc":{"start":{"line":312,"column":6},"end":{"line":315,"column":7}},"type":"if","locations":[{"start":{"line":312,"column":6},"end":{"line":315,"column":7}},{"start":{},"end":{}}],"line":312},"25":{"loc":{"start":{"line":317,"column":6},"end":{"line":319,"column":7}},"type":"if","locations":[{"start":{"line":317,"column":6},"end":{"line":319,"column":7}},{"start":{},"end":{}}],"line":317},"26":{"loc":{"start":{"line":317,"column":10},"end":{"line":317,"column":36}},"type":"binary-expr","locations":[{"start":{"line":317,"column":10},"end":{"line":317,"column":15}},{"start":{"line":317,"column":19},"end":{"line":317,"column":36}}],"line":317},"27":{"loc":{"start":{"line":341,"column":6},"end":{"line":344,"column":7}},"type":"if","locations":[{"start":{"line":341,"column":6},"end":{"line":344,"column":7}},{"start":{},"end":{}}],"line":341}},"s":{"0":0,"1":0,"2":0,"3":0,"4":0,"5":0,"6":0,"7":0,"8":0,"9":0,"10":0,"11":0,"12":0,"13":0,"14":0,"15":0,"16":0,"17":0,"18":0,"19":0,"20":0,"21":0,"22":0,"23":0,"24":0,"25":0,"26":0,"27":0,"28":0,"29":0,"30":0,"31":0,"32":0,"33":0,"34":0,"35":0,"36":0,"37":0,"38":0,"39":0,"40":0,"41":0,"42":0,"43":0,"44":0,"45":0,"46":0,"47":0,"48":0,"49":0,"50":0,"51":0,"52":0,"53":0,"54":0,"55":0,"56":0,"57":0,"58":0,"59":0,"60":0,"61":0,"62":0,"63":0,"64":0,"65":0,"66":0,"67":0,"68":0,"69":0,"70":0,"71":0,"72":0},"f":{"0":0,"1":0,"2":0,"3":0},"b":{"0":[0,0],"1":[0,0],"2":[0,0],"3":[0,0],"4":[0,0],"5":[0,0],"6":[0],"7":[0,0],"8":[0,0],"9":[0,0],"10":[0,0],"11":[0,0],"12":[0,0],"13":[0,0],"14":[0,0],"15":[0,0],"16":[0,0],"17":[0,0],"18":[0,0],"19":[0,0],"20":[0,0],"21":[0,0],"22":[0,0],"23":[0,0],"24":[0,0],"25":[0,0],"26":[0,0],"27":[0,0]}}
,"/home/runner/workspace/src/controllers/auth.controller.js": {"path":"/home/runner/workspace/src/controllers/auth.controller.js","statementMap":{"0":{"start":{"line":8,"column":15},"end":{"line":8,"column":32}},"1":{"start":{"line":9,"column":27},"end":{"line":9,"column":57}},"2":{"start":{"line":10,"column":22},"end":{"line":10,"column":50}},"3":{"start":{"line":11,"column":15},"end":{"line":11,"column":41}},"4":{"start":{"line":12,"column":15},"end":{"line":12,"column":35}},"5":{"start":{"line":13,"column":20},"end":{"line":13,"column":54}},"6":{"start":{"line":14,"column":27},"end":{"line":14,"column":62}},"7":{"start":{"line":17,"column":20},"end":{"line":17,"column":61}},"8":{"start":{"line":19,"column":26},"end":{"line":19,"column":60}},"9":{"start":{"line":22,"column":18},"end":{"line":22,"column":22}},"10":{"start":{"line":24,"column":0},"end":{"line":27,"column":1}},"11":{"start":{"line":25,"column":2},"end":{"line":25,"column":78}},"12":{"start":{"line":26,"column":2},"end":{"line":26,"column":74}},"13":{"start":{"line":40,"column":2},"end":{"line":212,"column":3}},"14":{"start":{"line":41,"column":53},"end":{"line":41,"column":61}},"15":{"start":{"line":44,"column":4},"end":{"line":44,"column":34}},"16":{"start":{"line":46,"column":4},"end":{"line":50,"column":7}},"17":{"start":{"line":55,"column":26},"end":{"line":55,"column":28}},"18":{"start":{"line":56,"column":4},"end":{"line":56,"column":67}},"19":{"start":{"line":56,"column":39},"end":{"line":56,"column":67}},"20":{"start":{"line":57,"column":4},"end":{"line":57,"column":76}},"21":{"start":{"line":57,"column":45},"end":{"line":57,"column":76}},"22":{"start":{"line":58,"column":4},"end":{"line":58,"column":76}},"23":{"start":{"line":58,"column":45},"end":{"line":58,"column":76}},"24":{"start":{"line":60,"column":4},"end":{"line":63,"column":5}},"25":{"start":{"line":61,"column":6},"end":{"line":61,"column":64}},"26":{"start":{"line":62,"column":6},"end":{"line":62,"column":107}},"27":{"start":{"line":65,"column":4},"end":{"line":67,"column":5}},"28":{"start":{"line":66,"column":6},"end":{"line":66,"column":92}},"29":{"start":{"line":72,"column":4},"end":{"line":81,"column":5}},"30":{"start":{"line":73,"column":6},"end":{"line":73,"column":89}},"31":{"start":{"line":74,"column":6},"end":{"line":80,"column":8}},"32":{"start":{"line":83,"column":4},"end":{"line":85,"column":5}},"33":{"start":{"line":84,"column":6},"end":{"line":84,"column":84}},"34":{"start":{"line":87,"column":4},"end":{"line":87,"column":58}},"35":{"start":{"line":92,"column":23},"end":{"line":117,"column":6}},"36":{"start":{"line":119,"column":4},"end":{"line":139,"column":5}},"37":{"start":{"line":120,"column":6},"end":{"line":120,"column":62}},"38":{"start":{"line":123,"column":6},"end":{"line":136,"column":7}},"39":{"start":{"line":129,"column":8},"end":{"line":129,"column":54}},"40":{"start":{"line":130,"column":8},"end":{"line":135,"column":10}},"41":{"start":{"line":138,"column":6},"end":{"line":138,"column":68}},"42":{"start":{"line":141,"column":19},"end":{"line":141,"column":36}},"43":{"start":{"line":143,"column":4},"end":{"line":146,"column":7}},"44":{"start":{"line":151,"column":4},"end":{"line":165,"column":5}},"45":{"start":{"line":152,"column":6},"end":{"line":159,"column":14}},"46":{"start":{"line":161,"column":6},"end":{"line":161,"column":69}},"47":{"start":{"line":164,"column":6},"end":{"line":164,"column":81}},"48":{"start":{"line":170,"column":25},"end":{"line":170,"column":49}},"49":{"start":{"line":173,"column":4},"end":{"line":178,"column":7}},"50":{"start":{"line":180,"column":4},"end":{"line":185,"column":7}},"51":{"start":{"line":187,"column":4},"end":{"line":191,"column":7}},"52":{"start":{"line":196,"column":4},"end":{"line":204,"column":7}},"53":{"start":{"line":207,"column":4},"end":{"line":210,"column":7}},"54":{"start":{"line":211,"column":4},"end":{"line":211,"column":58}},"55":{"start":{"line":220,"column":2},"end":{"line":298,"column":3}},"56":{"start":{"line":221,"column":42},"end":{"line":221,"column":50}},"57":{"start":{"line":224,"column":4},"end":{"line":224,"column":34}},"58":{"start":{"line":226,"column":4},"end":{"line":228,"column":5}},"59":{"start":{"line":227,"column":6},"end":{"line":227,"column":79}},"60":{"start":{"line":230,"column":4},"end":{"line":232,"column":5}},"61":{"start":{"line":231,"column":6},"end":{"line":231,"column":84}},"62":{"start":{"line":234,"column":4},"end":{"line":234,"column":47}},"63":{"start":{"line":236,"column":23},"end":{"line":236,"column":64}},"64":{"start":{"line":238,"column":4},"end":{"line":241,"column":5}},"65":{"start":{"line":239,"column":6},"end":{"line":239,"column":72}},"66":{"start":{"line":240,"column":6},"end":{"line":240,"column":85}},"67":{"start":{"line":243,"column":4},"end":{"line":246,"column":7}},"68":{"start":{"line":249,"column":25},"end":{"line":249,"column":89}},"69":{"start":{"line":254,"column":4},"end":{"line":259,"column":7}},"70":{"start":{"line":262,"column":4},"end":{"line":267,"column":7}},"71":{"start":{"line":269,"column":4},"end":{"line":273,"column":7}},"72":{"start":{"line":276,"column":21},"end":{"line":276,"column":56}},"73":{"start":{"line":278,"column":4},"end":{"line":290,"column":7}},"74":{"start":{"line":293,"column":4},"end":{"line":296,"column":7}},"75":{"start":{"line":297,"column":4},"end":{"line":297,"column":58}},"76":{"start":{"line":306,"column":2},"end":{"line":329,"column":3}},"77":{"start":{"line":308,"column":4},"end":{"line":308,"column":36}},"78":{"start":{"line":309,"column":4},"end":{"line":309,"column":37}},"79":{"start":{"line":312,"column":4},"end":{"line":314,"column":5}},"80":{"start":{"line":313,"column":6},"end":{"line":313,"column":34}},"81":{"start":{"line":316,"column":4},"end":{"line":316,"column":37}},"82":{"start":{"line":318,"column":4},"end":{"line":321,"column":7}},"83":{"start":{"line":324,"column":4},"end":{"line":327,"column":7}},"84":{"start":{"line":328,"column":4},"end":{"line":328,"column":58}},"85":{"start":{"line":337,"column":2},"end":{"line":368,"column":3}},"86":{"start":{"line":338,"column":4},"end":{"line":343,"column":5}},"87":{"start":{"line":339,"column":6},"end":{"line":342,"column":9}},"88":{"start":{"line":345,"column":21},"end":{"line":345,"column":49}},"89":{"start":{"line":347,"column":4},"end":{"line":357,"column":7}},"90":{"start":{"line":360,"column":4},"end":{"line":363,"column":7}},"91":{"start":{"line":364,"column":4},"end":{"line":367,"column":7}},"92":{"start":{"line":371,"column":0},"end":{"line":377,"column":2}},"93":{"start":{"line":385,"column":2},"end":{"line":413,"column":3}},"94":{"start":{"line":386,"column":4},"end":{"line":388,"column":5}},"95":{"start":{"line":387,"column":6},"end":{"line":387,"column":77}},"96":{"start":{"line":391,"column":18},"end":{"line":391,"column":56}},"97":{"start":{"line":392,"column":22},"end":{"line":392,"column":51}},"98":{"start":{"line":395,"column":4},"end":{"line":401,"column":7}},"99":{"start":{"line":403,"column":4},"end":{"line":403,"column":100}},"100":{"start":{"line":405,"column":4},"end":{"line":408,"column":7}},"101":{"start":{"line":411,"column":4},"end":{"line":411,"column":54}},"102":{"start":{"line":412,"column":4},"end":{"line":412,"column":67}}},"fnMap":{"0":{"name":"signup","decl":{"start":{"line":39,"column":15},"end":{"line":39,"column":21}},"loc":{"start":{"line":39,"column":32},"end":{"line":213,"column":1}},"line":39},"1":{"name":"login","decl":{"start":{"line":219,"column":15},"end":{"line":219,"column":20}},"loc":{"start":{"line":219,"column":31},"end":{"line":299,"column":1}},"line":219},"2":{"name":"logout","decl":{"start":{"line":305,"column":15},"end":{"line":305,"column":21}},"loc":{"start":{"line":305,"column":32},"end":{"line":330,"column":1}},"line":305},"3":{"name":"checkSession","decl":{"start":{"line":336,"column":15},"end":{"line":336,"column":27}},"loc":{"start":{"line":336,"column":38},"end":{"line":369,"column":1}},"line":336},"4":{"name":"generateNonce","decl":{"start":{"line":384,"column":15},"end":{"line":384,"column":28}},"loc":{"start":{"line":384,"column":39},"end":{"line":414,"column":1}},"line":384}},"branchMap":{"0":{"loc":{"start":{"line":24,"column":0},"end":{"line":27,"column":1}},"type":"if","locations":[{"start":{"line":24,"column":0},"end":{"line":27,"column":1}},{"start":{},"end":{}}],"line":24},"1":{"loc":{"start":{"line":56,"column":4},"end":{"line":56,"column":67}},"type":"if","locations":[{"start":{"line":56,"column":4},"end":{"line":56,"column":67}},{"start":{},"end":{}}],"line":56},"2":{"loc":{"start":{"line":56,"column":8},"end":{"line":56,"column":37}},"type":"binary-expr","locations":[{"start":{"line":56,"column":8},"end":{"line":56,"column":14}},{"start":{"line":56,"column":18},"end":{"line":56,"column":37}}],"line":56},"3":{"loc":{"start":{"line":57,"column":4},"end":{"line":57,"column":76}},"type":"if","locations":[{"start":{"line":57,"column":4},"end":{"line":57,"column":76}},{"start":{},"end":{}}],"line":57},"4":{"loc":{"start":{"line":57,"column":8},"end":{"line":57,"column":43}},"type":"binary-expr","locations":[{"start":{"line":57,"column":8},"end":{"line":57,"column":17}},{"start":{"line":57,"column":21},"end":{"line":57,"column":43}}],"line":57},"5":{"loc":{"start":{"line":58,"column":4},"end":{"line":58,"column":76}},"type":"if","locations":[{"start":{"line":58,"column":4},"end":{"line":58,"column":76}},{"start":{},"end":{}}],"line":58},"6":{"loc":{"start":{"line":58,"column":8},"end":{"line":58,"column":43}},"type":"binary-expr","locations":[{"start":{"line":58,"column":8},"end":{"line":58,"column":17}},{"start":{"line":58,"column":21},"end":{"line":58,"column":43}}],"line":58},"7":{"loc":{"start":{"line":60,"column":4},"end":{"line":63,"column":5}},"type":"if","locations":[{"start":{"line":60,"column":4},"end":{"line":63,"column":5}},{"start":{},"end":{}}],"line":60},"8":{"loc":{"start":{"line":65,"column":4},"end":{"line":67,"column":5}},"type":"if","locations":[{"start":{"line":65,"column":4},"end":{"line":67,"column":5}},{"start":{},"end":{}}],"line":65},"9":{"loc":{"start":{"line":72,"column":4},"end":{"line":81,"column":5}},"type":"if","locations":[{"start":{"line":72,"column":4},"end":{"line":81,"column":5}},{"start":{},"end":{}}],"line":72},"10":{"loc":{"start":{"line":83,"column":4},"end":{"line":85,"column":5}},"type":"if","locations":[{"start":{"line":83,"column":4},"end":{"line":85,"column":5}},{"start":{},"end":{}}],"line":83},"11":{"loc":{"start":{"line":99,"column":23},"end":{"line":99,"column":48}},"type":"binary-expr","locations":[{"start":{"line":99,"column":23},"end":{"line":99,"column":35}},{"start":{"line":99,"column":39},"end":{"line":99,"column":48}}],"line":99},"12":{"loc":{"start":{"line":101,"column":31},"end":{"line":101,"column":65}},"type":"binary-expr","locations":[{"start":{"line":101,"column":31},"end":{"line":101,"column":52}},{"start":{"line":101,"column":56},"end":{"line":101,"column":65}}],"line":101},"13":{"loc":{"start":{"line":119,"column":4},"end":{"line":139,"column":5}},"type":"if","locations":[{"start":{"line":119,"column":4},"end":{"line":139,"column":5}},{"start":{},"end":{}}],"line":119},"14":{"loc":{"start":{"line":123,"column":6},"end":{"line":136,"column":7}},"type":"if","locations":[{"start":{"line":123,"column":6},"end":{"line":136,"column":7}},{"start":{},"end":{}}],"line":123},"15":{"loc":{"start":{"line":123,"column":10},"end":{"line":128,"column":7}},"type":"binary-expr","locations":[{"start":{"line":123,"column":10},"end":{"line":123,"column":26}},{"start":{"line":124,"column":8},"end":{"line":124,"column":60}},{"start":{"line":125,"column":8},"end":{"line":125,"column":55}},{"start":{"line":126,"column":8},"end":{"line":126,"column":51}},{"start":{"line":127,"column":8},"end":{"line":127,"column":60}}],"line":123},"16":{"loc":{"start":{"line":156,"column":20},"end":{"line":156,"column":45}},"type":"binary-expr","locations":[{"start":{"line":156,"column":20},"end":{"line":156,"column":32}},{"start":{"line":156,"column":36},"end":{"line":156,"column":45}}],"line":156},"17":{"loc":{"start":{"line":157,"column":20},"end":{"line":157,"column":54}},"type":"binary-expr","locations":[{"start":{"line":157,"column":20},"end":{"line":157,"column":41}},{"start":{"line":157,"column":45},"end":{"line":157,"column":54}}],"line":157},"18":{"loc":{"start":{"line":226,"column":4},"end":{"line":228,"column":5}},"type":"if","locations":[{"start":{"line":226,"column":4},"end":{"line":228,"column":5}},{"start":{},"end":{}}],"line":226},"19":{"loc":{"start":{"line":226,"column":8},"end":{"line":226,"column":27}},"type":"binary-expr","locations":[{"start":{"line":226,"column":8},"end":{"line":226,"column":14}},{"start":{"line":226,"column":18},"end":{"line":226,"column":27}}],"line":226},"20":{"loc":{"start":{"line":230,"column":4},"end":{"line":232,"column":5}},"type":"if","locations":[{"start":{"line":230,"column":4},"end":{"line":232,"column":5}},{"start":{},"end":{}}],"line":230},"21":{"loc":{"start":{"line":238,"column":4},"end":{"line":241,"column":5}},"type":"if","locations":[{"start":{"line":238,"column":4},"end":{"line":241,"column":5}},{"start":{},"end":{}}],"line":238},"22":{"loc":{"start":{"line":249,"column":25},"end":{"line":249,"column":89}},"type":"cond-expr","locations":[{"start":{"line":249,"column":38},"end":{"line":249,"column":62}},{"start":{"line":249,"column":65},"end":{"line":249,"column":89}}],"line":249},"23":{"loc":{"start":{"line":271,"column":20},"end":{"line":271,"column":40}},"type":"cond-expr","locations":[{"start":{"line":271,"column":33},"end":{"line":271,"column":35}},{"start":{"line":271,"column":38},"end":{"line":271,"column":40}}],"line":271},"24":{"loc":{"start":{"line":276,"column":21},"end":{"line":276,"column":56}},"type":"binary-expr","locations":[{"start":{"line":276,"column":21},"end":{"line":276,"column":50}},{"start":{"line":276,"column":54},"end":{"line":276,"column":56}}],"line":276},"25":{"loc":{"start":{"line":284,"column":18},"end":{"line":284,"column":42}},"type":"binary-expr","locations":[{"start":{"line":284,"column":18},"end":{"line":284,"column":36}},{"start":{"line":284,"column":40},"end":{"line":284,"column":42}}],"line":284},"26":{"loc":{"start":{"line":285,"column":27},"end":{"line":285,"column":63}},"type":"binary-expr","locations":[{"start":{"line":285,"column":27},"end":{"line":285,"column":54}},{"start":{"line":285,"column":58},"end":{"line":285,"column":63}}],"line":285},"27":{"loc":{"start":{"line":312,"column":4},"end":{"line":314,"column":5}},"type":"if","locations":[{"start":{"line":312,"column":4},"end":{"line":314,"column":5}},{"start":{},"end":{}}],"line":312},"28":{"loc":{"start":{"line":338,"column":4},"end":{"line":343,"column":5}},"type":"if","locations":[{"start":{"line":338,"column":4},"end":{"line":343,"column":5}},{"start":{},"end":{}}],"line":338},"29":{"loc":{"start":{"line":345,"column":21},"end":{"line":345,"column":49}},"type":"binary-expr","locations":[{"start":{"line":345,"column":21},"end":{"line":345,"column":43}},{"start":{"line":345,"column":47},"end":{"line":345,"column":49}}],"line":345},"30":{"loc":{"start":{"line":353,"column":18},"end":{"line":353,"column":42}},"type":"binary-expr","locations":[{"start":{"line":353,"column":18},"end":{"line":353,"column":36}},{"start":{"line":353,"column":40},"end":{"line":353,"column":42}}],"line":353},"31":{"loc":{"start":{"line":354,"column":27},"end":{"line":354,"column":63}},"type":"binary-expr","locations":[{"start":{"line":354,"column":27},"end":{"line":354,"column":54}},{"start":{"line":354,"column":58},"end":{"line":354,"column":63}}],"line":354},"32":{"loc":{"start":{"line":355,"column":23},"end":{"line":355,"column":58}},"type":"binary-expr","locations":[{"start":{"line":355,"column":23},"end":{"line":355,"column":46}},{"start":{"line":355,"column":50},"end":{"line":355,"column":58}}],"line":355},"33":{"loc":{"start":{"line":386,"column":4},"end":{"line":388,"column":5}},"type":"if","locations":[{"start":{"line":386,"column":4},"end":{"line":388,"column":5}},{"start":{},"end":{}}],"line":386},"34":{"loc":{"start":{"line":386,"column":8},"end":{"line":386,"column":32}},"type":"binary-expr","locations":[{"start":{"line":386,"column":8},"end":{"line":386,"column":17}},{"start":{"line":386,"column":21},"end":{"line":386,"column":32}}],"line":386}},"s":{"0":0,"1":0,"2":0,"3":0,"4":0,"5":0,"6":0,"7":0,"8":0,"9":0,"10":0,"11":0,"12":0,"13":0,"14":0,"15":0,"16":0,"17":0,"18":0,"19":0,"20":0,"21":0,"22":0,"23":0,"24":0,"25":0,"26":0,"27":0,"28":0,"29":0,"30":0,"31":0,"32":0,"33":0,"34":0,"35":0,"36":0,"37":0,"38":0,"39":0,"40":0,"41":0,"42":0,"43":0,"44":0,"45":0,"46":0,"47":0,"48":0,"49":0,"50":0,"51":0,"52":0,"53":0,"54":0,"55":0,"56":0,"57":0,"58":0,"59":0,"60":0,"61":0,"62":0,"63":0,"64":0,"65":0,"66":0,"67":0,"68":0,"69":0,"70":0,"71":0,"72":0,"73":0,"74":0,"75":0,"76":0,"77":0,"78":0,"79":0,"80":0,"81":0,"82":0,"83":0,"84":0,"85":0,"86":0,"87":0,"88":0,"89":0,"90":0,"91":0,"92":0,"93":0,"94":0,"95":0,"96":0,"97":0,"98":0,"99":0,"100":0,"101":0,"102":0},"f":{"0":0,"1":0,"2":0,"3":0,"4":0},"b":{"0":[0,0],"1":[0,0],"2":[0,0],"3":[0,0],"4":[0,0],"5":[0,0],"6":[0,0],"7":[0,0],"8":[0,0],"9":[0,0],"10":[0,0],"11":[0,0],"12":[0,0],"13":[0,0],"14":[0,0],"15":[0,0,0,0,0],"16":[0,0],"17":[0,0],"18":[0,0],"19":[0,0],"20":[0,0],"21":[0,0],"22":[0,0],"23":[0,0],"24":[0,0],"25":[0,0],"26":[0,0],"27":[0,0],"28":[0,0],"29":[0,0],"30":[0,0],"31":[0,0],"32":[0,0],"33":[0,0],"34":[0,0]}}
,"/home/runner/workspace/src/controllers/debug.controller.js": {"path":"/home/runner/workspace/src/controllers/debug.controller.js","statementMap":{"0":{"start":{"line":6,"column":14},"end":{"line":6,"column":30}},"1":{"start":{"line":7,"column":27},"end":{"line":7,"column":57}},"2":{"start":{"line":8,"column":22},"end":{"line":8,"column":50}},"3":{"start":{"line":9,"column":15},"end":{"line":9,"column":41}},"4":{"start":{"line":10,"column":15},"end":{"line":10,"column":35}},"5":{"start":{"line":11,"column":20},"end":{"line":11,"column":54}},"6":{"start":{"line":12,"column":13},"end":{"line":12,"column":38}},"7":{"start":{"line":13,"column":25},"end":{"line":13,"column":57}},"8":{"start":{"line":16,"column":15},"end":{"line":16,"column":19}},"9":{"start":{"line":17,"column":0},"end":{"line":24,"column":1}},"10":{"start":{"line":18,"column":2},"end":{"line":23,"column":5}},"11":{"start":{"line":31,"column":2},"end":{"line":33,"column":3}},"12":{"start":{"line":32,"column":4},"end":{"line":32,"column":80}},"13":{"start":{"line":35,"column":2},"end":{"line":70,"column":3}},"14":{"start":{"line":36,"column":23},"end":{"line":36,"column":33}},"15":{"start":{"line":37,"column":4},"end":{"line":37,"column":52}},"16":{"start":{"line":39,"column":4},"end":{"line":42,"column":12}},"17":{"start":{"line":44,"column":27},"end":{"line":44,"column":62}},"18":{"start":{"line":46,"column":4},"end":{"line":48,"column":5}},"19":{"start":{"line":47,"column":6},"end":{"line":47,"column":97}},"20":{"start":{"line":50,"column":21},"end":{"line":50,"column":40}},"21":{"start":{"line":52,"column":4},"end":{"line":66,"column":7}},"22":{"start":{"line":68,"column":4},"end":{"line":68,"column":48}},"23":{"start":{"line":69,"column":4},"end":{"line":69,"column":54}},"24":{"start":{"line":78,"column":2},"end":{"line":101,"column":3}},"25":{"start":{"line":79,"column":21},"end":{"line":87,"column":5}},"26":{"start":{"line":89,"column":4},"end":{"line":94,"column":7}},"27":{"start":{"line":96,"column":4},"end":{"line":100,"column":7}},"28":{"start":{"line":109,"column":2},"end":{"line":109,"column":51}},"29":{"start":{"line":111,"column":2},"end":{"line":113,"column":3}},"30":{"start":{"line":112,"column":4},"end":{"line":112,"column":80}},"31":{"start":{"line":115,"column":2},"end":{"line":127,"column":3}},"32":{"start":{"line":118,"column":4},"end":{"line":123,"column":7}},"33":{"start":{"line":125,"column":4},"end":{"line":125,"column":57}},"34":{"start":{"line":126,"column":4},"end":{"line":126,"column":81}},"35":{"start":{"line":135,"column":2},"end":{"line":137,"column":3}},"36":{"start":{"line":136,"column":4},"end":{"line":136,"column":80}},"37":{"start":{"line":139,"column":2},"end":{"line":155,"column":3}},"38":{"start":{"line":140,"column":28},"end":{"line":144,"column":15}},"39":{"start":{"line":146,"column":4},"end":{"line":152,"column":7}},"40":{"start":{"line":154,"column":4},"end":{"line":154,"column":54}},"41":{"start":{"line":163,"column":2},"end":{"line":174,"column":3}},"42":{"start":{"line":164,"column":4},"end":{"line":164,"column":67}},"43":{"start":{"line":166,"column":4},"end":{"line":171,"column":7}},"44":{"start":{"line":173,"column":4},"end":{"line":173,"column":54}},"45":{"start":{"line":182,"column":2},"end":{"line":310,"column":3}},"46":{"start":{"line":184,"column":21},"end":{"line":192,"column":5}},"47":{"start":{"line":195,"column":4},"end":{"line":202,"column":5}},"48":{"start":{"line":196,"column":6},"end":{"line":201,"column":7}},"49":{"start":{"line":197,"column":8},"end":{"line":197,"column":64}},"50":{"start":{"line":198,"column":8},"end":{"line":198,"column":33}},"51":{"start":{"line":200,"column":8},"end":{"line":200,"column":60}},"52":{"start":{"line":205,"column":4},"end":{"line":215,"column":5}},"53":{"start":{"line":206,"column":6},"end":{"line":214,"column":7}},"54":{"start":{"line":207,"column":8},"end":{"line":210,"column":11}},"55":{"start":{"line":211,"column":8},"end":{"line":211,"column":31}},"56":{"start":{"line":213,"column":8},"end":{"line":213,"column":58}},"57":{"start":{"line":218,"column":4},"end":{"line":227,"column":5}},"58":{"start":{"line":219,"column":6},"end":{"line":226,"column":7}},"59":{"start":{"line":220,"column":8},"end":{"line":222,"column":11}},"60":{"start":{"line":223,"column":8},"end":{"line":223,"column":35}},"61":{"start":{"line":225,"column":8},"end":{"line":225,"column":62}},"62":{"start":{"line":230,"column":4},"end":{"line":230,"column":48}},"63":{"start":{"line":231,"column":4},"end":{"line":231,"column":46}},"64":{"start":{"line":234,"column":4},"end":{"line":234,"column":41}},"65":{"start":{"line":237,"column":4},"end":{"line":237,"column":94}},"66":{"start":{"line":240,"column":4},"end":{"line":263,"column":5}},"67":{"start":{"line":241,"column":6},"end":{"line":260,"column":7}},"68":{"start":{"line":243,"column":31},"end":{"line":243,"column":86}},"69":{"start":{"line":244,"column":32},"end":{"line":251,"column":10}},"70":{"start":{"line":253,"column":8},"end":{"line":257,"column":9}},"71":{"start":{"line":254,"column":10},"end":{"line":254,"column":92}},"72":{"start":{"line":256,"column":10},"end":{"line":256,"column":80}},"73":{"start":{"line":259,"column":8},"end":{"line":259,"column":89}},"74":{"start":{"line":262,"column":6},"end":{"line":262,"column":71}},"75":{"start":{"line":266,"column":4},"end":{"line":266,"column":50}},"76":{"start":{"line":268,"column":4},"end":{"line":306,"column":7}},"77":{"start":{"line":308,"column":4},"end":{"line":308,"column":46}},"78":{"start":{"line":309,"column":4},"end":{"line":309,"column":63}},"79":{"start":{"line":313,"column":0},"end":{"line":320,"column":2}}},"fnMap":{"0":{"name":"debugUser","decl":{"start":{"line":30,"column":15},"end":{"line":30,"column":24}},"loc":{"start":{"line":30,"column":35},"end":{"line":71,"column":1}},"line":30},"1":{"name":"testOpenAI","decl":{"start":{"line":77,"column":15},"end":{"line":77,"column":25}},"loc":{"start":{"line":77,"column":36},"end":{"line":102,"column":1}},"line":77},"2":{"name":"processQueue","decl":{"start":{"line":108,"column":15},"end":{"line":108,"column":27}},"loc":{"start":{"line":108,"column":38},"end":{"line":128,"column":1}},"line":108},"3":{"name":"testTranscriptionQueue","decl":{"start":{"line":134,"column":15},"end":{"line":134,"column":37}},"loc":{"start":{"line":134,"column":48},"end":{"line":156,"column":1}},"line":134},"4":{"name":"testProcessTranscriptionQueue","decl":{"start":{"line":162,"column":15},"end":{"line":162,"column":44}},"loc":{"start":{"line":162,"column":55},"end":{"line":175,"column":1}},"line":162},"5":{"name":"getHealth","decl":{"start":{"line":181,"column":15},"end":{"line":181,"column":24}},"loc":{"start":{"line":181,"column":35},"end":{"line":311,"column":1}},"line":181}},"branchMap":{"0":{"loc":{"start":{"line":17,"column":0},"end":{"line":24,"column":1}},"type":"if","locations":[{"start":{"line":17,"column":0},"end":{"line":24,"column":1}},{"start":{},"end":{}}],"line":17},"1":{"loc":{"start":{"line":17,"column":4},"end":{"line":17,"column":53}},"type":"binary-expr","locations":[{"start":{"line":17,"column":4},"end":{"line":17,"column":23}},{"start":{"line":17,"column":27},"end":{"line":17,"column":53}}],"line":17},"2":{"loc":{"start":{"line":31,"column":2},"end":{"line":33,"column":3}},"type":"if","locations":[{"start":{"line":31,"column":2},"end":{"line":33,"column":3}},{"start":{},"end":{}}],"line":31},"3":{"loc":{"start":{"line":46,"column":4},"end":{"line":48,"column":5}},"type":"if","locations":[{"start":{"line":46,"column":4},"end":{"line":48,"column":5}},{"start":{},"end":{}}],"line":46},"4":{"loc":{"start":{"line":47,"column":55},"end":{"line":47,"column":95}},"type":"binary-expr","locations":[{"start":{"line":47,"column":55},"end":{"line":47,"column":74}},{"start":{"line":47,"column":78},"end":{"line":47,"column":95}}],"line":47},"5":{"loc":{"start":{"line":98,"column":13},"end":{"line":98,"column":50}},"type":"binary-expr","locations":[{"start":{"line":98,"column":13},"end":{"line":98,"column":33}},{"start":{"line":98,"column":37},"end":{"line":98,"column":50}}],"line":98},"6":{"loc":{"start":{"line":111,"column":2},"end":{"line":113,"column":3}},"type":"if","locations":[{"start":{"line":111,"column":2},"end":{"line":113,"column":3}},{"start":{},"end":{}}],"line":111},"7":{"loc":{"start":{"line":135,"column":2},"end":{"line":137,"column":3}},"type":"if","locations":[{"start":{"line":135,"column":2},"end":{"line":137,"column":3}},{"start":{},"end":{}}],"line":135},"8":{"loc":{"start":{"line":148,"column":13},"end":{"line":148,"column":23}},"type":"binary-expr","locations":[{"start":{"line":148,"column":13},"end":{"line":148,"column":17}},{"start":{"line":148,"column":21},"end":{"line":148,"column":23}}],"line":148},"9":{"loc":{"start":{"line":195,"column":4},"end":{"line":202,"column":5}},"type":"if","locations":[{"start":{"line":195,"column":4},"end":{"line":202,"column":5}},{"start":{},"end":{}}],"line":195},"10":{"loc":{"start":{"line":205,"column":4},"end":{"line":215,"column":5}},"type":"if","locations":[{"start":{"line":205,"column":4},"end":{"line":215,"column":5}},{"start":{},"end":{}}],"line":205},"11":{"loc":{"start":{"line":218,"column":4},"end":{"line":227,"column":5}},"type":"if","locations":[{"start":{"line":218,"column":4},"end":{"line":227,"column":5}},{"start":{},"end":{}}],"line":218},"12":{"loc":{"start":{"line":237,"column":25},"end":{"line":237,"column":92}},"type":"binary-expr","locations":[{"start":{"line":237,"column":25},"end":{"line":237,"column":54}},{"start":{"line":237,"column":58},"end":{"line":237,"column":92}}],"line":237},"13":{"loc":{"start":{"line":240,"column":4},"end":{"line":263,"column":5}},"type":"if","locations":[{"start":{"line":240,"column":4},"end":{"line":263,"column":5}},{"start":{"line":261,"column":11},"end":{"line":263,"column":5}}],"line":240},"14":{"loc":{"start":{"line":253,"column":8},"end":{"line":257,"column":9}},"type":"if","locations":[{"start":{"line":253,"column":8},"end":{"line":257,"column":9}},{"start":{"line":255,"column":15},"end":{"line":257,"column":9}}],"line":253}},"s":{"0":0,"1":0,"2":0,"3":0,"4":0,"5":0,"6":0,"7":0,"8":0,"9":0,"10":0,"11":0,"12":0,"13":0,"14":0,"15":0,"16":0,"17":0,"18":0,"19":0,"20":0,"21":0,"22":0,"23":0,"24":0,"25":0,"26":0,"27":0,"28":0,"29":0,"30":0,"31":0,"32":0,"33":0,"34":0,"35":0,"36":0,"37":0,"38":0,"39":0,"40":0,"41":0,"42":0,"43":0,"44":0,"45":0,"46":0,"47":0,"48":0,"49":0,"50":0,"51":0,"52":0,"53":0,"54":0,"55":0,"56":0,"57":0,"58":0,"59":0,"60":0,"61":0,"62":0,"63":0,"64":0,"65":0,"66":0,"67":0,"68":0,"69":0,"70":0,"71":0,"72":0,"73":0,"74":0,"75":0,"76":0,"77":0,"78":0,"79":0},"f":{"0":0,"1":0,"2":0,"3":0,"4":0,"5":0},"b":{"0":[0,0],"1":[0,0],"2":[0,0],"3":[0,0],"4":[0,0],"5":[0,0],"6":[0,0],"7":[0,0],"8":[0,0],"9":[0,0],"10":[0,0],"11":[0,0],"12":[0,0],"13":[0,0],"14":[0,0]}}
,"/home/runner/workspace/src/controllers/emergency.controller.js": {"path":"/home/runner/workspace/src/controllers/emergency.controller.js","statementMap":{"0":{"start":{"line":7,"column":27},"end":{"line":7,"column":57}},"1":{"start":{"line":8,"column":22},"end":{"line":8,"column":50}},"2":{"start":{"line":9,"column":15},"end":{"line":9,"column":41}},"3":{"start":{"line":10,"column":15},"end":{"line":10,"column":35}},"4":{"start":{"line":11,"column":20},"end":{"line":11,"column":54}},"5":{"start":{"line":12,"column":25},"end":{"line":12,"column":57}},"6":{"start":{"line":15,"column":15},"end":{"line":15,"column":19}},"7":{"start":{"line":16,"column":0},"end":{"line":23,"column":1}},"8":{"start":{"line":17,"column":2},"end":{"line":22,"column":5}},"9":{"start":{"line":30,"column":2},"end":{"line":32,"column":3}},"10":{"start":{"line":31,"column":4},"end":{"line":31,"column":80}},"11":{"start":{"line":34,"column":2},"end":{"line":104,"column":3}},"12":{"start":{"line":35,"column":23},"end":{"line":35,"column":33}},"13":{"start":{"line":37,"column":23},"end":{"line":37,"column":45}},"14":{"start":{"line":38,"column":4},"end":{"line":40,"column":5}},"15":{"start":{"line":39,"column":6},"end":{"line":39,"column":70}},"16":{"start":{"line":42,"column":4},"end":{"line":42,"column":58}},"17":{"start":{"line":44,"column":28},"end":{"line":48,"column":15}},"18":{"start":{"line":50,"column":4},"end":{"line":53,"column":5}},"19":{"start":{"line":51,"column":6},"end":{"line":51,"column":63}},"20":{"start":{"line":52,"column":6},"end":{"line":52,"column":69}},"21":{"start":{"line":55,"column":4},"end":{"line":57,"column":5}},"22":{"start":{"line":56,"column":6},"end":{"line":56,"column":69}},"23":{"start":{"line":60,"column":24},"end":{"line":60,"column":53}},"24":{"start":{"line":61,"column":4},"end":{"line":69,"column":5}},"25":{"start":{"line":63,"column":6},"end":{"line":68,"column":7}},"26":{"start":{"line":64,"column":22},"end":{"line":64,"column":80}},"27":{"start":{"line":64,"column":68},"end":{"line":64,"column":79}},"28":{"start":{"line":65,"column":8},"end":{"line":65,"column":90}},"29":{"start":{"line":67,"column":8},"end":{"line":67,"column":47}},"30":{"start":{"line":71,"column":21},"end":{"line":71,"column":88}},"31":{"start":{"line":73,"column":4},"end":{"line":76,"column":12}},"32":{"start":{"line":78,"column":4},"end":{"line":88,"column":5}},"33":{"start":{"line":79,"column":6},"end":{"line":79,"column":69}},"34":{"start":{"line":80,"column":6},"end":{"line":87,"column":9}},"35":{"start":{"line":90,"column":4},"end":{"line":90,"column":90}},"36":{"start":{"line":92,"column":4},"end":{"line":99,"column":7}},"37":{"start":{"line":102,"column":4},"end":{"line":102,"column":64}},"38":{"start":{"line":103,"column":4},"end":{"line":103,"column":79}},"39":{"start":{"line":112,"column":2},"end":{"line":114,"column":3}},"40":{"start":{"line":113,"column":4},"end":{"line":113,"column":80}},"41":{"start":{"line":116,"column":2},"end":{"line":173,"column":3}},"42":{"start":{"line":117,"column":23},"end":{"line":117,"column":33}},"43":{"start":{"line":118,"column":33},"end":{"line":118,"column":41}},"44":{"start":{"line":120,"column":23},"end":{"line":120,"column":45}},"45":{"start":{"line":121,"column":4},"end":{"line":123,"column":5}},"46":{"start":{"line":122,"column":6},"end":{"line":122,"column":70}},"47":{"start":{"line":125,"column":4},"end":{"line":127,"column":5}},"48":{"start":{"line":126,"column":6},"end":{"line":126,"column":89}},"49":{"start":{"line":129,"column":23},"end":{"line":129,"column":42}},"50":{"start":{"line":130,"column":4},"end":{"line":132,"column":5}},"51":{"start":{"line":131,"column":6},"end":{"line":131,"column":81}},"52":{"start":{"line":134,"column":4},"end":{"line":134,"column":58}},"53":{"start":{"line":136,"column":28},"end":{"line":144,"column":15}},"54":{"start":{"line":146,"column":4},"end":{"line":149,"column":5}},"55":{"start":{"line":147,"column":6},"end":{"line":147,"column":63}},"56":{"start":{"line":148,"column":6},"end":{"
[...]
:{"line":192,"column":6},"end":{"line":192,"column":16}},"87":{"start":{"line":196,"column":2},"end":{"line":196,"column":49}},"88":{"start":{"line":197,"column":2},"end":{"line":197,"column":13}},"89":{"start":{"line":204,"column":13},"end":{"line":204,"column":40}},"90":{"start":{"line":205,"column":2},"end":{"line":211,"column":3}},"91":{"start":{"line":206,"column":4},"end":{"line":210,"column":5}},"92":{"start":{"line":207,"column":6},"end":{"line":207,"column":36}},"93":{"start":{"line":209,"column":6},"end":{"line":209,"column":64}},"94":{"start":{"line":218,"column":2},"end":{"line":228,"column":3}},"95":{"start":{"line":219,"column":4},"end":{"line":227,"column":7}},"96":{"start":{"line":220,"column":6},"end":{"line":226,"column":7}},"97":{"start":{"line":221,"column":8},"end":{"line":225,"column":9}},"98":{"start":{"line":222,"column":10},"end":{"line":222,"column":40}},"99":{"start":{"line":224,"column":10},"end":{"line":224,"column":60}},"100":{"start":{"line":236,"column":2},"end":{"line":238,"column":3}},"101":{"start":{"line":237,"column":4},"end":{"line":237,"column":60}},"102":{"start":{"line":241,"column":2},"end":{"line":241,"column":41}},"103":{"start":{"line":244,"column":21},"end":{"line":244,"column":55}},"104":{"start":{"line":245,"column":2},"end":{"line":247,"column":3}},"105":{"start":{"line":246,"column":4},"end":{"line":246,"column":53}},"106":{"start":{"line":254,"column":2},"end":{"line":301,"column":3}},"107":{"start":{"line":255,"column":61},"end":{"line":255,"column":68}},"108":{"start":{"line":258,"column":4},"end":{"line":267,"column":5}},"109":{"start":{"line":259,"column":6},"end":{"line":259,"column":43}},"110":{"start":{"line":260,"column":6},"end":{"line":260,"column":66}},"111":{"start":{"line":261,"column":6},"end":{"line":261,"column":31}},"112":{"start":{"line":262,"column":6},"end":{"line":262,"column":50}},"113":{"start":{"line":263,"column":11},"end":{"line":267,"column":5}},"114":{"start":{"line":264,"column":6},"end":{"line":264,"column":39}},"115":{"start":{"line":265,"column":6},"end":{"line":265,"column":50}},"116":{"start":{"line":266,"column":6},"end":{"line":266,"column":29}},"117":{"start":{"line":269,"column":4},"end":{"line":288,"column":5}},"118":{"start":{"line":270,"column":6},"end":{"line":277,"column":7}},"119":{"start":{"line":271,"column":8},"end":{"line":276,"column":11}},"120":{"start":{"line":279,"column":6},"end":{"line":287,"column":9}},"121":{"start":{"line":290,"column":4},"end":{"line":298,"column":5}},"122":{"start":{"line":291,"column":6},"end":{"line":297,"column":9}},"123":{"start":{"line":300,"column":4},"end":{"line":300,"column":72}},"124":{"start":{"line":308,"column":2},"end":{"line":340,"column":3}},"125":{"start":{"line":309,"column":33},"end":{"line":309,"column":40}},"126":{"start":{"line":310,"column":19},"end":{"line":310,"column":46}},"127":{"start":{"line":311,"column":20},"end":{"line":311,"column":44}},"128":{"start":{"line":313,"column":4},"end":{"line":320,"column":5}},"129":{"start":{"line":314,"column":6},"end":{"line":319,"column":9}},"130":{"start":{"line":322,"column":4},"end":{"line":330,"column":5}},"131":{"start":{"line":323,"column":6},"end":{"line":329,"column":9}},"132":{"start":{"line":332,"column":4},"end":{"line":337,"column":5}},"133":{"start":{"line":333,"column":6},"end":{"line":336,"column":9}},"134":{"start":{"line":339,"column":4},"end":{"line":339,"column":66}},"135":{"start":{"line":347,"column":2},"end":{"line":347,"column":55}},"136":{"start":{"line":354,"column":2},"end":{"line":357,"column":5}},"137":{"start":{"line":364,"column":2},"end":{"line":369,"column":4}},"138":{"start":{"line":376,"column":2},"end":{"line":379,"column":3}},"139":{"start":{"line":377,"column":4},"end":{"line":377,"column":35}},"140":{"start":{"line":378,"column":4},"end":{"line":378,"column":27}},"141":{"start":{"line":381,"column":2},"end":{"line":384,"column":3}},"142":{"start":{"line":382,"column":4},"end":{"line":382,"column":37}},"143":{"start":{"line":383,"column":4},"end":{"line":383,"column":29}},"144":{"start":{"line":386,"column":2},"end":{"line":391,"column":3}},"145":{"start":{"line":387,"column":4},"end":{"line":389,"column":7}},"146":{"start":{"line":388,"column":6},"end":{"line":388,"column":45}},"147":{"start":{"line":390,"column":4},"end":{"line":390,"column":15}},"148":{"start":{"line":394,"column":2},"end":{"line":394,"column":25}},"149":{"start":{"line":395,"column":2},"end":{"line":395,"column":23}},"150":{"start":{"line":396,"column":2},"end":{"line":396,"column":32}},"151":{"start":{"line":399,"column":0},"end":{"line":410,"column":2}}},"fnMap":{"0":{"name":"initializeWebSocket","decl":{"start":{"line":28,"column":9},"end":{"line":28,"column":28}},"loc":{"start":{"line":28,"column":37},"end":{"line":198,"column":1}},"line":28},"1":{"name":"(anonymous_1)","decl":{"start":{"line":37,"column":32},"end":{"line":37,"column":33}},"loc":{"start":{"line":37,"column":38},"end":{"line":71,"column":3}},"line":37},"2":{"name":"(anonymous_2)","decl":{"start":{"line":39,"column":27},"end":{"line":39,"column":28}},"loc":{"start":{"line":39,"column":44},"end":{"line":44,"column":5}},"line":39},"3":{"name":"(anonymous_3)","decl":{"start":{"line":46,"column":25},"end":{"line":46,"column":26}},"loc":{"start":{"line":46,"column":45},"end":{"line":55,"column":5}},"line":46},"4":{"name":"(anonymous_4)","decl":{"start":{"line":47,"column":54},"end":{"line":47,"column":55}},"loc":{"start":{"line":47,"column":60},"end":{"line":47,"column":92}},"line":47},"5":{"name":"(anonymous_5)","decl":{"start":{"line":61,"column":34},"end":{"line":61,"column":35}},"loc":{"start":{"line":61,"column":55},"end":{"line":66,"column":5}},"line":61},"6":{"name":"(anonymous_6)","decl":{"start":{"line":74,"column":23},"end":{"line":74,"column":24}},"loc":{"start":{"line":74,"column":50},"end":{"line":78,"column":3}},"line":74},"7":{"name":"(anonymous_7)","decl":{"start":{"line":75,"column":45},"end":{"line":75,"column":46}},"loc":{"start":{"line":75,"column":53},"end":{"line":77,"column":5}},"line":75},"8":{"name":"(anonymous_8)","decl":{"start":{"line":81,"column":23},"end":{"line":81,"column":24}},"loc":{"start":{"line":81,"column":31},"end":{"line":182,"column":3}},"line":81},"9":{"name":"(anonymous_9)","decl":{"start":{"line":85,"column":18},"end":{"line":85,"column":19}},"loc":{"start":{"line":85,"column":24},"end":{"line":87,"column":5}},"line":85},"10":{"name":"(anonymous_10)","decl":{"start":{"line":92,"column":21},"end":{"line":92,"column":22}},"loc":{"start":{"line":92,"column":34},"end":{"line":162,"column":5}},"line":92},"11":{"name":"(anonymous_11)","decl":{"start":{"line":164,"column":19},"end":{"line":164,"column":20}},"loc":{"start":{"line":164,"column":25},"end":{"line":177,"column":5}},"line":164},"12":{"name":"(anonymous_12)","decl":{"start":{"line":179,"column":19},"end":{"line":179,"column":20}},"loc":{"start":{"line":179,"column":30},"end":{"line":181,"column":5}},"line":179},"13":{"name":"(anonymous_13)","decl":{"start":{"line":185,"column":34},"end":{"line":185,"column":35}},"loc":{"start":{"line":185,"column":40},"end":{"line":194,"column":3}},"line":185},"14":{"name":"(anonymous_14)","decl":{"start":{"line":186,"column":24},"end":{"line":186,"column":25}},"loc":{"start":{"line":186,"column":32},"end":{"line":193,"column":5}},"line":186},"15":{"name":"sendTranscriptionUpdate","decl":{"start":{"line":203,"column":9},"end":{"line":203,"column":32}},"loc":{"start":{"line":203,"column":48},"end":{"line":212,"column":1}},"line":203},"16":{"name":"broadcastToUser","decl":{"start":{"line":217,"column":9},"end":{"line":217,"column":24}},"loc":{"start":{"line":217,"column":39},"end":{"line":229,"column":1}},"line":217},"17":{"name":"(anonymous_17)","decl":{"start":{"line":219,"column":37},"end":{"line":219,"column":38}},"loc":{"start":{"line":219,"column":43},"end":{"line":227,"column":5}},"line":219},"18":{"name":"broadcastTranscriptionUpdate","decl":{"start":{"line":234,"column":9},"end":{"line":234,"column":37}},"loc":{"start":{"line":234,"column":53},"end":{"line":248,"column":1}},"line":234},"19":{"name":"handleRealtimeTranscriptionUpdate","decl":{"start":{"line":253,"column":9},"end":{"line":253,"column":42}},"loc":{"start":{"line":253,"column":52},"end":{"line":302,"column":1}},"line":253},"20":{"name":"handleRealtimeSummaryUpdate","decl":{"start":{"line":307,"column":9},"end":{"line":307,"column":36}},"loc":{"start":{"line":307,"column":46},"end":{"line":341,"column":1}},"line":307},"21":{"name":"getTranscriptionStatus","decl":{"start":{"line":346,"column":9},"end":{"line":346,"column":31}},"loc":{"start":{"line":346,"column":41},"end":{"line":348,"column":1}},"line":346},"22":{"name":"setTranscriptionStatus","decl":{"start":{"line":353,"column":9},"end":{"line":353,"column":31}},"loc":{"start":{"line":353,"column":49},"end":{"line":358,"column":1}},"line":353},"23":{"name":"getWebSocketStats","decl":{"start":{"line":363,"column":9},"end":{"line":363,"column":26}},"loc":{"start":{"line":363,"column":29},"end":{"line":370,"column":1}},"line":363},"24":{"name":"closeWebSocket","decl":{"start":{"line":375,"column":9},"end":{"line":375,"column":23}},"loc":{"start":{"line":375,"column":26},"end":{"line":397,"column":1}},"line":375},"25":{"name":"(anonymous_25)","decl":{"start":{"line":387,"column":14},"end":{"line":387,"column":15}},"loc":{"start":{"line":387,"column":20},"end":{"line":389,"column":5}},"line":387}},"branchMap":{"0":{"loc":{"start":{"line":40,"column":6},"end":{"line":43,"column":7}},"type":"if","locations":[{"start":{"line":40,"column":6},"end":{"line":43,"column":7}},{"start":{},"end":{}}],"line":40},"1":{"loc":{"start":{"line":48,"column":6},"end":{"line":51,"column":7}},"type":"if","locations":[{"start":{"line":48,"column":6},"end":{"line":51,"column":7}},{"start":{},"end":{}}],"line":48},"2":{"loc":{"start":{"line":52,"column":6},"end":{"line":54,"column":7}},"type":"if","locations":[{"start":{"line":52,"column":6},"end":{"line":54,"column":7}},{"start":{},"end":{}}],"line":52},"3":{"loc":{"start":{"line":62,"column":6},"end":{"line":65,"column":7}},"type":"if","locations":[{"start":{"line":62,"column":6},"end":{"line":65,"column":7}},{"start":{},"end":{}}],"line":62},"4":{"loc":{"start":{"line":62,"column":10},"end":{"line":62,"column":59}},"type":"binary-expr","locations":[{"start":{"line":62,"column":10},"end":{"line":62,"column":26}},{"start":{"line":62,"column":30},"end":{"line":62,"column":59}}],"line":62},"5":{"loc":{"start":{"line":68,"column":4},"end":{"line":70,"column":5}},"type":"if","locations":[{"start":{"line":68,"column":4},"end":{"line":70,"column":5}},{"start":{},"end":{}}],"line":68},"6":{"loc":{"start":{"line":101,"column":8},"end":{"line":154,"column":9}},"type":"switch","locations":[{"start":{"line":102,"column":10},"end":{"line":125,"column":18}},{"start":{"line":127,"column":10},"end":{"line":142,"column":18}},{"start":{"line":144,"column":10},"end":{"line":146,"column":18}},{"start":{"line":148,"column":10},"end":{"line":153,"column":16}}],"line":101},"7":{"loc":{"start":{"line":103,"column":12},"end":{"line":111,"column":13}},"type":"if","locations":[{"start":{"line":103,"column":12},"end":{"line":111,"column":13}},{"start":{},"end":{}}],"line":103},"8":{"loc":{"start":{"line":113,"column":12},"end":{"line":124,"column":13}},"type":"if","locations":[{"start":{"line":113,"column":12},"end":{"line":124,"column":13}},{"start":{},"end":{}}],"line":113},"9":{"loc":{"start":{"line":114,"column":14},"end":{"line":116,"column":15}},"type":"if","locations":[{"start":{"line":114,"column":14},"end":{"line":116,"column":15}},{"start":{},"end":{}}],"line":114},"10":{"loc":{"start":{"line":128,"column":12},"end":{"line":134,"column":13}},"type":"if","locations":[{"start":{"line":128,"column":12},"end":{"line":134,"column":13}},{"start":{},"end":{}}],"line":128},"11":{"loc":{"start":{"line":128,"column":16},"end":{"line":128,"column":64}},"type":"binary-expr","locations":[{"start":{"line":128,"column":16},"end":{"line":128,"column":28}},{"start":{"line":128,"column":32},"end":{"line":128,"column":64}}],"line":128},"12":{"loc":{"start":{"line":135,"column":12},"end":{"line":141,"column":13}},"type":"if","locations":[{"start":{"line":135,"column":12},"end":{"line":141,"column":13}},{"start":{},"end":{}}],"line":135},"13":{"loc":{"start":{"line":135,"column":16},"end":{"line":135,"column":60}},"type":"binary-expr","locations":[{"start":{"line":135,"column":16},"end":{"line":135,"column":27}},{"start":{"line":135,"column":31},"end":{"line":135,"column":60}}],"line":135},"14":{"loc":{"start":{"line":171,"column":6},"end":{"line":173,"column":7}},"type":"if","locations":[{"start":{"line":171,"column":6},"end":{"line":173,"column":7}},{"start":{},"end":{}}],"line":171},"15":{"loc":{"start":{"line":174,"column":6},"end":{"line":176,"column":7}},"type":"if","locations":[{"start":{"line":174,"column":6},"end":{"line":176,"column":7}},{"start":{},"end":{}}],"line":174},"16":{"loc":{"start":{"line":174,"column":10},"end":{"line":174,"column":50}},"type":"binary-expr","locations":[{"start":{"line":174,"column":10},"end":{"line":174,"column":19}},{"start":{"line":174,"column":23},"end":{"line":174,"column":50}}],"line":174},"17":{"loc":{"start":{"line":187,"column":6},"end":{"line":190,"column":7}},"type":"if","locations":[{"start":{"line":187,"column":6},"end":{"line":190,"column":7}},{"start":{},"end":{}}],"line":187},"18":{"loc":{"start":{"line":205,"column":2},"end":{"line":211,"column":3}},"type":"if","locations":[{"start":{"line":205,"column":2},"end":{"line":211,"column":3}},{"start":{},"end":{}}],"line":205},"19":{"loc":{"start":{"line":205,"column":6},"end":{"line":205,"column":44}},"type":"binary-expr","locations":[{"start":{"line":205,"column":6},"end":{"line":205,"column":8}},{"start":{"line":205,"column":12},"end":{"line":205,"column":44}}],"line":205},"20":{"loc":{"start":{"line":218,"column":2},"end":{"line":228,"column":3}},"type":"if","locations":[{"start":{"line":218,"column":2},"end":{"line":228,"column":3}},{"start":{},"end":{}}],"line":218},"21":{"loc":{"start":{"line":220,"column":6},"end":{"line":226,"column":7}},"type":"if","locations":[{"start":{"line":220,"column":6},"end":{"line":226,"column":7}},{"start":{},"end":{}}],"line":220},"22":{"loc":{"start":{"line":236,"column":2},"end":{"line":238,"column":3}},"type":"if","locations":[{"start":{"line":236,"column":2},"end":{"line":238,"column":3}},{"start":{},"end":{}}],"line":236},"23":{"loc":{"start":{"line":245,"column":2},"end":{"line":247,"column":3}},"type":"if","locations":[{"start":{"line":245,"column":2},"end":{"line":247,"column":3}},{"start":{},"end":{}}],"line":245},"24":{"loc":{"start":{"line":258,"column":4},"end":{"line":267,"column":5}},"type":"if","locations":[{"start":{"line":258,"column":4},"end":{"line":267,"column":5}},{"start":{"line":263,"column":11},"end":{"line":267,"column":5}}],"line":258},"25":{"loc":{"start":{"line":259,"column":16},"end":{"line":259,"column":42}},"type":"binary-expr","locations":[{"start":{"line":259,"column":16},"end":{"line":259,"column":27}},{"start":{"line":259,"column":31},"end":{"line":259,"column":42}}],"line":259},"26":{"loc":{"start":{"line":260,"column":15},"end":{"line":260,"column":65}},"type":"binary-expr","locations":[{"start":{"line":260,"column":15},"end":{"line":260,"column":38}},{"start":{"line":260,"column":42},"end":{"line":260,"column":65}}],"line":260},"27":{"loc":{"start":{"line":263,"column":11},"end":{"line":267,"column":5}},"type":"if","locations":[{"start":{"line":263,"column":11},"end":{"line":267,"column":5}},{"start":{},"end":{}}],"line":263},"28":{"loc":{"start":{"line":269,"column":4},"end":{"line":288,"column":5}},"type":"if","locations":[{"start":{"line":269,"column":4},"end":{"line":288,"column":5}},{"start":{},"end":{}}],"line":269},"29":{"loc":{"start":{"line":270,"column":6},"end":{"line":277,"column":7}},"type":"if","locations":[{"start":{"line":270,"column":6},"end":{"line":277,"column":7}},{"start":{},"end":{}}],"line":270},"30":{"loc":{"start":{"line":274,"column":25},"end":{"line":274,"column":90}},"type":"binary-expr","locations":[{"start":{"line":274,"column":25},"end":{"line":274,"column":38}},{"start":{"line":274,"column":42},"end":{"line":274,"column":90}}],"line":274},"31":{"loc":{"start":{"line":290,"column":4},"end":{"line":298,"column":5}},"type":"if","locations":[{"start":{"line":290,"column":4},"end":{"line":298,"column":5}},{"start":{},"end":{}}],"line":290},"32":{"loc":{"start":{"line":313,"column":4},"end":{"line":320,"column":5}},"type":"if","locations":[{"start":{"line":313,"column":4},"end":{"line":320,"column":5}},{"start":{},"end":{}}],"line":313},"33":{"loc":{"start":{"line":313,"column":8},"end":{"line":313,"column":53}},"type":"binary-expr","locations":[{"start":{"line":313,"column":8},"end":{"line":313,"column":15}},{"start":{"line":313,"column":19},"end":{"line":313,"column":53}}],"line":313},"34":{"loc":{"start":{"line":322,"column":4},"end":{"line":330,"column":5}},"type":"if","locations":[{"start":{"line":322,"column":4},"end":{"line":330,"column":5}},{"start":{},"end":{}}],"line":322},"35":{"loc":{"start":{"line":332,"column":4},"end":{"line":337,"column":5}},"type":"if","locations":[{"start":{"line":332,"column":4},"end":{"line":337,"column":5}},{"start":{},"end":{}}],"line":332},"36":{"loc":{"start":{"line":365,"column":22},"end":{"line":365,"column":48}},"type":"cond-expr","locations":[{"start":{"line":365,"column":28},"end":{"line":365,"column":44}},{"start":{"line":365,"column":47},"end":{"line":365,"column":48}}],"line":365},"37":{"loc":{"start":{"line":376,"column":2},"end":{"line":379,"column":3}},"type":"if","locations":[{"start":{"line":376,"column":2},"end":{"line":379,"column":3}},{"start":{},"end":{}}],"line":376},"38":{"loc":{"start":{"line":381,"column":2},"end":{"line":384,"column":3}},"type":"if","locations":[{"start":{"line":381,"column":2},"end":{"line":384,"column":3}},{"start":{},"end":{}}],"line":381},"39":{"loc":{"start":{"line":386,"column":2},"end":{"line":391,"column":3}},"type":"if","locations":[{"start":{"line":386,"column":2},"end":{"line":391,"column":3}},{"start":{},"end":{}}],"line":386}},"s":{"0":0,"1":0,"2":0,"3":0,"4":0,"5":0,"6":0,"7":0,"8":0,"9":0,"10":0,"11":0,"12":0,"13":0,"14":0,"15":0,"16":0,"17":0,"18":0,"19":0,"20":0,"21":0,"22":0,"23":0,"24":0,"25":0,"26":0,"27":0,"28":0,"29":0,"30":0,"31":0,"32":0,"33":0,"34":0,"35":0,"36":0,"37":0,"38":0,"39":0,"40":0,"41":0,"42":0,"43":0,"44":0,"45":0,"46":0,"47":0,"48":0,"49":0,"50":0,"51":0,"52":0,"53":0,"54":0,"55":0,"56":0,"57":0,"58":0,"59":0,"60":0,"61":0,"62":0,"63":0,"64":0,"65":0,"66":0,"67":0,"68":0,"69":0,"70":0,"71":0,"72":0,"73":0,"74":0,"75":0,"76":0,"77":0,"78":0,"79":0,"80":0,"81":0,"82":0,"83":0,"84":0,"85":0,"86":0,"87":0,"88":0,"89":0,"90":0,"91":0,"92":0,"93":0,"94":0,"95":0,"96":0,"97":0,"98":0,"99":0,"100":0,"101":0,"102":0,"103":0,"104":0,"105":0,"106":0,"107":0,"108":0,"109":0,"110":0,"111":0,"112":0,"113":0,"114":0,"115":0,"116":0,"117":0,"118":0,"119":0,"120":0,"121":0,"122":0,"123":0,"124":0,"125":0,"126":0,"127":0,"128":0,"129":0,"130":0,"131":0,"132":0,"133":0,"134":0,"135":0,"136":0,"137":0,"138":0,"139":0,"140":0,"141":0,"142":0,"143":0,"144":0,"145":0,"146":0,"147":0,"148":0,"149":0,"150":0,"151":0},"f":{"0":0,"1":0,"2":0,"3":0,"4":0,"5":0,"6":0,"7":0,"8":0,"9":0,"10":0,"11":0,"12":0,"13":0,"14":0,"15":0,"16":0,"17":0,"18":0,"19":0,"20":0,"21":0,"22":0,"23":0,"24":0,"25":0},"b":{"0":[0,0],"1":[0,0],"2":[0,0],"3":[0,0],"4":[0,0],"5":[0,0],"6":[0,0,0,0],"7":[0,0],"8":[0,0],"9":[0,0],"10":[0,0],"11":[0,0],"12":[0,0],"13":[0,0],"14":[0,0],"15":[0,0],"16":[0,0],"17":[0,0],"18":[0,0],"19":[0,0],"20":[0,0],"21":[0,0],"22":[0,0],"23":[0,0],"24":[0,0],"25":[0,0],"26":[0,0],"27":[0,0],"28":[0,0],"29":[0,0],"30":[0,0],"31":[0,0],"32":[0,0],"33":[0,0],"34":[0,0],"35":[0,0],"36":[0,0],"37":[0,0],"38":[0,0],"39":[0,0]}}
}
