TN:
SF:src/app.js
FN:67,createApp
FN:84,(anonymous_1)
FN:94,(anonymous_2)
FN:109,(anonymous_3)
FN:123,(anonymous_4)
FN:127,(anonymous_5)
FN:149,(anonymous_6)
FN:153,(anonymous_7)
FN:161,(anonymous_8)
FN:167,(anonymous_9)
FN:171,(anonymous_10)
FN:175,(anonymous_11)
FN:179,(anonymous_12)
FN:183,(anonymous_13)
FN:187,(anonymous_14)
FN:191,(anonymous_15)
FN:195,(anonymous_16)
FN:199,(anonymous_17)
FN:203,(anonymous_18)
FN:207,(anonymous_19)
FN:211,(anonymous_20)
FN:219,(anonymous_21)
FN:223,(anonymous_22)
FN:228,(anonymous_23)
FN:233,(anonymous_24)
FN:238,(anonymous_25)
FN:244,(anonymous_26)
FN:270,(anonymous_27)
FN:291,initSupabase
FN:319,testSupabaseConnection
FN:345,initializeRealtime
FN:356,(anonymous_31)
FN:363,(anonymous_32)
FN:375,(anonymous_33)
FN:463,testExternalServices
FN:474,(anonymous_35)
FN:475,(anonymous_36)
FN:486,(anonymous_37)
FN:487,(anonymous_38)
FN:505,(anonymous_39)
FN:506,(anonymous_40)
FN:521,checkSharedKey
FN:567,(anonymous_42)
FN:585,(anonymous_43)
FN:593,(anonymous_44)
FN:600,(anonymous_45)
FN:618,(anonymous_46)
FN:640,(anonymous_47)
FN:672,(anonymous_48)
FNF:49
FNH:0
FNDA:0,createApp
FNDA:0,(anonymous_1)
FNDA:0,(anonymous_2)
FNDA:0,(anonymous_3)
FNDA:0,(anonymous_4)
FNDA:0,(anonymous_5)
FNDA:0,(anonymous_6)
FNDA:0,(anonymous_7)
FNDA:0,(anonymous_8)
FNDA:0,(anonymous_9)
FNDA:0,(anonymous_10)
FNDA:0,(anonymous_11)
FNDA:0,(anonymous_12)
FNDA:0,(anonymous_13)
FNDA:0,(anonymous_14)
FNDA:0,(anonymous_15)
FNDA:0,(anonymous_16)
FNDA:0,(anonymous_17)
FNDA:0,(anonymous_18)
FNDA:0,(anonymous_19)
FNDA:0,(anonymous_20)
FNDA:0,(anonymous_21)
FNDA:0,(anonymous_22)
FNDA:0,(anonymous_23)
FNDA:0,(anonymous_24)
FNDA:0,(anonymous_25)
FNDA:0,(anonymous_26)
FNDA:0,(anonymous_27)
FNDA:0,initSupabase
FNDA:0,testSupabaseConnection
FNDA:0,initializeRealtime
FNDA:0,(anonymous_31)
FNDA:0,(anonymous_32)
FNDA:0,(anonymous_33)
FNDA:0,testExternalServices
FNDA:0,(anonymous_35)
FNDA:0,(anonymous_36)
FNDA:0,(anonymous_37)
FNDA:0,(anonymous_38)
FNDA:0,(anonymous_39)
FNDA:0,(anonymous_40)
FNDA:0,checkSharedKey
FNDA:0,(anonymous_42)
FNDA:0,(anonymous_43)
FNDA:0,(anonymous_44)
FNDA:0,(anonymous_45)
FNDA:0,(anonymous_46)
FNDA:0,(anonymous_47)
FNDA:0,(anonymous_48)
DA:14,0
DA:15,0
DA:16,0
DA:17,0
DA:18,0
DA:19,0
DA:20,0
DA:21,0
DA:22,0
DA:26,0
DA:27,0
DA:28,0
DA:29,0
DA:32,0
DA:33,0
DA:34,0
DA:35,0
DA:36,0
DA:39,0
DA:40,0
DA:41,0
DA:42,0
DA:43,0
DA:44,0
DA:47,0
DA:48,0
DA:52,0
DA:53,0
DA:54,0
DA:55,0
DA:56,0
DA:57,0
DA:59,0
DA:62,0
DA:68,0
DA:71,0
DA:82,0
DA:86,0
DA:87,0
DA:91,0
DA:95,0
DA:96,0
DA:103,0
DA:104,0
DA:105,0
DA:106,0
DA:109,0
DA:110,0
DA:111,0
DA:112,0
DA:116,0
DA:117,0
DA:118,0
DA:121,0
DA:124,0
DA:127,0
DA:131,0
DA:134,0
DA:145,0
DA:146,0
DA:149,0
DA:150,0
DA:153,0
DA:155,0
DA:156,0
DA:157,0
DA:158,0
DA:161,0
DA:162,0
DA:167,0
DA:168,0
DA:171,0
DA:172,0
DA:175,0
DA:176,0
DA:179,0
DA:180,0
DA:183,0
DA:184,0
DA:187,0
DA:188,0
DA:191,0
DA:192,0
DA:195,0
DA:196,0
DA:199,0
DA:200,0
DA:203,0
DA:204,0
DA:207,0
DA:208,0
DA:211,0
DA:213,0
DA:214,0
DA:215,0
DA:216,0
DA:219,0
DA:220,0
DA:223,0
DA:224,0
DA:228,0
DA:229,0
DA:233,0
DA:234,0
DA:238,0
DA:239,0
DA:244,0
DA:245,0
DA:246,0
DA:247,0
DA:248,0
DA:250,0
DA:255,0
DA:258,0
DA:259,0
DA:260,0
DA:264,0
DA:271,0
DA:277,0
DA:278,0
DA:280,0
DA:287,0
DA:288,0
DA:289,0
DA:292,0
DA:293,0
DA:294,0
DA:297,0
DA:298,0
DA:308,0
DA:309,0
DA:310,0
DA:311,0
DA:314,0
DA:315,0
DA:320,0
DA:321,0
DA:326,0
DA:327,0
DA:328,0
DA:331,0
DA:332,0
DA:333,0
DA:336,0
DA:337,0
DA:340,0
DA:341,0
DA:346,0
DA:348,0
DA:350,0
DA:357,0
DA:364,0
DA:369,0
DA:376,0
DA:380,0
DA:381,0
DA:384,0
DA:390,0
DA:393,0
DA:394,0
DA:395,0
DA:396,0
DA:400,0
DA:401,0
DA:402,0
DA:403,0
DA:404,0
DA:405,0
DA:407,0
DA:408,0
DA:410,0
DA:411,0
DA:413,0
DA:417,0
DA:418,0
DA:419,0
DA:421,0
DA:426,0
DA:427,0
DA:428,0
DA:433,0
DA:439,0
DA:440,0
DA:441,0
DA:442,0
DA:446,0
DA:447,0
DA:448,0
DA:449,0
DA:450,0
DA:451,0
DA:453,0
DA:457,0
DA:458,0
DA:464,0
DA:465,0
DA:468,0
DA:469,0
DA:474,0
DA:475,0
DA:480,0
DA:481,0
DA:486,0
DA:487,0
DA:492,0
DA:493,0
DA:505,0
DA:507,0
DA:508,0
DA:510,0
DA:516,0
DA:522,0
DA:523,0
DA:524,0
DA:526,0
DA:527,0
DA:530,0
DA:531,0
DA:532,0
DA:535,0
DA:540,0
DA:541,0
DA:542,0
DA:543,0
DA:544,0
DA:545,0
DA:546,0
DA:547,0
DA:548,0
DA:549,0
DA:550,0
DA:551,0
DA:564,0
DA:567,0
DA:568,0
DA:581,0
DA:585,0
DA:586,0
DA:593,0
DA:594,0
DA:600,0
DA:601,0
DA:606,0
DA:608,0
DA:618,0
DA:620,0
DA:621,0
DA:627,0
DA:636,0
DA:640,0
DA:641,0
DA:642,0
DA:643,0
DA:644,0
DA:647,0
DA:651,0
DA:652,0
DA:659,0
DA:668,0
DA:672,0
DA:673,0
DA:683,0
DA:688,0
LF:263
LH:0
BRDA:55,0,0,0
BRDA:55,0,1,0
BRDA:111,1,0,0
BRDA:111,1,1,0
BRDA:111,2,0,0
BRDA:111,2,1,0
BRDA:127,3,0,0
BRDA:127,3,1,0
BRDA:245,4,0,0
BRDA:245,4,1,0
BRDA:277,5,0,0
BRDA:277,5,1,0
BRDA:292,6,0,0
BRDA:292,6,1,0
BRDA:292,7,0,0
BRDA:292,7,1,0
BRDA:326,8,0,0
BRDA:326,8,1,0
BRDA:326,9,0,0
BRDA:326,9,1,0
BRDA:331,10,0,0
BRDA:331,10,1,0
BRDA:346,11,0,0
BRDA:346,11,1,0
BRDA:393,12,0,0
BRDA:393,12,1,0
BRDA:402,13,0,0
BRDA:402,13,1,0
BRDA:427,14,0,0
BRDA:427,14,1,0
BRDA:427,15,0,0
BRDA:427,15,1,0
BRDA:439,16,0,0
BRDA:439,16,1,0
BRDA:447,17,0,0
BRDA:447,17,1,0
BRDA:447,18,0,0
BRDA:447,18,1,0
BRDA:450,19,0,0
BRDA:450,19,1,0
BRDA:457,20,0,0
BRDA:457,20,1,0
BRDA:468,21,0,0
BRDA:468,21,1,0
BRDA:480,22,0,0
BRDA:480,22,1,0
BRDA:492,23,0,0
BRDA:492,23,1,0
BRDA:507,24,0,0
BRDA:507,24,1,0
BRDA:523,25,0,0
BRDA:523,25,1,0
BRDA:524,26,0,0
BRDA:524,26,1,0
BRDA:524,26,2,0
BRDA:526,27,0,0
BRDA:526,27,1,0
BRDA:530,28,0,0
BRDA:530,28,1,0
BRDA:603,29,0,0
BRDA:603,29,1,0
BRDA:608,30,0,0
BRDA:608,30,1,0
BRDA:609,31,0,0
BRDA:609,31,1,0
BRDA:620,32,0,0
BRDA:620,32,1,0
BRDA:620,33,0,0
BRDA:620,33,1,0
BRDA:620,33,2,0
BRDA:631,34,0,0
BRDA:631,34,1,0
BRDA:641,35,0,0
BRDA:641,35,1,0
BRDA:642,36,0,0
BRDA:642,36,1,0
BRDA:651,37,0,0
BRDA:651,37,1,0
BRDA:654,38,0,0
BRDA:654,38,1,0
BRDA:664,39,0,0
BRDA:664,39,1,0
BRF:82
BRH:0
end_of_record
TN:
SF:src/credentials.js
FNF:0
FNH:0
LF:0
LH:0
BRF:0
BRH:0
end_of_record
TN:
SF:src/config/constants.js
FNF:0
FNH:0
DA:8,0
LF:1
LH:0
BRF:0
BRH:0
end_of_record
TN:
SF:src/config/index.js
FNF:0
FNH:0
DA:8,0
DA:10,0
LF:2
LH:0
BRDA:15,0,0,0
BRDA:15,0,1,0
BRDA:15,1,0,0
BRDA:15,1,1,0
BRDA:16,2,0,0
BRDA:16,2,1,0
BRDA:17,3,0,0
BRDA:17,3,1,0
BRDA:27,4,0,0
BRDA:27,4,1,0
BRDA:74,5,0,0
BRDA:74,5,1,0
BRDA:80,6,0,0
BRDA:80,6,1,0
BRDA:80,6,2,0
BRDA:83,7,0,0
BRDA:83,7,1,0
BRDA:83,7,2,0
BRDA:91,8,0,0
BRDA:91,8,1,0
BRDA:92,9,0,0
BRDA:92,9,1,0
BRDA:93,10,0,0
BRDA:93,10,1,0
BRDA:93,11,0,0
BRDA:93,11,1,0
BRDA:96,12,0,0
BRDA:96,12,1,0
BRDA:103,13,0,0
BRDA:103,13,1,0
BRDA:111,14,0,0
BRDA:111,14,1,0
BRDA:117,15,0,0
BRDA:117,15,1,0
BRF:34
BRH:0
end_of_record
TN:
SF:src/config/pdfFieldConstants.js
FN:340,(anonymous_0)
FN:341,(anonymous_1)
FN:342,(anonymous_2)
FN:343,(anonymous_3)
FN:344,(anonymous_4)
FN:345,(anonymous_5)
FN:347,(anonymous_6)
FN:361,(anonymous_7)
FN:362,(anonymous_8)
FNF:9
FNH:0
FNDA:0,(anonymous_0)
FNDA:0,(anonymous_1)
FNDA:0,(anonymous_2)
FNDA:0,(anonymous_3)
FNDA:0,(anonymous_4)
FNDA:0,(anonymous_5)
FNDA:0,(anonymous_6)
FNDA:0,(anonymous_7)
FNDA:0,(anonymous_8)
DA:20,0
DA:174,0
DA:307,0
DA:314,0
DA:321,0
DA:322,0
DA:323,0
DA:328,0
DA:340,0
DA:341,0
DA:342,0
DA:343,0
DA:344,0
DA:345,0
DA:347,0
DA:361,0
DA:362,0
DA:381,0
DA:393,0
LF:19
LH:0
BRDA:343,0,0,0
BRDA:343,0,1,0
BRDA:362,1,0,0
BRDA:362,1,1,0
BRF:4
BRH:0
end_of_record
TN:
SF:src/controllers/account.controller.js
FN:23,deleteAccount
FN:132,(anonymous_1)
FNF:2
FNH:0
FNDA:0,deleteAccount
FNDA:0,(anonymous_1)
DA:1,0
DA:2,0
DA:3,0
DA:6,0
DA:7,0
DA:8,0
DA:10,0
DA:11,0
DA:24,0
DA:26,0
DA:28,0
DA:29,0
DA:35,0
DA:36,0
DA:37,0
DA:42,0
DA:46,0
DA:51,0
DA:52,0
DA:53,0
DA:58,0
DA:59,0
DA:64,0
DA:66,0
DA:71,0
DA:72,0
DA:74,0
DA:78,0
DA:83,0
DA:84,0
DA:86,0
DA:90,0
DA:95,0
DA:96,0
DA:98,0
DA:102,0
DA:107,0
DA:108,0
DA:110,0
DA:114,0
DA:119,0
DA:120,0
DA:122,0
DA:126,0
DA:127,0
DA:131,0
DA:132,0
DA:133,0
DA:137,0
DA:138,0
DA:140,0
DA:144,0
DA:148,0
DA:153,0
DA:155,0
DA:156,0
DA:159,0
DA:163,0
DA:164,0
DA:197,0
DA:199,0
DA:204,0
DA:205,0
DA:206,0
DA:210,0
DA:216,0
DA:217,0
DA:223,0
LF:68
LH:0
BRDA:28,0,0,0
BRDA:28,0,1,0
BRDA:28,1,0,0
BRDA:28,1,1,0
BRDA:36,2,0,0
BRDA:36,2,1,0
BRDA:51,3,0,0
BRDA:51,3,1,0
BRDA:51,4,0,0
BRDA:51,4,1,0
BRDA:71,5,0,0
BRDA:71,5,1,0
BRDA:83,6,0,0
BRDA:83,6,1,0
BRDA:95,7,0,0
BRDA:95,7,1,0
BRDA:107,8,0,0
BRDA:107,8,1,0
BRDA:119,9,0,0
BRDA:119,9,1,0
BRDA:131,10,0,0
BRDA:131,10,1,0
BRDA:131,11,0,0
BRDA:131,11,1,0
BRDA:137,12,0,0
BRDA:137,12,1,0
BRDA:155,13,0,0
BRDA:155,13,1,0
BRDA:183,14,0,0
BRDA:183,14,1,0
BRDA:205,15,0,0
BRDA:205,15,1,0
BRF:32
BRH:0
end_of_record
TN:
SF:src/controllers/ai.controller.js
FN:20,getOpenAI
FN:40,analyzeStatement
FN:166,generateComprehensiveAnalysis
FN:558,buildWeatherArray
FN:579,buildMedicalSymptomsArray
FN:601,buildRoadConditionsArray
FN:624,buildComprehensiveIncidentData
FN:629,(anonymous_7)
FN:630,(anonymous_8)
FN:634,(anonymous_9)
FN:641,(anonymous_10)
FN:642,(anonymous_11)
FN:701,(anonymous_12)
FN:741,(anonymous_13)
FN:788,(anonymous_14)
FN:798,(anonymous_15)
FN:804,(anonymous_16)
FN:836,(anonymous_17)
FN:865,extractArrayField
FN:890,storeAIAnalysis
FN:894,(anonymous_20)
FN:910,(anonymous_21)
FN:988,savePersonalStatement
FN:1138,getAnalysis
FN:1206,reconstructAnalysisObject
FN:1218,(anonymous_25)
FN:1219,(anonymous_26)
FN:1250,parseFinalReview
FN:1264,(anonymous_28)
FN:1265,(anonymous_29)
FN:1291,generateFormDataSummary
FN:1640,parseAiOutputForPages
FN:1667,extractLegalNarrative
FN:1701,generateQualityReview
FN:1710,(anonymous_34)
FN:1724,(anonymous_35)
FN:1741,generateFinalReview
FN:1779,(anonymous_37)
FN:1800,formatFieldName
FN:1803,(anonymous_39)
FN:1822,generateSinglePhaseAiSummary
FN:2011,buildSinglePhasSystemPrompt
FN:2132,buildSinglePhaseUserPrompt
FNF:43
FNH:0
FNDA:0,getOpenAI
FNDA:0,analyzeStatement
FNDA:0,generateComprehensiveAnalysis
FNDA:0,buildWeatherArray
FNDA:0,buildMedicalSymptomsArray
FNDA:0,buildRoadConditionsArray
FNDA:0,buildComprehensiveIncidentData
FNDA:0,(anonymous_7)
FNDA:0,(anonymous_8)
FNDA:0,(anonymous_9)
FNDA:0,(anonymous_10)
FNDA:0,(anonymous_11)
FNDA:0,(anonymous_12)
FNDA:0,(anonymous_13)
FNDA:0,(anonymous_14)
FNDA:0,(anonymous_15)
FNDA:0,(anonymous_16)
FNDA:0,(anonymous_17)
FNDA:0,extractArrayField
FNDA:0,storeAIAnalysis
FNDA:0,(anonymous_20)
FNDA:0,(anonymous_21)
FNDA:0,savePersonalStatement
FNDA:0,getAnalysis
FNDA:0,reconstructAnalysisObject
FNDA:0,(anonymous_25)
FNDA:0,(anonymous_26)
FNDA:0,parseFinalReview
FNDA:0,(anonymous_28)
FNDA:0,(anonymous_29)
FNDA:0,generateFormDataSummary
FNDA:0,parseAiOutputForPages
FNDA:0,extractLegalNarrative
FNDA:0,generateQualityReview
FNDA:0,(anonymous_34)
FNDA:0,(anonymous_35)
FNDA:0,generateFinalReview
FNDA:0,(anonymous_37)
FNDA:0,formatFieldName
FNDA:0,(anonymous_39)
FNDA:0,generateSinglePhaseAiSummary
FNDA:0,buildSinglePhasSystemPrompt
FNDA:0,buildSinglePhaseUserPrompt
DA:12,0
DA:13,0
DA:14,0
DA:15,0
DA:16,0
DA:19,0
DA:21,0
DA:22,0
DA:24,0
DA:28,0
DA:41,0
DA:42,0
DA:45,0
DA:46,0
DA:47,0
DA:48,0
DA:51,0
DA:52,0
DA:55,0
DA:62,0
DA:63,0
DA:64,0
DA:65,0
DA:67,0
DA:69,0
DA:76,0
DA:77,0
DA:78,0
DA:79,0
DA:88,0
DA:96,0
DA:97,0
DA:98,0
DA:102,0
DA:110,0
DA:111,0
DA:112,0
DA:117,0
DA:126,0
DA:127,0
DA:130,0
DA:137,0
DA:143,0
DA:147,0
DA:173,0
DA:175,0
DA:176,0
DA:177,0
DA:180,0
DA:183,0
DA:186,0
DA:235,0
DA:250,0
DA:251,0
DA:258,0
DA:260,0
DA:305,0
DA:320,0
DA:321,0
DA:326,0
DA:327,0
DA:328,0
DA:331,0
DA:338,0
DA:394,0
DA:409,0
DA:410,0
DA:411,0
DA:418,0
DA:422,0
DA:425,0
DA:507,0
DA:522,0
DA:524,0
DA:525,0
DA:535,0
DA:549,0
DA:550,0
DA:559,0
DA:560,0
DA:561,0
DA:562,0
DA:563,0
DA:564,0
DA:565,0
DA:566,0
DA:567,0
DA:568,0
DA:569,0
DA:570,0
DA:571,0
DA:572,0
DA:580,0
DA:581,0
DA:582,0
DA:583,0
DA:584,0
DA:585,0
DA:586,0
DA:587,0
DA:588,0
DA:589,0
DA:590,0
DA:591,0
DA:592,0
DA:593,0
DA:594,0
DA:602,0
DA:603,0
DA:604,0
DA:605,0
DA:606,0
DA:607,0
DA:608,0
DA:609,0
DA:626,0
DA:629,0
DA:630,0
DA:634,0
DA:635,0
DA:636,0
DA:637,0
DA:641,0
DA:642,0
DA:643,0
DA:644,0
DA:645,0
DA:646,0
DA:649,0
DA:652,0
DA:701,0
DA:741,0
DA:784,0
DA:788,0
DA:791,0
DA:798,0
DA:801,0
DA:804,0
DA:807,0
DA:817,0
DA:818,0
DA:820,0
DA:822,0
DA:823,0
DA:826,0
DA:827,0
DA:828,0
DA:829,0
DA:830,0
DA:834,0
DA:836,0
DA:839,0
DA:840,0
DA:844,0
DA:845,0
DA:849,0
DA:859,0
DA:866,0
DA:867,0
DA:868,0
DA:870,0
DA:871,0
DA:873,0
DA:891,0
DA:893,0
DA:894,0
DA:896,0
DA:899,0
DA:904,0
DA:905,0
DA:906,0
DA:907,0
DA:909,0
DA:910,0
DA:912,0
DA:913,0
DA:918,0
DA:927,0
DA:936,0
DA:942,0
DA:944,0
DA:950,0
DA:959,0
DA:973,0
DA:980,0
DA:989,0
DA:990,0
DA:993,0
DA:994,0
DA:997,0
DA:998,0
DA:1001,0
DA:1008,0
DA:1014,0
DA:1015,0
DA:1023,0
DA:1024,0
DA:1028,0
DA:1034,0
DA:1035,0
DA:1045,0
DA:1046,0
DA:1048,0
DA:1059,0
DA:1060,0
DA:1066,0
DA:1069,0
DA:1071,0
DA:1079,0
DA:1082,0
DA:1094,0
DA:1095,0
DA:1103,0
DA:1106,0
DA:1107,0
DA:1110,0
DA:1112,0
DA:1121,0
DA:1129,0
DA:1130,0
DA:1139,0
DA:1140,0
DA:1142,0
DA:1143,0
DA:1146,0
DA:1149,0
DA:1163,0
DA:1164,0
DA:1165,0
DA:1169,0
DA:1170,0
DA:1171,0
DA:1179,0
DA:1181,0
DA:1187,0
DA:1193,0
DA:1198,0
DA:1207,0
DA:1210,0
DA:1211,0
DA:1212,0
DA:1214,0
DA:1216,0
DA:1218,0
DA:1219,0
DA:1221,0
DA:1226,0
DA:1227,0
DA:1235,0
DA:1236,0
DA:1240,0
DA:1241,0
DA:1244,0
DA:1251,0
DA:1254,0
DA:1255,0
DA:1256,0
DA:1260,0
DA:1261,0
DA:1262,0
DA:1264,0
DA:1265,0
DA:1269,0
DA:1270,0
DA:1271,0
DA:1274,0
DA:1292,0
DA:1295,0
DA:1296,0
DA:1297,0
DA:1298,0
DA:1301,0
DA:1303,0
DA:1305,0
DA:1312,0
DA:1313,0
DA:1316,0
DA:1322,0
DA:1323,0
DA:1327,0
DA:1328,0
DA:1329,0
DA:1335,0
DA:1336,0
DA:1338,0
DA:1342,0
DA:1346,0
DA:1347,0
DA:1354,0
DA:1357,0
DA:1360,0
DA:1486,0
DA:1530,0
DA:1532,0
DA:1542,0
DA:1543,0
DA:1545,0
DA:1548,0
DA:1550,0
DA:1563,0
DA:1572,0
DA:1574,0
DA:1575,0
DA:1577,0
DA:1585,0
DA:1588,0
DA:1595,0
DA:1596,0
DA:1604,0
DA:1607,0
DA:1642,0
DA:1645,0
DA:1648,0
DA:1650,0
DA:1669,0
DA:1675,0
DA:1676,0
DA:1677,0
DA:1678,0
DA:1684,0
DA:1685,0
DA:1686,0
DA:1689,0
DA:1702,0
DA:1703,0
DA:1706,0
DA:1710,0
DA:1711,0
DA:1713,0
DA:1714,0
DA:1715,0
DA:1717,0
DA:1724,0
DA:1742,0
DA:1743,0
DA:1744,0
DA:1745,0
DA:1747,0
DA:1750,0
DA:1751,0
DA:1754,0
DA:1755,0
DA:1757,0
DA:1758,0
DA:1760,0
DA:1761,0
DA:1762,0
DA:1764,0
DA:1765,0
DA:1768,0
DA:1769,0
DA:1771,0
DA:1779,0
DA:1801,0
DA:1803,0
DA:1823,0
DA:1826,0
DA:1827,0
DA:1828,0
DA:1829,0
DA:1832,0
DA:1838,0
DA:1840,0
DA:1848,0
DA:1849,0
DA:1852,0
DA:1860,0
DA:1868,0
DA:1875,0
DA:1882,0
DA:1883,0
DA:1885,0
DA:1888,0
DA:1901,0
DA:1902,0
DA:1904,0
DA:1917,0
DA:1919,0
DA:1927,0
DA:1944,0
DA:1963,0
DA:1964,0
DA:1965,0
DA:1968,0
DA:1973,0
DA:1980,0
DA:1986,0
DA:1987,0
DA:1999,0
DA:2002,0
DA:2012,0
DA:2133,0
DA:2205,0
LF:393
LH:0
BRDA:21,0,0,0
BRDA:21,0,1,0
BRDA:21,1,0,0
BRDA:21,1,1,0
BRDA:46,2,0,0
BRDA:46,2,1,0
BRDA:51,3,0,0
BRDA:51,3,1,0
BRDA:51,4,0,0
BRDA:51,4,1,0
BRDA:67,5,0,0
BRDA:67,5,1,0
BRDA:76,6,0,0
BRDA:76,6,1,0
BRDA:76,7,0,0
BRDA:76,7,1,0
BRDA:78,8,0,0
BRDA:78,8,1,0
BRDA:83,9,0,0
BRDA:83,9,1,0
BRDA:96,10,0,0
BRDA:96,10,1,0
BRDA:96,11,0,0
BRDA:96,11,1,0
BRDA:110,12,0,0
BRDA:110,12,1,0
BRDA:110,13,0,0
BRDA:110,13,1,0
BRDA:126,14,0,0
BRDA:126,14,1,0
BRDA:134,15,0,0
BRDA:134,15,1,0
BRDA:168,16,0,0
BRDA:169,17,0,0
BRDA:170,18,0,0
BRDA:171,19,0,0
BRDA:176,20,0,0
BRDA:176,20,1,0
BRDA:186,21,0,0
BRDA:186,21,1,0
BRDA:240,22,0,0
BRDA:240,22,1,0
BRDA:253,23,0,0
BRDA:253,23,1,0
BRDA:260,24,0,0
BRDA:260,24,1,0
BRDA:310,25,0,0
BRDA:310,25,1,0
BRDA:327,26,0,0
BRDA:327,26,1,0
BRDA:338,27,0,0
BRDA:338,27,1,0
BRDA:399,28,0,0
BRDA:399,28,1,0
BRDA:415,29,0,0
BRDA:415,29,1,0
BRDA:425,30,0,0
BRDA:425,30,1,0
BRDA:438,31,0,0
BRDA:438,31,1,0
BRDA:439,32,0,0
BRDA:439,32,1,0
BRDA:480,33,0,0
BRDA:480,33,1,0
BRDA:481,34,0,0
BRDA:481,34,1,0
BRDA:482,35,0,0
BRDA:482,35,1,0
BRDA:512,36,0,0
BRDA:512,36,1,0
BRDA:527,37,0,0
BRDA:527,37,1,0
BRDA:530,38,0,0
BRDA:530,38,1,0
BRDA:531,39,0,0
BRDA:531,39,1,0
BRDA:537,40,0,0
BRDA:537,40,1,0
BRDA:541,41,0,0
BRDA:541,41,1,0
BRDA:542,42,0,0
BRDA:542,42,1,0
BRDA:560,43,0,0
BRDA:560,43,1,0
BRDA:561,44,0,0
BRDA:561,44,1,0
BRDA:562,45,0,0
BRDA:562,45,1,0
BRDA:563,46,0,0
BRDA:563,46,1,0
BRDA:564,47,0,0
BRDA:564,47,1,0
BRDA:565,48,0,0
BRDA:565,48,1,0
BRDA:566,49,0,0
BRDA:566,49,1,0
BRDA:567,50,0,0
BRDA:567,50,1,0
BRDA:568,51,0,0
BRDA:568,51,1,0
BRDA:569,52,0,0
BRDA:569,52,1,0
BRDA:570,53,0,0
BRDA:570,53,1,0
BRDA:571,54,0,0
BRDA:571,54,1,0
BRDA:572,55,0,0
BRDA:572,55,1,0
BRDA:581,56,0,0
BRDA:581,56,1,0
BRDA:582,57,0,0
BRDA:582,57,1,0
BRDA:583,58,0,0
BRDA:583,58,1,0
BRDA:584,59,0,0
BRDA:584,59,1,0
BRDA:585,60,0,0
BRDA:585,60,1,0
BRDA:586,61,0,0
BRDA:586,61,1,0
BRDA:587,62,0,0
BRDA:587,62,1,0
BRDA:588,63,0,0
BRDA:588,63,1,0
BRDA:589,64,0,0
BRDA:589,64,1,0
BRDA:590,65,0,0
BRDA:590,65,1,0
BRDA:591,66,0,0
BRDA:591,66,1,0
BRDA:592,67,0,0
BRDA:592,67,1,0
BRDA:593,68,0,0
BRDA:593,68,1,0
BRDA:594,69,0,0
BRDA:594,69,1,0
BRDA:603,70,0,0
BRDA:603,70,1,0
BRDA:604,71,0,0
BRDA:604,71,1,0
BRDA:605,72,0,0
BRDA:605,72,1,0
BRDA:606,73,0,0
BRDA:606,73,1,0
BRDA:607,74,0,0
BRDA:607,74,1,0
BRDA:608,75,0,0
BRDA:608,75,1,0
BRDA:609,76,0,0
BRDA:609,76,1,0
BRDA:624,77,0,0
BRDA:624,78,0,0
BRDA:634,79,0,0
BRDA:637,80,0,0
BRDA:637,80,1,0
BRDA:637,81,0,0
BRDA:637,81,1,0
BRDA:637,81,2,0
BRDA:645,82,0,0
BRDA:645,82,1,0
BRDA:645,83,0,0
BRDA:645,83,1,0
BRDA:645,83,2,0
BRDA:655,84,0,0
BRDA:655,84,1,0
BRDA:656,85,0,0
BRDA:656,85,1,0
BRDA:657,86,0,0
BRDA:657,86,1,0
BRDA:667,87,0,0
BRDA:667,87,1,0
BRDA:669,88,0,0
BRDA:669,88,1,0
BRDA:677,89,0,0
BRDA:677,89,1,0
BRDA:678,90,0,0
BRDA:678,90,1,0
BRDA:702,91,0,0
BRDA:702,91,1,0
BRDA:703,92,0,0
BRDA:703,92,1,0
BRDA:704,93,0,0
BRDA:704,93,1,0
BRDA:705,94,0,0
BRDA:705,94,1,0
BRDA:706,95,0,0
BRDA:706,95,1,0
BRDA:707,96,0,0
BRDA:707,96,1,0
BRDA:708,97,0,0
BRDA:708,97,1,0
BRDA:709,98,0,0
BRDA:709,98,1,0
BRDA:710,99,0,0
BRDA:710,99,1,0
BRDA:711,100,0,0
BRDA:711,100,1,0
BRDA:712,101,0,0
BRDA:712,101,1,0
BRDA:713,102,0,0
BRDA:713,102,1,0
BRDA:714,103,0,0
BRDA:714,103,1,0
BRDA:719,104,0,0
BRDA:719,104,1,0
BRDA:742,105,0,0
BRDA:742,105,1,0
BRDA:743,106,0,0
BRDA:743,106,1,0
BRDA:744,107,0,0
BRDA:744,107,1,0
BRDA:745,108,0,0
BRDA:745,108,1,0
BRDA:746,109,0,0
BRDA:746,109,1,0
BRDA:747,110,0,0
BRDA:747,110,1,0
BRDA:822,111,0,0
BRDA:822,111,1,0
BRDA:822,112,0,0
BRDA:822,112,1,0
BRDA:823,113,0,0
BRDA:823,113,1,0
BRDA:823,114,0,0
BRDA:823,114,1,0
BRDA:823,114,2,0
BRDA:827,115,0,0
BRDA:827,115,1,0
BRDA:829,116,0,0
BRDA:829,116,1,0
BRDA:844,117,0,0
BRDA:844,117,1,0
BRDA:866,118,0,0
BRDA:866,118,1,0
BRDA:867,119,0,0
BRDA:867,119,1,0
BRDA:868,120,0,0
BRDA:868,120,1,0
BRDA:871,121,0,0
BRDA:871,121,1,0
BRDA:893,122,0,0
BRDA:893,122,1,0
BRDA:893,123,0,0
BRDA:893,123,1,0
BRDA:896,124,0,0
BRDA:896,124,1,0
BRDA:899,125,0,0
BRDA:899,125,1,0
BRDA:899,126,0,0
BRDA:899,126,1,0
BRDA:905,127,0,0
BRDA:905,127,1,0
BRDA:906,128,0,0
BRDA:906,128,1,0
BRDA:909,129,0,0
BRDA:909,129,1,0
BRDA:909,130,0,0
BRDA:909,130,1,0
BRDA:912,131,0,0
BRDA:912,131,1,0
BRDA:923,132,0,0
BRDA:923,132,1,0
BRDA:942,133,0,0
BRDA:942,133,1,0
BRDA:993,134,0,0
BRDA:993,134,1,0
BRDA:997,135,0,0
BRDA:997,135,1,0
BRDA:997,136,0,0
BRDA:997,136,1,0
BRDA:1014,137,0,0
BRDA:1014,137,1,0
BRDA:1023,138,0,0
BRDA:1023,138,1,0
BRDA:1034,139,0,0
BRDA:1034,139,1,0
BRDA:1045,140,0,0
BRDA:1045,140,1,0
BRDA:1052,141,0,0
BRDA:1052,141,1,0
BRDA:1053,142,0,0
BRDA:1053,142,1,0
BRDA:1059,143,0,0
BRDA:1059,143,1,0
BRDA:1087,144,0,0
BRDA:1087,144,1,0
BRDA:1088,145,0,0
BRDA:1088,145,1,0
BRDA:1094,146,0,0
BRDA:1094,146,1,0
BRDA:1106,147,0,0
BRDA:1106,147,1,0
BRDA:1106,148,0,0
BRDA:1106,148,1,0
BRDA:1129,149,0,0
BRDA:1129,149,1,0
BRDA:1142,150,0,0
BRDA:1142,150,1,0
BRDA:1163,151,0,0
BRDA:1163,151,1,0
BRDA:1169,152,0,0
BRDA:1169,152,1,0
BRDA:1169,153,0,0
BRDA:1169,153,1,0
BRDA:1184,154,0,0
BRDA:1184,154,1,0
BRDA:1210,155,0,0
BRDA:1210,155,1,0
BRDA:1212,156,0,0
BRDA:1212,156,1,0
BRDA:1214,157,0,0
BRDA:1214,157,1,0
BRDA:1226,158,0,0
BRDA:1226,158,1,0
BRDA:1235,159,0,0
BRDA:1235,159,1,0
BRDA:1240,160,0,0
BRDA:1240,160,1,0
BRDA:1255,161,0,0
BRDA:1255,161,1,0
BRDA:1261,162,0,0
BRDA:1261,162,1,0
BRDA:1270,163,0,0
BRDA:1270,163,1,0
BRDA:1296,164,0,0
BRDA:1296,164,1,0
BRDA:1312,165,0,0
BRDA:1312,165,1,0
BRDA:1313,166,0,0
BRDA:1313,166,1,0
BRDA:1322,167,0,0
BRDA:1322,167,1,0
BRDA:1335,168,0,0
BRDA:1335,168,1,0
BRDA:1338,169,0,0
BRDA:1338,169,1,0
BRDA:1349,170,0,0
BRDA:1349,170,1,0
BRDA:1350,171,0,0
BRDA:1350,171,1,0
BRDA:1357,172,0,0
BRDA:1357,172,1,0
BRDA:1364,173,0,0
BRDA:1364,173,1,0
BRDA:1423,174,0,0
BRDA:1423,174,1,0
BRDA:1490,175,0,0
BRDA:1490,175,1,0
BRDA:1492,176,0,0
BRDA:1492,176,1,0
BRDA:1511,177,0,0
BRDA:1511,177,1,0
BRDA:1527,178,0,0
BRDA:1527,178,1,0
BRDA:1559,179,0,0
BRDA:1559,179,1,0
BRDA:1572,180,0,0
BRDA:1572,180,1,0
BRDA:1677,181,0,0
BRDA:1677,181,1,0
BRDA:1677,182,0,0
BRDA:1677,182,1,0
BRDA:1677,182,2,0
BRDA:1689,183,0,0
BRDA:1689,183,1,0
BRDA:1714,184,0,0
BRDA:1714,184,1,0
BRDA:1714,185,0,0
BRDA:1714,185,1,0
BRDA:1715,186,0,0
BRDA:1715,186,1,0
BRDA:1715,187,0,0
BRDA:1715,187,1,0
BRDA:1724,188,0,0
BRDA:1724,188,1,0
BRDA:1727,189,0,0
BRDA:1727,189,1,0
BRDA:1728,190,0,0
BRDA:1728,190,1,0
BRDA:1742,191,0,0
BRDA:1742,191,1,0
BRDA:1743,192,0,0
BRDA:1743,192,1,0
BRDA:1744,193,0,0
BRDA:1744,193,1,0
BRDA:1745,194,0,0
BRDA:1745,194,1,0
BRDA:1754,195,0,0
BRDA:1754,195,1,0
BRDA:1757,196,0,0
BRDA:1757,196,1,0
BRDA:1760,197,0,0
BRDA:1760,197,1,0
BRDA:1764,198,0,0
BRDA:1764,198,1,0
BRDA:1827,199,0,0
BRDA:1827,199,1,0
BRDA:1848,200,0,0
BRDA:1848,200,1,0
BRDA:1848,201,0,0
BRDA:1848,201,1,0
BRDA:1870,202,0,0
BRDA:1870,202,1,0
BRDA:1871,203,0,0
BRDA:1871,203,1,0
BRDA:1877,204,0,0
BRDA:1877,204,1,0
BRDA:1878,205,0,0
BRDA:1878,205,1,0
BRDA:1938,206,0,0
BRDA:1938,206,1,0
BRDA:1939,207,0,0
BRDA:1939,207,1,0
BRDA:1963,208,0,0
BRDA:1963,208,1,0
BRF:415
BRH:0
end_of_record
TN:
SF:src/controllers/auth.controller.js
FN:40,signup
FN:178,(anonymous_1)
FN:185,(anonymous_2)
FN:246,login
FN:342,logout
FN:373,checkSession
FN:415,setSessionCookies
FN:484,loginAfterPayment
FN:665,generateNonce
FNF:9
FNH:0
FNDA:0,signup
FNDA:0,(anonymous_1)
FNDA:0,(anonymous_2)
FNDA:0,login
FNDA:0,logout
FNDA:0,checkSession
FNDA:0,setSessionCookies
FNDA:0,loginAfterPayment
FNDA:0,generateNonce
DA:8,0
DA:9,0
DA:10,0
DA:11,0
DA:12,0
DA:13,0
DA:14,0
DA:15,0
DA:18,0
DA:20,0
DA:23,0
DA:25,0
DA:26,0
DA:27,0
DA:41,0
DA:42,0
DA:45,0
DA:47,0
DA:56,0
DA:57,0
DA:58,0
DA:59,0
DA:61,0
DA:62,0
DA:63,0
DA:66,0
DA:67,0
DA:73,0
DA:74,0
DA:75,0
DA:84,0
DA:85,0
DA:88,0
DA:93,0
DA:120,0
DA:121,0
DA:124,0
DA:130,0
DA:131,0
DA:139,0
DA:142,0
DA:144,0
DA:152,0
DA:153,0
DA:162,0
DA:165,0
DA:171,0
DA:173,0
DA:179,0
DA:180,0
DA:182,0
DA:186,0
DA:189,0
DA:195,0
DA:198,0
DA:206,0
DA:214,0
DA:223,0
DA:234,0
DA:238,0
DA:247,0
DA:248,0
DA:251,0
DA:253,0
DA:254,0
DA:257,0
DA:258,0
DA:261,0
DA:263,0
DA:265,0
DA:266,0
DA:267,0
DA:270,0
DA:276,0
DA:281,0
DA:290,0
DA:298,0
DA:313,0
DA:315,0
DA:330,0
DA:334,0
DA:343,0
DA:345,0
DA:346,0
DA:349,0
DA:350,0
DA:353,0
DA:355,0
DA:361,0
DA:365,0
DA:374,0
DA:375,0
DA:376,0
DA:382,0
DA:384,0
DA:397,0
DA:401,0
DA:416,0
DA:417,0
DA:419,0
DA:420,0
DA:423,0
DA:426,0
DA:427,0
DA:429,0
DA:431,0
DA:432,0
DA:433,0
DA:437,0
DA:439,0
DA:447,0
DA:455,0
DA:460,0
DA:470,0
DA:471,0
DA:485,0
DA:486,0
DA:488,0
DA:489,0
DA:492,0
DA:494,0
DA:497,0
DA:498,0
DA:499,0
DA:501,0
DA:503,0
DA:504,0
DA:507,0
DA:510,0
DA:511,0
DA:514,0
DA:517,0
DA:518,0
DA:520,0
DA:526,0
DA:527,0
DA:528,0
DA:532,0
DA:534,0
DA:535,0
DA:543,0
DA:545,0
DA:549,0
DA:557,0
DA:558,0
DA:559,0
DA:564,0
DA:566,0
DA:567,0
DA:568,0
DA:571,0
DA:577,0
DA:578,0
DA:579,0
DA:582,0
DA:585,0
DA:590,0
DA:591,0
DA:593,0
DA:602,0
DA:604,0
DA:606,0
DA:614,0
DA:622,0
DA:627,0
DA:642,0
DA:646,0
DA:650,0
DA:666,0
DA:667,0
DA:668,0
DA:672,0
DA:673,0
DA:676,0
DA:684,0
DA:686,0
DA:692,0
DA:693,0
LF:178
LH:0
BRDA:25,0,0,0
BRDA:25,0,1,0
BRDA:57,1,0,0
BRDA:57,1,1,0
BRDA:57,2,0,0
BRDA:57,2,1,0
BRDA:58,3,0,0
BRDA:58,3,1,0
BRDA:58,4,0,0
BRDA:58,4,1,0
BRDA:59,5,0,0
BRDA:59,5,1,0
BRDA:59,6,0,0
BRDA:59,6,1,0
BRDA:61,7,0,0
BRDA:61,7,1,0
BRDA:66,8,0,0
BRDA:66,8,1,0
BRDA:73,9,0,0
BRDA:73,9,1,0
BRDA:84,10,0,0
BRDA:84,10,1,0
BRDA:100,11,0,0
BRDA:100,11,1,0
BRDA:102,12,0,0
BRDA:102,12,1,0
BRDA:120,13,0,0
BRDA:120,13,1,0
BRDA:124,14,0,0
BRDA:124,14,1,0
BRDA:124,15,0,0
BRDA:124,15,1,0
BRDA:124,15,2,0
BRDA:124,15,3,0
BRDA:124,15,4,0
BRDA:157,16,0,0
BRDA:157,16,1,0
BRDA:158,17,0,0
BRDA:158,17,1,0
BRDA:171,18,0,0
BRDA:171,18,1,0
BRDA:179,19,0,0
BRDA:179,19,1,0
BRDA:253,20,0,0
BRDA:253,20,1,0
BRDA:253,21,0,0
BRDA:253,21,1,0
BRDA:257,22,0,0
BRDA:257,22,1,0
BRDA:265,23,0,0
BRDA:265,23,1,0
BRDA:276,24,0,0
BRDA:276,24,1,0
BRDA:300,25,0,0
BRDA:300,25,1,0
BRDA:313,26,0,0
BRDA:313,26,1,0
BRDA:321,27,0,0
BRDA:321,27,1,0
BRDA:322,28,0,0
BRDA:322,28,1,0
BRDA:349,29,0,0
BRDA:349,29,1,0
BRDA:375,30,0,0
BRDA:375,30,1,0
BRDA:382,31,0,0
BRDA:382,31,1,0
BRDA:390,32,0,0
BRDA:390,32,1,0
BRDA:391,33,0,0
BRDA:391,33,1,0
BRDA:392,34,0,0
BRDA:392,34,1,0
BRDA:419,35,0,0
BRDA:419,35,1,0
BRDA:419,36,0,0
BRDA:419,36,1,0
BRDA:431,37,0,0
BRDA:431,37,1,0
BRDA:431,38,0,0
BRDA:431,38,1,0
BRDA:488,39,0,0
BRDA:488,39,1,0
BRDA:488,40,0,0
BRDA:488,40,1,0
BRDA:497,41,0,0
BRDA:497,41,1,0
BRDA:503,42,0,0
BRDA:503,42,1,0
BRDA:507,43,0,0
BRDA:507,43,1,0
BRDA:510,44,0,0
BRDA:510,44,1,0
BRDA:526,45,0,0
BRDA:526,45,1,0
BRDA:526,46,0,0
BRDA:526,46,1,0
BRDA:532,47,0,0
BRDA:532,47,1,0
BRDA:553,48,0,0
BRDA:553,48,1,0
BRDA:557,49,0,0
BRDA:557,49,1,0
BRDA:566,50,0,0
BRDA:566,50,1,0
BRDA:586,51,0,0
BRDA:586,51,1,0
BRDA:590,52,0,0
BRDA:590,52,1,0
BRDA:590,53,0,0
BRDA:590,53,1,0
BRDA:667,54,0,0
BRDA:667,54,1,0
BRDA:667,55,0,0
BRDA:667,55,1,0
BRF:115
BRH:0
end_of_record
TN:
SF:src/controllers/debug.controller.js
FN:30,debugUser
FN:77,testOpenAI
FN:108,processQueue
FN:134,testTranscriptionQueue
FN:162,testProcessTranscriptionQueue
FN:181,getHealth
FNF:6
FNH:0
FNDA:0,debugUser
FNDA:0,testOpenAI
FNDA:0,processQueue
FNDA:0,testTranscriptionQueue
FNDA:0,testProcessTranscriptionQueue
FNDA:0,getHealth
DA:6,0
DA:7,0
DA:8,0
DA:9,0
DA:10,0
DA:11,0
DA:12,0
DA:13,0
DA:16,0
DA:17,0
DA:18,0
DA:31,0
DA:32,0
DA:35,0
DA:36,0
DA:37,0
DA:39,0
DA:44,0
DA:46,0
DA:47,0
DA:50,0
DA:52,0
DA:68,0
DA:69,0
DA:78,0
DA:79,0
DA:89,0
DA:96,0
DA:109,0
DA:111,0
DA:112,0
DA:115,0
DA:118,0
DA:125,0
DA:126,0
DA:135,0
DA:136,0
DA:139,0
DA:140,0
DA:146,0
DA:154,0
DA:163,0
DA:164,0
DA:166,0
DA:173,0
DA:182,0
DA:184,0
DA:195,0
DA:196,0
DA:197,0
DA:198,0
DA:200,0
DA:205,0
DA:206,0
DA:207,0
DA:211,0
DA:213,0
DA:218,0
DA:219,0
DA:220,0
DA:223,0
DA:225,0
DA:230,0
DA:231,0
DA:234,0
DA:237,0
DA:240,0
DA:241,0
DA:243,0
DA:244,0
DA:253,0
DA:254,0
DA:256,0
DA:259,0
DA:262,0
DA:266,0
DA:268,0
DA:308,0
DA:309,0
DA:313,0
LF:80
LH:0
BRDA:17,0,0,0
BRDA:17,0,1,0
BRDA:17,1,0,0
BRDA:17,1,1,0
BRDA:31,2,0,0
BRDA:31,2,1,0
BRDA:46,3,0,0
BRDA:46,3,1,0
BRDA:47,4,0,0
BRDA:47,4,1,0
BRDA:98,5,0,0
BRDA:98,5,1,0
BRDA:111,6,0,0
BRDA:111,6,1,0
BRDA:135,7,0,0
BRDA:135,7,1,0
BRDA:148,8,0,0
BRDA:148,8,1,0
BRDA:195,9,0,0
BRDA:195,9,1,0
BRDA:205,10,0,0
BRDA:205,10,1,0
BRDA:218,11,0,0
BRDA:218,11,1,0
BRDA:237,12,0,0
BRDA:237,12,1,0
BRDA:240,13,0,0
BRDA:240,13,1,0
BRDA:253,14,0,0
BRDA:253,14,1,0
BRF:30
BRH:0
end_of_record
TN:
SF:src/controllers/deletion.controller.js
FN:8,getSupabaseAdmin
FN:23,deleteDocument
FN:97,deleteReport
FN:173,deletePdf
FN:247,deleteTranscription
FNF:5
FNH:0
FNDA:0,getSupabaseAdmin
FNDA:0,deleteDocument
FNDA:0,deleteReport
FNDA:0,deletePdf
FNDA:0,deleteTranscription
DA:1,0
DA:2,0
DA:9,0
DA:10,0
DA:12,0
DA:13,0
DA:16,0
DA:24,0
DA:25,0
DA:27,0
DA:28,0
DA:29,0
DA:32,0
DA:34,0
DA:37,0
DA:43,0
DA:44,0
DA:45,0
DA:48,0
DA:49,0
DA:50,0
DA:54,0
DA:55,0
DA:56,0
DA:60,0
DA:61,0
DA:63,0
DA:66,0
DA:71,0
DA:76,0
DA:77,0
DA:78,0
DA:81,0
DA:82,0
DA:88,0
DA:89,0
DA:98,0
DA:99,0
DA:101,0
DA:102,0
DA:103,0
DA:106,0
DA:108,0
DA:111,0
DA:117,0
DA:118,0
DA:119,0
DA:122,0
DA:123,0
DA:124,0
DA:128,0
DA:129,0
DA:135,0
DA:141,0
DA:143,0
DA:147,0
DA:152,0
DA:153,0
DA:154,0
DA:157,0
DA:158,0
DA:164,0
DA:165,0
DA:174,0
DA:175,0
DA:177,0
DA:178,0
DA:179,0
DA:182,0
DA:184,0
DA:187,0
DA:193,0
DA:194,0
DA:195,0
DA:198,0
DA:199,0
DA:200,0
DA:204,0
DA:205,0
DA:206,0
DA:210,0
DA:211,0
DA:213,0
DA:216,0
DA:221,0
DA:226,0
DA:227,0
DA:228,0
DA:231,0
DA:232,0
DA:238,0
DA:239,0
DA:248,0
DA:249,0
DA:251,0
DA:252,0
DA:253,0
DA:256,0
DA:258,0
DA:261,0
DA:267,0
DA:268,0
DA:269,0
DA:272,0
DA:273,0
DA:274,0
DA:278,0
DA:279,0
DA:280,0
DA:284,0
DA:285,0
DA:287,0
DA:290,0
DA:295,0
DA:300,0
DA:301,0
DA:302,0
DA:305,0
DA:306,0
DA:312,0
DA:313,0
DA:317,0
LF:122
LH:0
BRDA:12,0,0,0
BRDA:12,0,1,0
BRDA:12,1,0,0
BRDA:12,1,1,0
BRDA:28,2,0,0
BRDA:28,2,1,0
BRDA:43,3,0,0
BRDA:43,3,1,0
BRDA:43,4,0,0
BRDA:43,4,1,0
BRDA:48,5,0,0
BRDA:48,5,1,0
BRDA:54,6,0,0
BRDA:54,6,1,0
BRDA:60,7,0,0
BRDA:60,7,1,0
BRDA:76,8,0,0
BRDA:76,8,1,0
BRDA:102,9,0,0
BRDA:102,9,1,0
BRDA:117,10,0,0
BRDA:117,10,1,0
BRDA:117,11,0,0
BRDA:117,11,1,0
BRDA:122,12,0,0
BRDA:122,12,1,0
BRDA:152,13,0,0
BRDA:152,13,1,0
BRDA:178,14,0,0
BRDA:178,14,1,0
BRDA:193,15,0,0
BRDA:193,15,1,0
BRDA:193,16,0,0
BRDA:193,16,1,0
BRDA:198,17,0,0
BRDA:198,17,1,0
BRDA:204,18,0,0
BRDA:204,18,1,0
BRDA:210,19,0,0
BRDA:210,19,1,0
BRDA:226,20,0,0
BRDA:226,20,1,0
BRDA:252,21,0,0
BRDA:252,21,1,0
BRDA:267,22,0,0
BRDA:267,22,1,0
BRDA:267,23,0,0
BRDA:267,23,1,0
BRDA:272,24,0,0
BRDA:272,24,1,0
BRDA:278,25,0,0
BRDA:278,25,1,0
BRDA:284,26,0,0
BRDA:284,26,1,0
BRDA:300,27,0,0
BRDA:300,27,1,0
BRF:56
BRH:0
end_of_record
TN:
SF:src/controllers/emergency.controller.js
FN:29,getEmergencyContact
FN:90,(anonymous_1)
FN:137,updateEmergencyContact
FN:207,parseEmergencyContact
FN:212,(anonymous_4)
FN:227,getEmergencyContacts
FN:272,logEmergencyCall
FN:323,saveEmergencyAudio
FN:407,getEmergencyAudio
FN:443,(anonymous_9)
FNF:10
FNH:0
FNDA:0,getEmergencyContact
FNDA:0,(anonymous_1)
FNDA:0,updateEmergencyContact
FNDA:0,parseEmergencyContact
FNDA:0,(anonymous_4)
FNDA:0,getEmergencyContacts
FNDA:0,logEmergencyCall
FNDA:0,saveEmergencyAudio
FNDA:0,getEmergencyAudio
FNDA:0,(anonymous_9)
DA:7,0
DA:8,0
DA:9,0
DA:10,0
DA:11,0
DA:12,0
DA:15,0
DA:16,0
DA:17,0
DA:30,0
DA:31,0
DA:34,0
DA:35,0
DA:37,0
DA:38,0
DA:39,0
DA:42,0
DA:45,0
DA:52,0
DA:59,0
DA:68,0
DA:69,0
DA:71,0
DA:78,0
DA:81,0
DA:82,0
DA:86,0
DA:87,0
DA:89,0
DA:90,0
DA:91,0
DA:93,0
DA:97,0
DA:99,0
DA:104,0
DA:105,0
DA:106,0
DA:116,0
DA:118,0
DA:128,0
DA:129,0
DA:138,0
DA:139,0
DA:142,0
DA:143,0
DA:144,0
DA:146,0
DA:147,0
DA:148,0
DA:151,0
DA:152,0
DA:155,0
DA:156,0
DA:157,0
DA:160,0
DA:162,0
DA:172,0
DA:173,0
DA:174,0
DA:177,0
DA:178,0
DA:181,0
DA:186,0
DA:188,0
DA:197,0
DA:198,0
DA:208,0
DA:211,0
DA:212,0
DA:214,0
DA:215,0
DA:220,0
DA:228,0
DA:229,0
DA:232,0
DA:233,0
DA:235,0
DA:241,0
DA:242,0
DA:243,0
DA:247,0
DA:248,0
DA:249,0
DA:250,0
DA:256,0
DA:263,0
DA:264,0
DA:273,0
DA:274,0
DA:277,0
DA:278,0
DA:280,0
DA:281,0
DA:284,0
DA:294,0
DA:295,0
DA:296,0
DA:303,0
DA:307,0
DA:313,0
DA:314,0
DA:324,0
DA:325,0
DA:328,0
DA:329,0
DA:331,0
DA:332,0
DA:335,0
DA:336,0
DA:339,0
DA:349,0
DA:359,0
DA:361,0
DA:367,0
DA:368,0
DA:374,0
DA:378,0
DA:384,0
DA:389,0
DA:398,0
DA:399,0
DA:408,0
DA:409,0
DA:412,0
DA:413,0
DA:414,0
DA:416,0
DA:417,0
DA:418,0
DA:421,0
DA:423,0
DA:430,0
DA:431,0
DA:434,0
DA:436,0
DA:437,0
DA:438,0
DA:442,0
DA:444,0
DA:445,0
DA:449,0
DA:450,0
DA:453,0
DA:457,0
DA:462,0
DA:467,0
DA:475,0
DA:476,0
DA:480,0
LF:149
LH:0
BRDA:16,0,0,0
BRDA:16,0,1,0
BRDA:16,1,0,0
BRDA:16,1,1,0
BRDA:30,2,0,0
BRDA:30,2,1,0
BRDA:38,3,0,0
BRDA:38,3,1,0
BRDA:63,4,0,0
BRDA:63,4,1,0
BRDA:64,5,0,0
BRDA:64,5,1,0
BRDA:65,6,0,0
BRDA:65,6,1,0
BRDA:68,7,0,0
BRDA:68,7,1,0
BRDA:81,8,0,0
BRDA:81,8,1,0
BRDA:87,9,0,0
BRDA:87,9,1,0
BRDA:89,10,0,0
BRDA:89,10,1,0
BRDA:91,11,0,0
BRDA:91,11,1,0
BRDA:91,12,0,0
BRDA:91,12,1,0
BRDA:97,13,0,0
BRDA:97,13,1,0
BRDA:97,14,0,0
BRDA:97,14,1,0
BRDA:97,15,0,0
BRDA:97,15,1,0
BRDA:104,16,0,0
BRDA:104,16,1,0
BRDA:138,17,0,0
BRDA:138,17,1,0
BRDA:147,18,0,0
BRDA:147,18,1,0
BRDA:151,19,0,0
BRDA:151,19,1,0
BRDA:156,20,0,0
BRDA:156,20,1,0
BRDA:172,21,0,0
BRDA:172,21,1,0
BRDA:177,22,0,0
BRDA:177,22,1,0
BRDA:208,23,0,0
BRDA:208,23,1,0
BRDA:211,24,0,0
BRDA:211,24,1,0
BRDA:214,25,0,0
BRDA:214,25,1,0
BRDA:214,26,0,0
BRDA:214,26,1,0
BRDA:228,27,0,0
BRDA:228,27,1,0
BRDA:241,28,0,0
BRDA:241,28,1,0
BRDA:248,29,0,0
BRDA:248,29,1,0
BRDA:257,30,0,0
BRDA:257,30,1,0
BRDA:258,31,0,0
BRDA:258,31,1,0
BRDA:273,32,0,0
BRDA:273,32,1,0
BRDA:280,33,0,0
BRDA:280,33,1,0
BRDA:289,34,0,0
BRDA:289,34,1,0
BRDA:294,35,0,0
BRDA:294,35,1,0
BRDA:324,36,0,0
BRDA:324,36,1,0
BRDA:331,37,0,0
BRDA:331,37,1,0
BRDA:335,38,0,0
BRDA:335,38,1,0
BRDA:351,39,0,0
BRDA:351,39,1,0
BRDA:352,40,0,0
BRDA:352,40,1,0
BRDA:354,41,0,0
BRDA:354,41,1,0
BRDA:355,42,0,0
BRDA:355,42,1,0
BRDA:367,43,0,0
BRDA:367,43,1,0
BRDA:408,44,0,0
BRDA:408,44,1,0
BRDA:417,45,0,0
BRDA:417,45,1,0
BRDA:430,46,0,0
BRDA:430,46,1,0
BRDA:436,47,0,0
BRDA:436,47,1,0
BRDA:443,48,0,0
BRDA:443,48,1,0
BRDA:444,49,0,0
BRDA:444,49,1,0
BRDA:449,50,0,0
BRDA:449,50,1,0
BRDA:449,51,0,0
BRDA:449,51,1,0
BRF:104
BRH:0
end_of_record
TN:
SF:src/controllers/export.controller.js
FN:25,exportIncident
FN:87,(anonymous_1)
FN:95,(anonymous_2)
FN:114,(anonymous_3)
FN:161,getExportHistory
FN:233,getExportInfo
FN:296,(anonymous_6)
FNF:7
FNH:0
FNDA:0,exportIncident
FNDA:0,(anonymous_1)
FNDA:0,(anonymous_2)
FNDA:0,(anonymous_3)
FNDA:0,getExportHistory
FNDA:0,getExportInfo
FNDA:0,(anonymous_6)
DA:15,0
DA:16,0
DA:26,0
DA:27,0
DA:28,0
DA:29,0
DA:31,0
DA:32,0
DA:39,0
DA:40,0
DA:47,0
DA:48,0
DA:55,0
DA:63,0
DA:64,0
DA:65,0
DA:66,0
DA:67,0
DA:71,0
DA:72,0
DA:73,0
DA:74,0
DA:75,0
DA:76,0
DA:78,0
DA:86,0
DA:87,0
DA:88,0
DA:92,0
DA:95,0
DA:96,0
DA:103,0
DA:104,0
DA:106,0
DA:114,0
DA:115,0
DA:121,0
DA:122,0
DA:130,0
DA:138,0
DA:139,0
DA:140,0
DA:145,0
DA:162,0
DA:164,0
DA:165,0
DA:170,0
DA:171,0
DA:178,0
DA:179,0
DA:184,0
DA:191,0
DA:192,0
DA:196,0
DA:202,0
DA:207,0
DA:214,0
DA:219,0
DA:234,0
DA:235,0
DA:237,0
DA:238,0
DA:244,0
DA:245,0
DA:252,0
DA:253,0
DA:258,0
DA:266,0
DA:267,0
DA:273,0
DA:281,0
DA:282,0
DA:283,0
DA:284,0
DA:285,0
DA:289,0
DA:296,0
DA:298,0
DA:304,0
DA:332,0
DA:338,0
DA:345,0
LF:82
LH:0
BRDA:27,0,0,0
BRDA:27,0,1,0
BRDA:27,0,2,0
BRDA:28,1,0,0
BRDA:28,1,1,0
BRDA:39,2,0,0
BRDA:39,2,1,0
BRDA:47,3,0,0
BRDA:47,3,1,0
BRDA:64,4,0,0
BRDA:64,4,1,0
BRDA:76,5,0,0
BRDA:76,5,1,0
BRDA:121,6,0,0
BRDA:121,6,1,0
BRDA:138,7,0,0
BRDA:138,7,1,0
BRDA:139,8,0,0
BRDA:139,8,1,0
BRDA:139,9,0,0
BRDA:139,9,1,0
BRDA:142,10,0,0
BRDA:142,10,1,0
BRDA:162,11,0,0
BRDA:162,11,1,0
BRDA:162,11,2,0
BRDA:170,12,0,0
BRDA:170,12,1,0
BRDA:191,13,0,0
BRDA:191,13,1,0
BRDA:235,14,0,0
BRDA:235,14,1,0
BRDA:235,14,2,0
BRDA:244,15,0,0
BRDA:244,15,1,0
BRDA:244,16,0,0
BRDA:244,16,1,0
BRDA:266,17,0,0
BRDA:266,17,1,0
BRDA:266,18,0,0
BRDA:266,18,1,0
BRDA:282,19,0,0
BRDA:282,19,1,0
BRDA:296,20,0,0
BRDA:296,20,1,0
BRDA:296,21,0,0
BRDA:296,21,1,0
BRDA:300,22,0,0
BRDA:300,22,1,0
BRDA:313,23,0,0
BRDA:313,23,1,0
BRDA:325,24,0,0
BRDA:325,24,1,0
BRDA:326,25,0,0
BRDA:326,25,1,0
BRDA:327,26,0,0
BRDA:327,26,1,0
BRF:57
BRH:0
end_of_record
TN:
SF:src/controllers/gdpr.controller.js
FN:31,initializeController
FN:39,getConsent
FN:89,updateConsent
FN:170,getAuditLog
FN:226,exportData
FNF:5
FNH:0
FNDA:0,initializeController
FNDA:0,getConsent
FNDA:0,updateConsent
FNDA:0,getAuditLog
FNDA:0,exportData
DA:7,0
DA:8,0
DA:9,0
DA:10,0
DA:11,0
DA:12,0
DA:13,0
DA:14,0
DA:17,0
DA:18,0
DA:19,0
DA:32,0
DA:40,0
DA:41,0
DA:44,0
DA:45,0
DA:47,0
DA:48,0
DA:49,0
DA:52,0
DA:54,0
DA:60,0
DA:61,0
DA:64,0
DA:68,0
DA:80,0
DA:81,0
DA:90,0
DA:91,0
DA:94,0
DA:95,0
DA:96,0
DA:98,0
DA:99,0
DA:100,0
DA:103,0
DA:104,0
DA:107,0
DA:109,0
DA:115,0
DA:116,0
DA:117,0
DA:118,0
DA:119,0
DA:122,0
DA:129,0
DA:130,0
DA:131,0
DA:134,0
DA:135,0
DA:139,0
DA:147,0
DA:149,0
DA:161,0
DA:162,0
DA:171,0
DA:172,0
DA:175,0
DA:176,0
DA:177,0
DA:179,0
DA:180,0
DA:181,0
DA:184,0
DA:186,0
DA:193,0
DA:194,0
DA:197,0
DA:199,0
DA:200,0
DA:201,0
DA:204,0
DA:217,0
DA:218,0
DA:227,0
DA:228,0
DA:231,0
DA:233,0
DA:234,0
DA:235,0
DA:236,0
DA:239,0
DA:241,0
DA:247,0
DA:248,0
DA:251,0
DA:253,0
DA:254,0
DA:257,0
DA:259,0
DA:271,0
DA:272,0
DA:287,0
DA:289,0
DA:296,0
DA:308,0
DA:309,0
DA:313,0
LF:98
LH:0
BRDA:18,0,0,0
BRDA:18,0,1,0
BRDA:18,1,0,0
BRDA:18,1,1,0
BRDA:40,2,0,0
BRDA:40,2,1,0
BRDA:48,3,0,0
BRDA:48,3,1,0
BRDA:60,4,0,0
BRDA:60,4,1,0
BRDA:60,5,0,0
BRDA:60,5,1,0
BRDA:72,6,0,0
BRDA:72,6,1,0
BRDA:73,7,0,0
BRDA:73,7,1,0
BRDA:74,8,0,0
BRDA:74,8,1,0
BRDA:75,9,0,0
BRDA:75,9,1,0
BRDA:90,10,0,0
BRDA:90,10,1,0
BRDA:99,11,0,0
BRDA:99,11,1,0
BRDA:103,12,0,0
BRDA:103,12,1,0
BRDA:115,13,0,0
BRDA:115,13,1,0
BRDA:117,14,0,0
BRDA:117,14,1,0
BRDA:119,15,0,0
BRDA:119,15,1,0
BRDA:129,16,0,0
BRDA:129,16,1,0
BRDA:134,17,0,0
BRDA:134,17,1,0
BRDA:139,18,0,0
BRDA:139,18,1,0
BRDA:142,19,0,0
BRDA:142,19,1,0
BRDA:143,20,0,0
BRDA:143,20,1,0
BRDA:144,21,0,0
BRDA:144,21,1,0
BRDA:151,22,0,0
BRDA:151,22,1,0
BRDA:155,23,0,0
BRDA:155,23,1,0
BRDA:156,24,0,0
BRDA:156,24,1,0
BRDA:171,25,0,0
BRDA:171,25,1,0
BRDA:177,26,0,0
BRDA:177,27,0,0
BRDA:180,28,0,0
BRDA:180,28,1,0
BRDA:193,29,0,0
BRDA:193,29,1,0
BRDA:199,30,0,0
BRDA:199,30,1,0
BRDA:207,31,0,0
BRDA:207,31,1,0
BRDA:209,32,0,0
BRDA:209,32,1,0
BRDA:212,33,0,0
BRDA:212,33,1,0
BRDA:227,34,0,0
BRDA:227,34,1,0
BRDA:235,35,0,0
BRDA:235,35,1,0
BRDA:247,36,0,0
BRDA:247,36,1,0
BRDA:253,37,0,0
BRDA:253,37,1,0
BRDA:254,38,0,0
BRDA:254,38,1,0
BRDA:277,39,0,0
BRDA:277,39,1,0
BRDA:277,40,0,0
BRDA:277,40,1,0
BRDA:283,41,0,0
BRDA:283,41,1,0
BRDA:284,42,0,0
BRDA:284,42,1,0
BRF:84
BRH:0
end_of_record
TN:
SF:src/controllers/groups.controller.js
FN:49,createGroup
FN:104,getGroup
FN:155,(anonymous_2)
FN:176,getUserGroup
FN:239,inviteMember
FN:373,acceptInvitation
FN:485,declineInvitation
FN:515,removeMember
FN:604,leaveGroup
FN:666,updateGroup
FN:713,listInvitations
FN:746,(anonymous_11)
FN:769,cancelInvitation
FN:816,updateGroupSubscriptionStatus
FNF:14
FNH:0
FNDA:0,createGroup
FNDA:0,getGroup
FNDA:0,(anonymous_2)
FNDA:0,getUserGroup
FNDA:0,inviteMember
FNDA:0,acceptInvitation
FNDA:0,declineInvitation
FNDA:0,removeMember
FNDA:0,leaveGroup
FNDA:0,updateGroup
FNDA:0,listInvitations
FNDA:0,(anonymous_11)
FNDA:0,cancelInvitation
FNDA:0,updateGroupSubscriptionStatus
DA:20,0
DA:23,0
DA:29,0
DA:50,0
DA:52,0
DA:54,0
DA:57,0
DA:60,0
DA:74,0
DA:75,0
DA:76,0
DA:80,0
DA:89,0
DA:90,0
DA:92,0
DA:93,0
DA:96,0
DA:97,0
DA:105,0
DA:106,0
DA:108,0
DA:110,0
DA:117,0
DA:118,0
DA:122,0
DA:123,0
DA:129,0
DA:130,0
DA:135,0
DA:141,0
DA:142,0
DA:145,0
DA:155,0
DA:167,0
DA:168,0
DA:177,0
DA:179,0
DA:181,0
DA:187,0
DA:188,0
DA:191,0
DA:192,0
DA:199,0
DA:206,0
DA:212,0
DA:228,0
DA:229,0
DA:240,0
DA:242,0
DA:243,0
DA:246,0
DA:248,0
DA:255,0
DA:256,0
DA:259,0
DA:260,0
DA:263,0
DA:264,0
DA:268,0
DA:274,0
DA:275,0
DA:283,0
DA:289,0
DA:290,0
DA:294,0
DA:302,0
DA:303,0
DA:307,0
DA:318,0
DA:319,0
DA:320,0
DA:324,0
DA:325,0
DA:327,0
DA:334,0
DA:336,0
DA:348,0
DA:350,0
DA:354,0
DA:362,0
DA:363,0
DA:374,0
DA:375,0
DA:377,0
DA:378,0
DA:381,0
DA:383,0
DA:390,0
DA:391,0
DA:395,0
DA:396,0
DA:400,0
DA:404,0
DA:410,0
DA:411,0
DA:414,0
DA:415,0
DA:421,0
DA:422,0
DA:425,0
DA:428,0
DA:434,0
DA:435,0
DA:439,0
DA:451,0
DA:452,0
DA:453,0
DA:457,0
DA:465,0
DA:467,0
DA:476,0
DA:477,0
DA:486,0
DA:488,0
DA:489,0
DA:497,0
DA:498,0
DA:501,0
DA:504,0
DA:505,0
DA:516,0
DA:518,0
DA:519,0
DA:522,0
DA:524,0
DA:530,0
DA:531,0
DA:534,0
DA:535,0
DA:538,0
DA:539,0
DA:543,0
DA:549,0
DA:550,0
DA:554,0
DA:566,0
DA:567,0
DA:568,0
DA:572,0
DA:573,0
DA:574,0
DA:585,0
DA:588,0
DA:590,0
DA:593,0
DA:594,0
DA:605,0
DA:607,0
DA:608,0
DA:611,0
DA:613,0
DA:619,0
DA:620,0
DA:623,0
DA:624,0
DA:627,0
DA:628,0
DA:634,0
DA:645,0
DA:646,0
DA:647,0
DA:650,0
DA:652,0
DA:655,0
DA:656,0
DA:667,0
DA:668,0
DA:670,0
DA:671,0
DA:674,0
DA:676,0
DA:682,0
DA:683,0
DA:686,0
DA:687,0
DA:691,0
DA:696,0
DA:697,0
DA:698,0
DA:701,0
DA:704,0
DA:705,0
DA:714,0
DA:715,0
DA:717,0
DA:719,0
DA:725,0
DA:726,0
DA:729,0
DA:730,0
DA:734,0
DA:740,0
DA:741,0
DA:742,0
DA:745,0
DA:746,0
DA:758,0
DA:759,0
DA:770,0
DA:771,0
DA:773,0
DA:775,0
DA:781,0
DA:782,0
DA:785,0
DA:786,0
DA:789,0
DA:790,0
DA:794,0
DA:799,0
DA:800,0
DA:801,0
DA:804,0
DA:807,0
DA:808,0
DA:817,0
DA:818,0
DA:819,0
DA:820,0
DA:823,0
DA:830,0
DA:831,0
DA:832,0
DA:835,0
DA:838,0
DA:843,0
DA:846,0
DA:850,0
LF:228
LH:0
BRDA:52,0,0,0
BRDA:52,0,1,0
BRDA:52,1,0,0
BRDA:52,1,1,0
BRDA:63,2,0,0
BRDA:63,2,1,0
BRDA:74,3,0,0
BRDA:74,3,1,0
BRDA:89,4,0,0
BRDA:89,4,1,0
BRDA:117,5,0,0
BRDA:117,5,1,0
BRDA:117,6,0,0
BRDA:117,6,1,0
BRDA:122,7,0,0
BRDA:122,7,1,0
BRDA:129,8,0,0
BRDA:129,8,1,0
BRDA:129,9,0,0
BRDA:129,9,1,0
BRDA:141,10,0,0
BRDA:141,10,1,0
BRDA:150,11,0,0
BRDA:150,11,1,0
BRDA:155,12,0,0
BRDA:155,12,1,0
BRDA:163,13,0,0
BRDA:163,13,1,0
BRDA:187,14,0,0
BRDA:187,14,1,0
BRDA:187,15,0,0
BRDA:187,15,1,0
BRDA:191,16,0,0
BRDA:191,16,1,0
BRDA:217,17,0,0
BRDA:217,17,1,0
BRDA:242,18,0,0
BRDA:242,18,1,0
BRDA:242,19,0,0
BRDA:242,19,1,0
BRDA:242,19,2,0
BRDA:255,20,0,0
BRDA:255,20,1,0
BRDA:255,21,0,0
BRDA:255,21,1,0
BRDA:259,22,0,0
BRDA:259,22,1,0
BRDA:263,23,0,0
BRDA:263,23,1,0
BRDA:274,24,0,0
BRDA:274,24,1,0
BRDA:289,25,0,0
BRDA:289,25,1,0
BRDA:302,26,0,0
BRDA:302,26,1,0
BRDA:318,27,0,0
BRDA:318,27,1,0
BRDA:334,28,0,0
BRDA:334,28,1,0
BRDA:341,29,0,0
BRDA:341,29,1,0
BRDA:341,30,0,0
BRDA:341,30,1,0
BRDA:377,31,0,0
BRDA:377,31,1,0
BRDA:390,32,0,0
BRDA:390,32,1,0
BRDA:390,33,0,0
BRDA:390,33,1,0
BRDA:395,34,0,0
BRDA:395,34,1,0
BRDA:410,35,0,0
BRDA:410,35,1,0
BRDA:410,36,0,0
BRDA:410,36,1,0
BRDA:414,37,0,0
BRDA:414,37,1,0
BRDA:421,38,0,0
BRDA:421,38,1,0
BRDA:434,39,0,0
BRDA:434,39,1,0
BRDA:451,40,0,0
BRDA:451,40,1,0
BRDA:497,41,0,0
BRDA:497,41,1,0
BRDA:497,42,0,0
BRDA:497,42,1,0
BRDA:518,43,0,0
BRDA:518,43,1,0
BRDA:518,44,0,0
BRDA:518,44,1,0
BRDA:518,44,2,0
BRDA:530,45,0,0
BRDA:530,45,1,0
BRDA:530,46,0,0
BRDA:530,46,1,0
BRDA:534,47,0,0
BRDA:534,47,1,0
BRDA:538,48,0,0
BRDA:538,48,1,0
BRDA:549,49,0,0
BRDA:549,49,1,0
BRDA:549,50,0,0
BRDA:549,50,1,0
BRDA:566,51,0,0
BRDA:566,51,1,0
BRDA:581,52,0,0
BRDA:581,52,1,0
BRDA:607,53,0,0
BRDA:607,53,1,0
BRDA:619,54,0,0
BRDA:619,54,1,0
BRDA:619,55,0,0
BRDA:619,55,1,0
BRDA:623,56,0,0
BRDA:623,56,1,0
BRDA:627,57,0,0
BRDA:627,57,1,0
BRDA:645,58,0,0
BRDA:645,58,1,0
BRDA:670,59,0,0
BRDA:670,59,1,0
BRDA:670,60,0,0
BRDA:670,60,1,0
BRDA:682,61,0,0
BRDA:682,61,1,0
BRDA:682,62,0,0
BRDA:682,62,1,0
BRDA:686,63,0,0
BRDA:686,63,1,0
BRDA:696,64,0,0
BRDA:696,64,1,0
BRDA:725,65,0,0
BRDA:725,65,1,0
BRDA:725,66,0,0
BRDA:725,66,1,0
BRDA:729,67,0,0
BRDA:729,67,1,0
BRDA:740,68,0,0
BRDA:740,68,1,0
BRDA:753,69,0,0
BRDA:753,69,1,0
BRDA:781,70,0,0
BRDA:781,70,1,0
BRDA:781,71,0,0
BRDA:781,71,1,0
BRDA:785,72,0,0
BRDA:785,72,1,0
BRDA:789,73,0,0
BRDA:789,73,1,0
BRDA:799,74,0,0
BRDA:799,74,1,0
BRDA:816,75,0,0
BRDA:819,76,0,0
BRDA:819,76,1,0
BRDA:830,77,0,0
BRDA:830,77,1,0
BRDA:835,78,0,0
BRDA:835,78,1,0
BRF:159
BRH:0
end_of_record
TN:
SF:src/controllers/imageProxy.controller.js
FN:20,proxyImage
FN:92,proxyImageByType
FN:126,proxyThumbnail
FNF:3
FNH:0
FNDA:0,proxyImage
FNDA:0,proxyImageByType
FNDA:0,proxyThumbnail
DA:7,0
DA:8,0
DA:11,0
DA:21,0
DA:22,0
DA:23,0
DA:26,0
DA:32,0
DA:33,0
DA:34,0
DA:38,0
DA:39,0
DA:40,0
DA:41,0
DA:45,0
DA:46,0
DA:49,0
DA:55,0
DA:59,0
DA:60,0
DA:61,0
DA:65,0
DA:66,0
DA:74,0
DA:75,0
DA:77,0
DA:83,0
DA:84,0
DA:93,0
DA:94,0
DA:95,0
DA:98,0
DA:107,0
DA:108,0
DA:109,0
DA:113,0
DA:114,0
DA:117,0
DA:118,0
DA:127,0
DA:128,0
DA:132,0
DA:135,0
DA:136,0
DA:140,0
LF:45
LH:0
BRDA:32,0,0,0
BRDA:32,0,1,0
BRDA:32,1,0,0
BRDA:32,1,1,0
BRDA:39,2,0,0
BRDA:39,2,1,0
BRDA:45,3,0,0
BRDA:45,3,1,0
BRDA:59,4,0,0
BRDA:59,4,1,0
BRDA:65,5,0,0
BRDA:65,5,1,0
BRDA:70,6,0,0
BRDA:70,6,1,0
BRDA:107,7,0,0
BRDA:107,7,1,0
BRDA:107,8,0,0
BRDA:107,8,1,0
BRF:18
BRH:0
end_of_record
TN:
SF:src/controllers/imageUpload.controller.js
FN:18,(anonymous_0)
FN:37,uploadImages
FN:166,(anonymous_2)
FN:167,(anonymous_3)
FN:181,(anonymous_4)
FN:210,dashboardUpload
FN:406,(anonymous_6)
FNF:7
FNH:0
FNDA:0,(anonymous_0)
FNDA:0,uploadImages
FNDA:0,(anonymous_2)
FNDA:0,(anonymous_3)
FNDA:0,(anonymous_4)
FNDA:0,dashboardUpload
FNDA:0,(anonymous_6)
DA:6,0
DA:7,0
DA:8,0
DA:9,0
DA:10,0
DA:13,0
DA:20,0
DA:21,0
DA:23,0
DA:38,0
DA:39,0
DA:41,0
DA:42,0
DA:44,0
DA:45,0
DA:48,0
DA:49,0
DA:52,0
DA:58,0
DA:59,0
DA:62,0
DA:68,0
DA:69,0
DA:70,0
DA:74,0
DA:76,0
DA:77,0
DA:78,0
DA:80,0
DA:81,0
DA:87,0
DA:90,0
DA:91,0
DA:99,0
DA:100,0
DA:104,0
DA:109,0
DA:131,0
DA:137,0
DA:140,0
DA:141,0
DA:151,0
DA:160,0
DA:166,0
DA:167,0
DA:170,0
DA:179,0
DA:181,0
DA:185,0
DA:195,0
DA:196,0
DA:211,0
DA:212,0
DA:214,0
DA:215,0
DA:216,0
DA:219,0
DA:220,0
DA:223,0
DA:224,0
DA:227,0
DA:228,0
DA:231,0
DA:240,0
DA:241,0
DA:244,0
DA:252,0
DA:255,0
DA:256,0
DA:258,0
DA:259,0
DA:260,0
DA:261,0
DA:262,0
DA:263,0
DA:264,0
DA:265,0
DA:266,0
DA:267,0
DA:270,0
DA:271,0
DA:272,0
DA:273,0
DA:278,0
DA:279,0
DA:282,0
DA:289,0
DA:291,0
DA:296,0
DA:301,0
DA:306,0
DA:309,0
DA:310,0
DA:311,0
DA:312,0
DA:315,0
DA:316,0
DA:324,0
DA:325,0
DA:329,0
DA:333,0
DA:334,0
DA:338,0
DA:367,0
DA:368,0
DA:371,0
DA:377,0
DA:392,0
DA:393,0
DA:401,0
DA:408,0
DA:409,0
DA:411,0
DA:415,0
LF:114
LH:0
BRDA:20,0,0,0
BRDA:20,0,1,0
BRDA:44,1,0,0
BRDA:44,1,1,0
BRDA:48,2,0,0
BRDA:48,2,1,0
BRDA:48,3,0,0
BRDA:48,3,1,0
BRDA:68,4,0,0
BRDA:68,4,1,0
BRDA:68,5,0,0
BRDA:68,5,1,0
BRDA:77,6,0,0
BRDA:77,6,1,0
BRDA:77,7,0,0
BRDA:77,7,1,0
BRDA:99,8,0,0
BRDA:99,8,1,0
BRDA:173,9,0,0
BRDA:173,9,1,0
BRDA:174,10,0,0
BRDA:174,10,1,0
BRDA:219,11,0,0
BRDA:219,11,1,0
BRDA:223,12,0,0
BRDA:223,12,1,0
BRDA:227,13,0,0
BRDA:227,13,1,0
BRDA:236,14,0,0
BRDA:236,14,1,0
BRDA:258,15,0,0
BRDA:258,15,1,0
BRDA:260,16,0,0
BRDA:260,16,1,0
BRDA:262,17,0,0
BRDA:262,17,1,0
BRDA:264,18,0,0
BRDA:264,18,1,0
BRDA:266,19,0,0
BRDA:266,19,1,0
BRDA:270,20,0,0
BRDA:270,20,1,0
BRDA:272,21,0,0
BRDA:272,21,1,0
BRDA:278,22,0,0
BRDA:278,22,1,0
BRDA:289,23,0,0
BRDA:289,23,1,0
BRDA:324,24,0,0
BRDA:324,24,1,0
BRDA:333,25,0,0
BRDA:333,25,1,0
BRDA:361,26,0,0
BRDA:361,26,1,0
BRDA:367,27,0,0
BRDA:367,27,1,0
BRDA:379,28,0,0
BRDA:379,28,1,0
BRDA:408,29,0,0
BRDA:408,29,1,0
BRF:60
BRH:0
end_of_record
TN:
SF:src/controllers/incident.controller.js
FN:19,createIncidentReport
FN:157,listIncidents
FN:188,(anonymous_2)
FN:189,(anonymous_3)
FN:222,(anonymous_4)
FN:248,getIncident
FN:306,updateIncident
FN:389,deleteIncident
FN:465,uploadIncidentPhotos
FN:485,(anonymous_9)
FN:510,(anonymous_10)
FN:511,(anonymous_11)
FNF:12
FNH:0
FNDA:0,createIncidentReport
FNDA:0,listIncidents
FNDA:0,(anonymous_2)
FNDA:0,(anonymous_3)
FNDA:0,(anonymous_4)
FNDA:0,getIncident
FNDA:0,updateIncident
FNDA:0,deleteIncident
FNDA:0,uploadIncidentPhotos
FNDA:0,(anonymous_9)
FNDA:0,(anonymous_10)
FNDA:0,(anonymous_11)
DA:7,0
DA:8,0
DA:9,0
DA:10,0
DA:13,0
DA:20,0
DA:21,0
DA:23,0
DA:24,0
DA:27,0
DA:29,0
DA:36,0
DA:37,0
DA:41,0
DA:44,0
DA:87,0
DA:89,0
DA:97,0
DA:98,0
DA:103,0
DA:106,0
DA:113,0
DA:114,0
DA:115,0
DA:117,0
DA:125,0
DA:127,0
DA:133,0
DA:144,0
DA:148,0
DA:158,0
DA:159,0
DA:161,0
DA:162,0
DA:165,0
DA:168,0
DA:177,0
DA:178,0
DA:182,0
DA:186,0
DA:188,0
DA:190,0
DA:191,0
DA:196,0
DA:197,0
DA:200,0
DA:211,0
DA:216,0
DA:222,0
DA:224,0
DA:229,0
DA:236,0
DA:240,0
DA:249,0
DA:250,0
DA:251,0
DA:253,0
DA:254,0
DA:257,0
DA:260,0
DA:265,0
DA:266,0
DA:271,0
DA:275,0
DA:276,0
DA:279,0
DA:280,0
DA:285,0
DA:288,0
DA:294,0
DA:298,0
DA:307,0
DA:308,0
DA:309,0
DA:310,0
DA:312,0
DA:313,0
DA:316,0
DA:319,0
DA:324,0
DA:325,0
DA:329,0
DA:330,0
DA:332,0
DA:333,0
DA:337,0
DA:348,0
DA:360,0
DA:361,0
DA:366,0
DA:369,0
DA:371,0
DA:377,0
DA:381,0
DA:390,0
DA:391,0
DA:392,0
DA:394,0
DA:395,0
DA:398,0
DA:401,0
DA:406,0
DA:407,0
DA:410,0
DA:411,0
DA:413,0
DA:414,0
DA:418,0
DA:423,0
DA:424,0
DA:429,0
DA:433,0
DA:434,0
DA:439,0
DA:445,0
DA:447,0
DA:453,0
DA:457,0
DA:466,0
DA:467,0
DA:468,0
DA:470,0
DA:471,0
DA:474,0
DA:475,0
DA:478,0
DA:485,0
DA:486,0
DA:488,0
DA:496,0
DA:497,0
DA:503,0
DA:506,0
DA:509,0
DA:510,0
DA:511,0
DA:513,0
DA:520,0
DA:528,0
DA:532,0
DA:536,0
LF:141
LH:0
BRDA:23,0,0,0
BRDA:23,0,1,0
BRDA:36,1,0,0
BRDA:36,1,1,0
BRDA:53,2,0,0
BRDA:53,2,1,0
BRDA:54,3,0,0
BRDA:54,3,1,0
BRDA:57,4,0,0
BRDA:57,4,1,0
BRDA:60,5,0,0
BRDA:60,5,1,0
BRDA:63,6,0,0
BRDA:63,6,1,0
BRDA:66,7,0,0
BRDA:66,7,1,0
BRDA:69,8,0,0
BRDA:69,8,1,0
BRDA:70,9,0,0
BRDA:70,9,1,0
BRDA:73,10,0,0
BRDA:73,10,1,0
BRDA:74,11,0,0
BRDA:74,11,1,0
BRDA:77,12,0,0
BRDA:77,12,1,0
BRDA:97,13,0,0
BRDA:97,13,1,0
BRDA:114,14,0,0
BRDA:114,14,1,0
BRDA:161,15,0,0
BRDA:161,15,1,0
BRDA:177,16,0,0
BRDA:177,16,1,0
BRDA:253,17,0,0
BRDA:253,17,1,0
BRDA:265,18,0,0
BRDA:265,18,1,0
BRDA:279,19,0,0
BRDA:279,19,1,0
BRDA:312,20,0,0
BRDA:312,20,1,0
BRDA:324,21,0,0
BRDA:324,21,1,0
BRDA:332,22,0,0
BRDA:332,22,1,0
BRDA:360,23,0,0
BRDA:360,23,1,0
BRDA:394,24,0,0
BRDA:394,24,1,0
BRDA:406,25,0,0
BRDA:406,25,1,0
BRDA:413,26,0,0
BRDA:413,26,1,0
BRDA:423,27,0,0
BRDA:423,27,1,0
BRDA:470,28,0,0
BRDA:470,28,1,0
BRDA:474,29,0,0
BRDA:474,29,1,0
BRDA:474,30,0,0
BRDA:474,30,1,0
BRDA:496,31,0,0
BRDA:496,31,1,0
BRF:64
BRH:0
end_of_record
TN:
SF:src/controllers/incidentForm.controller.js
FN:54,submitIncidentForm
FN:125,(anonymous_1)
FN:132,(anonymous_2)
FN:351,(anonymous_3)
FN:390,(anonymous_4)
FN:493,buildIncidentData
FN:764,saveProgress
FN:820,getIncidentReport
FN:889,listIncidentReports
FN:929,(anonymous_9)
FN:985,submitDeclaration
FN:1101,(anonymous_11)
FN:1108,(anonymous_12)
FN:1118,(anonymous_13)
FN:1141,(anonymous_14)
FN:1144,(anonymous_15)
FN:1170,(anonymous_16)
FN:1187,(anonymous_17)
FN:1195,(anonymous_18)
FN:1227,getCurrentIncident
FNF:20
FNH:0
FNDA:0,submitIncidentForm
FNDA:0,(anonymous_1)
FNDA:0,(anonymous_2)
FNDA:0,(anonymous_3)
FNDA:0,(anonymous_4)
FNDA:0,buildIncidentData
FNDA:0,saveProgress
FNDA:0,getIncidentReport
FNDA:0,listIncidentReports
FNDA:0,(anonymous_9)
FNDA:0,submitDeclaration
FNDA:0,(anonymous_11)
FNDA:0,(anonymous_12)
FNDA:0,(anonymous_13)
FNDA:0,(anonymous_14)
FNDA:0,(anonymous_15)
FNDA:0,(anonymous_16)
FNDA:0,(anonymous_17)
FNDA:0,(anonymous_18)
FNDA:0,getCurrentIncident
DA:19,0
DA:20,0
DA:21,0
DA:22,0
DA:23,0
DA:26,0
DA:55,0
DA:56,0
DA:57,0
DA:58,0
DA:60,0
DA:61,0
DA:62,0
DA:68,0
DA:70,0
DA:80,0
DA:83,0
DA:89,0
DA:90,0
DA:100,0
DA:107,0
DA:113,0
DA:114,0
DA:115,0
DA:117,0
DA:126,0
DA:127,0
DA:129,0
DA:133,0
DA:136,0
DA:142,0
DA:149,0
DA:150,0
DA:151,0
DA:152,0
DA:161,0
DA:167,0
DA:176,0
DA:177,0
DA:178,0
DA:179,0
DA:185,0
DA:191,0
DA:200,0
DA:201,0
DA:202,0
DA:203,0
DA:209,0
DA:215,0
DA:224,0
DA:225,0
DA:226,0
DA:231,0
DA:239,0
DA:240,0
DA:241,0
DA:244,0
DA:245,0
DA:254,0
DA:255,0
DA:256,0
DA:258,0
DA:259,0
DA:263,0
DA:271,0
DA:277,0
DA:287,0
DA:288,0
DA:289,0
DA:290,0
DA:299,0
DA:305,0
DA:311,0
DA:313,0
DA:314,0
DA:323,0
DA:329,0
DA:338,0
DA:346,0
DA:351,0
DA:353,0
DA:354,0
DA:369,0
DA:370,0
DA:371,0
DA:372,0
DA:373,0
DA:376,0
DA:377,0
DA:389,0
DA:390,0
DA:391,0
DA:392,0
DA:406,0
DA:407,0
DA:412,0
DA:413,0
DA:418,0
DA:422,0
DA:429,0
DA:438,0
DA:472,0
DA:477,0
DA:506,0
DA:508,0
DA:765,0
DA:766,0
DA:768,0
DA:769,0
DA:775,0
DA:777,0
DA:784,0
DA:792,0
DA:801,0
DA:805,0
DA:821,0
DA:822,0
DA:823,0
DA:825,0
DA:826,0
DA:832,0
DA:834,0
DA:842,0
DA:843,0
DA:848,0
DA:855,0
DA:857,0
DA:866,0
DA:870,0
DA:890,0
DA:891,0
DA:893,0
DA:894,0
DA:901,0
DA:902,0
DA:904,0
DA:912,0
DA:920,0
DA:921,0
DA:922,0
DA:929,0
DA:945,0
DA:951,0
DA:960,0
DA:961,0
DA:986,0
DA:989,0
DA:990,0
DA:991,0
DA:992,0
DA:995,0
DA:996,0
DA:1003,0
DA:1010,0
DA:1011,0
DA:1012,0
DA:1019,0
DA:1020,0
DA:1026,0
DA:1027,0
DA:1028,0
DA:1029,0
DA:1033,0
DA:1034,0
DA:1035,0
DA:1041,0
DA:1049,0
DA:1050,0
DA:1051,0
DA:1064,0
DA:1065,0
DA:1067,0
DA:1068,0
DA:1072,0
DA:1080,0
DA:1081,0
DA:1083,0
DA:1092,0
DA:1097,0
DA:1100,0
DA:1102,0
DA:1109,0
DA:1117,0
DA:1120,0
DA:1122,0
DA:1123,0
DA:1131,0
DA:1142,0
DA:1145,0
DA:1147,0
DA:1148,0
DA:1152,0
DA:1153,0
DA:1159,0
DA:1168,0
DA:1169,0
DA:1171,0
DA:1172,0
DA:1178,0
DA:1179,0
DA:1181,0
DA:1188,0
DA:1197,0
DA:1205,0
DA:1208,0
DA:1215,0
DA:1216,0
DA:1228,0
DA:1229,0
DA:1231,0
DA:1232,0
DA:1239,0
DA:1248,0
DA:1249,0
DA:1252,0
DA:1253,0
DA:1260,0
DA:1262,0
DA:1267,0
DA:1268,0
DA:1275,0
LF:221
LH:0
BRDA:58,0,0,0
BRDA:58,0,1,0
BRDA:60,1,0,0
BRDA:60,1,1,0
BRDA:89,2,0,0
BRDA:89,2,1,0
BRDA:113,3,0,0
BRDA:113,3,1,0
BRDA:115,4,0,0
BRDA:115,4,1,0
BRDA:123,5,0,0
BRDA:123,5,1,0
BRDA:126,6,0,0
BRDA:126,6,1,0
BRDA:150,7,0,0
BRDA:150,7,1,0
BRDA:150,8,0,0
BRDA:150,8,1,0
BRDA:177,9,0,0
BRDA:177,9,1,0
BRDA:201,10,0,0
BRDA:201,10,1,0
BRDA:225,11,0,0
BRDA:225,11,1,0
BRDA:254,12,0,0
BRDA:254,12,1,0
BRDA:254,13,0,0
BRDA:254,13,1,0
BRDA:258,14,0,0
BRDA:258,14,1,0
BRDA:288,15,0,0
BRDA:288,15,1,0
BRDA:311,16,0,0
BRDA:311,16,1,0
BRDA:339,17,0,0
BRDA:339,17,1,0
BRDA:340,18,0,0
BRDA:340,18,1,0
BRDA:341,19,0,0
BRDA:341,19,1,0
BRDA:342,20,0,0
BRDA:342,20,1,0
BRDA:343,21,0,0
BRDA:343,21,1,0
BRDA:346,22,0,0
BRDA:346,22,1,0
BRDA:346,22,2,0
BRDA:346,22,3,0
BRDA:346,22,4,0
BRDA:353,23,0,0
BRDA:353,23,1,0
BRDA:353,24,0,0
BRDA:353,24,1,0
BRDA:358,25,0,0
BRDA:358,25,1,0
BRDA:359,26,0,0
BRDA:359,26,1,0
BRDA:360,27,0,0
BRDA:360,27,1,0
BRDA:361,28,0,0
BRDA:361,28,1,0
BRDA:362,29,0,0
BRDA:362,29,1,0
BRDA:370,30,0,0
BRDA:370,30,1,0
BRDA:376,31,0,0
BRDA:376,31,1,0
BRDA:376,32,0,0
BRDA:376,32,1,0
BRDA:382,33,0,0
BRDA:382,33,1,0
BRDA:383,34,0,0
BRDA:383,34,1,0
BRDA:389,35,0,0
BRDA:389,35,1,0
BRDA:389,36,0,0
BRDA:389,36,1,0
BRDA:391,37,0,0
BRDA:391,37,1,0
BRDA:391,38,0,0
BRDA:391,38,1,0
BRDA:397,39,0,0
BRDA:397,39,1,0
BRDA:398,40,0,0
BRDA:398,40,1,0
BRDA:406,41,0,0
BRDA:406,41,1,0
BRDA:412,42,0,0
BRDA:412,42,1,0
BRDA:443,43,0,0
BRDA:443,43,1,0
BRDA:448,44,0,0
BRDA:448,44,1,0
BRDA:453,45,0,0
BRDA:453,45,1,0
BRDA:458,46,0,0
BRDA:458,46,1,0
BRDA:463,47,0,0
BRDA:463,47,1,0
BRDA:495,48,0,0
BRDA:496,49,0,0
BRDA:497,50,0,0
BRDA:498,51,0,0
BRDA:499,52,0,0
BRDA:500,53,0,0
BRDA:501,54,0,0
BRDA:502,55,0,0
BRDA:503,56,0,0
BRDA:504,57,0,0
BRDA:505,58,0,0
BRDA:513,59,0,0
BRDA:513,59,1,0
BRDA:514,60,0,0
BRDA:514,60,1,0
BRDA:520,61,0,0
BRDA:520,61,1,0
BRDA:521,62,0,0
BRDA:521,62,1,0
BRDA:522,63,0,0
BRDA:522,63,1,0
BRDA:524,64,0,0
BRDA:524,64,1,0
BRDA:527,65,0,0
BRDA:527,65,1,0
BRDA:528,66,0,0
BRDA:528,66,1,0
BRDA:529,67,0,0
BRDA:529,67,1,0
BRDA:530,68,0,0
BRDA:530,68,1,0
BRDA:531,69,0,0
BRDA:531,69,1,0
BRDA:532,70,0,0
BRDA:532,70,1,0
BRDA:533,71,0,0
BRDA:533,71,1,0
BRDA:534,72,0,0
BRDA:534,72,1,0
BRDA:535,73,0,0
BRDA:535,73,1,0
BRDA:536,74,0,0
BRDA:536,74,1,0
BRDA:537,75,0,0
BRDA:537,75,1,0
BRDA:538,76,0,0
BRDA:538,76,1,0
BRDA:539,77,0,0
BRDA:539,77,1,0
BRDA:542,78,0,0
BRDA:542,78,1,0
BRDA:549,79,0,0
BRDA:549,79,1,0
BRDA:550,80,0,0
BRDA:550,80,1,0
BRDA:551,81,0,0
BRDA:551,81,1,0
BRDA:552,82,0,0
BRDA:552,82,1,0
BRDA:553,83,0,0
BRDA:553,83,1,0
BRDA:554,84,0,0
BRDA:554,84,1,0
BRDA:555,85,0,0
BRDA:555,85,1,0
BRDA:556,86,0,0
BRDA:556,86,1,0
BRDA:557,87,0,0
BRDA:557,87,1,0
BRDA:558,88,0,0
BRDA:558,88,1,0
BRDA:559,89,0,0
BRDA:559,89,1,0
BRDA:560,90,0,0
BRDA:560,90,1,0
BRDA:563,91,0,0
BRDA:563,91,1,0
BRDA:564,92,0,0
BRDA:564,92,1,0
BRDA:565,93,0,0
BRDA:565,93,1,0
BRDA:566,94,0,0
BRDA:566,94,1,0
BRDA:567,95,0,0
BRDA:567,95,1,0
BRDA:568,96,0,0
BRDA:568,96,1,0
BRDA:571,97,0,0
BRDA:571,97,1,0
BRDA:572,98,0,0
BRDA:572,98,1,0
BRDA:573,99,0,0
BRDA:573,99,1,0
BRDA:574,100,0,0
BRDA:574,100,1,0
BRDA:575,101,0,0
BRDA:575,101,1,0
BRDA:576,102,0,0
BRDA:576,102,1,0
BRDA:577,103,0,0
BRDA:577,103,1,0
BRDA:580,104,0,0
BRDA:580,104,1,0
BRDA:581,105,0,0
BRDA:581,105,1,0
BRDA:584,106,0,0
BRDA:584,106,1,0
BRDA:585,107,0,0
BRDA:585,107,1,0
BRDA:586,108,0,0
BRDA:586,108,1,0
BRDA:587,109,0,0
BRDA:587,109,1,0
BRDA:590,110,0,0
BRDA:590,110,1,0
BRDA:591,111,0,0
BRDA:591,111,1,0
BRDA:592,112,0,0
BRDA:592,112,1,0
BRDA:593,113,0,0
BRDA:593,113,1,0
BRDA:596,114,0,0
BRDA:596,114,1,0
BRDA:597,115,0,0
BRDA:597,115,1,0
BRDA:598,116,0,0
BRDA:598,116,1,0
BRDA:602,117,0,0
BRDA:602,117,1,0
BRDA:603,118,0,0
BRDA:603,118,1,0
BRDA:604,119,0,0
BRDA:604,119,1,0
BRDA:607,120,0,0
BRDA:607,120,1,0
BRDA:608,121,0,0
BRDA:608,121,1,0
BRDA:609,122,0,0
BRDA:609,122,1,0
BRDA:610,123,0,0
BRDA:610,123,1,0
BRDA:613,124,0,0
BRDA:613,124,1,0
BRDA:616,125,0,0
BRDA:616,125,1,0
BRDA:617,126,0,0
BRDA:617,126,1,0
BRDA:618,127,0,0
BRDA:618,127,1,0
BRDA:619,128,0,0
BRDA:619,128,1,0
BRDA:620,129,0,0
BRDA:620,129,1,0
BRDA:623,130,0,0
BRDA:623,130,1,0
BRDA:624,131,0,0
BRDA:624,131,1,0
BRDA:625,132,0,0
BRDA:625,132,1,0
BRDA:626,133,0,0
BRDA:626,133,1,0
BRDA:627,134,0,0
BRDA:627,134,1,0
BRDA:628,135,0,0
BRDA:628,135,1,0
BRDA:629,136,0,0
BRDA:629,136,1,0
BRDA:630,137,0,0
BRDA:630,137,1,0
BRDA:631,138,0,0
BRDA:631,138,1,0
BRDA:632,139,0,0
BRDA:632,139,1,0
BRDA:633,140,0,0
BRDA:633,140,1,0
BRDA:634,141,0,0
BRDA:634,141,1,0
BRDA:638,142,0,0
BRDA:638,142,1,0
BRDA:641,143,0,0
BRDA:641,143,1,0
BRDA:644,144,0,0
BRDA:644,144,1,0
BRDA:645,145,0,0
BRDA:645,145,1,0
BRDA:646,146,0,0
BRDA:646,146,1,0
BRDA:647,147,0,0
BRDA:647,147,1,0
BRDA:648,148,0,0
BRDA:648,148,1,0
BRDA:649,149,0,0
BRDA:649,149,1,0
BRDA:651,150,0,0
BRDA:651,150,1,0
BRDA:651,151,0,0
BRDA:651,151,1,0
BRDA:654,152,0,0
BRDA:654,152,1,0
BRDA:655,153,0,0
BRDA:655,153,1,0
BRDA:655,154,0,0
BRDA:655,154,1,0
BRDA:658,155,0,0
BRDA:658,155,1,0
BRDA:661,156,0,0
BRDA:661,156,1,0
BRDA:664,157,0,0
BRDA:664,157,1,0
BRDA:667,158,0,0
BRDA:667,158,1,0
BRDA:668,159,0,0
BRDA:668,159,1,0
BRDA:669,160,0,0
BRDA:669,160,1,0
BRDA:670,161,0,0
BRDA:670,161,1,0
BRDA:671,162,0,0
BRDA:671,162,1,0
BRDA:672,163,0,0
BRDA:672,163,1,0
BRDA:673,164,0,0
BRDA:673,164,1,0
BRDA:674,165,0,0
BRDA:674,165,1,0
BRDA:675,166,0,0
BRDA:675,166,1,0
BRDA:676,167,0,0
BRDA:676,167,1,0
BRDA:679,168,0,0
BRDA:679,168,1,0
BRDA:682,169,0,0
BRDA:682,169,1,0
BRDA:683,170,0,0
BRDA:683,170,1,0
BRDA:684,171,0,0
BRDA:684,171,1,0
BRDA:685,172,0,0
BRDA:685,172,1,0
BRDA:692,173,0,0
BRDA:692,173,1,0
BRDA:693,174,0,0
BRDA:693,174,1,0
BRDA:694,175,0,0
BRDA:694,175,1,0
BRDA:695,176,0,0
BRDA:695,176,1,0
BRDA:698,177,0,0
BRDA:698,177,1,0
BRDA:701,178,0,0
BRDA:701,178,1,0
BRDA:702,179,0,0
BRDA:702,179,1,0
BRDA:703,180,0,0
BRDA:703,180,1,0
BRDA:704,181,0,0
BRDA:704,181,1,0
BRDA:705,182,0,0
BRDA:705,182,1,0
BRDA:706,183,0,0
BRDA:706,183,1,0
BRDA:707,184,0,0
BRDA:707,184,1,0
BRDA:708,185,0,0
BRDA:708,185,1,0
BRDA:709,186,0,0
BRDA:709,186,1,0
BRDA:710,187,0,0
BRDA:710,187,1,0
BRDA:713,188,0,0
BRDA:713,188,1,0
BRDA:714,189,0,0
BRDA:714,189,1,0
BRDA:715,190,0,0
BRDA:715,190,1,0
BRDA:716,191,0,0
BRDA:716,191,1,0
BRDA:719,192,0,0
BRDA:719,192,1,0
BRDA:720,193,0,0
BRDA:720,193,1,0
BRDA:723,194,0,0
BRDA:723,194,1,0
BRDA:725,195,0,0
BRDA:725,195,1,0
BRDA:726,196,0,0
BRDA:726,196,1,0
BRDA:727,197,0,0
BRDA:727,197,1,0
BRDA:728,198,0,0
BRDA:728,198,1,0
BRDA:731,199,0,0
BRDA:731,199,1,0
BRDA:732,200,0,0
BRDA:732,200,1,0
BRDA:733,201,0,0
BRDA:733,201,1,0
BRDA:734,202,0,0
BRDA:734,202,1,0
BRDA:735,203,0,0
BRDA:735,203,1,0
BRDA:736,204,0,0
BRDA:736,204,1,0
BRDA:737,205,0,0
BRDA:737,205,1,0
BRDA:738,206,0,0
BRDA:738,206,1,0
BRDA:739,207,0,0
BRDA:739,207,1,0
BRDA:740,208,0,0
BRDA:740,208,1,0
BRDA:743,209,0,0
BRDA:743,209,1,0
BRDA:744,210,0,0
BRDA:744,210,1,0
BRDA:768,211,0,0
BRDA:768,211,1,0
BRDA:780,212,0,0
BRDA:780,212,1,0
BRDA:825,213,0,0
BRDA:825,213,1,0
BRDA:842,214,0,0
BRDA:842,214,1,0
BRDA:842,215,0,0
BRDA:842,215,1,0
BRDA:893,216,0,0
BRDA:893,216,1,0
BRDA:901,217,0,0
BRDA:901,217,1,0
BRDA:902,218,0,0
BRDA:902,218,1,0
BRDA:920,219,0,0
BRDA:920,219,1,0
BRDA:929,220,0,0
BRDA:929,220,1,0
BRDA:938,221,0,0
BRDA:938,221,1,0
BRDA:954,222,0,0
BRDA:954,222,1,0
BRDA:991,223,0,0
BRDA:991,223,1,0
BRDA:995,224,0,0
BRDA:995,224,1,0
BRDA:1010,225,0,0
BRDA:1010,225,1,0
BRDA:1019,226,0,0
BRDA:1019,226,1,0
BRDA:1026,227,0,0
BRDA:1026,227,1,0
BRDA:1028,228,0,0
BRDA:1028,228,1,0
BRDA:1033,229,0,0
BRDA:1033,229,1,0
BRDA:1050,230,0,0
BRDA:1050,230,1,0
BRDA:1055,231,0,0
BRDA:1055,231,1,0
BRDA:1064,232,0,0
BRDA:1064,232,1,0
BRDA:1080,233,0,0
BRDA:1080,233,1,0
BRDA:1080,234,0,0
BRDA:1080,234,1,0
BRDA:1087,235,0,0
BRDA:1087,235,1,0
BRDA:1117,236,0,0
BRDA:1117,236,1,0
BRDA:1117,236,2,0
BRDA:1120,237,0,0
BRDA:1120,237,1,0
BRDA:1120,237,2,0
BRDA:1122,238,0,0
BRDA:1122,238,1,0
BRDA:1147,239,0,0
BRDA:1147,239,1,0
BRDA:1152,240,0,0
BRDA:1152,240,1,0
BRDA:1168,241,0,0
BRDA:1168,241,1,0
BRDA:1171,242,0,0
BRDA:1171,242,1,0
BRDA:1178,243,0,0
BRDA:1178,243,1,0
BRDA:1231,244,0,0
BRDA:1231,244,1,0
BRDA:1248,245,0,0
BRDA:1248,245,1,0
BRDA:1248,246,0,0
BRDA:1248,246,1,0
BRDA:1252,247,0,0
BRDA:1252,247,1,0
BRF:490
BRH:0
end_of_record
TN:
SF:src/controllers/location.controller.js
FN:16,convertToWhat3Words
FN:108,getAutosuggest
FN:152,getLegacyWhat3words
FN:197,uploadWhat3wordsImage
FN:275,convertToWhat3WordsPost
FNF:5
FNH:0
FNDA:0,convertToWhat3Words
FNDA:0,getAutosuggest
FNDA:0,getLegacyWhat3words
FNDA:0,uploadWhat3wordsImage
FNDA:0,convertToWhat3WordsPost
DA:6,0
DA:7,0
DA:8,0
DA:9,0
DA:10,0
DA:17,0
DA:18,0
DA:20,0
DA:21,0
DA:25,0
DA:26,0
DA:28,0
DA:31,0
DA:35,0
DA:36,0
DA:37,0
DA:41,0
DA:43,0
DA:47,0
DA:49,0
DA:50,0
DA:51,0
DA:56,0
DA:57,0
DA:58,0
DA:59,0
DA:66,0
DA:67,0
DA:68,0
DA:80,0
DA:83,0
DA:98,0
DA:99,0
DA:109,0
DA:110,0
DA:112,0
DA:113,0
DA:117,0
DA:118,0
DA:122,0
DA:124,0
DA:128,0
DA:130,0
DA:131,0
DA:132,0
DA:136,0
DA:142,0
DA:143,0
DA:153,0
DA:154,0
DA:156,0
DA:157,0
DA:160,0
DA:161,0
DA:162,0
DA:168,0
DA:173,0
DA:174,0
DA:179,0
DA:185,0
DA:186,0
DA:198,0
DA:200,0
DA:202,0
DA:203,0
DA:209,0
DA:210,0
DA:211,0
DA:213,0
DA:214,0
DA:215,0
DA:218,0
DA:219,0
DA:220,0
DA:223,0
DA:224,0
DA:227,0
DA:228,0
DA:229,0
DA:231,0
DA:233,0
DA:250,0
DA:252,0
DA:257,0
DA:265,0
DA:266,0
DA:276,0
DA:277,0
DA:279,0
DA:280,0
DA:284,0
DA:285,0
DA:287,0
DA:290,0
DA:294,0
DA:295,0
DA:297,0
DA:305,0
DA:307,0
DA:309,0
DA:313,0
DA:315,0
DA:316,0
DA:317,0
DA:325,0
DA:328,0
DA:329,0
DA:330,0
DA:331,0
DA:338,0
DA:339,0
DA:340,0
DA:352,0
DA:355,0
DA:370,0
DA:372,0
DA:381,0
LF:117
LH:0
BRDA:20,0,0,0
BRDA:20,0,1,0
BRDA:20,1,0,0
BRDA:20,1,1,0
BRDA:28,2,0,0
BRDA:28,2,1,0
BRDA:28,3,0,0
BRDA:28,3,1,0
BRDA:28,3,2,0
BRDA:28,3,3,0
BRDA:28,3,4,0
BRDA:28,3,5,0
BRDA:35,4,0,0
BRDA:35,4,1,0
BRDA:49,5,0,0
BRDA:49,5,1,0
BRDA:52,6,0,0
BRDA:52,6,1,0
BRDA:66,7,0,0
BRDA:66,7,1,0
BRDA:66,8,0,0
BRDA:66,8,1,0
BRDA:69,9,0,0
BRDA:69,9,1,0
BRDA:70,10,0,0
BRDA:70,10,1,0
BRDA:71,11,0,0
BRDA:71,11,1,0
BRDA:71,11,2,0
BRDA:72,12,0,0
BRDA:72,12,1,0
BRDA:72,12,2,0
BRDA:72,12,3,0
BRDA:73,13,0,0
BRDA:73,13,1,0
BRDA:74,14,0,0
BRDA:74,14,1,0
BRDA:75,15,0,0
BRDA:75,15,1,0
BRDA:90,16,0,0
BRDA:90,16,1,0
BRDA:91,17,0,0
BRDA:91,17,1,0
BRDA:92,18,0,0
BRDA:92,18,1,0
BRDA:112,19,0,0
BRDA:112,19,1,0
BRDA:117,20,0,0
BRDA:117,20,1,0
BRDA:130,21,0,0
BRDA:130,21,1,0
BRDA:133,22,0,0
BRDA:133,22,1,0
BRDA:138,23,0,0
BRDA:138,23,1,0
BRDA:156,24,0,0
BRDA:156,24,1,0
BRDA:156,25,0,0
BRDA:156,25,1,0
BRDA:160,26,0,0
BRDA:160,26,1,0
BRDA:173,27,0,0
BRDA:173,27,1,0
BRDA:173,28,0,0
BRDA:173,28,1,0
BRDA:202,29,0,0
BRDA:202,29,1,0
BRDA:209,30,0,0
BRDA:209,30,1,0
BRDA:214,31,0,0
BRDA:214,31,1,0
BRDA:223,32,0,0
BRDA:223,32,1,0
BRDA:227,33,0,0
BRDA:227,33,1,0
BRDA:243,34,0,0
BRDA:243,34,1,0
BRDA:244,35,0,0
BRDA:244,35,1,0
BRDA:279,36,0,0
BRDA:279,36,1,0
BRDA:279,37,0,0
BRDA:279,37,1,0
BRDA:287,38,0,0
BRDA:287,38,1,0
BRDA:287,39,0,0
BRDA:287,39,1,0
BRDA:287,39,2,0
BRDA:287,39,3,0
BRDA:287,39,4,0
BRDA:287,39,5,0
BRDA:294,40,0,0
BRDA:294,40,1,0
BRDA:315,41,0,0
BRDA:315,41,1,0
BRDA:315,42,0,0
BRDA:315,42,1,0
BRDA:319,43,0,0
BRDA:319,43,1,0
BRDA:338,44,0,0
BRDA:338,44,1,0
BRDA:338,45,0,0
BRDA:338,45,1,0
BRDA:341,46,0,0
BRDA:341,46,1,0
BRDA:342,47,0,0
BRDA:342,47,1,0
BRDA:343,48,0,0
BRDA:343,48,1,0
BRDA:343,48,2,0
BRDA:344,49,0,0
BRDA:344,49,1,0
BRDA:344,49,2,0
BRDA:344,49,3,0
BRDA:345,50,0,0
BRDA:345,50,1,0
BRDA:346,51,0,0
BRDA:346,51,1,0
BRDA:347,52,0,0
BRDA:347,52,1,0
BRDA:362,53,0,0
BRDA:362,53,1,0
BRDA:363,54,0,0
BRDA:363,54,1,0
BRDA:364,55,0,0
BRDA:364,55,1,0
BRF:126
BRH:0
end_of_record
TN:
SF:src/controllers/pdf.controller.js
FN:44,tryAcquirePdfSendLock
FN:107,releasePdfSendLock
FN:121,markPdfSent
FN:138,prepareFormDataForRestAPI
FN:158,(anonymous_4)
FN:367,storeCompletedForm
FN:476,generateUserPDF
FN:583,(anonymous_7)
FN:868,generatePdf
FN:933,getPdfStatus
FN:978,calculateUrlExpiry
FN:1011,downloadPdf
FN:1090,sendImageLinksEmail
FN:1144,getEmailQueueStats
FN:1173,retryQueuedEmail
FN:1204,processEmailQueue
FNF:16
FNH:0
FNDA:0,tryAcquirePdfSendLock
FNDA:0,releasePdfSendLock
FNDA:0,markPdfSent
FNDA:0,prepareFormDataForRestAPI
FNDA:0,(anonymous_4)
FNDA:0,storeCompletedForm
FNDA:0,generateUserPDF
FNDA:0,(anonymous_7)
FNDA:0,generatePdf
FNDA:0,getPdfStatus
FNDA:0,calculateUrlExpiry
FNDA:0,downloadPdf
FNDA:0,sendImageLinksEmail
FNDA:0,getEmailQueueStats
FNDA:0,retryQueuedEmail
FNDA:0,processEmailQueue
DA:7,0
DA:8,0
DA:9,0
DA:10,0
DA:11,0
DA:12,0
DA:16,0
DA:17,0
DA:20,0
DA:23,0
DA:26,0
DA:29,0
DA:30,0
DA:31,0
DA:39,0
DA:42,0
DA:45,0
DA:46,0
DA:49,0
DA:50,0
DA:54,0
DA:60,0
DA:61,0
DA:62,0
DA:65,0
DA:67,0
DA:68,0
DA:71,0
DA:75,0
DA:79,0
DA:80,0
DA:85,0
DA:89,0
DA:98,0
DA:99,0
DA:100,0
DA:103,0
DA:104,0
DA:108,0
DA:110,0
DA:118,0
DA:122,0
DA:124,0
DA:139,0
DA:142,0
DA:143,0
DA:146,0
DA:147,0
DA:148,0
DA:149,0
DA:150,0
DA:151,0
DA:152,0
DA:153,0
DA:154,0
DA:157,0
DA:158,0
DA:159,0
DA:160,0
DA:164,0
DA:165,0
DA:166,0
DA:167,0
DA:168,0
DA:169,0
DA:172,0
DA:173,0
DA:174,0
DA:177,0
DA:178,0
DA:179,0
DA:180,0
DA:182,0
DA:186,0
DA:187,0
DA:190,0
DA:191,0
DA:192,0
DA:193,0
DA:194,0
DA:195,0
DA:196,0
DA:197,0
DA:198,0
DA:199,0
DA:200,0
DA:201,0
DA:204,0
DA:205,0
DA:206,0
DA:207,0
DA:208,0
DA:211,0
DA:212,0
DA:213,0
DA:214,0
DA:215,0
DA:216,0
DA:217,0
DA:218,0
DA:219,0
DA:220,0
DA:221,0
DA:222,0
DA:225,0
DA:226,0
DA:227,0
DA:228,0
DA:229,0
DA:230,0
DA:233,0
DA:234,0
DA:235,0
DA:236,0
DA:237,0
DA:238,0
DA:239,0
DA:242,0
DA:243,0
DA:244,0
DA:245,0
DA:246,0
DA:247,0
DA:250,0
DA:251,0
DA:252,0
DA:253,0
DA:254,0
DA:255,0
DA:256,0
DA:257,0
DA:258,0
DA:261,0
DA:262,0
DA:263,0
DA:264,0
DA:267,0
DA:268,0
DA:269,0
DA:270,0
DA:271,0
DA:272,0
DA:273,0
DA:274,0
DA:275,0
DA:276,0
DA:277,0
DA:278,0
DA:281,0
DA:282,0
DA:283,0
DA:284,0
DA:285,0
DA:286,0
DA:287,0
DA:288,0
DA:289,0
DA:290,0
DA:291,0
DA:292,0
DA:293,0
DA:296,0
DA:297,0
DA:298,0
DA:299,0
DA:300,0
DA:301,0
DA:302,0
DA:303,0
DA:304,0
DA:305,0
DA:308,0
DA:309,0
DA:310,0
DA:311,0
DA:312,0
DA:315,0
DA:316,0
DA:317,0
DA:318,0
DA:319,0
DA:320,0
DA:321,0
DA:324,0
DA:325,0
DA:326,0
DA:335,0
DA:339,0
DA:340,0
DA:341,0
DA:342,0
DA:343,0
DA:347,0
DA:348,0
DA:349,0
DA:350,0
DA:351,0
DA:352,0
DA:353,0
DA:354,0
DA:355,0
DA:356,0
DA:357,0
DA:358,0
DA:361,0
DA:368,0
DA:369,0
DA:370,0
DA:372,0
DA:379,0
DA:380,0
DA:382,0
DA:383,0
DA:385,0
DA:389,0
DA:390,0
DA:392,0
DA:394,0
DA:406,0
DA:410,0
DA:427,0
DA:429,0
DA:440,0
DA:443,0
DA:444,0
DA:449,0
DA:452,0
DA:459,0
DA:462,0
DA:469,0
DA:477,0
DA:480,0
DA:491,0
DA:492,0
DA:493,0
DA:496,0
DA:501,0
DA:502,0
DA:504,0
DA:505,0
DA:508,0
DA:509,0
DA:511,0
DA:512,0
DA:515,0
DA:516,0
DA:519,0
DA:520,0
DA:526,0
DA:535,0
DA:536,0
DA:537,0
DA:543,0
DA:554,0
DA:556,0
DA:557,0
DA:558,0
DA:559,0
DA:561,0
DA:562,0
DA:566,0
DA:568,0
DA:569,0
DA:579,0
DA:583,0
DA:585,0
DA:589,0
DA:595,0
DA:596,0
DA:597,0
DA:610,0
DA:611,0
DA:613,0
DA:616,0
DA:617,0
DA:623,0
DA:624,0
DA:626,0
DA:629,0
DA:630,0
DA:634,0
DA:640,0
DA:641,0
DA:643,0
DA:646,0
DA:647,0
DA:653,0
DA:654,0
DA:659,0
DA:664,0
DA:670,0
DA:671,0
DA:684,0
DA:686,0
DA:695,0
DA:697,0
DA:698,0
DA:699,0
DA:703,0
DA:713,0
DA:716,0
DA:727,0
DA:728,0
DA:730,0
DA:732,0
DA:740,0
DA:741,0
DA:745,0
DA:747,0
DA:763,0
DA:764,0
DA:765,0
DA:772,0
DA:782,0
DA:792,0
DA:793,0
DA:799,0
DA:800,0
DA:804,0
DA:806,0
DA:809,0
DA:812,0
DA:816,0
DA:822,0
DA:823,0
DA:828,0
DA:831,0
DA:837,0
DA:838,0
DA:840,0
DA:843,0
DA:845,0
DA:849,0
DA:854,0
DA:869,0
DA:870,0
DA:872,0
DA:873,0
DA:876,0
DA:877,0
DA:880,0
DA:881,0
DA:884,0
DA:885,0
DA:886,0
DA:888,0
DA:891,0
DA:893,0
DA:894,0
DA:895,0
DA:900,0
DA:901,0
DA:905,0
DA:906,0
DA:919,0
DA:922,0
DA:925,0
DA:934,0
DA:935,0
DA:938,0
DA:939,0
DA:941,0
DA:949,0
DA:950,0
DA:957,0
DA:965,0
DA:966,0
DA:979,0
DA:980,0
DA:981,0
DA:983,0
DA:985,0
DA:988,0
DA:989,0
DA:990,0
DA:993,0
DA:994,0
DA:998,0
DA:999,0
DA:1003,0
DA:1012,0
DA:1013,0
DA:1016,0
DA:1017,0
DA:1020,0
DA:1035,0
DA:1036,0
DA:1039,0
DA:1040,0
DA:1042,0
DA:1045,0
DA:1046,0
DA:1047,0
DA:1049,0
DA:1056,0
DA:1060,0
DA:1061,0
DA:1063,0
DA:1068,0
DA:1069,0
DA:1070,0
DA:1072,0
DA:1073,0
DA:1074,0
DA:1075,0
DA:1077,0
DA:1080,0
DA:1081,0
DA:1091,0
DA:1092,0
DA:1095,0
DA:1096,0
DA:1099,0
DA:1105,0
DA:1106,0
DA:1109,0
DA:1110,0
DA:1112,0
DA:1114,0
DA:1115,0
DA:1124,0
DA:1125,0
DA:1131,0
DA:1134,0
DA:1135,0
DA:1145,0
DA:1146,0
DA:1148,0
DA:1149,0
DA:1157,0
DA:1163,0
DA:1164,0
DA:1174,0
DA:1175,0
DA:1177,0
DA:1178,0
DA:1181,0
DA:1183,0
DA:1184,0
DA:1191,0
DA:1194,0
DA:1195,0
DA:1205,0
DA:1206,0
DA:1208,0
DA:1215,0
DA:1216,0
DA:1220,0
LF:448
LH:0
BRDA:30,0,0,0
BRDA:30,0,1,0
BRDA:30,1,0,0
BRDA:30,1,1,0
BRDA:45,2,0,0
BRDA:45,2,1,0
BRDA:45,3,0,0
BRDA:45,3,1,0
BRDA:60,4,0,0
BRDA:60,4,1,0
BRDA:65,5,0,0
BRDA:65,5,1,0
BRDA:65,6,0,0
BRDA:65,6,1,0
BRDA:75,7,0,0
BRDA:75,7,1,0
BRDA:75,7,2,0
BRDA:75,7,3,0
BRDA:79,8,0,0
BRDA:79,8,1,0
BRDA:98,9,0,0
BRDA:98,9,1,0
BRDA:108,10,0,0
BRDA:108,10,1,0
BRDA:108,11,0,0
BRDA:108,11,1,0
BRDA:118,12,0,0
BRDA:118,12,1,0
BRDA:122,13,0,0
BRDA:122,13,1,0
BRDA:122,14,0,0
BRDA:122,14,1,0
BRDA:142,15,0,0
BRDA:142,15,1,0
BRDA:157,16,0,0
BRDA:157,16,1,0
BRDA:159,17,0,0
BRDA:159,17,1,0
BRDA:160,18,0,0
BRDA:160,18,1,0
BRDA:186,19,0,0
BRDA:186,19,1,0
BRDA:335,20,0,0
BRDA:335,20,1,0
BRDA:339,21,0,0
BRDA:339,21,1,0
BRDA:340,22,0,0
BRDA:340,22,1,0
BRDA:341,23,0,0
BRDA:341,23,1,0
BRDA:342,24,0,0
BRDA:342,24,1,0
BRDA:343,25,0,0
BRDA:343,25,1,0
BRDA:347,26,0,0
BRDA:347,26,1,0
BRDA:347,26,2,0
BRDA:348,27,0,0
BRDA:348,27,1,0
BRDA:348,27,2,0
BRDA:349,28,0,0
BRDA:349,28,1,0
BRDA:349,28,2,0
BRDA:350,29,0,0
BRDA:350,29,1,0
BRDA:350,29,2,0
BRDA:350,29,3,0
BRDA:351,30,0,0
BRDA:351,30,1,0
BRDA:351,30,2,0
BRDA:352,31,0,0
BRDA:352,31,1,0
BRDA:352,31,2,0
BRDA:353,32,0,0
BRDA:353,32,1,0
BRDA:353,32,2,0
BRDA:353,32,3,0
BRDA:354,33,0,0
BRDA:354,33,1,0
BRDA:354,33,2,0
BRDA:354,33,3,0
BRDA:355,34,0,0
BRDA:355,34,1,0
BRDA:355,34,2,0
BRDA:356,35,0,0
BRDA:356,35,1,0
BRDA:356,35,2,0
BRDA:357,36,0,0
BRDA:357,36,1,0
BRDA:357,36,2,0
BRDA:358,37,0,0
BRDA:358,37,1,0
BRDA:382,38,0,0
BRDA:382,38,1,0
BRDA:382,39,0,0
BRDA:382,39,1,0
BRDA:389,40,0,0
BRDA:389,40,1,0
BRDA:392,41,0,0
BRDA:392,41,1,0
BRDA:406,42,0,0
BRDA:406,42,1,0
BRDA:406,42,2,0
BRDA:427,43,0,0
BRDA:427,43,1,0
BRDA:443,44,0,0
BRDA:443,44,1,0
BRDA:476,45,0,0
BRDA:476,46,0,0
BRDA:484,47,0,0
BRDA:484,47,1,0
BRDA:485,48,0,0
BRDA:485,48,1,0
BRDA:486,49,0,0
BRDA:486,49,1,0
BRDA:488,50,0,0
BRDA:488,50,1,0
BRDA:492,51,0,0
BRDA:492,51,1,0
BRDA:504,52,0,0
BRDA:504,52,1,0
BRDA:508,53,0,0
BRDA:508,53,1,0
BRDA:508,53,2,0
BRDA:509,54,0,0
BRDA:509,54,1,0
BRDA:511,55,0,0
BRDA:511,55,1,0
BRDA:515,56,0,0
BRDA:515,56,1,0
BRDA:515,57,0,0
BRDA:515,57,1,0
BRDA:519,58,0,0
BRDA:519,58,1,0
BRDA:536,59,0,0
BRDA:536,59,1,0
BRDA:557,60,0,0
BRDA:557,60,1,0
BRDA:559,61,0,0
BRDA:559,61,1,0
BRDA:561,62,0,0
BRDA:561,62,1,0
BRDA:566,63,0,0
BRDA:566,63,1,0
BRDA:568,64,0,0
BRDA:568,64,1,0
BRDA:568,65,0,0
BRDA:568,65,1,0
BRDA:595,66,0,0
BRDA:595,66,1,0
BRDA:616,67,0,0
BRDA:616,67,1,0
BRDA:623,68,0,0
BRDA:623,68,1,0
BRDA:629,69,0,0
BRDA:629,69,1,0
BRDA:630,70,0,0
BRDA:630,70,1,0
BRDA:630,70,2,0
BRDA:640,71,0,0
BRDA:640,71,1,0
BRDA:649,72,0,0
BRDA:649,72,1,0
BRDA:653,73,0,0
BRDA:653,73,1,0
BRDA:670,74,0,0
BRDA:670,74,1,0
BRDA:670,75,0,0
BRDA:670,75,1,0
BRDA:670,75,2,0
BRDA:704,76,0,0
BRDA:704,76,1,0
BRDA:705,77,0,0
BRDA:705,77,1,0
BRDA:707,78,0,0
BRDA:707,78,1,0
BRDA:708,79,0,0
BRDA:708,79,1,0
BRDA:709,80,0,0
BRDA:709,80,1,0
BRDA:710,81,0,0
BRDA:710,81,1,0
BRDA:718,82,0,0
BRDA:718,82,1,0
BRDA:718,82,2,0
BRDA:719,83,0,0
BRDA:719,83,1,0
BRDA:720,84,0,0
BRDA:720,84,1,0
BRDA:721,85,0,0
BRDA:721,85,1,0
BRDA:727,86,0,0
BRDA:727,86,1,0
BRDA:727,86,2,0
BRDA:730,87,0,0
BRDA:730,87,1,0
BRDA:740,88,0,0
BRDA:740,88,1,0
BRDA:741,89,0,0
BRDA:741,89,1,0
BRDA:745,90,0,0
BRDA:745,90,1,0
BRDA:749,91,0,0
BRDA:749,91,1,0
BRDA:758,92,0,0
BRDA:758,92,1,0
BRDA:763,93,0,0
BRDA:763,93,1,0
BRDA:795,94,0,0
BRDA:795,94,1,0
BRDA:799,95,0,0
BRDA:799,95,1,0
BRDA:822,96,0,0
BRDA:822,96,1,0
BRDA:822,97,0,0
BRDA:822,97,1,0
BRDA:837,98,0,0
BRDA:837,98,1,0
BRDA:843,99,0,0
BRDA:843,99,1,0
BRDA:843,100,0,0
BRDA:843,100,1,0
BRDA:845,101,0,0
BRDA:845,101,1,0
BRDA:870,102,0,0
BRDA:870,102,1,0
BRDA:870,102,2,0
BRDA:872,103,0,0
BRDA:872,103,1,0
BRDA:876,104,0,0
BRDA:876,104,1,0
BRDA:880,105,0,0
BRDA:880,105,1,0
BRDA:880,106,0,0
BRDA:880,106,1,0
BRDA:880,106,2,0
BRDA:894,107,0,0
BRDA:894,107,1,0
BRDA:894,108,0,0
BRDA:894,108,1,0
BRDA:900,109,0,0
BRDA:900,109,1,0
BRDA:905,110,0,0
BRDA:905,110,1,0
BRDA:915,111,0,0
BRDA:915,111,1,0
BRDA:934,112,0,0
BRDA:934,112,1,0
BRDA:949,113,0,0
BRDA:949,113,1,0
BRDA:949,114,0,0
BRDA:949,114,1,0
BRDA:983,115,0,0
BRDA:983,115,1,0
BRDA:993,116,0,0
BRDA:993,116,1,0
BRDA:998,117,0,0
BRDA:998,117,1,0
BRDA:1012,118,0,0
BRDA:1012,118,1,0
BRDA:1035,119,0,0
BRDA:1035,119,1,0
BRDA:1035,120,0,0
BRDA:1035,120,1,0
BRDA:1045,121,0,0
BRDA:1045,121,1,0
BRDA:1060,122,0,0
BRDA:1060,122,1,0
BRDA:1060,123,0,0
BRDA:1060,123,1,0
BRDA:1068,124,0,0
BRDA:1068,124,1,0
BRDA:1070,125,0,0
BRDA:1070,125,1,0
BRDA:1091,126,0,0
BRDA:1091,126,1,0
BRDA:1105,127,0,0
BRDA:1105,127,1,0
BRDA:1105,128,0,0
BRDA:1105,128,1,0
BRDA:1110,129,0,0
BRDA:1110,129,1,0
BRDA:1114,130,0,0
BRDA:1114,130,1,0
BRDA:1124,131,0,0
BRDA:1124,131,1,0
BRDA:1148,132,0,0
BRDA:1148,132,1,0
BRDA:1177,133,0,0
BRDA:1177,133,1,0
BRDA:1183,134,0,0
BRDA:1183,134,1,0
BRDA:1191,135,0,0
BRDA:1191,135,1,0
BRF:294
BRH:0
end_of_record
TN:
SF:src/controllers/profile.controller.js
FN:23,getUserProfile
FN:87,updateUserProfile
FN:204,updateFcmToken
FN:247,sendPdfEmail
FN:370,sendImageLinks
FN:444,getPdfStats
FNF:6
FNH:0
FNDA:0,getUserProfile
FNDA:0,updateUserProfile
FNDA:0,updateFcmToken
FNDA:0,sendPdfEmail
FNDA:0,sendImageLinks
FNDA:0,getPdfStats
DA:6,0
DA:7,0
DA:8,0
DA:9,0
DA:10,0
DA:11,0
DA:12,0
DA:14,0
DA:24,0
DA:25,0
DA:27,0
DA:29,0
DA:35,0
DA:36,0
DA:37,0
DA:41,0
DA:70,0
DA:72,0
DA:78,0
DA:79,0
DA:88,0
DA:89,0
DA:90,0
DA:92,0
DA:98,0
DA:99,0
DA:100,0
DA:103,0
DA:104,0
DA:110,0
DA:116,0
DA:119,0
DA:120,0
DA:121,0
DA:122,0
DA:124,0
DA:129,0
DA:130,0
DA:131,0
DA:136,0
DA:137,0
DA:138,0
DA:143,0
DA:145,0
DA:146,0
DA:147,0
DA:150,0
DA:151,0
DA:152,0
DA:153,0
DA:159,0
DA:160,0
DA:161,0
DA:170,0
DA:180,0
DA:181,0
DA:182,0
DA:185,0
DA:187,0
DA:194,0
DA:195,0
DA:205,0
DA:206,0
DA:207,0
DA:209,0
DA:210,0
DA:213,0
DA:214,0
DA:217,0
DA:219,0
DA:224,0
DA:225,0
DA:226,0
DA:229,0
DA:231,0
DA:237,0
DA:238,0
DA:248,0
DA:249,0
DA:251,0
DA:256,0
DA:257,0
DA:258,0
DA:261,0
DA:262,0
DA:267,0
DA:273,0
DA:288,0
DA:289,0
DA:290,0
DA:293,0
DA:294,0
DA:295,0
DA:298,0
DA:299,0
DA:306,0
DA:307,0
DA:309,0
DA:313,0
DA:314,0
DA:316,0
DA:317,0
DA:318,0
DA:320,0
DA:323,0
DA:325,0
DA:326,0
DA:327,0
DA:329,0
DA:330,0
DA:336,0
DA:338,0
DA:340,0
DA:341,0
DA:342,0
DA:345,0
DA:350,0
DA:360,0
DA:361,0
DA:371,0
DA:372,0
DA:374,0
DA:379,0
DA:380,0
DA:381,0
DA:384,0
DA:385,0
DA:390,0
DA:396,0
DA:402,0
DA:403,0
DA:404,0
DA:407,0
DA:408,0
DA:413,0
DA:415,0
DA:417,0
DA:418,0
DA:419,0
DA:422,0
DA:427,0
DA:434,0
DA:435,0
DA:445,0
DA:446,0
DA:448,0
DA:453,0
DA:454,0
DA:455,0
DA:458,0
DA:459,0
DA:464,0
DA:470,0
DA:475,0
DA:476,0
DA:477,0
DA:480,0
DA:482,0
DA:490,0
DA:491,0
DA:495,0
LF:161
LH:0
BRDA:35,0,0,0
BRDA:35,0,1,0
BRDA:43,1,0,0
BRDA:43,1,1,0
BRDA:44,2,0,0
BRDA:44,2,1,0
BRDA:45,3,0,0
BRDA:45,3,1,0
BRDA:46,4,0,0
BRDA:46,4,1,0
BRDA:49,5,0,0
BRDA:49,5,1,0
BRDA:50,6,0,0
BRDA:50,6,1,0
BRDA:51,7,0,0
BRDA:51,7,1,0
BRDA:52,8,0,0
BRDA:52,8,1,0
BRDA:55,9,0,0
BRDA:55,9,1,0
BRDA:56,10,0,0
BRDA:56,10,1,0
BRDA:57,11,0,0
BRDA:57,11,1,0
BRDA:58,12,0,0
BRDA:58,12,1,0
BRDA:61,13,0,0
BRDA:61,13,1,0
BRDA:62,14,0,0
BRDA:62,14,1,0
BRDA:65,15,0,0
BRDA:65,15,1,0
BRDA:66,16,0,0
BRDA:66,16,1,0
BRDA:67,17,0,0
BRDA:67,17,1,0
BRDA:98,18,0,0
BRDA:98,18,1,0
BRDA:103,19,0,0
BRDA:103,19,1,0
BRDA:119,20,0,0
BRDA:119,20,1,0
BRDA:121,21,0,0
BRDA:121,21,1,0
BRDA:129,22,0,0
BRDA:129,22,1,0
BRDA:129,23,0,0
BRDA:129,23,1,0
BRDA:130,24,0,0
BRDA:130,24,1,0
BRDA:136,25,0,0
BRDA:136,25,1,0
BRDA:136,26,0,0
BRDA:136,26,1,0
BRDA:137,27,0,0
BRDA:137,27,1,0
BRDA:143,28,0,0
BRDA:143,28,1,0
BRDA:143,29,0,0
BRDA:143,29,1,0
BRDA:146,30,0,0
BRDA:146,30,1,0
BRDA:152,31,0,0
BRDA:152,31,1,0
BRDA:159,32,0,0
BRDA:159,32,1,0
BRDA:180,33,0,0
BRDA:180,33,1,0
BRDA:209,34,0,0
BRDA:209,34,1,0
BRDA:213,35,0,0
BRDA:213,35,1,0
BRDA:213,36,0,0
BRDA:213,36,1,0
BRDA:224,37,0,0
BRDA:224,37,1,0
BRDA:256,38,0,0
BRDA:256,38,1,0
BRDA:261,39,0,0
BRDA:261,39,1,0
BRDA:288,40,0,0
BRDA:288,40,1,0
BRDA:288,41,0,0
BRDA:288,41,1,0
BRDA:293,42,0,0
BRDA:293,42,1,0
BRDA:293,43,0,0
BRDA:293,43,1,0
BRDA:306,44,0,0
BRDA:306,44,1,0
BRDA:313,45,0,0
BRDA:313,45,1,0
BRDA:313,46,0,0
BRDA:313,46,1,0
BRDA:316,47,0,0
BRDA:316,47,1,0
BRDA:325,48,0,0
BRDA:325,48,1,0
BRDA:340,49,0,0
BRDA:340,49,1,0
BRDA:379,50,0,0
BRDA:379,50,1,0
BRDA:384,51,0,0
BRDA:384,51,1,0
BRDA:402,52,0,0
BRDA:402,52,1,0
BRDA:402,53,0,0
BRDA:402,53,1,0
BRDA:408,54,0,0
BRDA:408,54,1,0
BRDA:417,55,0,0
BRDA:417,55,1,0
BRDA:453,56,0,0
BRDA:453,56,1,0
BRDA:458,57,0,0
BRDA:458,57,1,0
BRDA:475,58,0,0
BRDA:475,58,1,0
BRDA:485,59,0,0
BRDA:485,59,1,0
BRF:120
BRH:0
end_of_record
TN:
SF:src/controllers/qrController.js
FN:17,generateAppQRCode
FN:81,generateCustomQRCode
FN:152,getQRInfo
FNF:3
FNH:0
FNDA:0,generateAppQRCode
FNDA:0,generateCustomQRCode
FNDA:0,getQRInfo
DA:7,0
DA:8,0
DA:18,0
DA:20,0
DA:24,0
DA:25,0
DA:26,0
DA:29,0
DA:30,0
DA:36,0
DA:47,0
DA:49,0
DA:50,0
DA:51,0
DA:52,0
DA:53,0
DA:54,0
DA:56,0
DA:58,0
DA:59,0
DA:60,0
DA:61,0
DA:62,0
DA:64,0
DA:67,0
DA:68,0
DA:82,0
DA:83,0
DA:85,0
DA:86,0
DA:93,0
DA:94,0
DA:96,0
DA:103,0
DA:104,0
DA:110,0
DA:121,0
DA:123,0
DA:124,0
DA:125,0
DA:131,0
DA:132,0
DA:139,0
DA:140,0
DA:153,0
DA:154,0
DA:158,0
DA:165,0
DA:166,0
DA:173,0
LF:50
LH:0
BRDA:20,0,0,0
BRDA:20,0,1,0
BRDA:24,1,0,0
BRDA:24,1,1,0
BRDA:26,2,0,0
BRDA:26,2,1,0
BRDA:29,3,0,0
BRDA:29,3,1,0
BRDA:29,4,0,0
BRDA:29,4,1,0
BRDA:38,5,0,0
BRDA:38,5,1,0
BRDA:49,6,0,0
BRDA:49,6,1,0
BRDA:53,7,0,0
BRDA:53,7,1,0
BRDA:61,8,0,0
BRDA:61,8,1,0
BRDA:83,9,0,0
BRDA:83,10,0,0
BRDA:85,11,0,0
BRDA:85,11,1,0
BRDA:103,12,0,0
BRDA:103,12,1,0
BRDA:103,13,0,0
BRDA:103,13,1,0
BRDA:112,14,0,0
BRDA:112,14,1,0
BRDA:123,15,0,0
BRDA:123,15,1,0
BRDA:154,16,0,0
BRDA:154,16,1,0
BRDA:162,17,0,0
BRDA:162,17,1,0
BRF:34
BRH:0
end_of_record
TN:
SF:src/controllers/safety.controller.js
FN:14,mapSafetyStatusToBoolean
FN:26,updateSafetyStatus
FN:121,getSafetyStatus
FN:174,getMyStatus
FNF:4
FNH:0
FNDA:0,mapSafetyStatusToBoolean
FNDA:0,updateSafetyStatus
FNDA:0,getSafetyStatus
FNDA:0,getMyStatus
DA:1,0
DA:2,0
DA:4,0
DA:15,0
DA:20,0
DA:27,0
DA:29,0
DA:37,0
DA:40,0
DA:41,0
DA:45,0
DA:46,0
DA:52,0
DA:55,0
DA:56,0
DA:60,0
DA:69,0
DA:70,0
DA:74,0
DA:77,0
DA:78,0
DA:83,0
DA:93,0
DA:94,0
DA:95,0
DA:99,0
DA:101,0
DA:113,0
DA:114,0
DA:122,0
DA:123,0
DA:125,0
DA:126,0
DA:130,0
DA:131,0
DA:137,0
DA:140,0
DA:146,0
DA:147,0
DA:148,0
DA:151,0
DA:152,0
DA:155,0
DA:166,0
DA:167,0
DA:175,0
DA:177,0
DA:179,0
DA:180,0
DA:186,0
DA:188,0
DA:194,0
DA:195,0
DA:196,0
DA:202,0
DA:203,0
DA:210,0
DA:222,0
DA:223,0
DA:230,0
LF:60
LH:0
BRDA:40,0,0,0
BRDA:40,0,1,0
BRDA:45,1,0,0
BRDA:45,1,1,0
BRDA:45,2,0,0
BRDA:45,2,1,0
BRDA:55,3,0,0
BRDA:55,3,1,0
BRDA:69,4,0,0
BRDA:69,4,1,0
BRDA:77,5,0,0
BRDA:77,5,1,0
BRDA:77,6,0,0
BRDA:77,6,1,0
BRDA:88,7,0,0
BRDA:88,7,1,0
BRDA:93,8,0,0
BRDA:93,8,1,0
BRDA:108,9,0,0
BRDA:108,9,1,0
BRDA:125,10,0,0
BRDA:125,10,1,0
BRDA:130,11,0,0
BRDA:130,11,1,0
BRDA:130,12,0,0
BRDA:130,12,1,0
BRDA:146,13,0,0
BRDA:146,13,1,0
BRDA:151,14,0,0
BRDA:151,14,1,0
BRDA:179,15,0,0
BRDA:179,15,1,0
BRDA:194,16,0,0
BRDA:194,16,1,0
BRDA:202,17,0,0
BRDA:202,17,1,0
BRF:36
BRH:0
end_of_record
TN:
SF:src/controllers/signup.controller.js
FN:16,(anonymous_0)
FN:24,convertDateFormat
FN:41,submitSignup
FN:93,(anonymous_3)
FN:121,(anonymous_4)
FN:122,(anonymous_5)
FN:128,(anonymous_6)
FN:422,(anonymous_7)
FNF:8
FNH:0
FNDA:0,(anonymous_0)
FNDA:0,convertDateFormat
FNDA:0,submitSignup
FNDA:0,(anonymous_3)
FNDA:0,(anonymous_4)
FNDA:0,(anonymous_5)
FNDA:0,(anonymous_6)
FNDA:0,(anonymous_7)
DA:7,0
DA:8,0
DA:9,0
DA:10,0
DA:11,0
DA:12,0
DA:13,0
DA:16,0
DA:25,0
DA:28,0
DA:29,0
DA:30,0
DA:34,0
DA:42,0
DA:43,0
DA:46,0
DA:47,0
DA:49,0
DA:64,0
DA:66,0
DA:89,0
DA:93,0
DA:94,0
DA:95,0
DA:96,0
DA:102,0
DA:105,0
DA:106,0
DA:112,0
DA:121,0
DA:122,0
DA:124,0
DA:128,0
DA:132,0
DA:137,0
DA:138,0
DA:141,0
DA:142,0
DA:143,0
DA:147,0
DA:150,0
DA:152,0
DA:196,0
DA:202,0
DA:203,0
DA:204,0
DA:207,0
DA:210,0
DA:211,0
DA:223,0
DA:226,0
DA:230,0
DA:231,0
DA:233,0
DA:248,0
DA:252,0
DA:253,0
DA:256,0
DA:261,0
DA:266,0
DA:269,0
DA:270,0
DA:271,0
DA:272,0
DA:274,0
DA:275,0
DA:281,0
DA:287,0
DA:288,0
DA:292,0
DA:294,0
DA:297,0
DA:301,0
DA:302,0
DA:303,0
DA:307,0
DA:311,0
DA:319,0
DA:320,0
DA:324,0
DA:325,0
DA:331,0
DA:334,0
DA:335,0
DA:337,0
DA:346,0
DA:355,0
DA:382,0
DA:390,0
DA:399,0
DA:406,0
DA:409,0
DA:410,0
DA:418,0
DA:422,0
DA:423,0
DA:424,0
DA:429,0
DA:430,0
DA:431,0
DA:434,0
DA:437,0
DA:444,0
DA:447,0
DA:452,0
DA:455,0
DA:468,0
DA:469,0
DA:470,0
DA:471,0
DA:474,0
DA:475,0
DA:478,0
DA:481,0
DA:482,0
DA:489,0
[...]
BRDA:40,2,0,0
BRDA:40,2,1,0
BRDA:64,3,0,0
BRDA:64,3,1,0
BRDA:65,4,0,0
BRDA:65,4,1,0
BRDA:75,5,0,0
BRDA:75,5,1,0
BRDA:83,6,0,0
BRDA:83,6,1,0
BRDA:93,7,0,0
BRDA:93,7,1,0
BRDA:94,8,0,0
BRDA:94,8,1,0
BRDA:95,9,0,0
BRDA:95,9,1,0
BRDA:96,10,0,0
BRDA:96,10,1,0
BRDA:115,11,0,0
BRDA:115,11,1,0
BRDA:124,12,0,0
BRDA:124,12,1,0
BRDA:133,13,0,0
BRDA:133,13,1,0
BRDA:144,14,0,0
BRDA:144,14,1,0
BRDA:157,15,0,0
BRDA:157,15,1,0
BRDA:157,16,0,0
BRDA:157,16,1,0
BRDA:163,17,0,0
BRDA:163,17,1,0
BRDA:167,18,0,0
BRDA:167,18,1,0
BRDA:171,19,0,0
BRDA:171,19,1,0
BRDA:180,20,0,0
BRDA:180,20,1,0
BRDA:188,21,0,0
BRDA:188,21,1,0
BRF:44
BRH:0
end_of_record
TN:
SF:src/services/locationPhotoService.js
FN:18,(anonymous_0)
FN:46,(anonymous_1)
FN:278,(anonymous_2)
FN:489,(anonymous_3)
FN:509,(anonymous_4)
FN:544,(anonymous_5)
FN:647,(anonymous_6)
FN:674,(anonymous_7)
FN:711,(anonymous_8)
FN:746,(anonymous_9)
FNF:10
FNH:0
FNDA:0,(anonymous_0)
FNDA:0,(anonymous_1)
FNDA:0,(anonymous_2)
FNDA:0,(anonymous_3)
FNDA:0,(anonymous_4)
FNDA:0,(anonymous_5)
FNDA:0,(anonymous_6)
FNDA:0,(anonymous_7)
FNDA:0,(anonymous_8)
FNDA:0,(anonymous_9)
DA:13,0
DA:14,0
DA:15,0
DA:20,0
DA:31,0
DA:32,0
DA:47,0
DA:48,0
DA:58,0
DA:66,0
DA:67,0
DA:68,0
DA:71,0
DA:72,0
DA:73,0
DA:80,0
DA:83,0
DA:84,0
DA:86,0
DA:87,0
DA:89,0
DA:90,0
DA:93,0
DA:96,0
DA:101,0
DA:102,0
DA:106,0
DA:110,0
DA:118,0
DA:119,0
DA:123,0
DA:124,0
DA:132,0
DA:136,0
DA:139,0
DA:140,0
DA:142,0
DA:153,0
DA:164,0
DA:179,0
DA:180,0
DA:184,0
DA:188,0
DA:191,0
DA:197,0
DA:199,0
DA:208,0
DA:215,0
DA:219,0
DA:227,0
DA:235,0
DA:236,0
DA:237,0
DA:240,0
DA:242,0
DA:245,0
DA:253,0
DA:279,0
DA:280,0
DA:287,0
DA:295,0
DA:296,0
DA:297,0
DA:300,0
DA:301,0
DA:302,0
DA:309,0
DA:313,0
DA:319,0
DA:320,0
DA:322,0
DA:323,0
DA:324,0
DA:325,0
DA:327,0
DA:328,0
DA:331,0
DA:336,0
DA:337,0
DA:342,0
DA:346,0
DA:354,0
DA:355,0
DA:359,0
DA:360,0
DA:366,0
DA:371,0
DA:374,0
DA:375,0
DA:377,0
DA:386,0
DA:401,0
DA:402,0
DA:408,0
DA:412,0
DA:415,0
DA:421,0
DA:423,0
DA:433,0
DA:441,0
DA:445,0
DA:454,0
DA:461,0
DA:462,0
DA:465,0
DA:466,0
DA:469,0
DA:470,0
DA:491,0
DA:510,0
DA:512,0
DA:516,0
DA:517,0
DA:522,0
DA:525,0
DA:526,0
DA:529,0
DA:534,0
DA:558,0
DA:560,0
DA:572,0
DA:587,0
DA:588,0
DA:589,0
DA:590,0
DA:593,0
DA:602,0
DA:608,0
DA:609,0
DA:615,0
DA:619,0
DA:629,0
DA:630,0
DA:633,0
DA:636,0
DA:655,0
DA:675,0
DA:676,0
DA:685,0
DA:686,0
DA:690,0
DA:693,0
DA:694,0
DA:697,0
DA:701,0
DA:712,0
DA:713,0
DA:721,0
DA:722,0
DA:726,0
DA:729,0
DA:732,0
DA:735,0
DA:747,0
DA:749,0
DA:756,0
DA:757,0
DA:764,0
DA:769,0
DA:770,0
DA:774,0
DA:777,0
DA:778,0
DA:781,0
DA:785,0
DA:791,0
LF:166
LH:0
BRDA:66,0,0,0
BRDA:66,0,1,0
BRDA:71,1,0,0
BRDA:71,1,1,0
BRDA:71,2,0,0
BRDA:71,2,1,0
BRDA:101,3,0,0
BRDA:101,3,1,0
BRDA:123,4,0,0
BRDA:123,4,1,0
BRDA:179,5,0,0
BRDA:179,5,1,0
BRDA:235,6,0,0
BRDA:235,6,1,0
BRDA:295,7,0,0
BRDA:295,7,1,0
BRDA:300,8,0,0
BRDA:300,8,1,0
BRDA:300,9,0,0
BRDA:300,9,1,0
BRDA:325,10,0,0
BRDA:325,10,1,0
BRDA:336,11,0,0
BRDA:336,11,1,0
BRDA:359,12,0,0
BRDA:359,12,1,0
BRDA:401,13,0,0
BRDA:401,13,1,0
BRDA:461,14,0,0
BRDA:461,14,1,0
BRDA:516,15,0,0
BRDA:516,15,1,0
BRDA:564,16,0,0
BRDA:564,16,1,0
BRDA:565,17,0,0
BRDA:565,17,1,0
BRDA:566,18,0,0
BRDA:566,18,1,0
BRDA:567,19,0,0
BRDA:567,19,1,0
BRDA:568,20,0,0
BRDA:568,20,1,0
BRDA:587,21,0,0
BRDA:587,21,1,0
BRDA:588,22,0,0
BRDA:588,22,1,0
BRDA:589,23,0,0
BRDA:589,23,1,0
BRDA:590,24,0,0
BRDA:590,24,1,0
BRDA:608,25,0,0
BRDA:608,25,1,0
BRDA:623,26,0,0
BRDA:623,26,1,0
BRDA:624,27,0,0
BRDA:624,27,1,0
BRDA:625,28,0,0
BRDA:625,28,1,0
BRDA:626,29,0,0
BRDA:626,29,1,0
BRDA:685,30,0,0
BRDA:685,30,1,0
BRDA:721,31,0,0
BRDA:721,31,1,0
BRDA:729,32,0,0
BRDA:729,32,1,0
BRDA:756,33,0,0
BRDA:756,33,1,0
BRDA:756,34,0,0
BRDA:756,34,1,0
BRDA:769,35,0,0
BRDA:769,35,1,0
BRF:72
BRH:0
end_of_record
TN:
SF:src/services/pdfQueueService.js
FN:50,checkTableExists
FN:92,enqueue
FN:157,processQueue
FN:224,processJob
FN:375,getStatus
FN:395,getStats
FN:407,(anonymous_6)
FN:408,(anonymous_7)
FN:409,(anonymous_8)
FN:410,(anonymous_9)
FN:411,(anonymous_10)
FN:423,retryJob
FN:452,cleanupOldJobs
FN:475,notifyAdminOfFailure
FN:505,(anonymous_14)
FN:658,notifyAdminOfAttemptFailure
FN:728,(anonymous_16)
FNF:17
FNH:0
FNDA:0,checkTableExists
FNDA:0,enqueue
FNDA:0,processQueue
FNDA:0,processJob
FNDA:0,getStatus
FNDA:0,getStats
FNDA:0,(anonymous_6)
FNDA:0,(anonymous_7)
FNDA:0,(anonymous_8)
FNDA:0,(anonymous_9)
FNDA:0,(anonymous_10)
FNDA:0,retryJob
FNDA:0,cleanupOldJobs
FNDA:0,notifyAdminOfFailure
FNDA:0,(anonymous_14)
FNDA:0,notifyAdminOfAttemptFailure
FNDA:0,(anonymous_16)
DA:25,0
DA:26,0
DA:27,0
DA:28,0
DA:31,0
DA:32,0
DA:33,0
DA:42,0
DA:45,0
DA:51,0
DA:53,0
DA:54,0
DA:59,0
DA:61,0
DA:62,0
DA:65,0
DA:67,0
DA:68,0
DA:74,0
DA:82,0
DA:93,0
DA:94,0
DA:95,0
DA:99,0
DA:100,0
DA:101,0
DA:105,0
DA:108,0
DA:111,0
DA:118,0
DA:119,0
DA:124,0
DA:127,0
DA:141,0
DA:142,0
DA:143,0
DA:146,0
DA:147,0
DA:158,0
DA:159,0
DA:160,0
DA:164,0
DA:165,0
DA:166,0
DA:169,0
DA:172,0
DA:181,0
DA:182,0
DA:183,0
DA:186,0
DA:187,0
DA:188,0
DA:191,0
DA:193,0
DA:194,0
DA:196,0
DA:197,0
DA:198,0
DA:199,0
DA:201,0
DA:202,0
DA:210,0
DA:216,0
DA:225,0
DA:227,0
DA:234,0
DA:243,0
DA:245,0
DA:248,0
DA:250,0
DA:251,0
DA:253,0
DA:263,0
DA:269,0
DA:272,0
DA:273,0
DA:283,0
DA:289,0
DA:293,0
DA:303,0
DA:312,0
DA:313,0
DA:314,0
DA:315,0
DA:318,0
DA:328,0
DA:329,0
DA:331,0
DA:341,0
DA:342,0
DA:350,0
DA:352,0
DA:362,0
DA:365,0
DA:376,0
DA:378,0
DA:386,0
DA:387,0
DA:396,0
DA:398,0
DA:403,0
DA:405,0
DA:407,0
DA:408,0
DA:409,0
DA:410,0
DA:411,0
DA:414,0
DA:424,0
DA:425,0
DA:428,0
DA:441,0
DA:443,0
DA:444,0
DA:453,0
DA:455,0
DA:457,0
DA:463,0
DA:464,0
DA:477,0
DA:478,0
DA:479,0
DA:482,0
DA:483,0
DA:489,0
DA:490,0
DA:491,0
DA:492,0
DA:498,0
DA:499,0
DA:500,0
DA:505,0
DA:506,0
DA:513,0
DA:616,0
DA:627,0
DA:634,0
DA:641,0
DA:660,0
DA:661,0
DA:662,0
DA:665,0
DA:666,0
DA:673,0
DA:674,0
DA:675,0
DA:676,0
DA:682,0
DA:683,0
DA:684,0
DA:689,0
DA:690,0
DA:691,0
DA:692,0
DA:695,0
DA:696,0
DA:698,0
DA:729,0
DA:730,0
DA:731,0
DA:779,0
DA:790,0
DA:797,0
DA:805,0
DA:813,0
LF:165
LH:0
BRDA:32,0,0,0
BRDA:32,0,1,0
BRDA:32,1,0,0
BRDA:32,1,1,0
BRDA:51,2,0,0
BRDA:51,2,1,0
BRDA:59,3,0,0
BRDA:59,3,1,0
BRDA:61,4,0,0
BRDA:61,4,1,0
BRDA:92,5,0,0
BRDA:92,6,0,0
BRDA:93,7,0,0
BRDA:93,7,1,0
BRDA:100,8,0,0
BRDA:100,8,1,0
BRDA:118,9,0,0
BRDA:118,9,1,0
BRDA:141,10,0,0
BRDA:141,10,1,0
BRDA:157,11,0,0
BRDA:158,12,0,0
BRDA:158,12,1,0
BRDA:165,13,0,0
BRDA:165,13,1,0
BRDA:181,14,0,0
BRDA:181,14,1,0
BRDA:186,15,0,0
BRDA:186,15,1,0
BRDA:186,16,0,0
BRDA:186,16,1,0
BRDA:248,17,0,0
BRDA:248,17,1,0
BRDA:250,18,0,0
BRDA:250,18,1,0
BRDA:272,19,0,0
BRDA:272,19,1,0
BRDA:278,20,0,0
BRDA:278,20,1,0
BRDA:286,21,0,0
BRDA:286,21,1,0
BRDA:319,22,0,0
BRDA:319,22,1,0
BRDA:329,23,0,0
BRDA:329,23,1,0
BRDA:337,24,0,0
BRDA:337,24,1,0
BRDA:341,25,0,0
BRDA:341,25,1,0
BRDA:376,26,0,0
BRDA:376,26,1,0
BRDA:386,27,0,0
BRDA:386,27,1,0
BRDA:386,28,0,0
BRDA:386,28,1,0
BRDA:396,29,0,0
BRDA:396,29,1,0
BRDA:403,30,0,0
BRDA:403,30,1,0
BRDA:424,31,0,0
BRDA:424,31,1,0
BRDA:441,32,0,0
BRDA:441,32,1,0
BRDA:452,33,0,0
BRDA:453,34,0,0
BRDA:453,34,1,0
BRDA:463,35,0,0
BRDA:463,35,1,0
BRDA:463,36,0,0
BRDA:463,36,1,0
BRDA:477,37,0,0
BRDA:477,37,1,0
BRDA:491,38,0,0
BRDA:491,38,1,0
BRDA:498,39,0,0
BRDA:498,39,1,0
BRDA:499,40,0,0
BRDA:499,40,1,0
BRDA:500,41,0,0
BRDA:500,41,1,0
BRDA:500,42,0,0
BRDA:500,42,1,0
BRDA:500,43,0,0
BRDA:500,43,1,0
BRDA:565,44,0,0
BRDA:565,44,1,0
BRDA:660,45,0,0
BRDA:660,45,1,0
BRDA:675,46,0,0
BRDA:675,46,1,0
BRDA:682,47,0,0
BRDA:682,47,1,0
BRDA:683,48,0,0
BRDA:683,48,1,0
BRDA:684,49,0,0
BRDA:684,49,1,0
BRDA:684,50,0,0
BRDA:684,50,1,0
BRDA:684,51,0,0
BRDA:684,51,1,0
BRDA:690,52,0,0
BRDA:690,52,1,0
BRDA:691,53,0,0
BRDA:691,53,1,0
BRDA:695,54,0,0
BRDA:695,54,1,0
BRDA:696,55,0,0
BRDA:696,55,1,0
BRDA:731,56,0,0
BRDA:731,56,1,0
BRF:110
BRH:0
end_of_record
TN:
SF:src/services/witnessVehiclePdfService.js
FN:15,(anonymous_0)
FN:22,(anonymous_1)
FN:41,(anonymous_2)
FN:104,(anonymous_3)
FN:184,(anonymous_4)
FN:197,(anonymous_5)
FNF:6
FNH:0
FNDA:0,(anonymous_0)
FNDA:0,(anonymous_1)
FNDA:0,(anonymous_2)
FNDA:0,(anonymous_3)
FNDA:0,(anonymous_4)
FNDA:0,(anonymous_5)
DA:8,0
DA:9,0
DA:10,0
DA:11,0
DA:12,0
DA:16,0
DA:23,0
DA:24,0
DA:25,0
DA:26,0
DA:30,0
DA:42,0
DA:43,0
DA:44,0
DA:47,0
DA:50,0
DA:51,0
DA:52,0
DA:55,0
DA:56,0
DA:59,0
DA:61,0
DA:62,0
DA:63,0
DA:64,0
DA:65,0
DA:66,0
DA:69,0
DA:72,0
DA:73,0
DA:75,0
DA:78,0
DA:79,0
DA:80,0
DA:81,0
DA:82,0
DA:84,0
DA:85,0
DA:89,0
DA:92,0
DA:93,0
DA:105,0
DA:106,0
DA:107,0
DA:110,0
DA:113,0
DA:114,0
DA:115,0
DA:118,0
DA:119,0
DA:122,0
DA:125,0
DA:126,0
DA:127,0
DA:128,0
DA:130,0
DA:131,0
DA:132,0
DA:133,0
DA:134,0
DA:135,0
DA:136,0
DA:137,0
DA:138,0
DA:141,0
DA:142,0
DA:143,0
DA:144,0
DA:145,0
DA:146,0
DA:149,0
DA:152,0
DA:153,0
DA:155,0
DA:158,0
DA:159,0
DA:160,0
DA:161,0
DA:162,0
DA:164,0
DA:165,0
DA:169,0
DA:172,0
DA:173,0
DA:185,0
DA:186,0
DA:187,0
DA:190,0
DA:192,0
DA:194,0
DA:195,0
DA:196,0
DA:197,0
DA:200,0
DA:201,0
DA:203,0
DA:205,0
DA:208,0
DA:209,0
DA:215,0
LF:100
LH:0
BRDA:25,0,0,0
BRDA:25,0,1,0
BRDA:25,1,0,0
BRDA:25,1,1,0
BRDA:25,1,2,0
BRDA:43,2,0,0
BRDA:43,2,1,0
BRDA:61,3,0,0
BRDA:61,3,1,0
BRDA:62,4,0,0
BRDA:62,4,1,0
BRDA:63,5,0,0
BRDA:63,5,1,0
BRDA:64,6,0,0
BRDA:64,6,1,0
BRDA:65,7,0,0
BRDA:65,7,1,0
BRDA:66,8,0,0
BRDA:66,8,1,0
BRDA:78,9,0,0
BRDA:78,9,1,0
BRDA:106,10,0,0
BRDA:106,10,1,0
BRDA:125,11,0,0
BRDA:125,11,1,0
BRDA:126,12,0,0
BRDA:126,12,1,0
BRDA:127,13,0,0
BRDA:127,13,1,0
BRDA:128,14,0,0
BRDA:128,14,1,0
BRDA:131,15,0,0
BRDA:131,15,1,0
BRDA:132,16,0,0
BRDA:132,16,1,0
BRDA:133,17,0,0
BRDA:133,17,1,0
BRDA:134,18,0,0
BRDA:134,18,1,0
BRDA:135,19,0,0
BRDA:135,19,1,0
BRDA:136,20,0,0
BRDA:136,20,1,0
BRDA:137,21,0,0
BRDA:137,21,1,0
BRDA:138,22,0,0
BRDA:138,22,1,0
BRDA:141,23,0,0
BRDA:141,23,1,0
BRDA:142,24,0,0
BRDA:142,24,1,0
BRDA:143,25,0,0
BRDA:143,25,1,0
BRDA:144,26,0,0
BRDA:144,26,1,0
BRDA:145,27,0,0
BRDA:145,27,1,0
BRDA:146,28,0,0
BRDA:146,28,1,0
BRDA:158,29,0,0
BRDA:158,29,1,0
BRDA:186,30,0,0
BRDA:186,30,1,0
BRDA:186,31,0,0
BRDA:186,31,1,0
BRF:65
BRH:0
end_of_record
TN:
SF:src/utils/db.js
FN:19,(anonymous_0)
FN:29,query
FN:46,getClient
FN:52,(anonymous_3)
FN:57,(anonymous_4)
FN:70,testConnection
FN:89,getTableSchema
FN:110,getTableConstraints
FN:134,getTableIndexes
FN:151,countRows
FN:163,getSampleRows
FN:172,close
FNF:12
FNH:0
FNDA:0,(anonymous_0)
FNDA:0,query
FNDA:0,getClient
FNDA:0,(anonymous_3)
FNDA:0,(anonymous_4)
FNDA:0,testConnection
FNDA:0,getTableSchema
FNDA:0,getTableConstraints
FNDA:0,getTableIndexes
FNDA:0,countRows
FNDA:0,getSampleRows
FNDA:0,close
DA:4,0
DA:5,0
DA:8,0
DA:19,0
DA:20,0
DA:30,0
DA:31,0
DA:32,0
DA:33,0
DA:34,0
DA:35,0
DA:37,0
DA:38,0
DA:47,0
DA:48,0
DA:49,0
DA:52,0
DA:53,0
DA:57,0
DA:58,0
DA:59,0
DA:60,0
DA:63,0
DA:71,0
DA:72,0
DA:73,0
DA:77,0
DA:79,0
DA:80,0
DA:90,0
DA:101,0
DA:102,0
DA:111,0
DA:125,0
DA:126,0
DA:135,0
DA:142,0
DA:143,0
DA:152,0
DA:153,0
DA:154,0
DA:164,0
DA:165,0
DA:166,0
DA:173,0
DA:174,0
DA:177,0
LF:47
LH:0
BRDA:163,0,0,0
BRF:1
BRH:0
end_of_record
TN:
SF:src/utils/emailNormalizer.js
FN:13,normalizeEmail
FN:26,normalizeEmails
FN:32,(anonymous_2)
FN:33,(anonymous_3)
FN:44,normalizeEmailFields
FN:66,emailsMatch
FNF:6
FNH:0
FNDA:0,normalizeEmail
FNDA:0,normalizeEmails
FNDA:0,(anonymous_2)
FNDA:0,(anonymous_3)
FNDA:0,normalizeEmailFields
FNDA:0,emailsMatch
DA:14,0
DA:15,0
DA:18,0
DA:27,0
DA:28,0
DA:31,0
DA:32,0
DA:33,0
DA:45,0
DA:46,0
DA:49,0
DA:51,0
DA:52,0
DA:53,0
DA:57,0
DA:67,0
DA:68,0
DA:70,0
DA:71,0
DA:74,0
DA:77,0
LF:21
LH:0
BRDA:14,0,0,0
BRDA:14,0,1,0
BRDA:14,1,0,0
BRDA:14,1,1,0
BRDA:27,2,0,0
BRDA:27,2,1,0
BRDA:44,3,0,0
BRDA:45,4,0,0
BRDA:45,4,1,0
BRDA:45,5,0,0
BRDA:45,5,1,0
BRDA:52,6,0,0
BRDA:52,6,1,0
BRDA:70,7,0,0
BRDA:70,7,1,0
BRDA:70,8,0,0
BRDA:70,8,1,0
BRF:17
BRH:0
end_of_record
TN:
SF:src/utils/idempotency.js
FN:6,(anonymous_0)
FN:8,isDuplicate
FNF:2
FNH:0
FNDA:0,(anonymous_0)
FNDA:0,isDuplicate
DA:4,0
DA:5,0
DA:6,0
DA:9,0
DA:10,0
DA:11,0
DA:12,0
DA:15,0
LF:8
LH:0
BRDA:9,0,0,0
BRDA:9,0,1,0
BRDA:10,1,0,0
BRDA:10,1,1,0
BRF:4
BRH:0
end_of_record
TN:
SF:src/utils/logger.js
FN:25,(anonymous_0)
FN:30,(anonymous_1)
FN:35,(anonymous_2)
FN:62,(anonymous_3)
FN:78,(anonymous_4)
FN:107,(anonymous_5)
FN:111,(anonymous_6)
FN:115,(anonymous_7)
FN:119,(anonymous_8)
FN:130,(anonymous_9)
FN:137,(anonymous_10)
FN:144,(anonymous_11)
FN:151,(anonymous_12)
FN:158,(anonymous_13)
FN:166,(anonymous_14)
FN:173,(anonymous_15)
FNF:16
FNH:2
FNDA:3,(anonymous_0)
FNDA:3,(anonymous_1)
FNDA:0,(anonymous_2)
FNDA:0,(anonymous_3)
FNDA:0,(anonymous_4)
FNDA:0,(anonymous_5)
FNDA:0,(anonymous_6)
FNDA:0,(anonymous_7)
FNDA:0,(anonymous_8)
FNDA:0,(anonymous_9)
FNDA:0,(anonymous_10)
FNDA:0,(anonymous_11)
FNDA:0,(anonymous_12)
FNDA:0,(anonymous_13)
FNDA:0,(anonymous_14)
FNDA:0,(anonymous_15)
DA:7,3
DA:15,3
DA:26,3
DA:27,3
DA:31,3
DA:32,3
DA:36,0
DA:37,0
DA:38,0
DA:40,0
DA:42,0
DA:43,0
DA:46,0
DA:48,0
DA:49,0
DA:50,0
DA:52,0
DA:53,0
DA:55,0
DA:56,0
DA:59,0
DA:63,0
DA:65,0
DA:66,0
DA:69,0
DA:76,0
DA:78,0
DA:79,0
DA:80,0
DA:84,0
DA:85,0
DA:86,0
DA:90,0
DA:91,0
DA:92,0
DA:93,0
DA:94,0
DA:95,0
DA:96,0
DA:97,0
DA:98,0
DA:100,0
DA:104,0
DA:108,0
DA:112,0
DA:116,0
DA:120,0
DA:121,0
DA:122,0
DA:124,0
DA:125,0
DA:131,0
DA:132,0
DA:133,0
DA:138,0
DA:139,0
DA:140,0
DA:145,0
DA:146,0
DA:147,0
DA:152,0
DA:153,0
DA:154,0
DA:159,0
DA:160,0
DA:161,0
DA:167,0
DA:168,0
DA:169,0
DA:170,0
DA:174,0
DA:175,0
DA:176,0
DA:182,0
DA:187,3
DA:189,3
LF:76
LH:8
BRDA:31,0,0,3
BRDA:31,0,1,3
BRDA:32,1,0,3
BRDA:32,1,1,0
BRDA:37,2,0,0
BRDA:37,2,1,0
BRDA:42,3,0,0
BRDA:42,3,1,0
BRDA:48,4,0,0
BRDA:48,4,1,0
BRDA:48,5,0,0
BRDA:48,5,1,0
BRDA:49,6,0,0
BRDA:49,6,1,0
BRDA:55,7,0,0
BRDA:55,7,1,0
BRDA:63,8,0,0
BRDA:63,8,1,0
BRDA:63,9,0,0
BRDA:63,9,1,0
BRDA:65,10,0,0
BRDA:65,10,1,0
BRDA:78,11,0,0
BRDA:78,11,1,0
BRDA:84,12,0,0
BRDA:84,12,1,0
BRDA:84,13,0,0
BRDA:84,13,1,0
BRDA:84,13,2,0
BRDA:90,14,0,0
BRDA:90,14,1,0
BRDA:92,15,0,0
BRDA:92,15,1,0
BRDA:93,16,0,0
BRDA:93,16,1,0
BRDA:94,17,0,0
BRDA:94,17,1,0
BRDA:95,18,0,0
BRDA:95,18,1,0
BRDA:96,19,0,0
BRDA:96,19,1,0
BRDA:97,20,0,0
BRDA:97,20,1,0
BRDA:112,21,0,0
BRDA:112,21,1,0
BRDA:120,22,0,0
BRDA:120,22,1,0
BRDA:124,23,0,0
BRDA:124,23,1,0
BRDA:124,24,0,0
BRDA:124,24,1,0
BRDA:131,25,0,0
BRDA:131,25,1,0
BRDA:138,26,0,0
BRDA:138,26,1,0
BRDA:145,27,0,0
BRDA:145,27,1,0
BRDA:152,28,0,0
BRDA:152,28,1,0
BRDA:159,29,0,0
BRDA:159,29,1,0
BRF:61
BRH:3
end_of_record
TN:
SF:src/utils/response.js
FN:15,sendError
FN:36,sendSuccess
FN:53,redactUrl
FNF:3
FNH:0
FNDA:0,sendError
FNDA:0,sendSuccess
FNDA:0,redactUrl
DA:16,0
DA:23,0
DA:24,0
DA:26,0
DA:37,0
DA:44,0
DA:54,0
DA:56,0
DA:57,0
DA:58,0
DA:59,0
DA:62,0
DA:66,0
LF:13
LH:0
BRDA:15,0,0,0
BRDA:15,1,0,0
BRDA:20,2,0,0
BRDA:20,2,1,0
BRDA:23,3,0,0
BRDA:23,3,1,0
BRDA:24,4,0,0
BRDA:24,4,1,0
BRDA:36,5,0,0
BRDA:36,6,0,0
BRDA:41,7,0,0
BRDA:41,7,1,0
BRDA:54,8,0,0
BRDA:54,8,1,0
BRF:14
BRH:0
end_of_record
TN:
SF:src/utils/validators.js
FN:12,validateUserId
FN:38,validateEmail
FN:57,validatePhoneNumber
FN:77,validatePassword
FNF:4
FNH:0
FNDA:0,validateUserId
FNDA:0,validateEmail
FNDA:0,validatePhoneNumber
FNDA:0,validatePassword
DA:13,0
DA:14,0
DA:18,0
DA:21,0
DA:23,0
DA:24,0
DA:30,0
DA:39,0
DA:40,0
DA:43,0
DA:45,0
DA:46,0
DA:49,0
DA:58,0
DA:59,0
DA:63,0
DA:65,0
DA:66,0
DA:69,0
DA:78,0
DA:79,0
DA:82,0
DA:83,0
DA:87,0
DA:88,0
DA:89,0
DA:90,0
DA:91,0
DA:93,0
DA:94,0
DA:95,0
DA:97,0
DA:104,0
LF:33
LH:0
BRDA:13,0,0,0
BRDA:13,0,1,0
BRDA:23,1,0,0
BRDA:23,1,1,0
BRDA:23,2,0,0
BRDA:23,2,1,0
BRDA:39,3,0,0
BRDA:39,3,1,0
BRDA:45,4,0,0
BRDA:45,4,1,0
BRDA:58,5,0,0
BRDA:58,5,1,0
BRDA:65,6,0,0
BRDA:65,6,1,0
BRDA:78,7,0,0
BRDA:78,7,1,0
BRDA:82,8,0,0
BRDA:82,8,1,0
BRDA:88,9,0,0
BRDA:88,9,1,0
BRDA:89,10,0,0
BRDA:89,10,1,0
BRDA:89,11,0,0
BRDA:89,11,1,0
BRDA:90,12,0,0
BRDA:90,12,1,0
BRDA:91,13,0,0
BRDA:91,13,1,0
BRDA:94,14,0,0
BRDA:94,14,1,0
BRDA:95,15,0,0
BRDA:95,15,1,0
BRF:32
BRH:0
end_of_record
TN:
SF:src/websocket/index.js
FN:28,initializeWebSocket
FN:37,(anonymous_1)
FN:39,(anonymous_2)
FN:46,(anonymous_3)
FN:47,(anonymous_4)
FN:61,(anonymous_5)
FN:74,(anonymous_6)
FN:75,(anonymous_7)
FN:81,(anonymous_8)
FN:85,(anonymous_9)
FN:92,(anonymous_10)
FN:164,(anonymous_11)
FN:179,(anonymous_12)
FN:185,(anonymous_13)
FN:186,(anonymous_14)
FN:203,sendTranscriptionUpdate
FN:217,broadcastToUser
FN:219,(anonymous_17)
FN:234,broadcastTranscriptionUpdate
FN:253,handleRealtimeTranscriptionUpdate
FN:307,handleRealtimeSummaryUpdate
FN:346,getTranscriptionStatus
FN:353,setTranscriptionStatus
FN:365,broadcastImageProcessingUpdate
FN:381,broadcastPDFGenerationUpdate
FN:397,broadcastStatusUpdate
FN:411,getWebSocketStats
FN:423,closeWebSocket
FN:435,(anonymous_28)
FNF:29
FNH:0
FNDA:0,initializeWebSocket
FNDA:0,(anonymous_1)
FNDA:0,(anonymous_2)
FNDA:0,(anonymous_3)
FNDA:0,(anonymous_4)
FNDA:0,(anonymous_5)
FNDA:0,(anonymous_6)
FNDA:0,(anonymous_7)
FNDA:0,(anonymous_8)
FNDA:0,(anonymous_9)
FNDA:0,(anonymous_10)
FNDA:0,(anonymous_11)
FNDA:0,(anonymous_12)
FNDA:0,(anonymous_13)
FNDA:0,(anonymous_14)
FNDA:0,sendTranscriptionUpdate
FNDA:0,broadcastToUser
FNDA:0,(anonymous_17)
FNDA:0,broadcastTranscriptionUpdate
FNDA:0,handleRealtimeTranscriptionUpdate
FNDA:0,handleRealtimeSummaryUpdate
FNDA:0,getTranscriptionStatus
FNDA:0,setTranscriptionStatus
FNDA:0,broadcastImageProcessingUpdate
FNDA:0,broadcastPDFGenerationUpdate
FNDA:0,broadcastStatusUpdate
FNDA:0,getWebSocketStats
FNDA:0,closeWebSocket
FNDA:0,(anonymous_28)
DA:7,0
DA:8,0
DA:9,0
DA:12,0
DA:15,0
DA:16,0
DA:17,0
DA:20,0
DA:21,0
DA:30,0
DA:37,0
DA:39,0
DA:40,0
DA:41,0
DA:42,0
DA:46,0
DA:47,0
DA:48,0
DA:49,0
DA:50,0
DA:52,0
DA:53,0
DA:58,0
DA:59,0
DA:61,0
DA:62,0
DA:63,0
DA:64,0
DA:68,0
DA:69,0
DA:74,0
DA:75,0
DA:76,0
DA:81,0
DA:82,0
DA:84,0
DA:85,0
DA:86,0
DA:89,0
DA:90,0
DA:92,0
DA:93,0
DA:94,0
DA:95,0
DA:96,0
DA:101,0
DA:103,0
DA:104,0
DA:105,0
DA:106,0
DA:113,0
DA:114,0
DA:115,0
DA:117,0
DA:118,0
DA:119,0
DA:125,0
DA:128,0
DA:129,0
DA:130,0
DA:135,0
DA:136,0
DA:137,0
DA:142,0
DA:145,0
DA:146,0
DA:149,0
DA:150,0
DA:156,0
DA:157,0
DA:164,0
DA:165,0
DA:166,0
DA:171,0
DA:172,0
DA:174,0
DA:175,0
DA:179,0
DA:180,0
DA:185,0
DA:186,0
DA:187,0
DA:188,0
DA:189,0
DA:191,0
DA:192,0
DA:196,0
DA:197,0
DA:204,0
DA:205,0
DA:206,0
DA:207,0
DA:209,0
DA:218,0
DA:219,0
DA:220,0
DA:221,0
DA:222,0
DA:224,0
DA:236,0
DA:237,0
DA:241,0
DA:244,0
DA:245,0
DA:246,0
DA:254,0
DA:255,0
DA:258,0
DA:259,0
DA:260,0
DA:261,0
DA:262,0
DA:263,0
DA:264,0
DA:265,0
DA:266,0
DA:269,0
DA:270,0
DA:271,0
DA:279,0
DA:290,0
DA:291,0
DA:300,0
DA:308,0
DA:309,0
DA:310,0
DA:311,0
DA:313,0
DA:314,0
DA:322,0
DA:323,0
DA:332,0
DA:333,0
DA:339,0
DA:347,0
DA:354,0
DA:366,0
DA:372,0
DA:373,0
DA:382,0
DA:388,0
DA:389,0
DA:398,0
DA:404,0
DA:405,0
DA:412,0
DA:424,0
DA:425,0
DA:426,0
DA:429,0
DA:430,0
DA:431,0
DA:434,0
DA:435,0
DA:436,0
DA:438,0
DA:442,0
DA:443,0
DA:444,0
DA:447,0
LF:160
LH:0
BRDA:40,0,0,0
BRDA:40,0,1,0
BRDA:48,1,0,0
BRDA:48,1,1,0
BRDA:52,2,0,0
BRDA:52,2,1,0
BRDA:62,3,0,0
BRDA:62,3,1,0
BRDA:62,4,0,0
BRDA:62,4,1,0
BRDA:68,5,0,0
BRDA:68,5,1,0
BRDA:101,6,0,0
BRDA:101,6,1,0
BRDA:101,6,2,0
BRDA:101,6,3,0
BRDA:103,7,0,0
BRDA:103,7,1,0
BRDA:113,8,0,0
BRDA:113,8,1,0
BRDA:114,9,0,0
BRDA:114,9,1,0
BRDA:128,10,0,0
BRDA:128,10,1,0
BRDA:128,11,0,0
BRDA:128,11,1,0
BRDA:135,12,0,0
BRDA:135,12,1,0
BRDA:135,13,0,0
BRDA:135,13,1,0
BRDA:171,14,0,0
BRDA:171,14,1,0
BRDA:174,15,0,0
BRDA:174,15,1,0
BRDA:174,16,0,0
BRDA:174,16,1,0
BRDA:187,17,0,0
BRDA:187,17,1,0
BRDA:205,18,0,0
BRDA:205,18,1,0
BRDA:205,19,0,0
BRDA:205,19,1,0
BRDA:218,20,0,0
BRDA:218,20,1,0
BRDA:220,21,0,0
BRDA:220,21,1,0
BRDA:236,22,0,0
BRDA:236,22,1,0
BRDA:245,23,0,0
BRDA:245,23,1,0
BRDA:258,24,0,0
BRDA:258,24,1,0
BRDA:259,25,0,0
BRDA:259,25,1,0
BRDA:260,26,0,0
BRDA:260,26,1,0
BRDA:263,27,0,0
BRDA:263,27,1,0
BRDA:269,28,0,0
BRDA:269,28,1,0
BRDA:270,29,0,0
BRDA:270,29,1,0
BRDA:274,30,0,0
BRDA:274,30,1,0
BRDA:290,31,0,0
BRDA:290,31,1,0
BRDA:313,32,0,0
BRDA:313,32,1,0
BRDA:313,33,0,0
BRDA:313,33,1,0
BRDA:322,34,0,0
BRDA:322,34,1,0
BRDA:332,35,0,0
BRDA:332,35,1,0
BRDA:367,36,0,0
BRDA:367,36,1,0
BRDA:383,37,0,0
BRDA:383,37,1,0
BRDA:413,38,0,0
BRDA:413,38,1,0
BRDA:424,39,0,0
BRDA:424,39,1,0
BRDA:429,40,0,0
BRDA:429,40,1,0
BRDA:434,41,0,0
BRDA:434,41,1,0
BRF:86
BRH:0
end_of_record
