TN:
SF:src/app.js
FN:63,createApp
FN:80,(anonymous_1)
FN:90,(anonymous_2)
FN:113,(anonymous_3)
FN:117,(anonymous_4)
FN:135,(anonymous_5)
FN:150,(anonymous_6)
FN:171,initSupabase
FN:199,testSupabaseConnection
FN:225,initializeRealtime
FN:236,(anonymous_10)
FN:243,(anonymous_11)
FN:255,(anonymous_12)
FN:306,testExternalServices
FN:317,(anonymous_14)
FN:318,(anonymous_15)
FN:329,(anonymous_16)
FN:330,(anonymous_17)
FN:348,(anonymous_18)
FN:349,(anonymous_19)
FN:364,checkSharedKey
FN:407,(anonymous_21)
FN:428,(anonymous_22)
FN:436,(anonymous_23)
FN:443,(anonymous_24)
FN:462,(anonymous_25)
FN:484,(anonymous_26)
FN:516,(anonymous_27)
FNF:28
FNH:0
FNDA:0,createApp
FNDA:0,(anonymous_1)
FNDA:0,(anonymous_2)
FNDA:0,(anonymous_3)
FNDA:0,(anonymous_4)
FNDA:0,(anonymous_5)
FNDA:0,(anonymous_6)
FNDA:0,initSupabase
FNDA:0,testSupabaseConnection
FNDA:0,initializeRealtime
FNDA:0,(anonymous_10)
FNDA:0,(anonymous_11)
FNDA:0,(anonymous_12)
FNDA:0,testExternalServices
FNDA:0,(anonymous_14)
FNDA:0,(anonymous_15)
FNDA:0,(anonymous_16)
FNDA:0,(anonymous_17)
FNDA:0,(anonymous_18)
FNDA:0,(anonymous_19)
FNDA:0,checkSharedKey
FNDA:0,(anonymous_21)
FNDA:0,(anonymous_22)
FNDA:0,(anonymous_23)
FNDA:0,(anonymous_24)
FNDA:0,(anonymous_25)
FNDA:0,(anonymous_26)
FNDA:0,(anonymous_27)
DA:14,0
DA:15,0
DA:16,0
DA:17,0
DA:18,0
DA:19,0
DA:20,0
DA:21,0
DA:22,0
DA:26,0
DA:27,0
DA:28,0
DA:29,0
DA:32,0
DA:33,0
DA:34,0
DA:35,0
DA:36,0
DA:39,0
DA:40,0
DA:41,0
DA:42,0
DA:45,0
DA:46,0
DA:49,0
DA:50,0
DA:51,0
DA:56,0
DA:58,0
DA:64,0
DA:67,0
DA:78,0
DA:82,0
DA:83,0
DA:87,0
DA:91,0
DA:92,0
DA:99,0
DA:100,0
DA:101,0
DA:102,0
DA:103,0
DA:106,0
DA:107,0
DA:108,0
DA:111,0
DA:114,0
DA:117,0
DA:121,0
DA:124,0
DA:127,0
DA:130,0
DA:131,0
DA:132,0
DA:135,0
DA:136,0
DA:137,0
DA:139,0
DA:144,0
DA:151,0
DA:157,0
DA:158,0
DA:160,0
DA:167,0
DA:168,0
DA:169,0
DA:172,0
DA:173,0
DA:174,0
DA:177,0
DA:178,0
DA:188,0
DA:189,0
DA:190,0
DA:191,0
DA:194,0
DA:195,0
DA:200,0
DA:201,0
DA:206,0
DA:207,0
DA:208,0
DA:211,0
DA:212,0
DA:213,0
DA:216,0
DA:217,0
DA:220,0
DA:221,0
DA:226,0
DA:228,0
DA:230,0
DA:237,0
DA:244,0
DA:249,0
DA:256,0
DA:260,0
DA:261,0
DA:264,0
DA:270,0
DA:273,0
DA:274,0
DA:275,0
DA:276,0
DA:280,0
DA:281,0
DA:282,0
DA:287,0
DA:293,0
DA:294,0
DA:295,0
DA:296,0
DA:300,0
DA:301,0
DA:307,0
DA:308,0
DA:311,0
DA:312,0
DA:317,0
DA:318,0
DA:323,0
DA:324,0
DA:329,0
DA:330,0
DA:335,0
DA:336,0
DA:348,0
DA:350,0
DA:351,0
DA:353,0
DA:359,0
DA:365,0
DA:366,0
DA:367,0
DA:369,0
DA:370,0
DA:373,0
DA:374,0
DA:375,0
DA:378,0
DA:383,0
DA:384,0
DA:385,0
DA:386,0
DA:387,0
DA:388,0
DA:389,0
DA:390,0
DA:391,0
DA:404,0
DA:407,0
DA:408,0
DA:424,0
DA:428,0
DA:429,0
DA:436,0
DA:437,0
DA:443,0
DA:444,0
DA:450,0
DA:452,0
DA:462,0
DA:464,0
DA:465,0
DA:471,0
DA:480,0
DA:484,0
DA:485,0
DA:486,0
DA:487,0
DA:488,0
DA:491,0
DA:495,0
DA:496,0
DA:503,0
DA:512,0
DA:516,0
DA:517,0
DA:527,0
DA:532,0
LF:180
LH:0
BRDA:103,0,0,0
BRDA:103,0,1,0
BRDA:117,1,0,0
BRDA:117,1,1,0
BRDA:136,2,0,0
BRDA:136,2,1,0
BRDA:157,3,0,0
BRDA:157,3,1,0
BRDA:172,4,0,0
BRDA:172,4,1,0
BRDA:172,5,0,0
BRDA:172,5,1,0
BRDA:206,6,0,0
BRDA:206,6,1,0
BRDA:206,7,0,0
BRDA:206,7,1,0
BRDA:211,8,0,0
BRDA:211,8,1,0
BRDA:226,9,0,0
BRDA:226,9,1,0
BRDA:273,10,0,0
BRDA:273,10,1,0
BRDA:281,11,0,0
BRDA:281,11,1,0
BRDA:281,12,0,0
BRDA:281,12,1,0
BRDA:293,13,0,0
BRDA:293,13,1,0
BRDA:300,14,0,0
BRDA:300,14,1,0
BRDA:311,15,0,0
BRDA:311,15,1,0
BRDA:323,16,0,0
BRDA:323,16,1,0
BRDA:335,17,0,0
BRDA:335,17,1,0
BRDA:350,18,0,0
BRDA:350,18,1,0
BRDA:366,19,0,0
BRDA:366,19,1,0
BRDA:367,20,0,0
BRDA:367,20,1,0
BRDA:367,20,2,0
BRDA:369,21,0,0
BRDA:369,21,1,0
BRDA:373,22,0,0
BRDA:373,22,1,0
BRDA:446,23,0,0
BRDA:446,23,1,0
BRDA:452,24,0,0
BRDA:452,24,1,0
BRDA:453,25,0,0
BRDA:453,25,1,0
BRDA:464,26,0,0
BRDA:464,26,1,0
BRDA:464,27,0,0
BRDA:464,27,1,0
BRDA:464,27,2,0
BRDA:475,28,0,0
BRDA:475,28,1,0
BRDA:485,29,0,0
BRDA:485,29,1,0
BRDA:486,30,0,0
BRDA:486,30,1,0
BRDA:495,31,0,0
BRDA:495,31,1,0
BRDA:498,32,0,0
BRDA:498,32,1,0
BRDA:508,33,0,0
BRDA:508,33,1,0
BRF:70
BRH:0
end_of_record
TN:
SF:src/config/constants.js
FNF:0
FNH:0
DA:8,0
LF:1
LH:0
BRF:0
BRH:0
end_of_record
TN:
SF:src/config/index.js
FNF:0
FNH:0
DA:8,0
DA:10,0
LF:2
LH:0
BRDA:15,0,0,0
BRDA:15,0,1,0
BRDA:15,1,0,0
BRDA:15,1,1,0
BRDA:16,2,0,0
BRDA:16,2,1,0
BRDA:17,3,0,0
BRDA:17,3,1,0
BRDA:27,4,0,0
BRDA:27,4,1,0
BRDA:51,5,0,0
BRDA:51,5,1,0
BRDA:51,5,2,0
BRDA:54,6,0,0
BRDA:54,6,1,0
BRDA:54,6,2,0
BRDA:62,7,0,0
BRDA:62,7,1,0
BRDA:70,8,0,0
BRDA:70,8,1,0
BRDA:76,9,0,0
BRDA:76,9,1,0
BRF:22
BRH:0
end_of_record
TN:
SF:src/controllers/auth.controller.js
FN:38,signup
FN:205,login
FN:270,logout
FN:300,checkSession
FN:348,generateNonce
FNF:5
FNH:0
FNDA:0,signup
FNDA:0,login
FNDA:0,logout
FNDA:0,checkSession
FNDA:0,generateNonce
DA:8,0
DA:9,0
DA:10,0
DA:11,0
DA:12,0
DA:13,0
DA:16,0
DA:18,0
DA:21,0
DA:23,0
DA:24,0
DA:25,0
DA:39,0
DA:40,0
DA:42,0
DA:51,0
DA:52,0
DA:53,0
DA:54,0
DA:56,0
DA:57,0
DA:58,0
DA:61,0
DA:62,0
DA:68,0
DA:69,0
DA:70,0
DA:79,0
DA:80,0
DA:83,0
DA:88,0
DA:115,0
DA:116,0
DA:119,0
DA:125,0
DA:126,0
DA:134,0
DA:137,0
DA:139,0
DA:147,0
DA:148,0
DA:157,0
DA:160,0
DA:166,0
DA:173,0
DA:182,0
DA:193,0
DA:197,0
DA:206,0
DA:207,0
DA:209,0
DA:210,0
DA:213,0
DA:214,0
DA:217,0
DA:219,0
DA:221,0
DA:222,0
DA:223,0
DA:226,0
DA:231,0
DA:233,0
DA:241,0
DA:243,0
DA:258,0
DA:262,0
DA:271,0
DA:273,0
DA:276,0
DA:277,0
DA:280,0
DA:282,0
DA:288,0
DA:292,0
DA:301,0
DA:302,0
DA:303,0
DA:309,0
DA:311,0
DA:324,0
DA:328,0
DA:335,0
DA:349,0
DA:350,0
DA:351,0
DA:355,0
DA:356,0
DA:359,0
DA:367,0
DA:369,0
DA:375,0
DA:376,0
LF:92
LH:0
BRDA:23,0,0,0
BRDA:23,0,1,0
BRDA:52,1,0,0
BRDA:52,1,1,0
BRDA:52,2,0,0
BRDA:52,2,1,0
BRDA:53,3,0,0
BRDA:53,3,1,0
BRDA:53,4,0,0
BRDA:53,4,1,0
BRDA:54,5,0,0
BRDA:54,5,1,0
BRDA:54,6,0,0
BRDA:54,6,1,0
BRDA:56,7,0,0
BRDA:56,7,1,0
BRDA:61,8,0,0
BRDA:61,8,1,0
BRDA:68,9,0,0
BRDA:68,9,1,0
BRDA:79,10,0,0
BRDA:79,10,1,0
BRDA:95,11,0,0
BRDA:95,11,1,0
BRDA:97,12,0,0
BRDA:97,12,1,0
BRDA:115,13,0,0
BRDA:115,13,1,0
BRDA:119,14,0,0
BRDA:119,14,1,0
BRDA:119,15,0,0
BRDA:119,15,1,0
BRDA:119,15,2,0
BRDA:119,15,3,0
BRDA:119,15,4,0
BRDA:152,16,0,0
BRDA:152,16,1,0
BRDA:153,17,0,0
BRDA:153,17,1,0
BRDA:209,18,0,0
BRDA:209,18,1,0
BRDA:209,19,0,0
BRDA:209,19,1,0
BRDA:213,20,0,0
BRDA:213,20,1,0
BRDA:221,21,0,0
BRDA:221,21,1,0
BRDA:231,22,0,0
BRDA:231,22,1,0
BRDA:241,23,0,0
BRDA:241,23,1,0
BRDA:249,24,0,0
BRDA:249,24,1,0
BRDA:250,25,0,0
BRDA:250,25,1,0
BRDA:276,26,0,0
BRDA:276,26,1,0
BRDA:302,27,0,0
BRDA:302,27,1,0
BRDA:309,28,0,0
BRDA:309,28,1,0
BRDA:317,29,0,0
BRDA:317,29,1,0
BRDA:318,30,0,0
BRDA:318,30,1,0
BRDA:319,31,0,0
BRDA:319,31,1,0
BRDA:350,32,0,0
BRDA:350,32,1,0
BRDA:350,33,0,0
BRDA:350,33,1,0
BRF:71
BRH:0
end_of_record
TN:
SF:src/controllers/debug.controller.js
FN:30,debugUser
FN:77,testOpenAI
FN:108,processQueue
FN:134,testTranscriptionQueue
FN:162,testProcessTranscriptionQueue
FN:181,getHealth
FNF:6
FNH:0
FNDA:0,debugUser
FNDA:0,testOpenAI
FNDA:0,processQueue
FNDA:0,testTranscriptionQueue
FNDA:0,testProcessTranscriptionQueue
FNDA:0,getHealth
DA:6,0
DA:7,0
DA:8,0
DA:9,0
DA:10,0
DA:11,0
DA:12,0
DA:13,0
DA:16,0
DA:17,0
DA:18,0
DA:31,0
DA:32,0
DA:35,0
DA:36,0
DA:37,0
DA:39,0
DA:44,0
DA:46,0
DA:47,0
DA:50,0
DA:52,0
DA:68,0
DA:69,0
DA:78,0
DA:79,0
DA:89,0
DA:96,0
DA:109,0
DA:111,0
DA:112,0
DA:115,0
DA:118,0
DA:125,0
DA:126,0
DA:135,0
DA:136,0
DA:139,0
DA:140,0
DA:146,0
DA:154,0
DA:163,0
DA:164,0
DA:166,0
DA:173,0
DA:182,0
DA:184,0
DA:195,0
DA:196,0
DA:197,0
DA:198,0
DA:200,0
DA:205,0
DA:206,0
DA:207,0
DA:211,0
DA:213,0
DA:218,0
DA:219,0
DA:220,0
DA:223,0
DA:225,0
DA:230,0
DA:231,0
DA:234,0
DA:237,0
DA:240,0
DA:241,0
DA:243,0
DA:244,0
DA:253,0
DA:254,0
DA:256,0
DA:259,0
DA:262,0
DA:266,0
DA:268,0
DA:308,0
DA:309,0
DA:313,0
LF:80
LH:0
BRDA:17,0,0,0
BRDA:17,0,1,0
BRDA:17,1,0,0
BRDA:17,1,1,0
BRDA:31,2,0,0
BRDA:31,2,1,0
BRDA:46,3,0,0
BRDA:46,3,1,0
BRDA:47,4,0,0
BRDA:47,4,1,0
BRDA:98,5,0,0
BRDA:98,5,1,0
BRDA:111,6,0,0
BRDA:111,6,1,0
BRDA:135,7,0,0
BRDA:135,7,1,0
BRDA:148,8,0,0
BRDA:148,8,1,0
BRDA:195,9,0,0
BRDA:195,9,1,0
BRDA:205,10,0,0
BRDA:205,10,1,0
BRDA:218,11,0,0
BRDA:218,11,1,0
BRDA:237,12,0,0
BRDA:237,12,1,0
BRDA:240,13,0,0
BRDA:240,13,1,0
BRDA:253,14,0,0
BRDA:253,14,1,0
BRF:30
BRH:0
end_of_record
TN:
SF:src/controllers/emergency.controller.js
FN:29,getEmergencyContact
FN:100,updateEmergencyContact
FN:169,getEmergencyContacts
FN:204,logEmergencyCall
FNF:4
FNH:0
FNDA:0,getEmergencyContact
FNDA:0,updateEmergencyContact
FNDA:0,getEmergencyContacts
FNDA:0,logEmergencyCall
DA:7,0
DA:8,0
DA:9,0
DA:10,0
DA:11,0
DA:12,0
DA:15,0
DA:16,0
DA:17,0
DA:30,0
DA:31,0
DA:34,0
DA:35,0
DA:37,0
DA:38,0
DA:39,0
DA:42,0
DA:44,0
DA:50,0
DA:51,0
DA:52,0
DA:55,0
DA:56,0
DA:59,0
DA:60,0
DA:62,0
DA:67,0
DA:68,0
DA:69,0
DA:79,0
DA:81,0
DA:91,0
DA:92,0
DA:101,0
DA:102,0
DA:105,0
DA:106,0
DA:107,0
DA:109,0
DA:110,0
DA:111,0
DA:114,0
DA:115,0
DA:118,0
DA:119,0
DA:120,0
DA:123,0
DA:125,0
DA:135,0
DA:136,0
DA:137,0
DA:140,0
DA:141,0
DA:144,0
DA:149,0
DA:151,0
DA:160,0
DA:161,0
DA:170,0
DA:171,0
DA:174,0
DA:175,0
DA:177,0
DA:183,0
DA:184,0
DA:185,0
DA:188,0
DA:195,0
DA:196,0
DA:205,0
DA:206,0
DA:209,0
DA:210,0
DA:212,0
DA:213,0
DA:216,0
DA:226,0
DA:227,0
DA:228,0
DA:235,0
DA:239,0
DA:245,0
DA:246,0
DA:250,0
LF:84
LH:0
BRDA:16,0,0,0
BRDA:16,0,1,0
BRDA:16,1,0,0
BRDA:16,1,1,0
BRDA:30,2,0,0
BRDA:30,2,1,0
BRDA:38,3,0,0
BRDA:38,3,1,0
BRDA:50,4,0,0
BRDA:50,4,1,0
BRDA:55,5,0,0
BRDA:55,5,1,0
BRDA:59,6,0,0
BRDA:59,6,1,0
BRDA:59,6,2,0
BRDA:60,7,0,0
BRDA:60,7,1,0
BRDA:60,8,0,0
BRDA:60,8,1,0
BRDA:60,9,0,0
BRDA:60,9,1,0
BRDA:67,10,0,0
BRDA:67,10,1,0
BRDA:101,11,0,0
BRDA:101,11,1,0
BRDA:110,12,0,0
BRDA:110,12,1,0
BRDA:114,13,0,0
BRDA:114,13,1,0
BRDA:119,14,0,0
BRDA:119,14,1,0
BRDA:135,15,0,0
BRDA:135,15,1,0
BRDA:140,16,0,0
BRDA:140,16,1,0
BRDA:170,17,0,0
BRDA:170,17,1,0
BRDA:183,18,0,0
BRDA:183,18,1,0
BRDA:189,19,0,0
BRDA:189,19,1,0
BRDA:189,19,2,0
BRDA:190,20,0,0
BRDA:190,20,1,0
BRDA:191,21,0,0
BRDA:191,21,1,0
BRDA:205,22,0,0
BRDA:205,22,1,0
BRDA:212,23,0,0
BRDA:212,23,1,0
BRDA:221,24,0,0
BRDA:221,24,1,0
BRDA:226,25,0,0
BRDA:226,25,1,0
BRF:54
BRH:0
end_of_record
TN:
SF:src/controllers/gdpr.controller.js
FN:19,initializeController
FN:27,getConsent
FN:77,updateConsent
FN:158,getAuditLog
FN:214,exportData
FNF:5
FNH:0
FNDA:0,initializeController
FNDA:0,getConsent
FNDA:0,updateConsent
FNDA:0,getAuditLog
FNDA:0,exportData
DA:7,0
DA:8,0
DA:9,0
DA:10,0
DA:11,0
DA:12,0
DA:14,0
DA:20,0
DA:28,0
DA:29,0
DA:32,0
DA:33,0
DA:35,0
DA:36,0
DA:37,0
DA:40,0
DA:42,0
DA:48,0
DA:49,0
DA:52,0
DA:56,0
DA:68,0
DA:69,0
DA:78,0
DA:79,0
DA:82,0
DA:83,0
DA:84,0
DA:86,0
DA:87,0
DA:88,0
DA:91,0
DA:92,0
DA:95,0
DA:97,0
DA:103,0
DA:104,0
DA:105,0
DA:106,0
DA:107,0
DA:110,0
DA:117,0
DA:118,0
DA:119,0
DA:122,0
DA:123,0
DA:127,0
DA:135,0
DA:137,0
DA:149,0
DA:150,0
DA:159,0
DA:160,0
DA:163,0
DA:164,0
DA:165,0
DA:167,0
DA:168,0
DA:169,0
DA:172,0
DA:174,0
DA:181,0
DA:182,0
DA:185,0
DA:187,0
DA:188,0
DA:189,0
DA:192,0
DA:205,0
DA:206,0
DA:215,0
DA:216,0
DA:219,0
DA:221,0
DA:222,0
DA:223,0
DA:224,0
DA:227,0
DA:229,0
DA:235,0
DA:236,0
DA:239,0
DA:241,0
DA:242,0
DA:245,0
DA:247,0
DA:258,0
DA:270,0
DA:271,0
DA:275,0
LF:90
LH:0
BRDA:28,0,0,0
BRDA:28,0,1,0
BRDA:36,1,0,0
BRDA:36,1,1,0
BRDA:48,2,0,0
BRDA:48,2,1,0
BRDA:48,3,0,0
BRDA:48,3,1,0
BRDA:60,4,0,0
BRDA:60,4,1,0
BRDA:61,5,0,0
BRDA:61,5,1,0
BRDA:62,6,0,0
BRDA:62,6,1,0
BRDA:63,7,0,0
BRDA:63,7,1,0
BRDA:78,8,0,0
BRDA:78,8,1,0
BRDA:87,9,0,0
BRDA:87,9,1,0
BRDA:91,10,0,0
BRDA:91,10,1,0
BRDA:103,11,0,0
BRDA:103,11,1,0
BRDA:105,12,0,0
BRDA:105,12,1,0
BRDA:107,13,0,0
BRDA:107,13,1,0
BRDA:117,14,0,0
BRDA:117,14,1,0
BRDA:122,15,0,0
BRDA:122,15,1,0
BRDA:127,16,0,0
BRDA:127,16,1,0
BRDA:130,17,0,0
BRDA:130,17,1,0
BRDA:131,18,0,0
BRDA:131,18,1,0
BRDA:132,19,0,0
BRDA:132,19,1,0
BRDA:139,20,0,0
BRDA:139,20,1,0
BRDA:143,21,0,0
BRDA:143,21,1,0
BRDA:144,22,0,0
BRDA:144,22,1,0
BRDA:159,23,0,0
BRDA:159,23,1,0
BRDA:165,24,0,0
BRDA:165,25,0,0
BRDA:168,26,0,0
BRDA:168,26,1,0
BRDA:181,27,0,0
BRDA:181,27,1,0
BRDA:187,28,0,0
BRDA:187,28,1,0
BRDA:195,29,0,0
BRDA:195,29,1,0
BRDA:197,30,0,0
BRDA:197,30,1,0
BRDA:200,31,0,0
BRDA:200,31,1,0
BRDA:215,32,0,0
BRDA:215,32,1,0
BRDA:223,33,0,0
BRDA:223,33,1,0
BRDA:235,34,0,0
BRDA:235,34,1,0
BRDA:241,35,0,0
BRDA:241,35,1,0
BRDA:242,36,0,0
BRDA:242,36,1,0
BRF:72
BRH:0
end_of_record
TN:
SF:src/controllers/incident.controller.js
FN:19,createIncidentReport
FN:157,listIncidents
FN:188,(anonymous_2)
FN:189,(anonymous_3)
FN:222,(anonymous_4)
FN:248,getIncident
FN:306,updateIncident
FN:389,deleteIncident
FN:465,uploadIncidentPhotos
FN:485,(anonymous_9)
FN:510,(anonymous_10)
FN:511,(anonymous_11)
FNF:12
FNH:0
FNDA:0,createIncidentReport
FNDA:0,listIncidents
FNDA:0,(anonymous_2)
FNDA:0,(anonymous_3)
FNDA:0,(anonymous_4)
FNDA:0,getIncident
FNDA:0,updateIncident
FNDA:0,deleteIncident
FNDA:0,uploadIncidentPhotos
FNDA:0,(anonymous_9)
FNDA:0,(anonymous_10)
FNDA:0,(anonymous_11)
DA:7,0
DA:8,0
DA:9,0
DA:10,0
DA:13,0
DA:20,0
DA:21,0
DA:23,0
DA:24,0
DA:27,0
DA:29,0
DA:36,0
DA:37,0
DA:41,0
DA:44,0
DA:87,0
DA:89,0
DA:97,0
DA:98,0
DA:103,0
DA:106,0
DA:113,0
DA:114,0
DA:115,0
DA:117,0
DA:125,0
DA:127,0
DA:133,0
DA:144,0
DA:148,0
DA:158,0
DA:159,0
DA:161,0
DA:162,0
DA:165,0
DA:168,0
DA:177,0
DA:178,0
DA:182,0
DA:186,0
DA:188,0
DA:190,0
DA:191,0
DA:196,0
DA:197,0
DA:200,0
DA:211,0
DA:216,0
DA:222,0
DA:224,0
DA:229,0
DA:236,0
DA:240,0
DA:249,0
DA:250,0
DA:251,0
DA:253,0
DA:254,0
DA:257,0
DA:260,0
DA:265,0
DA:266,0
DA:271,0
DA:275,0
DA:276,0
DA:279,0
DA:280,0
DA:285,0
DA:288,0
DA:294,0
DA:298,0
DA:307,0
DA:308,0
DA:309,0
DA:310,0
DA:312,0
DA:313,0
DA:316,0
DA:319,0
DA:324,0
DA:325,0
DA:329,0
DA:330,0
DA:332,0
DA:333,0
DA:337,0
DA:348,0
DA:360,0
DA:361,0
DA:366,0
DA:369,0
DA:371,0
DA:377,0
DA:381,0
DA:390,0
DA:391,0
DA:392,0
DA:394,0
DA:395,0
DA:398,0
DA:401,0
DA:406,0
DA:407,0
DA:410,0
DA:411,0
DA:413,0
DA:414,0
DA:418,0
DA:423,0
DA:424,0
DA:429,0
DA:433,0
DA:434,0
DA:439,0
DA:445,0
DA:447,0
DA:453,0
DA:457,0
DA:466,0
DA:467,0
DA:468,0
DA:470,0
DA:471,0
DA:474,0
DA:475,0
DA:478,0
DA:485,0
DA:486,0
DA:488,0
DA:496,0
DA:497,0
DA:503,0
DA:506,0
DA:509,0
DA:510,0
DA:511,0
DA:513,0
DA:520,0
DA:528,0
DA:532,0
DA:536,0
LF:141
LH:0
BRDA:23,0,0,0
BRDA:23,0,1,0
BRDA:36,1,0,0
BRDA:36,1,1,0
BRDA:53,2,0,0
BRDA:53,2,1,0
BRDA:54,3,0,0
BRDA:54,3,1,0
BRDA:57,4,0,0
BRDA:57,4,1,0
BRDA:60,5,0,0
BRDA:60,5,1,0
BRDA:63,6,0,0
BRDA:63,6,1,0
BRDA:66,7,0,0
BRDA:66,7,1,0
BRDA:69,8,0,0
BRDA:69,8,1,0
BRDA:70,9,0,0
BRDA:70,9,1,0
BRDA:73,10,0,0
BRDA:73,10,1,0
BRDA:74,11,0,0
BRDA:74,11,1,0
BRDA:77,12,0,0
BRDA:77,12,1,0
BRDA:97,13,0,0
BRDA:97,13,1,0
BRDA:114,14,0,0
BRDA:114,14,1,0
BRDA:161,15,0,0
BRDA:161,15,1,0
BRDA:177,16,0,0
BRDA:177,16,1,0
BRDA:253,17,0,0
BRDA:253,17,1,0
BRDA:265,18,0,0
BRDA:265,18,1,0
BRDA:279,19,0,0
BRDA:279,19,1,0
BRDA:312,20,0,0
BRDA:312,20,1,0
BRDA:324,21,0,0
BRDA:324,21,1,0
BRDA:332,22,0,0
BRDA:332,22,1,0
BRDA:360,23,0,0
BRDA:360,23,1,0
BRDA:394,24,0,0
BRDA:394,24,1,0
BRDA:406,25,0,0
BRDA:406,25,1,0
BRDA:413,26,0,0
BRDA:413,26,1,0
BRDA:423,27,0,0
BRDA:423,27,1,0
BRDA:470,28,0,0
BRDA:470,28,1,0
BRDA:474,29,0,0
BRDA:474,29,1,0
BRDA:474,30,0,0
BRDA:474,30,1,0
BRDA:496,31,0,0
BRDA:496,31,1,0
BRF:64
BRH:0
end_of_record
TN:
SF:src/controllers/location.controller.js
FN:17,convertToWords
FN:80,getAutosuggest
FN:124,getLegacyWhat3words
FN:169,uploadWhat3wordsImage
FNF:4
FNH:0
FNDA:0,convertToWords
FNDA:0,getAutosuggest
FNDA:0,getLegacyWhat3words
FNDA:0,uploadWhat3wordsImage
DA:7,0
DA:8,0
DA:9,0
DA:10,0
DA:11,0
DA:18,0
DA:19,0
DA:21,0
DA:22,0
DA:26,0
DA:27,0
DA:29,0
DA:32,0
DA:36,0
DA:37,0
DA:38,0
DA:42,0
DA:44,0
DA:48,0
DA:50,0
DA:51,0
DA:52,0
DA:56,0
DA:70,0
DA:71,0
DA:81,0
DA:82,0
DA:84,0
DA:85,0
DA:89,0
DA:90,0
DA:94,0
DA:96,0
DA:100,0
DA:102,0
DA:103,0
DA:104,0
DA:108,0
DA:114,0
DA:115,0
DA:125,0
DA:126,0
DA:128,0
DA:129,0
DA:132,0
DA:133,0
DA:134,0
DA:140,0
DA:145,0
DA:146,0
DA:151,0
DA:157,0
DA:158,0
DA:170,0
DA:172,0
DA:174,0
DA:175,0
DA:181,0
DA:182,0
DA:183,0
DA:185,0
DA:186,0
DA:187,0
DA:190,0
DA:191,0
DA:192,0
DA:195,0
DA:196,0
DA:199,0
DA:200,0
DA:201,0
DA:203,0
DA:205,0
DA:222,0
DA:224,0
DA:229,0
DA:237,0
DA:238,0
DA:242,0
LF:79
LH:0
BRDA:21,0,0,0
BRDA:21,0,1,0
BRDA:21,1,0,0
BRDA:21,1,1,0
BRDA:29,2,0,0
BRDA:29,2,1,0
BRDA:29,3,0,0
BRDA:29,3,1,0
BRDA:29,3,2,0
BRDA:29,3,3,0
BRDA:29,3,4,0
BRDA:29,3,5,0
BRDA:36,4,0,0
BRDA:36,4,1,0
BRDA:50,5,0,0
BRDA:50,5,1,0
BRDA:53,6,0,0
BRDA:53,6,1,0
BRDA:63,7,0,0
BRDA:63,7,1,0
BRDA:64,8,0,0
BRDA:64,8,1,0
BRDA:65,9,0,0
BRDA:65,9,1,0
BRDA:66,10,0,0
BRDA:66,10,1,0
BRDA:84,11,0,0
BRDA:84,11,1,0
BRDA:89,12,0,0
BRDA:89,12,1,0
BRDA:102,13,0,0
BRDA:102,13,1,0
BRDA:105,14,0,0
BRDA:105,14,1,0
BRDA:110,15,0,0
BRDA:110,15,1,0
BRDA:128,16,0,0
BRDA:128,16,1,0
BRDA:128,17,0,0
BRDA:128,17,1,0
BRDA:132,18,0,0
BRDA:132,18,1,0
BRDA:145,19,0,0
BRDA:145,19,1,0
BRDA:145,20,0,0
BRDA:145,20,1,0
BRDA:174,21,0,0
BRDA:174,21,1,0
BRDA:181,22,0,0
BRDA:181,22,1,0
BRDA:186,23,0,0
BRDA:186,23,1,0
BRDA:195,24,0,0
BRDA:195,24,1,0
BRDA:199,25,0,0
BRDA:199,25,1,0
BRDA:215,26,0,0
BRDA:215,26,1,0
BRDA:216,27,0,0
BRDA:216,27,1,0
BRF:60
BRH:0
end_of_record
TN:
SF:src/controllers/pdf.controller.js
FN:38,storeCompletedForm
FN:90,generateUserPDF
FN:162,generatePdf
FN:190,getPdfStatus
FN:231,downloadPdf
FNF:5
FNH:0
FNDA:0,storeCompletedForm
FNDA:0,generateUserPDF
FNDA:0,generatePdf
FNDA:0,getPdfStatus
FNDA:0,downloadPdf
DA:7,0
DA:8,0
DA:9,0
DA:10,0
DA:11,0
DA:12,0
DA:16,0
DA:17,0
DA:18,0
DA:19,0
DA:21,0
DA:25,0
DA:26,0
DA:27,0
DA:39,0
DA:40,0
DA:41,0
DA:43,0
DA:50,0
DA:51,0
DA:52,0
DA:56,0
DA:57,0
DA:61,0
DA:76,0
DA:77,0
DA:80,0
DA:82,0
DA:83,0
DA:91,0
DA:93,0
DA:94,0
DA:95,0
DA:98,0
DA:103,0
DA:105,0
DA:106,0
DA:112,0
DA:129,0
DA:130,0
DA:132,0
DA:133,0
DA:134,0
DA:136,0
DA:137,0
DA:147,0
DA:149,0
DA:163,0
DA:165,0
DA:166,0
DA:169,0
DA:170,0
DA:173,0
DA:174,0
DA:177,0
DA:178,0
DA:179,0
DA:181,0
DA:182,0
DA:191,0
DA:192,0
DA:195,0
DA:196,0
DA:198,0
DA:206,0
DA:207,0
DA:214,0
DA:222,0
DA:223,0
DA:232,0
DA:233,0
DA:236,0
DA:237,0
DA:239,0
DA:247,0
DA:248,0
DA:251,0
DA:253,0
DA:254,0
DA:255,0
DA:256,0
DA:257,0
DA:258,0
DA:259,0
DA:261,0
DA:264,0
DA:265,0
DA:269,0
LF:88
LH:0
BRDA:26,0,0,0
BRDA:26,0,1,0
BRDA:26,1,0,0
BRDA:26,1,1,0
BRDA:51,2,0,0
BRDA:51,2,1,0
BRDA:51,3,0,0
BRDA:51,3,1,0
BRDA:56,4,0,0
BRDA:56,4,1,0
BRDA:76,5,0,0
BRDA:76,5,1,0
BRDA:80,6,0,0
BRDA:80,6,1,0
BRDA:90,7,0,0
BRDA:94,8,0,0
BRDA:94,8,1,0
BRDA:105,9,0,0
BRDA:105,9,1,0
BRDA:105,10,0,0
BRDA:105,10,1,0
BRDA:129,11,0,0
BRDA:129,11,1,0
BRDA:130,12,0,0
BRDA:130,12,1,0
BRDA:136,13,0,0
BRDA:136,13,1,0
BRDA:136,14,0,0
BRDA:136,14,1,0
BRDA:136,14,2,0
BRDA:165,15,0,0
BRDA:165,15,1,0
BRDA:169,16,0,0
BRDA:169,16,1,0
BRDA:173,17,0,0
BRDA:173,17,1,0
BRDA:173,18,0,0
BRDA:173,18,1,0
BRDA:173,18,2,0
BRDA:191,19,0,0
BRDA:191,19,1,0
BRDA:206,20,0,0
BRDA:206,20,1,0
BRDA:206,21,0,0
BRDA:206,21,1,0
BRDA:232,22,0,0
BRDA:232,22,1,0
BRDA:247,23,0,0
BRDA:247,23,1,0
BRDA:247,24,0,0
BRDA:247,24,1,0
BRDA:253,25,0,0
BRDA:253,25,1,0
BRDA:255,26,0,0
BRDA:255,26,1,0
BRF:55
BRH:0
end_of_record
TN:
SF:src/controllers/transcription.controller.js
FN:25,transcribeAudio
FN:171,getTranscriptionHistory
FN:196,(anonymous_2)
FN:231,getTranscription
FNF:4
FNH:0
FNDA:0,transcribeAudio
FNDA:0,getTranscriptionHistory
FNDA:0,(anonymous_2)
FNDA:0,getTranscription
DA:7,0
DA:8,0
DA:9,0
DA:10,0
DA:11,0
DA:14,0
DA:19,0
DA:26,0
DA:27,0
DA:28,0
DA:31,0
DA:32,0
DA:33,0
DA:36,0
DA:44,0
DA:45,0
DA:46,0
DA:55,0
DA:56,0
DA:64,0
DA:65,0
DA:69,0
DA:72,0
DA:78,0
DA:80,0
DA:87,0
DA:95,0
DA:102,0
DA:103,0
DA:107,0
DA:108,0
DA:114,0
DA:118,0
DA:129,0
DA:130,0
DA:137,0
DA:143,0
DA:158,0
DA:162,0
DA:172,0
DA:173,0
DA:175,0
DA:176,0
DA:180,0
DA:189,0
DA:190,0
DA:191,0
DA:195,0
DA:197,0
DA:202,0
DA:212,0
DA:219,0
DA:223,0
DA:232,0
DA:233,0
DA:234,0
DA:236,0
DA:237,0
DA:241,0
DA:246,0
DA:247,0
DA:252,0
DA:256,0
DA:257,0
DA:259,0
DA:265,0
DA:269,0
DA:273,0
LF:68
LH:0
BRDA:27,0,0,0
BRDA:27,0,1,0
BRDA:32,1,0,0
BRDA:32,1,1,0
BRDA:45,2,0,0
BRDA:45,2,1,0
BRDA:64,3,0,0
BRDA:64,3,1,0
BRDA:98,4,0,0
BRDA:98,4,1,0
BRDA:107,5,0,0
BRDA:107,5,1,0
BRDA:175,6,0,0
BRDA:175,6,1,0
BRDA:189,7,0,0
BRDA:189,7,1,0
BRDA:236,8,0,0
BRDA:236,8,1,0
BRDA:246,9,0,0
BRDA:246,9,1,0
BRF:20
BRH:0
end_of_record
TN:
SF:src/controllers/webhook.controller.js
FN:15,verifyTypeformSignature
FN:57,getAnswerByRef
FN:58,(anonymous_2)
FN:85,handleTypeformWebhook
FN:285,(anonymous_4)
FN:286,(anonymous_5)
FN:330,processWebhookAsync
FN:430,processUserSignup
FN:482,(anonymous_8)
FN:560,processIncidentReport
FN:697,(anonymous_10)
FN:759,updateAccountStatus
FN:798,storeWebhookAudit
FN:849,testWebhook
FNF:14
FNH:0
FNDA:0,verifyTypeformSignature
FNDA:0,getAnswerByRef
FNDA:0,(anonymous_2)
FNDA:0,handleTypeformWebhook
FNDA:0,(anonymous_4)
FNDA:0,(anonymous_5)
FNDA:0,processWebhookAsync
FNDA:0,processUserSignup
FNDA:0,(anonymous_8)
FNDA:0,processIncidentReport
FNDA:0,(anonymous_10)
FNDA:0,updateAccountStatus
FNDA:0,storeWebhookAudit
FNDA:0,testWebhook
DA:2,0
DA:3,0
DA:4,0
DA:6,0
DA:16,0
DA:17,0
DA:18,0
DA:21,0
DA:23,0
DA:28,0
DA:31,0
DA:34,0
DA:35,0
DA:39,0
DA:43,0
DA:46,0
DA:50,0
DA:58,0
DA:59,0
DA:62,0
DA:63,0
DA:64,0
DA:65,0
DA:66,0
DA:67,0
DA:68,0
DA:69,0
DA:70,0
DA:71,0
DA:72,0
DA:73,0
DA:74,0
DA:75,0
DA:78,0
DA:86,0
DA:87,0
DA:90,0
DA:91,0
DA:92,0
DA:94,0
DA:95,0
DA:96,0
DA:97,0
DA:99,0
DA:100,0
DA:102,0
DA:111,0
DA:112,0
DA:115,0
DA:116,0
DA:117,0
DA:118,0
DA:119,0
DA:126,0
DA:129,0
DA:130,0
DA:131,0
DA:135,0
DA:142,0
DA:145,0
DA:148,0
DA:149,0
DA:151,0
DA:152,0
DA:153,0
DA:154,0
DA:162,0
DA:164,0
DA:170,0
DA:171,0
DA:172,0
DA:173,0
DA:174,0
DA:179,0
DA:187,0
DA:188,0
DA:190,0
DA:191,0
DA:195,0
DA:198,0
DA:199,0
DA:200,0
DA:204,0
DA:211,0
DA:212,0
DA:215,0
DA:216,0
DA:217,0
DA:218,0
DA:226,0
DA:227,0
DA:228,0
DA:229,0
DA:236,0
DA:240,0
DA:241,0
DA:242,0
DA:243,0
DA:245,0
DA:246,0
DA:247,0
DA:248,0
DA:249,0
DA:250,0
DA:251,0
DA:256,0
DA:258,0
DA:259,0
DA:260,0
DA:261,0
DA:263,0
DA:270,0
DA:281,0
DA:282,0
DA:285,0
DA:286,0
DA:287,0
DA:288,0
DA:289,0
DA:290,0
DA:291,0
DA:293,0
DA:302,0
DA:303,0
DA:304,0
DA:305,0
DA:306,0
DA:307,0
DA:309,0
DA:315,0
DA:316,0
DA:331,0
DA:333,0
DA:334,0
DA:335,0
DA:337,0
DA:338,0
DA:339,0
DA:341,0
DA:342,0
DA:343,0
DA:345,0
DA:352,0
DA:354,0
DA:355,0
DA:356,0
DA:357,0
DA:358,0
DA:359,0
DA:360,0
DA:361,0
DA:363,0
DA:364,0
DA:365,0
DA:366,0
DA:368,0
DA:372,0
DA:380,0
DA:383,0
DA:384,0
DA:386,0
DA:388,0
DA:389,0
DA:390,0
DA:391,0
DA:392,0
DA:393,0
DA:394,0
DA:396,0
DA:401,0
DA:404,0
DA:406,0
DA:407,0
DA:408,0
DA:409,0
DA:410,0
DA:411,0
DA:412,0
DA:413,0
DA:415,0
DA:417,0
DA:431,0
DA:432,0
DA:435,0
DA:436,0
DA:437,0
DA:438,0
DA:440,0
DA:441,0
DA:442,0
DA:444,0
DA:447,0
DA:482,0
DA:483,0
DA:484,0
DA:489,0
DA:490,0
DA:491,0
DA:492,0
DA:493,0
DA:494,0
DA:495,0
DA:497,0
DA:499,0
DA:502,0
DA:507,0
DA:508,0
DA:509,0
DA:510,0
DA:511,0
DA:512,0
DA:514,0
DA:520,0
DA:523,0
DA:524,0
DA:525,0
DA:526,0
DA:529,0
DA:532,0
DA:533,0
DA:534,0
DA:537,0
DA:545,0
DA:546,0
DA:547,0
DA:549,0
DA:553,0
DA:561,0
DA:562,0
DA:564,0
DA:566,0
DA:568,0
DA:571,0
DA:697,0
DA:698,0
DA:699,0
DA:703,0
DA:705,0
DA:707,0
DA:710,0
DA:715,0
DA:716,0
DA:717,0
DA:718,0
DA:720,0
DA:726,0
DA:729,0
DA:730,0
DA:731,0
DA:734,0
DA:736,0
DA:744,0
DA:745,0
DA:747,0
DA:751,0
DA:760,0
DA:761,0
DA:763,0
DA:771,0
DA:772,0
DA:775,0
DA:776,0
DA:779,0
DA:783,0
DA:784,0
DA:787,0
DA:788,0
DA:799,0
DA:800,0
DA:814,0
DA:815,0
DA:818,0
DA:822,0
DA:824,0
DA:827,0
DA:828,0
DA:831,0
DA:835,0
DA:836,0
DA:839,0
DA:840,0
DA:850,0
DA:852,0
DA:853,0
DA:855,0
DA:869,0
LF:286
LH:0
BRDA:16,0,0,0
BRDA:16,0,1,0
BRDA:16,1,0,0
BRDA:16,1,1,0
BRDA:34,2,0,0
BRDA:34,2,1,0
BRDA:59,3,0,0
BRDA:59,3,1,0
BRDA:62,4,0,0
BRDA:62,4,1,0
BRDA:62,5,0,0
BRDA:62,5,1,0
BRDA:62,5,2,0
BRDA:63,6,0,0
BRDA:63,6,1,0
BRDA:63,6,2,0
BRDA:64,7,0,0
BRDA:64,7,1,0
BRDA:66,8,0,0
BRDA:66,8,1,0
BRDA:68,9,0,0
BRDA:68,9,1,0
BRDA:70,10,0,0
BRDA:70,10,1,0
BRDA:72,11,0,0
BRDA:72,11,1,0
BRDA:74,12,0,0
BRDA:74,12,1,0
BRDA:86,13,0,0
BRDA:86,13,1,0
BRDA:95,14,0,0
BRDA:95,14,1,0
BRDA:99,15,0,0
BRDA:99,15,1,0
BRDA:116,16,0,0
BRDA:116,16,1,0
BRDA:129,17,0,0
BRDA:129,17,1,0
BRDA:129,18,0,0
BRDA:129,18,1,0
BRDA:148,19,0,0
BRDA:148,19,1,0
BRDA:151,20,0,0
BRDA:151,20,1,0
BRDA:170,21,0,0
BRDA:170,21,1,0
BRDA:198,22,0,0
BRDA:198,22,1,0
BRDA:198,23,0,0
BRDA:198,23,1,0
BRDA:215,24,0,0
BRDA:215,24,1,0
BRDA:226,25,0,0
BRDA:226,25,1,0
BRDA:242,26,0,0
BRDA:242,26,1,0
BRDA:250,27,0,0
BRDA:250,27,1,0
BRDA:251,28,0,0
BRDA:251,28,1,0
BRDA:306,29,0,0
BRDA:306,29,1,0
BRDA:315,30,0,0
BRDA:315,30,1,0
BRDA:354,31,0,0
BRDA:354,31,1,0
BRDA:354,32,0,0
BRDA:354,32,1,0
BRDA:358,33,0,0
BRDA:358,33,1,0
BRDA:391,34,0,0
BRDA:391,34,1,0
BRDA:392,35,0,0
BRDA:392,35,1,0
BRDA:393,36,0,0
BRDA:393,36,1,0
BRDA:412,37,0,0
BRDA:412,37,1,0
BRDA:440,38,0,0
BRDA:440,38,1,0
BRDA:441,39,0,0
BRDA:441,39,1,0
BRDA:442,40,0,0
BRDA:442,40,1,0
BRDA:444,41,0,0
BRDA:444,41,1,0
BRDA:448,42,0,0
BRDA:448,42,1,0
BRDA:450,43,0,0
BRDA:450,43,1,0
BRDA:451,44,0,0
BRDA:451,44,1,0
BRDA:452,45,0,0
BRDA:452,45,1,0
BRDA:453,46,0,0
BRDA:453,46,1,0
BRDA:454,47,0,0
BRDA:454,47,1,0
BRDA:455,48,0,0
BRDA:455,48,1,0
BRDA:456,49,0,0
BRDA:456,49,1,0
BRDA:458,50,0,0
BRDA:458,50,1,0
BRDA:459,51,0,0
BRDA:459,51,1,0
BRDA:462,52,0,0
BRDA:462,52,1,0
BRDA:472,53,0,0
BRDA:472,53,1,0
BRDA:478,54,0,0
BRDA:478,54,1,0
BRDA:483,55,0,0
BRDA:483,55,1,0
BRDA:483,56,0,0
BRDA:483,56,1,0
BRDA:490,57,0,0
BRDA:490,57,1,0
BRDA:491,58,0,0
BRDA:491,58,1,0
BRDA:492,59,0,0
BRDA:492,59,1,0
BRDA:493,60,0,0
BRDA:493,60,1,0
BRDA:494,61,0,0
BRDA:494,61,1,0
BRDA:507,62,0,0
BRDA:507,62,1,0
BRDA:511,63,0,0
BRDA:511,63,1,0
BRDA:512,64,0,0
BRDA:512,64,1,0
BRDA:524,65,0,0
BRDA:524,65,1,0
BRDA:524,66,0,0
BRDA:524,66,1,0
BRDA:525,67,0,0
BRDA:525,67,1,0
BRDA:526,68,0,0
BRDA:526,68,1,0
BRDA:532,69,0,0
BRDA:532,69,1,0
BRDA:539,70,0,0
BRDA:539,70,1,0
BRDA:547,71,0,0
BRDA:547,71,1,0
BRDA:564,72,0,0
BRDA:564,72,1,0
BRDA:566,73,0,0
BRDA:566,73,1,0
BRDA:568,74,0,0
BRDA:568,74,1,0
BRDA:572,75,0,0
BRDA:572,75,1,0
BRDA:573,76,0,0
BRDA:573,76,1,0
BRDA:698,77,0,0
BRDA:698,77,1,0
BRDA:698,78,0,0
BRDA:698,78,1,0
BRDA:715,79,0,0
BRDA:715,79,1,0
BRDA:730,80,0,0
BRDA:730,80,1,0
BRDA:730,81,0,0
BRDA:730,81,1,0
BRDA:731,82,0,0
BRDA:731,82,1,0
BRDA:738,83,0,0
BRDA:738,83,1,0
BRDA:771,84,0,0
BRDA:771,84,1,0
BRDA:775,85,0,0
BRDA:775,85,1,0
BRDA:803,86,0,0
BRDA:803,86,1,0
BRDA:822,87,0,0
BRDA:822,87,1,0
BRDA:827,88,0,0
BRDA:827,88,1,0
BRDA:850,89,0,0
BRDA:850,89,1,0
BRDA:863,90,0,0
BRDA:863,90,1,0
BRF:184
BRH:0
end_of_record
TN:
SF:src/middleware/authMiddleware.js
FN:20,extractAccessToken
FN:39,requireAuth
FN:104,optionalAuth
FN:160,requireRole
FN:164,(anonymous_4)
FN:220,requireGDPRConsent
FN:266,requireEmailVerification
FN:313,userRateLimitKey
FNF:8
FNH:0
FNDA:0,extractAccessToken
FNDA:0,requireAuth
FNDA:0,optionalAuth
FNDA:0,requireRole
FNDA:0,(anonymous_4)
FNDA:0,requireGDPRConsent
FNDA:0,requireEmailVerification
FNDA:0,userRateLimitKey
DA:7,0
DA:8,0
DA:11,0
DA:22,0
DA:23,0
DA:27,0
DA:28,0
DA:29,0
DA:32,0
DA:40,0
DA:41,0
DA:43,0
DA:44,0
DA:49,0
DA:57,0
DA:59,0
DA:60,0
DA:64,0
DA:72,0
DA:73,0
DA:74,0
DA:77,0
DA:83,0
DA:86,0
DA:91,0
DA:105,0
DA:106,0
DA:108,0
DA:110,0
DA:111,0
DA:112,0
DA:113,0
DA:117,0
DA:119,0
DA:121,0
DA:124,0
DA:125,0
DA:126,0
DA:127,0
DA:131,0
DA:132,0
DA:133,0
DA:135,0
DA:140,0
DA:143,0
DA:148,0
DA:149,0
DA:150,0
DA:151,0
DA:162,0
DA:164,0
DA:165,0
DA:167,0
DA:168,0
DA:176,0
DA:178,0
DA:179,0
DA:185,0
DA:194,0
DA:200,0
DA:203,0
DA:207,0
DA:221,0
DA:223,0
DA:224,0
DA:232,0
DA:234,0
DA:235,0
DA:239,0
DA:247,0
DA:250,0
DA:254,0
DA:267,0
DA:269,0
DA:270,0
DA:278,0
DA:280,0
DA:281,0
DA:286,0
DA:294,0
DA:297,0
DA:301,0
DA:314,0
DA:317,0
LF:84
LH:0
BRDA:22,0,0,0
BRDA:22,0,1,0
BRDA:22,1,0,0
BRDA:22,1,1,0
BRDA:28,2,0,0
BRDA:28,2,1,0
BRDA:28,3,0,0
BRDA:28,3,1,0
BRDA:43,4,0,0
BRDA:43,4,1,0
BRDA:59,5,0,0
BRDA:59,5,1,0
BRDA:59,6,0,0
BRDA:59,6,1,0
BRDA:74,7,0,0
BRDA:74,7,1,0
BRDA:108,8,0,0
BRDA:108,8,1,0
BRDA:119,9,0,0
BRDA:119,9,1,0
BRDA:119,10,0,0
BRDA:119,10,1,0
BRDA:133,11,0,0
BRDA:133,11,1,0
BRDA:162,12,0,0
BRDA:162,12,1,0
BRDA:167,13,0,0
BRDA:167,13,1,0
BRDA:167,14,0,0
BRDA:167,14,1,0
BRDA:176,15,0,0
BRDA:176,15,1,0
BRDA:178,16,0,0
BRDA:178,16,1,0
BRDA:223,17,0,0
BRDA:223,17,1,0
BRDA:223,18,0,0
BRDA:223,18,1,0
BRDA:234,19,0,0
BRDA:234,19,1,0
BRDA:269,20,0,0
BRDA:269,20,1,0
BRDA:269,21,0,0
BRDA:269,21,1,0
BRDA:280,22,0,0
BRDA:280,22,1,0
BRDA:314,23,0,0
BRDA:314,23,1,0
BRF:48
BRH:0
end_of_record
TN:
SF:src/middleware/authorization.js
FN:12,checkOwnership
FN:45,requireRole
FN:46,(anonymous_2)
FNF:3
FNH:0
FNDA:0,checkOwnership
FNDA:0,requireRole
FNDA:0,(anonymous_2)
DA:6,0
DA:7,0
DA:13,0
DA:14,0
DA:15,0
DA:17,0
DA:18,0
DA:19,0
DA:23,0
DA:24,0
DA:28,0
DA:29,0
DA:30,0
DA:34,0
DA:39,0
DA:46,0
DA:47,0
DA:49,0
DA:50,0
DA:53,0
DA:57,0
LF:21
LH:0
BRDA:13,0,0,0
BRDA:13,0,1,0
BRDA:15,1,0,0
BRDA:15,1,1,0
BRDA:17,2,0,0
BRDA:17,2,1,0
BRDA:23,3,0,0
BRDA:23,3,1,0
BRDA:28,4,0,0
BRDA:28,4,1,0
BRDA:28,5,0,0
BRDA:28,5,1,0
BRDA:49,6,0,0
BRDA:49,6,1,0
BRDA:49,7,0,0
BRDA:49,7,1,0
BRF:16
BRH:0
end_of_record
TN:
SF:src/middleware/errorHandler.js
FN:38,errorHandler
FN:80,determineErrorCode
FN:96,asyncHandler
FN:97,(anonymous_3)
FN:105,notFoundHandler
FNF:5
FNH:4
FNDA:4,errorHandler
FNDA:4,determineErrorCode
FNDA:2,asyncHandler
FNDA:2,(anonymous_3)
FNDA:0,notFoundHandler
DA:6,1
DA:9,1
DA:21,1
DA:39,4
DA:40,4
DA:43,4
DA:55,4
DA:56,4
DA:59,4
DA:69,4
DA:70,1
DA:71,1
DA:74,4
DA:81,4
DA:82,3
DA:83,2
DA:84,2
DA:85,2
DA:86,2
DA:87,2
DA:89,2
DA:97,2
DA:98,2
DA:106,0
DA:108,0
DA:113,0
DA:123,1
LF:27
LH:24
BRDA:39,0,0,4
BRDA:39,0,1,0
BRDA:45,1,0,1
BRDA:45,1,1,3
BRDA:47,2,0,4
BRDA:47,2,1,0
BRDA:55,3,0,4
BRDA:55,3,1,0
BRDA:63,4,0,1
BRDA:63,4,1,3
BRDA:69,5,0,1
BRDA:69,5,1,3
BRDA:81,6,0,1
BRDA:81,6,1,3
BRDA:82,7,0,1
BRDA:82,7,1,2
BRDA:82,8,0,3
BRDA:82,8,1,2
BRDA:83,9,0,0
BRDA:83,9,1,2
BRDA:84,10,0,0
BRDA:84,10,1,2
BRDA:85,11,0,0
BRDA:85,11,1,2
BRDA:86,12,0,0
BRDA:86,12,1,2
BRDA:87,13,0,0
BRDA:87,13,1,2
BRDA:106,14,0,0
BRDA:106,14,1,0
BRF:30
BRH:20
end_of_record
TN:
SF:src/middleware/gdpr.js
FN:18,initGDPR
FN:28,checkGDPRConsent
FNF:2
FNH:0
FNDA:0,initGDPR
FNDA:0,checkGDPRConsent
DA:7,0
DA:8,0
DA:9,0
DA:10,0
DA:12,0
DA:13,0
DA:19,0
DA:20,0
DA:29,0
DA:31,0
DA:32,0
DA:37,0
DA:38,0
DA:39,0
DA:42,0
DA:43,0
DA:46,0
DA:47,0
DA:53,0
DA:54,0
DA:60,0
DA:64,0
DA:69,0
DA:71,0
DA:72,0
DA:78,0
LF:26
LH:0
BRDA:29,0,0,0
BRDA:29,0,1,0
BRDA:29,0,2,0
BRDA:31,1,0,0
BRDA:31,1,1,0
BRDA:38,2,0,0
BRDA:38,2,1,0
BRDA:42,3,0,0
BRDA:42,3,1,0
BRDA:53,4,0,0
BRDA:53,4,1,0
BRDA:53,5,0,0
BRDA:53,5,1,0
BRF:13
BRH:0
end_of_record
TN:
SF:src/middleware/rateLimit.js
FN:21,(anonymous_0)
FN:36,(anonymous_1)
FNF:2
FNH:0
FNDA:0,(anonymous_0)
FNDA:0,(anonymous_1)
DA:7,0
DA:13,0
DA:21,0
DA:28,0
DA:36,0
DA:39,0
LF:6
LH:0
BRDA:21,0,0,0
BRDA:21,0,1,0
BRF:2
BRH:0
end_of_record
TN:
SF:src/middleware/requestLogger.js
FN:12,requestLogger
FNF:1
FNH:0
FNDA:0,requestLogger
DA:7,0
DA:13,0
DA:14,0
DA:15,0
DA:18,0
DA:24,0
DA:25,0
DA:27,0
DA:30,0
LF:9
LH:0
BRDA:18,0,0,0
BRDA:18,0,1,0
BRDA:18,0,2,0
BRDA:18,0,3,0
BRF:4
BRH:0
end_of_record
TN:
SF:src/middleware/security.js
FN:17,(anonymous_0)
FN:37,(anonymous_1)
FN:89,(anonymous_2)
FN:106,requestIdMiddleware
FN:116,requestTimeoutMiddleware
FN:117,(anonymous_5)
FN:118,(anonymous_6)
FN:132,(anonymous_7)
FN:136,(anonymous_8)
FN:148,verifyTypeform
FN:166,httpsRedirect
FN:185,wwwRedirect
FNF:12
FNH:0
FNDA:0,(anonymous_0)
FNDA:0,(anonymous_1)
FNDA:0,(anonymous_2)
FNDA:0,requestIdMiddleware
FNDA:0,requestTimeoutMiddleware
FNDA:0,(anonymous_5)
FNDA:0,(anonymous_6)
FNDA:0,(anonymous_7)
FNDA:0,(anonymous_8)
FNDA:0,verifyTypeform
FNDA:0,httpsRedirect
FNDA:0,wwwRedirect
DA:6,0
DA:7,0
DA:8,0
DA:9,0
DA:10,0
DA:11,0
DA:16,0
DA:18,0
DA:35,0
DA:37,0
DA:38,0
DA:39,0
DA:42,0
DA:66,0
DA:88,0
DA:91,0
DA:92,0
DA:96,0
DA:107,0
DA:108,0
DA:109,0
DA:110,0
DA:117,0
DA:118,0
DA:119,0
DA:120,0
DA:125,0
DA:132,0
DA:133,0
DA:136,0
DA:137,0
DA:140,0
DA:149,0
DA:150,0
DA:151,0
DA:152,0
DA:156,0
DA:157,0
DA:159,0
DA:168,0
DA:169,0
DA:173,0
DA:174,0
DA:178,0
DA:179,0
DA:187,0
DA:188,0
DA:191,0
DA:192,0
DA:193,0
DA:194,0
DA:195,0
DA:198,0
DA:201,0
LF:54
LH:0
BRDA:35,0,0,0
BRDA:35,0,1,0
BRDA:38,1,0,0
BRDA:38,1,1,0
BRDA:78,2,0,0
BRDA:78,2,1,0
BRDA:91,3,0,0
BRDA:91,3,1,0
BRDA:91,4,0,0
BRDA:91,4,1,0
BRDA:107,5,0,0
BRDA:107,5,1,0
BRDA:116,6,0,0
BRDA:119,7,0,0
BRDA:119,7,1,0
BRDA:149,8,0,0
BRDA:149,8,1,0
BRDA:150,9,0,0
BRDA:150,9,1,0
BRDA:151,10,0,0
BRDA:151,10,1,0
BRDA:154,11,0,0
BRDA:154,11,1,0
BRDA:168,12,0,0
BRDA:168,12,1,0
BRDA:168,13,0,0
BRDA:168,13,1,0
BRDA:173,14,0,0
BRDA:173,14,1,0
BRDA:173,15,0,0
BRDA:173,15,1,0
BRDA:173,15,2,0
BRDA:187,16,0,0
BRDA:187,16,1,0
BRDA:187,17,0,0
BRDA:187,17,1,0
BRDA:192,18,0,0
BRDA:192,18,1,0
BRDA:192,19,0,0
BRDA:192,19,1,0
BRDA:192,19,2,0
BRDA:193,20,0,0
BRDA:193,20,1,0
BRDA:193,21,0,0
BRDA:193,21,1,0
BRF:45
BRH:0
end_of_record
TN:
SF:src/middleware/validation.js
FN:37,validateWebhookPayload
FN:77,findUrlFields
FN:102,findUserIdFields
FN:125,validateUrl
FN:172,validateUUID
FN:179,validateFieldLengths
FN:201,getFieldLimit
FN:215,validateUserIdParam
FNF:8
FNH:7
FNDA:3,validateWebhookPayload
FNDA:3,findUrlFields
FNDA:3,findUserIdFields
FNDA:7,validateUrl
FNDA:4,validateUUID
FNDA:3,validateFieldLengths
FNDA:5,getFieldLimit
FNDA:0,validateUserIdParam
DA:6,1
DA:7,1
DA:8,1
DA:11,1
DA:21,1
DA:38,3
DA:39,3
DA:41,3
DA:42,0
DA:45,3
DA:48,3
DA:49,3
DA:50,2
DA:51,2
DA:55,3
DA:56,3
DA:57,1
DA:58,0
DA:63,3
DA:64,3
DA:66,3
DA:67,2
DA:68,2
DA:71,1
DA:78,3
DA:80,3
DA:81,5
DA:83,5
DA:90,2
DA:91,3
DA:92,0
DA:96,3
DA:103,3
DA:105,3
DA:106,5
DA:108,5
DA:113,1
DA:114,4
DA:115,0
DA:119,3
DA:127,7
DA:128,2
DA:132,5
DA:133,1
DA:137,4
DA:142,0
DA:146,4
DA:147,4
DA:150,4
DA:151,27
DA:152,2
DA:157,2
DA:159,0
DA:163,0
DA:166,2
DA:173,4
DA:180,3
DA:182,3
DA:183,5
DA:185,5
DA:186,5
DA:187,5
DA:188,1
DA:190,0
DA:191,0
DA:195,3
DA:202,5
DA:204,5
DA:205,5
DA:206,5
DA:207,3
DA:209,1
DA:216,0
DA:218,0
DA:219,0
DA:222,0
DA:225,1
LF:77
LH:64
BRDA:38,0,0,3
BRDA:38,0,1,0
BRDA:41,1,0,0
BRDA:41,1,1,3
BRDA:41,2,0,3
BRDA:41,2,1,3
BRDA:51,3,0,1
BRDA:51,3,1,1
BRDA:57,4,0,0
BRDA:57,4,1,1
BRDA:66,5,0,2
BRDA:66,5,1,1
BRDA:77,6,0,3
BRDA:81,7,0,0
BRDA:81,7,1,5
BRDA:83,8,0,2
BRDA:83,8,1,3
BRDA:83,9,0,5
BRDA:83,9,1,5
BRDA:83,9,2,3
BRDA:83,9,3,3
BRDA:83,9,4,3
BRDA:83,9,5,3
BRDA:91,10,0,0
BRDA:91,10,1,3
BRDA:91,11,0,3
BRDA:91,11,1,0
BRDA:102,12,0,3
BRDA:106,13,0,0
BRDA:106,13,1,5
BRDA:108,14,0,1
BRDA:108,14,1,4
BRDA:108,15,0,5
BRDA:108,15,1,5
BRDA:108,15,2,4
BRDA:108,15,3,4
BRDA:114,16,0,0
BRDA:114,16,1,4
BRDA:114,17,0,4
BRDA:114,17,1,0
BRDA:127,18,0,2
BRDA:127,18,1,5
BRDA:132,19,0,1
BRDA:132,19,1,4
BRDA:137,20,0,0
BRDA:137,20,1,4
BRDA:151,21,0,2
BRDA:151,21,1,25
BRDA:157,22,0,0
BRDA:157,22,1,2
BRDA:157,23,0,2
BRDA:157,23,1,2
BRDA:179,24,0,3
BRDA:183,25,0,0
BRDA:183,25,1,5
BRDA:185,26,0,5
BRDA:185,26,1,0
BRDA:187,27,0,1
BRDA:187,27,1,4
BRDA:190,28,0,0
BRDA:190,28,1,0
BRDA:190,29,0,0
BRDA:190,29,1,0
BRDA:190,29,2,0
BRDA:204,30,0,0
BRDA:204,30,1,5
BRDA:205,31,0,0
BRDA:205,31,1,5
BRDA:206,32,0,2
BRDA:206,32,1,3
BRDA:206,33,0,5
BRDA:206,33,1,3
BRDA:207,34,0,2
BRDA:207,34,1,1
BRDA:207,35,0,3
BRDA:207,35,1,1
BRDA:218,36,0,0
BRDA:218,36,1,0
BRDA:218,37,0,0
BRDA:218,37,1,0
BRF:80
BRH:56
end_of_record
TN:
SF:src/middleware/webhookAuth.js
FN:17,validateWebhookSignature
FN:18,(anonymous_1)
FN:60,getWebhookSecret
FN:73,getSignatureHeader
FN:86,verifyTypeformSignature
FN:117,verifyZapierSignature
FN:131,verifyGitHubSignature
FNF:7
FNH:5
FNDA:3,validateWebhookSignature
FNDA:3,(anonymous_1)
FNDA:3,getWebhookSecret
FNDA:1,getSignatureHeader
FNDA:2,verifyTypeformSignature
FNDA:0,verifyZapierSignature
FNDA:0,verifyGitHubSignature
DA:8,1
DA:9,1
DA:10,1
DA:18,3
DA:19,3
DA:21,3
DA:23,3
DA:24,1
DA:25,1
DA:28,2
DA:30,2
DA:32,2
DA:33,2
DA:35,0
DA:36,0
DA:38,0
DA:39,0
DA:41,0
DA:42,0
DA:45,2
DA:46,1
DA:52,1
DA:55,1
DA:56,1
DA:61,3
DA:63,3
DA:65,0
DA:67,0
DA:69,0
DA:74,1
DA:76,1
DA:78,0
DA:80,0
DA:82,0
DA:87,2
DA:89,2
DA:90,0
DA:93,2
DA:94,0
DA:95,0
DA:99,2
DA:101,2
DA:106,2
DA:107,2
DA:109,1
DA:113,1
DA:118,0
DA:120,0
DA:121,0
DA:124,0
DA:125,0
DA:127,0
DA:132,0
DA:134,0
DA:135,0
DA:138,0
DA:139,0
DA:142,0
DA:144,0
DA:149,0
DA:150,0
DA:152,0
DA:156,1
LF:63
LH:32
BRDA:19,0,0,3
BRDA:19,0,1,0
BRDA:23,1,0,1
BRDA:23,1,1,2
BRDA:30,2,0,2
BRDA:30,2,1,0
BRDA:30,2,2,0
BRDA:30,2,3,0
BRDA:45,3,0,1
BRDA:45,3,1,1
BRDA:61,4,0,3
BRDA:61,4,1,0
BRDA:61,4,2,0
BRDA:61,4,3,0
BRDA:63,5,0,3
BRDA:63,5,1,1
BRDA:65,6,0,0
BRDA:65,6,1,0
BRDA:74,7,0,1
BRDA:74,7,1,0
BRDA:74,7,2,0
BRDA:74,7,3,0
BRDA:89,8,0,0
BRDA:89,8,1,2
BRDA:89,9,0,2
BRDA:89,9,1,2
BRDA:93,10,0,0
BRDA:93,10,1,2
BRDA:93,11,0,2
BRDA:93,11,1,2
BRDA:99,12,0,2
BRDA:99,12,1,2
BRDA:120,13,0,0
BRDA:120,13,1,0
BRDA:134,14,0,0
BRDA:134,14,1,0
BRDA:134,15,0,0
BRDA:134,15,1,0
BRDA:138,16,0,0
BRDA:138,16,1,0
BRDA:138,17,0,0
BRDA:138,17,1,0
BRDA:142,18,0,0
BRDA:142,18,1,0
BRF:44
BRH:18
end_of_record
TN:
SF:src/models/Transcription.js
FN:32,saveTranscription
FN:143,getTranscriptionByUserId
FN:177,(anonymous_2)
FN:185,(anonymous_3)
FN:186,(anonymous_4)
FN:228,updateTranscription
FN:309,getLatestTranscription
FN:341,deleteTranscription
FNF:8
FNH:0
FNDA:0,saveTranscription
FNDA:0,getTranscriptionByUserId
FNDA:0,(anonymous_2)
FNDA:0,(anonymous_3)
FNDA:0,(anonymous_4)
FNDA:0,updateTranscription
FNDA:0,getLatestTranscription
FNDA:0,deleteTranscription
DA:7,0
DA:8,0
DA:9,0
DA:12,0
DA:13,0
DA:14,0
DA:33,0
DA:34,0
DA:35,0
DA:41,0
DA:42,0
DA:48,0
DA:54,0
DA:63,0
DA:65,0
DA:71,0
DA:72,0
DA:75,0
DA:82,0
DA:83,0
DA:84,0
DA:87,0
DA:96,0
DA:102,0
DA:103,0
DA:104,0
DA:108,0
DA:109,0
DA:120,0
DA:126,0
DA:127,0
DA:144,0
DA:145,0
DA:146,0
DA:152,0
DA:153,0
DA:159,0
DA:161,0
DA:164,0
DA:171,0
DA:173,0
DA:176,0
DA:177,0
DA:179,0
DA:185,0
DA:186,0
DA:187,0
DA:194,0
DA:199,0
DA:211,0
DA:212,0
DA:229,0
DA:230,0
DA:231,0
DA:237,0
DA:238,0
DA:244,0
DA:245,0
DA:251,0
DA:254,0
DA:258,0
DA:259,0
DA:262,0
DA:263,0
DA:266,0
DA:267,0
DA:271,0
DA:278,0
DA:280,0
DA:281,0
DA:287,0
DA:289,0
DA:295,0
DA:296,0
DA:310,0
DA:311,0
DA:317,0
DA:318,0
DA:321,0
DA:327,0
DA:328,0
DA:342,0
DA:343,0
DA:344,0
DA:350,0
DA:351,0
DA:357,0
DA:360,0
DA:366,0
DA:368,0
DA:370,0
DA:375,0
DA:376,0
DA:383,0
LF:94
LH:0
BRDA:13,0,0,0
BRDA:13,0,1,0
BRDA:13,1,0,0
BRDA:13,1,1,0
BRDA:34,2,0,0
BRDA:34,2,1,0
BRDA:41,3,0,0
BRDA:41,3,1,0
BRDA:41,4,0,0
BRDA:41,4,1,0
BRDA:58,5,0,0
BRDA:58,5,1,0
BRDA:63,6,0,0
BRDA:63,6,1,0
BRDA:67,7,0,0
BRDA:67,7,1,0
BRDA:71,8,0,0
BRDA:71,8,1,0
BRDA:82,9,0,0
BRDA:82,9,1,0
BRDA:89,10,0,0
BRDA:89,10,1,0
BRDA:91,11,0,0
BRDA:91,11,1,0
BRDA:93,12,0,0
BRDA:93,12,1,0
BRDA:102,13,0,0
BRDA:102,13,1,0
BRDA:108,14,0,0
BRDA:108,14,1,0
BRDA:113,15,0,0
BRDA:113,15,1,0
BRDA:129,16,0,0
BRDA:129,16,1,0
BRDA:143,17,0,0
BRDA:145,18,0,0
BRDA:145,18,1,0
BRDA:152,19,0,0
BRDA:152,19,1,0
BRDA:159,20,0,0
BRDA:159,21,0,0
BRDA:159,22,0,0
BRDA:171,23,0,0
BRDA:171,23,1,0
BRDA:173,24,0,0
BRDA:173,24,1,0
BRDA:176,25,0,0
BRDA:176,25,1,0
BRDA:176,26,0,0
BRDA:176,26,1,0
BRDA:176,26,2,0
BRDA:189,27,0,0
BRDA:189,27,1,0
BRDA:203,28,0,0
BRDA:203,28,1,0
BRDA:206,29,0,0
BRDA:206,29,1,0
BRDA:214,30,0,0
BRDA:214,30,1,0
BRDA:230,31,0,0
BRDA:230,31,1,0
BRDA:237,32,0,0
BRDA:237,32,1,0
BRDA:244,33,0,0
BRDA:244,33,1,0
BRDA:244,34,0,0
BRDA:244,34,1,0
BRDA:258,35,0,0
BRDA:258,35,1,0
BRDA:262,36,0,0
BRDA:262,36,1,0
BRDA:266,37,0,0
BRDA:266,37,1,0
BRDA:278,38,0,0
BRDA:278,38,1,0
BRDA:280,39,0,0
BRDA:280,39,1,0
BRDA:298,40,0,0
BRDA:298,40,1,0
BRDA:309,41,0,0
BRDA:317,42,0,0
BRDA:317,42,1,0
BRDA:323,43,0,0
BRDA:323,43,1,0
BRDA:323,44,0,0
BRDA:323,44,1,0
BRDA:330,45,0,0
BRDA:330,45,1,0
BRDA:343,46,0,0
BRDA:343,46,1,0
BRDA:350,47,0,0
BRDA:350,47,1,0
BRDA:350,48,0,0
BRDA:350,48,1,0
BRDA:366,49,0,0
BRDA:366,49,1,0
BRDA:378,50,0,0
BRDA:378,50,1,0
BRF:98
BRH:0
end_of_record
TN:
SF:src/models/User.js
FN:30,createUser
FN:93,getUserById
FN:145,updateUser
FN:211,getUserDataBatch
FNF:4
FNH:0
FNDA:0,createUser
FNDA:0,getUserById
FNDA:0,updateUser
FNDA:0,getUserDataBatch
DA:6,0
DA:7,0
DA:8,0
DA:9,0
DA:12,0
DA:13,0
DA:14,0
DA:31,0
DA:32,0
DA:33,0
DA:37,0
DA:38,0
DA:41,0
DA:42,0
DA:46,0
DA:47,0
DA:48,0
DA:51,0
DA:54,0
DA:62,0
DA:68,0
DA:69,0
DA:70,0
DA:73,0
DA:74,0
DA:80,0
DA:81,0
DA:94,0
DA:95,0
DA:96,0
DA:100,0
DA:101,0
DA:102,0
DA:105,0
DA:107,0
DA:113,0
DA:114,0
DA:115,0
DA:121,0
DA:122,0
DA:125,0
DA:131,0
DA:132,0
DA:146,0
DA:147,0
DA:148,0
DA:152,0
DA:153,0
DA:154,0
DA:157,0
DA:158,0
DA:161,0
DA:164,0
DA:170,0
DA:172,0
DA:179,0
DA:180,0
DA:181,0
DA:187,0
DA:188,0
DA:191,0
DA:192,0
DA:198,0
DA:199,0
DA:212,0
DA:213,0
DA:214,0
DA:218,0
DA:219,0
DA:220,0
DA:223,0
DA:234,0
DA:245,0
DA:246,0
DA:247,0
DA:253,0
DA:257,0
DA:258,0
DA:259,0
DA:260,0
DA:261,0
DA:262,0
DA:264,0
DA:274,0
DA:285,0
DA:291,0
DA:292,0
DA:299,0
LF:88
LH:0
BRDA:13,0,0,0
BRDA:13,0,1,0
BRDA:13,1,0,0
BRDA:13,1,1,0
BRDA:32,2,0,0
BRDA:32,2,1,0
BRDA:37,3,0,0
BRDA:37,3,1,0
BRDA:41,4,0,0
BRDA:41,4,1,0
BRDA:47,5,0,0
BRDA:47,5,1,0
BRDA:56,6,0,0
BRDA:56,6,1,0
BRDA:58,7,0,0
BRDA:58,7,1,0
BRDA:59,8,0,0
BRDA:59,8,1,0
BRDA:68,9,0,0
BRDA:68,9,1,0
BRDA:95,10,0,0
BRDA:95,10,1,0
BRDA:101,11,0,0
BRDA:101,11,1,0
BRDA:113,12,0,0
BRDA:113,12,1,0
BRDA:114,13,0,0
BRDA:114,13,1,0
BRDA:147,14,0,0
BRDA:147,14,1,0
BRDA:153,15,0,0
BRDA:153,15,1,0
BRDA:157,16,0,0
BRDA:157,16,1,0
BRDA:157,17,0,0
BRDA:157,17,1,0
BRDA:179,18,0,0
BRDA:179,18,1,0
BRDA:180,19,0,0
BRDA:180,19,1,0
BRDA:213,20,0,0
BRDA:213,20,1,0
BRDA:219,21,0,0
BRDA:219,21,1,0
BRDA:245,22,0,0
BRDA:245,22,1,0
BRDA:246,23,0,0
BRDA:246,23,1,0
BRDA:257,24,0,0
BRDA:257,24,1,0
BRDA:258,25,0,0
BRDA:258,25,1,0
BRDA:259,26,0,0
BRDA:259,26,1,0
BRDA:260,27,0,0
BRDA:260,27,1,0
BRDA:261,28,0,0
BRDA:261,28,1,0
BRDA:262,29,0,0
BRDA:262,29,1,0
BRDA:266,30,0,0
BRDA:266,30,1,0
BRDA:267,31,0,0
BRDA:267,31,1,0
BRDA:268,32,0,0
BRDA:268,32,1,0
BRDA:269,33,0,0
BRDA:269,33,1,0
BRDA:270,34,0,0
BRDA:270,34,1,0
BRDA:271,35,0,0
BRDA:271,35,1,0
BRDA:276,36,0,0
BRDA:276,36,1,0
BRDA:276,37,0,0
BRDA:276,37,1,0
BRDA:276,38,0,0
BRDA:276,38,1,0
BRF:78
BRH:0
end_of_record
TN:
SF:src/routes/auth.routes.js
FNF:0
FNH:0
DA:6,0
DA:7,0
DA:8,0
DA:10,0
DA:16,0
DA:22,0
DA:28,0
DA:34,0
DA:40,0
DA:42,0
LF:10
LH:0
BRF:0
BRH:0
end_of_record
TN:
SF:src/routes/debug.routes.js
FN:15,checkSharedKey
FNF:1
FNH:0
FNDA:0,checkSharedKey
DA:7,0
DA:8,0
DA:10,0
DA:16,0
DA:17,0
DA:18,0
DA:20,0
DA:21,0
DA:22,0
DA:24,0
DA:25,0
DA:26,0
DA:29,0
DA:30,0
DA:31,0
DA:34,0
DA:42,0
DA:48,0
DA:55,0
DA:61,0
DA:68,0
DA:74,0
DA:76,0
LF:23
LH:0
BRDA:21,0,0,0
BRDA:21,0,1,0
BRDA:22,1,0,0
BRDA:22,1,1,0
BRDA:22,1,2,0
BRDA:24,2,0,0
BRDA:24,2,1,0
BRDA:29,3,0,0
BRDA:29,3,1,0
BRF:9
BRH:0
end_of_record
TN:
SF:src/routes/emergency.routes.js
FNF:0
FNH:0
DA:7,0
DA:8,0
DA:10,0
DA:16,0
DA:23,0
DA:29,0
DA:36,0
DA:38,0
LF:8
LH:0
BRF:0
BRH:0
end_of_record
TN:
SF:src/routes/gdpr.routes.js
FN:15,checkSharedKey
FN:71,(anonymous_1)
FNF:2
FNH:0
FNDA:0,checkSharedKey
FNDA:0,(anonymous_1)
DA:7,0
DA:8,0
DA:9,0
DA:16,0
DA:17,0
DA:18,0
DA:20,0
DA:21,0
DA:22,0
DA:24,0
DA:25,0
DA:26,0
DA:29,0
DA:30,0
DA:31,0
DA:34,0
DA:41,0
DA:48,0
DA:56,0
DA:63,0
DA:71,0
DA:72,0
DA:73,0
DA:77,0
DA:78,0
DA:80,0
DA:81,0
DA:85,0
DA:87,0
DA:88,0
DA:91,0
DA:93,0
DA:99,0
DA:100,0
DA:104,0
LF:35
LH:0
BRDA:21,0,0,0
BRDA:21,0,1,0
BRDA:22,1,0,0
BRDA:22,1,1,0
BRDA:22,1,2,0
BRDA:24,2,0,0
BRDA:24,2,1,0
BRDA:29,3,0,0
BRDA:29,3,1,0
BRDA:80,4,0,0
BRDA:80,4,1,0
BRDA:87,5,0,0
BRDA:87,5,1,0
BRF:13
BRH:0
end_of_record
TN:
SF:src/routes/githubWebhook.routes.js
FN:24,(anonymous_0)
FN:45,(anonymous_1)
FN:52,(anonymous_2)
FN:53,(anonymous_3)
FN:69,processWebhookAsync
FN:133,handleGitHubEvent
FNF:6
FNH:0
FNDA:0,(anonymous_0)
FNDA:0,(anonymous_1)
FNDA:0,(anonymous_2)
FNDA:0,(anonymous_3)
FNDA:0,processWebhookAsync
FNDA:0,handleGitHubEvent
DA:7,0
DA:8,0
DA:9,0
DA:10,0
DA:12,0
DA:15,0
DA:24,0
DA:25,0
DA:26,0
DA:27,0
DA:29,0
DA:37,0
DA:45,0
DA:52,0
DA:53,0
DA:58,0
DA:70,0
DA:72,0
DA:73,0
DA:74,0
DA:78,0
DA:79,0
DA:80,0
DA:84,0
DA:85,0
DA:89,0
DA:93,0
DA:98,0
DA:100,0
DA:101,0
DA:107,0
DA:111,0
DA:114,0
DA:116,0
DA:122,0
DA:134,0
DA:136,0
DA:141,0
DA:144,0
DA:149,0
DA:152,0
DA:155,0
DA:158,0
DA:162,0
LF:44
LH:0
BRDA:33,0,0,0
BRDA:33,0,1,0
BRDA:72,1,0,0
BRDA:72,1,1,0
BRDA:78,2,0,0
BRDA:78,2,1,0
BRDA:84,3,0,0
BRDA:84,3,1,0
BRDA:84,4,0,0
BRDA:84,4,1,0
BRDA:100,5,0,0
BRDA:100,5,1,0
BRDA:134,6,0,0
BRDA:134,6,1,0
BRDA:134,6,2,0
BRDA:134,6,3,0
BRDA:139,7,0,0
BRDA:139,7,1,0
BRF:18
BRH:0
end_of_record
TN:
SF:src/routes/health.routes.js
FN:12,(anonymous_0)
FN:31,(anonymous_1)
FN:81,(anonymous_2)
FN:109,(anonymous_3)
FN:113,(anonymous_4)
FN:137,(anonymous_5)
FNF:6
FNH:0
FNDA:0,(anonymous_0)
FNDA:0,(anonymous_1)
FNDA:0,(anonymous_2)
FNDA:0,(anonymous_3)
FNDA:0,(anonymous_4)
FNDA:0,(anonymous_5)
DA:6,0
DA:7,0
DA:8,0
DA:9,0
DA:12,0
DA:13,0
DA:15,0
DA:27,0
DA:31,0
DA:32,0
DA:33,0
DA:34,0
DA:36,0
DA:38,0
DA:45,0
DA:51,0
DA:52,0
DA:53,0
DA:55,0
DA:60,0
DA:65,0
DA:72,0
DA:79,0
DA:80,0
DA:82,0
DA:85,0
DA:91,0
DA:92,0
DA:99,0
DA:100,0
DA:101,0
DA:109,0
DA:110,0
DA:111,0
DA:112,0
DA:113,0
DA:114,0
DA:118,0
DA:119,0
DA:120,0
DA:121,0
DA:127,0
DA:133,0
DA:137,0
DA:138,0
DA:146,0
LF:46
LH:0
BRDA:21,0,0,0
BRDA:21,0,1,0
BRDA:21,1,0,0
BRDA:21,1,1,0
BRDA:22,2,0,0
BRDA:22,2,1,0
BRDA:23,3,0,0
BRDA:23,3,1,0
BRDA:24,4,0,0
BRDA:24,4,1,0
BRDA:39,5,0,0
BRDA:39,5,1,0
BRDA:46,6,0,0
BRDA:46,6,1,0
BRDA:46,7,0,0
BRDA:46,7,1,0
BRDA:52,8,0,0
BRDA:52,8,1,0
BRDA:61,9,0,0
BRDA:61,9,1,0
BRDA:61,10,0,0
BRDA:61,10,1,0
BRDA:62,11,0,0
BRDA:62,11,1,0
BRDA:62,12,0,0
BRDA:62,12,1,0
BRDA:80,13,0,0
BRDA:80,13,1,0
BRDA:82,14,0,0
BRDA:82,14,1,0
BRDA:86,15,0,0
BRDA:86,15,1,0
BRDA:93,16,0,0
BRDA:93,16,1,0
BRDA:93,17,0,0
BRDA:93,17,1,0
BRDA:102,18,0,0
BRDA:102,18,1,0
BRDA:110,19,0,0
BRDA:110,19,1,0
BRDA:113,20,0,0
BRDA:113,20,1,0
BRF:42
BRH:0
end_of_record
TN:
SF:src/routes/index.js
FN:33,getWebSocketCount
FN:49,isWebSocketInitialized
FN:64,getServiceStatus
FN:79,(anonymous_3)
FN:113,(anonymous_4)
FN:148,(anonymous_5)
FN:156,(anonymous_6)
FN:317,(anonymous_7)
FN:321,(anonymous_8)
FN:325,(anonymous_9)
FN:329,(anonymous_10)
FN:333,(anonymous_11)
FN:337,(anonymous_12)
FN:344,(anonymous_13)
FN:348,(anonymous_14)
FN:352,(anonymous_15)
FN:359,(anonymous_16)
FN:363,(anonymous_17)
FN:367,(anonymous_18)
FN:375,(anonymous_19)
FN:379,(anonymous_20)
FN:383,(anonymous_21)
FN:387,(anonymous_22)
FN:394,(anonymous_23)
FN:398,(anonymous_24)
FN:402,(anonymous_25)
FN:406,(anonymous_26)
FNF:27
FNH:0
FNDA:0,getWebSocketCount
FNDA:0,isWebSocketInitialized
FNDA:0,getServiceStatus
FNDA:0,(anonymous_3)
FNDA:0,(anonymous_4)
FNDA:0,(anonymous_5)
FNDA:0,(anonymous_6)
FNDA:0,(anonymous_7)
FNDA:0,(anonymous_8)
FNDA:0,(anonymous_9)
FNDA:0,(anonymous_10)
FNDA:0,(anonymous_11)
FNDA:0,(anonymous_12)
FNDA:0,(anonymous_13)
FNDA:0,(anonymous_14)
FNDA:0,(anonymous_15)
FNDA:0,(anonymous_16)
FNDA:0,(anonymous_17)
FNDA:0,(anonymous_18)
FNDA:0,(anonymous_19)
FNDA:0,(anonymous_20)
FNDA:0,(anonymous_21)
FNDA:0,(anonymous_22)
FNDA:0,(anonymous_23)
FNDA:0,(anonymous_24)
FNDA:0,(anonymous_25)
FNDA:0,(anonymous_26)
DA:10,0
DA:11,0
DA:12,0
DA:13,0
DA:17,0
DA:18,0
DA:19,0
DA:20,0
DA:21,0
DA:23,0
DA:24,0
DA:25,0
DA:26,0
DA:34,0
DA:35,0
DA:36,0
DA:37,0
DA:39,0
DA:40,0
DA:43,0
DA:50,0
DA:51,0
DA:52,0
DA:53,0
DA:55,0
DA:58,0
DA:65,0
DA:79,0
DA:80,0
DA:81,0
DA:82,0
DA:83,0
DA:84,0
DA:86,0
DA:100,0
DA:101,0
DA:113,0
DA:114,0
DA:115,0
DA:116,0
DA:117,0
DA:118,0
DA:120,0
DA:136,0
DA:137,0
DA:148,0
DA:149,0
DA:150,0
DA:151,0
DA:152,0
DA:153,0
DA:154,0
DA:156,0
DA:157,0
DA:159,0
DA:289,0
DA:291,0
DA:292,0
DA:299,0
DA:302,0
DA:303,0
DA:304,0
DA:305,0
DA:306,0
DA:308,0
DA:309,0
DA:310,0
DA:317,0
DA:318,0
DA:321,0
DA:322,0
DA:325,0
DA:326,0
DA:329,0
DA:330,0
DA:333,0
DA:334,0
DA:337,0
DA:338,0
DA:344,0
DA:345,0
DA:348,0
DA:349,0
DA:352,0
DA:353,0
DA:359,0
DA:360,0
DA:363,0
DA:364,0
DA:367,0
DA:368,0
DA:375,0
DA:376,0
DA:379,0
DA:380,0
DA:383,0
DA:384,0
DA:387,0
DA:388,0
DA:394,0
DA:395,0
DA:398,0
DA:399,0
DA:402,0
DA:403,0
DA:406,0
DA:407,0
DA:410,0
LF:108
LH:0
BRDA:34,0,0,0
BRDA:34,0,1,0
BRDA:35,1,0,0
BRDA:35,1,1,0
BRDA:50,2,0,0
BRDA:50,2,1,0
BRDA:51,3,0,0
BRDA:51,3,1,0
BRDA:66,4,0,0
BRDA:66,4,1,0
BRDA:90,5,0,0
BRDA:90,5,1,0
BRDA:124,6,0,0
BRDA:124,6,1,0
BRDA:156,7,0,0
BRDA:156,8,0,0
BRDA:157,9,0,0
BRDA:157,9,1,0
BRDA:245,10,0,0
BRDA:245,10,1,0
BRF:20
BRH:0
end_of_record
TN:
SF:src/routes/location.routes.js
FN:22,(anonymous_0)
FNF:1
FNH:0
FNDA:0,(anonymous_0)
DA:7,0
DA:8,0
DA:9,0
DA:10,0
DA:11,0
DA:13,0
DA:16,0
DA:23,0
DA:26,0
DA:27,0
DA:29,0
DA:39,0
DA:46,0
DA:53,0
DA:60,0
DA:62,0
LF:16
LH:0
BRDA:26,0,0,0
BRDA:26,0,1,0
BRF:2
BRH:0
end_of_record
TN:
SF:src/routes/pdf.routes.js
FN:16,checkSharedKey
FNF:1
FNH:0
FNDA:0,checkSharedKey
DA:7,0
DA:8,0
DA:9,0
DA:11,0
DA:17,0
DA:18,0
DA:19,0
DA:21,0
DA:22,0
DA:23,0
DA:25,0
DA:26,0
DA:27,0
DA:30,0
DA:31,0
DA:32,0
DA:35,0
DA:44,0
DA:50,0
DA:57,0
DA:59,0
LF:21
LH:0
BRDA:22,0,0,0
BRDA:22,0,1,0
BRDA:23,1,0,0
BRDA:23,1,1,0
BRDA:23,1,2,0
BRDA:25,2,0,0
BRDA:25,2,1,0
BRDA:30,3,0,0
BRDA:30,3,1,0
BRF:9
BRH:0
end_of_record
TN:
SF:src/routes/transcription.routes.js
FN:30,(anonymous_0)
FNF:1
FNH:0
FNDA:0,(anonymous_0)
DA:7,0
DA:8,0
DA:9,0
DA:10,0
DA:11,0
DA:12,0
DA:19,0
DA:21,0
DA:24,0
DA:31,0
DA:35,0
DA:36,0
DA:38,0
DA:44,0
DA:51,0
DA:58,0
DA:65,0
DA:67,0
LF:18
LH:0
BRDA:35,0,0,0
BRDA:35,0,1,0
BRF:2
BRH:0
end_of_record
TN:
SF:src/routes/webhook.routes.js
FNF:0
FNH:0
DA:1,0
DA:2,0
DA:3,0
DA:4,0
DA:5,0
DA:12,0
DA:20,0
DA:21,0
DA:22,0
DA:25,0
LF:10
LH:0
BRDA:20,0,0,0
BRDA:20,0,1,0
BRF:2
BRH:0
end_of_record
TN:
SF:src/services/agentService.js
FN:10,(anonymous_0)
FN:21,(anonymous_1)
FN:41,(anonymous_2)
FN:65,(anonymous_3)
FN:67,(anonymous_4)
FN:92,(anonymous_5)
FN:109,(anonymous_6)
FN:119,(anonymous_7)
FN:121,(anonymous_8)
FN:132,(anonymous_9)
FN:140,(anonymous_10)
FN:155,(anonymous_11)
FN:164,(anonymous_12)
FNF:13
FNH:0
FNDA:0,(anonymous_0)
FNDA:0,(anonymous_1)
FNDA:0,(anonymous_2)
FNDA:0,(anonymous_3)
FNDA:0,(anonymous_4)
FNDA:0,(anonymous_5)
FNDA:0,(anonymous_6)
FNDA:0,(anonymous_7)
FNDA:0,(anonymous_8)
FNDA:0,(anonymous_9)
FNDA:0,(anonymous_10)
FNDA:0,(anonymous_11)
FNDA:0,(anonymous_12)
DA:7,0
DA:11,0
DA:12,0
DA:13,0
DA:14,0
DA:15,0
DA:16,0
DA:17,0
DA:18,0
DA:22,0
DA:23,0
DA:24,0
DA:27,0
DA:28,0
DA:30,0
DA:33,0
DA:36,0
DA:38,0
DA:42,0
DA:44,0
DA:47,0
DA:48,0
DA:49,0
DA:51,0
DA:54,0
DA:55,0
DA:56,0
DA:59,0
DA:60,0
DA:62,0
DA:67,0
DA:68,0
DA:69,0
DA:78,0
DA:79,0
DA:82,0
DA:85,0
DA:89,0
DA:93,0
DA:94,0
DA:96,0
DA:103,0
DA:104,0
DA:105,0
DA:109,0
DA:110,0
DA:111,0
DA:114,0
DA:121,0
DA:122,0
DA:123,0
DA:125,0
DA:129,0
DA:134,0
DA:141,0
DA:152,0
DA:155,0
DA:156,0
DA:164,0
DA:165,0
DA:171,0
DA:172,0
DA:177,0
LF:63
LH:0
BRDA:22,0,0,0
BRDA:22,0,1,0
BRDA:42,1,0,0
BRDA:42,1,1,0
BRDA:54,2,0,0
BRDA:54,2,1,0
BRDA:103,3,0,0
BRDA:103,3,1,0
BRDA:157,4,0,0
BRDA:157,4,1,0
BRDA:158,5,0,0
BRDA:158,5,1,0
BRDA:171,6,0,0
BRDA:171,6,1,0
BRDA:171,7,0,0
BRDA:171,7,1,0
BRF:16
BRH:0
end_of_record
TN:
SF:src/services/aiService.js
FN:19,generateAISummary
FNF:1
FNH:0
FNDA:0,generateAISummary
DA:7,0
DA:8,0
DA:9,0
DA:20,0
DA:21,0
DA:22,0
DA:23,0
DA:26,0
DA:27,0
DA:28,0
DA:31,0
DA:33,0
DA:69,0
DA:70,0
DA:71,0
DA:72,0
DA:74,0
DA:75,0
DA:84,0
DA:92,0
DA:93,0
DA:108,0
DA:109,0
DA:110,0
DA:111,0
DA:123,0
DA:124,0
DA:125,0
DA:128,0
DA:131,0
DA:134,0
DA:136,0
DA:137,0
DA:141,0
LF:34
LH:0
BRDA:21,0,0,0
BRDA:21,0,1,0
BRDA:21,1,0,0
BRDA:21,1,1,0
BRDA:26,2,0,0
BRDA:26,2,1,0
BRDA:85,3,0,0
BRDA:85,3,1,0
BRDA:86,4,0,0
BRDA:86,4,1,0
BRDA:87,5,0,0
BRDA:87,5,1,0
BRDA:88,6,0,0
BRDA:88,6,1,0
BRDA:92,7,0,0
BRDA:92,7,1,0
BRDA:97,8,0,0
BRDA:97,8,1,0
BRDA:108,9,0,0
BRDA:108,9,1,0
BRDA:110,10,0,0
BRDA:110,10,1,0
BRDA:115,11,0,0
BRDA:115,11,1,0
BRDA:123,12,0,0
BRDA:123,12,1,0
BRDA:136,13,0,0
BRDA:136,13,1,0
BRF:28
BRH:0
end_of_record
TN:
SF:src/services/gdprService.js
FN:14,(anonymous_0)
FN:23,(anonymous_1)
FN:44,(anonymous_2)
FN:104,(anonymous_3)
FN:132,(anonymous_4)
FN:136,(anonymous_5)
FN:155,(anonymous_6)
FN:176,(anonymous_7)
FN:211,(anonymous_8)
FN:262,(anonymous_9)
FN:391,(anonymous_10)
FN:425,(anonymous_11)
FN:502,(anonymous_12)
FN:532,(anonymous_13)
FN:545,(anonymous_14)
FN:548,(anonymous_15)
FNF:16
FNH:0
FNDA:0,(anonymous_0)
FNDA:0,(anonymous_1)
FNDA:0,(anonymous_2)
FNDA:0,(anonymous_3)
FNDA:0,(anonymous_4)
FNDA:0,(anonymous_5)
FNDA:0,(anonymous_6)
FNDA:0,(anonymous_7)
FNDA:0,(anonymous_8)
FNDA:0,(anonymous_9)
FNDA:0,(anonymous_10)
FNDA:0,(anonymous_11)
FNDA:0,(anonymous_12)
FNDA:0,(anonymous_13)
FNDA:0,(anonymous_14)
FNDA:0,(anonymous_15)
DA:9,0
DA:10,0
DA:11,0
DA:15,0
DA:16,0
DA:24,0
DA:26,0
DA:27,0
DA:29,0
DA:30,0
DA:32,0
DA:35,0
DA:36,0
DA:45,0
DA:46,0
DA:47,0
DA:50,0
DA:51,0
DA:63,0
DA:65,0
DA:73,0
DA:74,0
DA:79,0
DA:82,0
DA:88,0
DA:91,0
DA:96,0
DA:105,0
DA:106,0
DA:109,0
DA:110,0
DA:113,0
DA:121,0
DA:122,0
DA:126,0
DA:130,0
DA:133,0
DA:134,0
DA:137,0
DA:138,0
DA:143,0
DA:144,0
DA:146,0
DA:150,0
DA:155,0
DA:157,0
DA:164,0
DA:168,0
DA:177,0
DA:178,0
DA:181,0
DA:183,0
DA:185,0
DA:186,0
DA:190,0
DA:192,0
DA:202,0
DA:203,0
DA:212,0
DA:213,0
DA:216,0
DA:217,0
DA:220,0
DA:230,0
DA:231,0
DA:235,0
DA:239,0
DA:245,0
DA:247,0
DA:250,0
DA:254,0
DA:263,0
DA:264,0
DA:267,0
DA:268,0
DA:271,0
DA:273,0
DA:274,0
DA:277,0
DA:293,0
DA:294,0
DA:299,0
DA:300,0
DA:301,0
DA:302,0
DA:307,0
DA:308,0
DA:309,0
DA:312,0
DA:320,0
DA:324,0
DA:325,0
DA:330,0
DA:331,0
DA:332,0
DA:333,0
DA:338,0
DA:339,0
DA:340,0
DA:343,0
DA:351,0
DA:355,0
DA:356,0
DA:357,0
DA:361,0
DA:367,0
DA:372,0
DA:378,0
DA:383,0
DA:392,0
DA:393,0
DA:396,0
DA:397,0
DA:400,0
DA:403,0
DA:411,0
DA:413,0
DA:414,0
DA:416,0
DA:423,0
DA:425,0
DA:426,0
DA:431,0
DA:438,0
DA:445,0
DA:449,0
DA:458,0
DA:459,0
DA:461,0
DA:462,0
DA:467,0
DA:470,0
DA:476,0
DA:481,0
DA:488,0
DA:493,0
DA:503,0
DA:504,0
DA:505,0
DA:508,0
DA:509,0
DA:510,0
DA:512,0
DA:513,0
DA:521,0
DA:524,0
DA:533,0
DA:536,0
DA:537,0
DA:543,0
DA:545,0
DA:546,0
DA:548,0
DA:549,0
DA:553,0
DA:558,0
DA:560,0
LF:157
LH:0
BRDA:24,0,0,0
BRDA:24,0,1,0
BRDA:24,1,0,0
BRDA:24,1,1,0
BRDA:29,2,0,0
BRDA:29,2,1,0
BRDA:44,3,0,0
BRDA:45,4,0,0
BRDA:45,4,1,0
BRDA:45,5,0,0
BRDA:45,5,1,0
BRDA:56,6,0,0
BRDA:56,6,1,0
BRDA:56,6,2,0
BRDA:57,7,0,0
BRDA:57,7,1,0
BRDA:58,8,0,0
BRDA:58,8,1,0
BRDA:59,9,0,0
BRDA:59,9,1,0
BRDA:73,10,0,0
BRDA:73,10,1,0
BRDA:104,11,0,0
BRDA:105,12,0,0
BRDA:105,12,1,0
BRDA:105,13,0,0
BRDA:105,13,1,0
BRDA:110,14,0,0
BRDA:110,15,0,0
BRDA:121,16,0,0
BRDA:121,16,1,0
BRDA:133,17,0,0
BRDA:133,17,1,0
BRDA:177,18,0,0
BRDA:177,18,1,0
BRDA:177,19,0,0
BRDA:177,19,1,0
BRDA:185,20,0,0
BRDA:185,20,1,0
BRDA:185,21,0,0
BRDA:185,21,1,0
BRDA:190,22,0,0
BRDA:190,22,1,0
BRDA:195,23,0,0
BRDA:195,23,1,0
BRDA:196,24,0,0
BRDA:196,24,1,0
BRDA:197,25,0,0
BRDA:197,25,1,0
BRDA:198,26,0,0
BRDA:198,26,1,0
BRDA:212,27,0,0
BRDA:212,27,1,0
BRDA:212,28,0,0
BRDA:212,28,1,0
BRDA:224,29,0,0
BRDA:224,29,1,0
BRDA:224,29,2,0
BRDA:225,30,0,0
BRDA:225,30,1,0
BRDA:226,31,0,0
BRDA:226,31,1,0
BRDA:230,32,0,0
BRDA:230,32,1,0
BRDA:239,33,0,0
BRDA:239,33,1,0
BRDA:263,34,0,0
BRDA:263,34,1,0
BRDA:263,35,0,0
BRDA:263,35,1,0
BRDA:273,36,0,0
BRDA:273,36,1,0
BRDA:273,37,0,0
BRDA:273,37,1,0
BRDA:299,38,0,0
BRDA:299,38,1,0
BRDA:307,39,0,0
BRDA:307,39,1,0
BRDA:330,40,0,0
BRDA:330,40,1,0
BRDA:338,41,0,0
BRDA:338,41,1,0
BRDA:356,42,0,0
BRDA:356,42,1,0
BRDA:391,43,0,0
BRDA:392,44,0,0
BRDA:392,44,1,0
BRDA:392,45,0,0
BRDA:392,45,1,0
BRDA:423,46,0,0
BRDA:423,46,1,0
BRDA:423,47,0,0
BRDA:423,47,1,0
BRDA:461,48,0,0
BRDA:461,48,1,0
BRDA:503,49,0,0
BRDA:503,49,1,0
BRDA:503,50,0,0
BRDA:503,50,1,0
BRDA:508,51,0,0
BRDA:508,51,1,0
BRDA:533,52,0,0
BRDA:533,52,1,0
BRF:103
BRH:0
end_of_record
TN:
SF:src/utils/idempotency.js
FN:6,(anonymous_0)
FN:8,isDuplicate
FNF:2
FNH:0
FNDA:0,(anonymous_0)
FNDA:0,isDuplicate
DA:4,0
DA:5,0
DA:6,0
DA:9,0
DA:10,0
DA:11,0
DA:12,0
DA:15,0
LF:8
LH:0
BRDA:9,0,0,0
BRDA:9,0,1,0
BRDA:10,1,0,0
BRDA:10,1,1,0
BRF:4
BRH:0
end_of_record
TN:
SF:src/utils/logger.js
FN:25,(anonymous_0)
FN:30,(anonymous_1)
FN:35,(anonymous_2)
FN:62,(anonymous_3)
FN:78,(anonymous_4)
FN:107,(anonymous_5)
FN:111,(anonymous_6)
FN:115,(anonymous_7)
FN:119,(anonymous_8)
FN:130,(anonymous_9)
FN:137,(anonymous_10)
FN:144,(anonymous_11)
FN:151,(anonymous_12)
FN:158,(anonymous_13)
FN:166,(anonymous_14)
FN:173,(anonymous_15)
FNF:16
FNH:2
FNDA:3,(anonymous_0)
FNDA:3,(anonymous_1)
FNDA:0,(anonymous_2)
FNDA:0,(anonymous_3)
FNDA:0,(anonymous_4)
FNDA:0,(anonymous_5)
FNDA:0,(anonymous_6)
FNDA:0,(anonymous_7)
FNDA:0,(anonymous_8)
FNDA:0,(anonymous_9)
FNDA:0,(anonymous_10)
FNDA:0,(anonymous_11)
FNDA:0,(anonymous_12)
FNDA:0,(anonymous_13)
FNDA:0,(anonymous_14)
FNDA:0,(anonymous_15)
DA:7,3
DA:15,3
DA:26,3
DA:27,3
DA:31,3
DA:32,3
DA:36,0
DA:37,0
DA:38,0
DA:40,0
DA:42,0
DA:43,0
DA:46,0
DA:48,0
DA:49,0
DA:50,0
DA:52,0
DA:53,0
DA:55,0
DA:56,0
DA:59,0
DA:63,0
DA:65,0
DA:66,0
DA:69,0
DA:76,0
DA:78,0
DA:79,0
DA:80,0
DA:84,0
DA:85,0
DA:86,0
DA:90,0
DA:91,0
DA:92,0
DA:93,0
DA:94,0
DA:95,0
DA:96,0
DA:97,0
DA:98,0
DA:100,0
DA:104,0
DA:108,0
DA:112,0
DA:116,0
DA:120,0
DA:121,0
DA:122,0
DA:124,0
DA:125,0
DA:131,0
DA:132,0
DA:133,0
DA:138,0
DA:139,0
DA:140,0
DA:145,0
DA:146,0
DA:147,0
DA:152,0
DA:153,0
DA:154,0
DA:159,0
DA:160,0
DA:161,0
DA:167,0
DA:168,0
DA:169,0
DA:170,0
DA:174,0
DA:175,0
DA:176,0
DA:182,0
DA:187,3
DA:189,3
LF:76
LH:8
BRDA:31,0,0,3
BRDA:31,0,1,3
BRDA:32,1,0,3
BRDA:32,1,1,0
BRDA:37,2,0,0
BRDA:37,2,1,0
BRDA:42,3,0,0
BRDA:42,3,1,0
BRDA:48,4,0,0
BRDA:48,4,1,0
BRDA:48,5,0,0
BRDA:48,5,1,0
BRDA:49,6,0,0
BRDA:49,6,1,0
BRDA:55,7,0,0
BRDA:55,7,1,0
BRDA:63,8,0,0
BRDA:63,8,1,0
BRDA:63,9,0,0
BRDA:63,9,1,0
BRDA:65,10,0,0
BRDA:65,10,1,0
BRDA:78,11,0,0
BRDA:78,11,1,0
BRDA:84,12,0,0
BRDA:84,12,1,0
BRDA:84,13,0,0
BRDA:84,13,1,0
BRDA:84,13,2,0
BRDA:90,14,0,0
BRDA:90,14,1,0
BRDA:92,15,0,0
BRDA:92,15,1,0
BRDA:93,16,0,0
BRDA:93,16,1,0
BRDA:94,17,0,0
BRDA:94,17,1,0
BRDA:95,18,0,0
BRDA:95,18,1,0
BRDA:96,19,0,0
BRDA:96,19,1,0
BRDA:97,20,0,0
BRDA:97,20,1,0
BRDA:112,21,0,0
BRDA:112,21,1,0
BRDA:120,22,0,0
BRDA:120,22,1,0
BRDA:124,23,0,0
BRDA:124,23,1,0
BRDA:124,24,0,0
BRDA:124,24,1,0
BRDA:131,25,0,0
BRDA:131,25,1,0
BRDA:138,26,0,0
BRDA:138,26,1,0
BRDA:145,27,0,0
BRDA:145,27,1,0
BRDA:152,28,0,0
BRDA:152,28,1,0
BRDA:159,29,0,0
BRDA:159,29,1,0
BRF:61
BRH:3
end_of_record
TN:
SF:src/utils/response.js
FN:15,sendError
FN:36,sendSuccess
FN:53,redactUrl
FNF:3
FNH:0
FNDA:0,sendError
FNDA:0,sendSuccess
FNDA:0,redactUrl
DA:16,0
DA:23,0
DA:24,0
DA:26,0
DA:37,0
DA:44,0
DA:54,0
DA:56,0
DA:57,0
DA:58,0
DA:59,0
DA:62,0
DA:66,0
LF:13
LH:0
BRDA:15,0,0,0
BRDA:15,1,0,0
BRDA:20,2,0,0
BRDA:20,2,1,0
BRDA:23,3,0,0
BRDA:23,3,1,0
BRDA:24,4,0,0
BRDA:24,4,1,0
BRDA:36,5,0,0
BRDA:36,6,0,0
BRDA:41,7,0,0
BRDA:41,7,1,0
BRDA:54,8,0,0
BRDA:54,8,1,0
BRF:14
BRH:0
end_of_record
TN:
SF:src/utils/validators.js
FN:12,validateUserId
FN:38,validateEmail
FN:57,validatePhoneNumber
FN:77,validatePassword
FNF:4
FNH:0
FNDA:0,validateUserId
FNDA:0,validateEmail
FNDA:0,validatePhoneNumber
FNDA:0,validatePassword
DA:13,0
DA:14,0
DA:18,0
DA:21,0
DA:23,0
DA:24,0
DA:30,0
DA:39,0
DA:40,0
DA:43,0
DA:45,0
DA:46,0
DA:49,0
DA:58,0
DA:59,0
DA:63,0
DA:65,0
DA:66,0
DA:69,0
DA:78,0
DA:79,0
DA:82,0
DA:83,0
DA:87,0
DA:88,0
DA:89,0
DA:90,0
DA:91,0
DA:93,0
DA:94,0
DA:95,0
DA:97,0
DA:104,0
LF:33
LH:0
BRDA:13,0,0,0
BRDA:13,0,1,0
BRDA:23,1,0,0
BRDA:23,1,1,0
BRDA:23,2,0,0
BRDA:23,2,1,0
BRDA:39,3,0,0
BRDA:39,3,1,0
BRDA:45,4,0,0
BRDA:45,4,1,0
BRDA:58,5,0,0
BRDA:58,5,1,0
BRDA:65,6,0,0
BRDA:65,6,1,0
BRDA:78,7,0,0
BRDA:78,7,1,0
BRDA:82,8,0,0
BRDA:82,8,1,0
BRDA:88,9,0,0
BRDA:88,9,1,0
BRDA:89,10,0,0
BRDA:89,10,1,0
BRDA:89,11,0,0
BRDA:89,11,1,0
BRDA:90,12,0,0
BRDA:90,12,1,0
BRDA:91,13,0,0
BRDA:91,13,1,0
BRDA:94,14,0,0
BRDA:94,14,1,0
BRDA:95,15,0,0
BRDA:95,15,1,0
BRF:32
BRH:0
end_of_record
TN:
SF:src/websocket/index.js
FN:28,initializeWebSocket
FN:37,(anonymous_1)
FN:39,(anonymous_2)
FN:46,(anonymous_3)
FN:47,(anonymous_4)
FN:61,(anonymous_5)
FN:74,(anonymous_6)
FN:75,(anonymous_7)
FN:81,(anonymous_8)
FN:85,(anonymous_9)
FN:92,(anonymous_10)
FN:164,(anonymous_11)
FN:179,(anonymous_12)
FN:185,(anonymous_13)
FN:186,(anonymous_14)
FN:203,sendTranscriptionUpdate
FN:217,broadcastToUser
FN:219,(anonymous_17)
FN:234,broadcastTranscriptionUpdate
FN:253,handleRealtimeTranscriptionUpdate
FN:307,handleRealtimeSummaryUpdate
FN:346,getTranscriptionStatus
FN:353,setTranscriptionStatus
FN:363,getWebSocketStats
FN:375,closeWebSocket
FN:387,(anonymous_25)
FNF:26
FNH:0
FNDA:0,initializeWebSocket
FNDA:0,(anonymous_1)
FNDA:0,(anonymous_2)
FNDA:0,(anonymous_3)
FNDA:0,(anonymous_4)
FNDA:0,(anonymous_5)
FNDA:0,(anonymous_6)
FNDA:0,(anonymous_7)
FNDA:0,(anonymous_8)
FNDA:0,(anonymous_9)
FNDA:0,(anonymous_10)
FNDA:0,(anonymous_11)
FNDA:0,(anonymous_12)
FNDA:0,(anonymous_13)
FNDA:0,(anonymous_14)
FNDA:0,sendTranscriptionUpdate
FNDA:0,broadcastToUser
FNDA:0,(anonymous_17)
FNDA:0,broadcastTranscriptionUpdate
FNDA:0,handleRealtimeTranscriptionUpdate
FNDA:0,handleRealtimeSummaryUpdate
FNDA:0,getTranscriptionStatus
FNDA:0,setTranscriptionStatus
FNDA:0,getWebSocketStats
FNDA:0,closeWebSocket
FNDA:0,(anonymous_25)
DA:7,0
DA:8,0
DA:9,0
DA:12,0
DA:15,0
DA:16,0
DA:17,0
DA:20,0
DA:21,0
DA:30,0
DA:37,0
DA:39,0
DA:40,0
DA:41,0
DA:42,0
DA:46,0
DA:47,0
DA:48,0
DA:49,0
DA:50,0
DA:52,0
DA:53,0
DA:58,0
DA:59,0
DA:61,0
DA:62,0
DA:63,0
DA:64,0
DA:68,0
DA:69,0
DA:74,0
DA:75,0
DA:76,0
DA:81,0
DA:82,0
DA:84,0
DA:85,0
DA:86,0
DA:89,0
DA:90,0
DA:92,0
DA:93,0
DA:94,0
DA:95,0
DA:96,0
DA:101,0
DA:103,0
DA:104,0
DA:105,0
DA:106,0
DA:113,0
DA:114,0
DA:115,0
DA:117,0
DA:118,0
DA:119,0
DA:125,0
DA:128,0
DA:129,0
DA:130,0
DA:135,0
DA:136,0
DA:137,0
DA:142,0
DA:145,0
DA:146,0
DA:149,0
DA:150,0
DA:156,0
DA:157,0
DA:164,0
DA:165,0
DA:166,0
DA:171,0
DA:172,0
DA:174,0
DA:175,0
DA:179,0
DA:180,0
DA:185,0
DA:186,0
DA:187,0
DA:188,0
DA:189,0
DA:191,0
DA:192,0
DA:196,0
DA:197,0
DA:204,0
DA:205,0
DA:206,0
DA:207,0
DA:209,0
DA:218,0
DA:219,0
DA:220,0
DA:221,0
DA:222,0
DA:224,0
DA:236,0
DA:237,0
DA:241,0
DA:244,0
DA:245,0
DA:246,0
DA:254,0
DA:255,0
DA:258,0
DA:259,0
DA:260,0
DA:261,0
DA:262,0
DA:263,0
DA:264,0
DA:265,0
DA:266,0
DA:269,0
DA:270,0
DA:271,0
DA:279,0
DA:290,0
DA:291,0
DA:300,0
DA:308,0
DA:309,0
DA:310,0
DA:311,0
DA:313,0
DA:314,0
DA:322,0
DA:323,0
DA:332,0
DA:333,0
DA:339,0
DA:347,0
DA:354,0
DA:364,0
DA:376,0
DA:377,0
DA:378,0
DA:381,0
DA:382,0
DA:383,0
DA:386,0
DA:387,0
DA:388,0
DA:390,0
DA:394,0
DA:395,0
DA:396,0
DA:399,0
LF:151
LH:0
BRDA:40,0,0,0
BRDA:40,0,1,0
BRDA:48,1,0,0
BRDA:48,1,1,0
BRDA:52,2,0,0
BRDA:52,2,1,0
BRDA:62,3,0,0
BRDA:62,3,1,0
BRDA:62,4,0,0
BRDA:62,4,1,0
BRDA:68,5,0,0
BRDA:68,5,1,0
BRDA:101,6,0,0
BRDA:101,6,1,0
BRDA:101,6,2,0
BRDA:101,6,3,0
BRDA:103,7,0,0
BRDA:103,7,1,0
BRDA:113,8,0,0
BRDA:113,8,1,0
BRDA:114,9,0,0
BRDA:114,9,1,0
BRDA:128,10,0,0
BRDA:128,10,1,0
BRDA:128,11,0,0
BRDA:128,11,1,0
BRDA:135,12,0,0
BRDA:135,12,1,0
BRDA:135,13,0,0
BRDA:135,13,1,0
BRDA:171,14,0,0
BRDA:171,14,1,0
BRDA:174,15,0,0
BRDA:174,15,1,0
BRDA:174,16,0,0
BRDA:174,16,1,0
BRDA:187,17,0,0
BRDA:187,17,1,0
BRDA:205,18,0,0
BRDA:205,18,1,0
BRDA:205,19,0,0
BRDA:205,19,1,0
BRDA:218,20,0,0
BRDA:218,20,1,0
BRDA:220,21,0,0
BRDA:220,21,1,0
BRDA:236,22,0,0
BRDA:236,22,1,0
BRDA:245,23,0,0
BRDA:245,23,1,0
BRDA:258,24,0,0
BRDA:258,24,1,0
BRDA:259,25,0,0
BRDA:259,25,1,0
BRDA:260,26,0,0
BRDA:260,26,1,0
BRDA:263,27,0,0
BRDA:263,27,1,0
BRDA:269,28,0,0
BRDA:269,28,1,0
BRDA:270,29,0,0
BRDA:270,29,1,0
BRDA:274,30,0,0
BRDA:274,30,1,0
BRDA:290,31,0,0
BRDA:290,31,1,0
BRDA:313,32,0,0
BRDA:313,32,1,0
BRDA:313,33,0,0
BRDA:313,33,1,0
BRDA:322,34,0,0
BRDA:322,34,1,0
BRDA:332,35,0,0
BRDA:332,35,1,0
BRDA:365,36,0,0
BRDA:365,36,1,0
BRDA:376,37,0,0
BRDA:376,37,1,0
BRDA:381,38,0,0
BRDA:381,38,1,0
BRDA:386,39,0,0
BRDA:386,39,1,0
BRF:82
BRH:0
end_of_record
